[0.949s] Invoking command in '/home/meteor/ROS2/MickRobot/Graduation_project_ws/build/ranger_bringup': /usr/bin/cmake --build /home/meteor/ROS2/MickRobot/Graduation_project_ws/build/ranger_bringup -- -j16 -l16
[1.982s] Invoked command in '/home/meteor/ROS2/MickRobot/Graduation_project_ws/build/ranger_bringup' returned '0': /usr/bin/cmake --build /home/meteor/ROS2/MickRobot/Graduation_project_ws/build/ranger_bringup -- -j16 -l16
[1.983s] Invoking command in '/home/meteor/ROS2/MickRobot/Graduation_project_ws/build/ranger_bringup': /usr/bin/cmake --install /home/meteor/ROS2/MickRobot/Graduation_project_ws/build/ranger_bringup
[2.112s] -- Install configuration: ""
[2.121s] -- Up-to-date: /home/meteor/ROS2/MickRobot/Graduation_project_ws/install/ranger_bringup/share/ranger_bringup//launch
[2.121s] -- Up-to-date: /home/meteor/ROS2/MickRobot/Graduation_project_ws/install/ranger_bringup/share/ranger_bringup//launch/ranger_mini_v2.launch.py
[2.121s] -- Up-to-date: /home/meteor/ROS2/MickRobot/Graduation_project_ws/install/ranger_bringup/share/ranger_bringup//launch/ranger_mini_v1.launch.py
[2.122s] -- Up-to-date: /home/meteor/ROS2/MickRobot/Graduation_project_ws/install/ranger_bringup/share/ranger_bringup//launch/ranger_mini_v3.launch.py
[2.122s] -- Up-to-date: /home/meteor/ROS2/MickRobot/Graduation_project_ws/install/ranger_bringup/share/ranger_bringup//launch/ranger.launch.py
[2.123s] -- Up-to-date: /home/meteor/ROS2/MickRobot/Graduation_project_ws/install/ranger_bringup/share/ament_index/resource_index/package_run_dependencies/ranger_bringup
[2.123s] -- Up-to-date: /home/meteor/ROS2/MickRobot/Graduation_project_ws/install/ranger_bringup/share/ament_index/resource_index/parent_prefix_path/ranger_bringup
[2.123s] -- Up-to-date: /home/meteor/ROS2/MickRobot/Graduation_project_ws/install/ranger_bringup/share/ranger_bringup/environment/ament_prefix_path.sh
[2.123s] -- Up-to-date: /home/meteor/ROS2/MickRobot/Graduation_project_ws/install/ranger_bringup/share/ranger_bringup/environment/ament_prefix_path.dsv
[2.124s] -- Up-to-date: /home/meteor/ROS2/MickRobot/Graduation_project_ws/install/ranger_bringup/share/ranger_bringup/environment/path.sh
[2.124s] -- Up-to-date: /home/meteor/ROS2/MickRobot/Graduation_project_ws/install/ranger_bringup/share/ranger_bringup/environment/path.dsv
[2.124s] -- Up-to-date: /home/meteor/ROS2/MickRobot/Graduation_project_ws/install/ranger_bringup/share/ranger_bringup/local_setup.bash
[2.124s] -- Up-to-date: /home/meteor/ROS2/MickRobot/Graduation_project_ws/install/ranger_bringup/share/ranger_bringup/local_setup.sh
[2.124s] -- Up-to-date: /home/meteor/ROS2/MickRobot/Graduation_project_ws/install/ranger_bringup/share/ranger_bringup/local_setup.zsh
[2.124s] -- Up-to-date: /home/meteor/ROS2/MickRobot/Graduation_project_ws/install/ranger_bringup/share/ranger_bringup/local_setup.dsv
[2.124s] -- Installing: /home/meteor/ROS2/MickRobot/Graduation_project_ws/install/ranger_bringup/share/ranger_bringup/package.dsv
[2.187s] -- Up-to-date: /home/meteor/ROS2/MickRobot/Graduation_project_ws/install/ranger_bringup/share/ament_index/resource_index/packages/ranger_bringup
[2.188s] -- Up-to-date: /home/meteor/ROS2/MickRobot/Graduation_project_ws/install/ranger_bringup/share/ranger_bringup/cmake/ranger_bringupConfig.cmake
[2.188s] -- Up-to-date: /home/meteor/ROS2/MickRobot/Graduation_project_ws/install/ranger_bringup/share/ranger_bringup/cmake/ranger_bringupConfig-version.cmake
[2.188s] -- Up-to-date: /home/meteor/ROS2/MickRobot/Graduation_project_ws/install/ranger_bringup/share/ranger_bringup/package.xml
[2.191s] Invoked command in '/home/meteor/ROS2/MickRobot/Graduation_project_ws/build/ranger_bringup' returned '0': /usr/bin/cmake --install /home/meteor/ROS2/MickRobot/Graduation_project_ws/build/ranger_bringup
