[1.003s] Invoking command in '/home/meteor/ROS2/MickRobot/Graduation_project_ws/src/ranger_controller': PYTHONPATH=/home/meteor/ROS2/MickRobot/Graduation_project_ws/build/ranger_controller/prefix_override:/usr/lib/python3/dist-packages/colcon_core/task/python/colcon_distutils_commands:/home/meteor/ROS2/MickRobot/Graduation_project_ws/install/ranger_controller/lib/python3.10/site-packages:${PYTHONPATH} /usr/bin/python3 -W ignore:setup.py install is deprecated -W ignore:easy_install command is deprecated setup.py egg_info --egg-base ../../build/ranger_controller build --build-base /home/meteor/ROS2/MickRobot/Graduation_project_ws/build/ranger_controller/build install --record /home/meteor/ROS2/MickRobot/Graduation_project_ws/build/ranger_controller/install.log --single-version-externally-managed install_data
[1.189s] running egg_info
[1.189s] creating ../../build/ranger_controller/ranger_controller.egg-info
[1.189s] writing ../../build/ranger_controller/ranger_controller.egg-info/PKG-INFO
[1.189s] writing dependency_links to ../../build/ranger_controller/ranger_controller.egg-info/dependency_links.txt
[1.189s] writing entry points to ../../build/ranger_controller/ranger_controller.egg-info/entry_points.txt
[1.189s] writing requirements to ../../build/ranger_controller/ranger_controller.egg-info/requires.txt
[1.190s] writing top-level names to ../../build/ranger_controller/ranger_controller.egg-info/top_level.txt
[1.190s] writing manifest file '../../build/ranger_controller/ranger_controller.egg-info/SOURCES.txt'
[1.191s] reading manifest file '../../build/ranger_controller/ranger_controller.egg-info/SOURCES.txt'
[1.191s] writing manifest file '../../build/ranger_controller/ranger_controller.egg-info/SOURCES.txt'
[1.191s] running build
[1.191s] running build_py
[1.191s] creating /home/meteor/ROS2/MickRobot/Graduation_project_ws/build/ranger_controller/build
[1.191s] creating /home/meteor/ROS2/MickRobot/Graduation_project_ws/build/ranger_controller/build/lib
[1.191s] creating /home/meteor/ROS2/MickRobot/Graduation_project_ws/build/ranger_controller/build/lib/ranger_controller
[1.191s] copying ranger_controller/__init__.py -> /home/meteor/ROS2/MickRobot/Graduation_project_ws/build/ranger_controller/build/lib/ranger_controller
[1.191s] copying ranger_controller/aruco_follower_node.py -> /home/meteor/ROS2/MickRobot/Graduation_project_ws/build/ranger_controller/build/lib/ranger_controller
[1.192s] running install
[1.192s] running install_lib
[1.192s] creating /home/meteor/ROS2/MickRobot/Graduation_project_ws/install/ranger_controller/lib/python3.10/site-packages/ranger_controller
[1.192s] copying /home/meteor/ROS2/MickRobot/Graduation_project_ws/build/ranger_controller/build/lib/ranger_controller/__init__.py -> /home/meteor/ROS2/MickRobot/Graduation_project_ws/install/ranger_controller/lib/python3.10/site-packages/ranger_controller
[1.192s] copying /home/meteor/ROS2/MickRobot/Graduation_project_ws/build/ranger_controller/build/lib/ranger_controller/aruco_follower_node.py -> /home/meteor/ROS2/MickRobot/Graduation_project_ws/install/ranger_controller/lib/python3.10/site-packages/ranger_controller
[1.193s] byte-compiling /home/meteor/ROS2/MickRobot/Graduation_project_ws/install/ranger_controller/lib/python3.10/site-packages/ranger_controller/__init__.py to __init__.cpython-310.pyc
[1.193s] byte-compiling /home/meteor/ROS2/MickRobot/Graduation_project_ws/install/ranger_controller/lib/python3.10/site-packages/ranger_controller/aruco_follower_node.py to aruco_follower_node.cpython-310.pyc
[1.194s] running install_data
[1.194s] creating /home/meteor/ROS2/MickRobot/Graduation_project_ws/install/ranger_controller/share/ament_index
[1.194s] creating /home/meteor/ROS2/MickRobot/Graduation_project_ws/install/ranger_controller/share/ament_index/resource_index
[1.194s] creating /home/meteor/ROS2/MickRobot/Graduation_project_ws/install/ranger_controller/share/ament_index/resource_index/packages
[1.194s] copying resource/ranger_controller -> /home/meteor/ROS2/MickRobot/Graduation_project_ws/install/ranger_controller/share/ament_index/resource_index/packages
[1.194s] copying package.xml -> /home/meteor/ROS2/MickRobot/Graduation_project_ws/install/ranger_controller/share/ranger_controller
[1.194s] running install_egg_info
[1.195s] Copying ../../build/ranger_controller/ranger_controller.egg-info to /home/meteor/ROS2/MickRobot/Graduation_project_ws/install/ranger_controller/lib/python3.10/site-packages/ranger_controller-0.0.0-py3.10.egg-info
[1.196s] running install_scripts
[1.212s] Installing aruco_follower_node script to /home/meteor/ROS2/MickRobot/Graduation_project_ws/install/ranger_controller/lib/ranger_controller
[1.212s] writing list of installed files to '/home/meteor/ROS2/MickRobot/Graduation_project_ws/build/ranger_controller/install.log'
[1.241s] Invoked command in '/home/meteor/ROS2/MickRobot/Graduation_project_ws/src/ranger_controller' returned '0': PYTHONPATH=/home/meteor/ROS2/MickRobot/Graduation_project_ws/build/ranger_controller/prefix_override:/usr/lib/python3/dist-packages/colcon_core/task/python/colcon_distutils_commands:/home/meteor/ROS2/MickRobot/Graduation_project_ws/install/ranger_controller/lib/python3.10/site-packages:${PYTHONPATH} /usr/bin/python3 -W ignore:setup.py install is deprecated -W ignore:easy_install command is deprecated setup.py egg_info --egg-base ../../build/ranger_controller build --build-base /home/meteor/ROS2/MickRobot/Graduation_project_ws/build/ranger_controller/build install --record /home/meteor/ROS2/MickRobot/Graduation_project_ws/build/ranger_controller/install.log --single-version-externally-managed install_data
