[0.156s] Invoking command in '/home/meteor/ROS2/MickRobot/Graduation_project_ws/build/orbbec_camera_msgs': CMAKE_PREFIX_PATH=/home/meteor/ROS2/MickRobot/Graduation_project_ws/install/ranger_base:/home/meteor/ROS2/MickRobot/Graduation_project_ws/install/ranger_controller:/home/meteor/ROS2/MickRobot/Graduation_project_ws/install/pointcloud_refinement:/home/meteor/ROS2/MickRobot/Graduation_project_ws/install/aruco_detector:/opt/ros/humble:/home/meteor/ROS2/MickRobot/Graduation_project_ws/install/ugv_sdk:/home/meteor/ROS2/MickRobot/Graduation_project_ws/install/ranger_msgs:/home/meteor/ROS2/MickRobot/Graduation_project_ws/install/ranger_bringup:/home/meteor/ROS2/MickRobot/Graduation_project_ws/install/orbbec_description:/home/meteor/ROS2/MickRobot/Graduation_project_ws/install/orbbec_camera:/home/meteor/ROS2/MickRobot/Graduation_project_ws/install/orbbec_camera_msgs /usr/bin/cmake --build /home/meteor/ROS2/MickRobot/Graduation_project_ws/build/orbbec_camera_msgs -- -j16 -l16
[1.428s] [  0%] Built target orbbec_camera_msgs__cpp
[2.351s] [  0%] Built target ament_cmake_python_copy_orbbec_camera_msgs
[2.695s] [ 12%] Built target orbbec_camera_msgs__rosidl_generator_c
[2.762s] running egg_info
[2.763s] writing orbbec_camera_msgs.egg-info/PKG-INFO
[2.763s] writing dependency_links to orbbec_camera_msgs.egg-info/dependency_links.txt
[2.763s] writing top-level names to orbbec_camera_msgs.egg-info/top_level.txt
[2.891s] [ 36%] Built target orbbec_camera_msgs__rosidl_typesupport_cpp
[2.891s] [ 36%] Built target orbbec_camera_msgs__rosidl_typesupport_introspection_cpp
[3.145s] [ 48%] Built target orbbec_camera_msgs__rosidl_typesupport_fastrtps_cpp
[3.219s] [ 60%] Built target orbbec_camera_msgs__rosidl_typesupport_c
[3.253s] reading manifest file 'orbbec_camera_msgs.egg-info/SOURCES.txt'
[3.263s] [ 72%] Built target orbbec_camera_msgs__rosidl_typesupport_introspection_c
[3.272s] writing manifest file 'orbbec_camera_msgs.egg-info/SOURCES.txt'
[3.300s] [ 72%] Built target ament_cmake_python_build_orbbec_camera_msgs_egg
[3.310s] [ 84%] Built target orbbec_camera_msgs__rosidl_typesupport_fastrtps_c
[3.366s] [ 84%] Built target orbbec_camera_msgs
[3.404s] [ 85%] Built target orbbec_camera_msgs__py
[3.626s] [ 96%] Built target orbbec_camera_msgs__rosidl_generator_py
[4.066s] [ 98%] Built target orbbec_camera_msgs__rosidl_typesupport_introspection_c__pyext
[4.078s] [ 99%] Built target orbbec_camera_msgs__rosidl_typesupport_c__pyext
[4.090s] [100%] Built target orbbec_camera_msgs__rosidl_typesupport_fastrtps_c__pyext
[4.102s] Invoked command in '/home/meteor/ROS2/MickRobot/Graduation_project_ws/build/orbbec_camera_msgs' returned '0': CMAKE_PREFIX_PATH=/home/meteor/ROS2/MickRobot/Graduation_project_ws/install/ranger_base:/home/meteor/ROS2/MickRobot/Graduation_project_ws/install/ranger_controller:/home/meteor/ROS2/MickRobot/Graduation_project_ws/install/pointcloud_refinement:/home/meteor/ROS2/MickRobot/Graduation_project_ws/install/aruco_detector:/opt/ros/humble:/home/meteor/ROS2/MickRobot/Graduation_project_ws/install/ugv_sdk:/home/meteor/ROS2/MickRobot/Graduation_project_ws/install/ranger_msgs:/home/meteor/ROS2/MickRobot/Graduation_project_ws/install/ranger_bringup:/home/meteor/ROS2/MickRobot/Graduation_project_ws/install/orbbec_description:/home/meteor/ROS2/MickRobot/Graduation_project_ws/install/orbbec_camera:/home/meteor/ROS2/MickRobot/Graduation_project_ws/install/orbbec_camera_msgs /usr/bin/cmake --build /home/meteor/ROS2/MickRobot/Graduation_project_ws/build/orbbec_camera_msgs -- -j16 -l16
[4.141s] Invoking command in '/home/meteor/ROS2/MickRobot/Graduation_project_ws/build/orbbec_camera_msgs': CMAKE_PREFIX_PATH=/home/meteor/ROS2/MickRobot/Graduation_project_ws/install/ranger_base:/home/meteor/ROS2/MickRobot/Graduation_project_ws/install/ranger_controller:/home/meteor/ROS2/MickRobot/Graduation_project_ws/install/pointcloud_refinement:/home/meteor/ROS2/MickRobot/Graduation_project_ws/install/aruco_detector:/opt/ros/humble:/home/meteor/ROS2/MickRobot/Graduation_project_ws/install/ugv_sdk:/home/meteor/ROS2/MickRobot/Graduation_project_ws/install/ranger_msgs:/home/meteor/ROS2/MickRobot/Graduation_project_ws/install/ranger_bringup:/home/meteor/ROS2/MickRobot/Graduation_project_ws/install/orbbec_description:/home/meteor/ROS2/MickRobot/Graduation_project_ws/install/orbbec_camera:/home/meteor/ROS2/MickRobot/Graduation_project_ws/install/orbbec_camera_msgs /usr/bin/cmake --install /home/meteor/ROS2/MickRobot/Graduation_project_ws/build/orbbec_camera_msgs
[4.223s] -- Install configuration: ""
[4.224s] -- Up-to-date: /home/meteor/ROS2/MickRobot/Graduation_project_ws/install/orbbec_camera_msgs/share/ament_index/resource_index/rosidl_interfaces/orbbec_camera_msgs
[4.224s] -- Up-to-date: /home/meteor/ROS2/MickRobot/Graduation_project_ws/install/orbbec_camera_msgs/include/orbbec_camera_msgs/orbbec_camera_msgs
[4.224s] -- Up-to-date: /home/meteor/ROS2/MickRobot/Graduation_project_ws/install/orbbec_camera_msgs/include/orbbec_camera_msgs/orbbec_camera_msgs/msg
[4.224s] -- Up-to-date: /home/meteor/ROS2/MickRobot/Graduation_project_ws/install/orbbec_camera_msgs/include/orbbec_camera_msgs/orbbec_camera_msgs/msg/detail
[4.224s] -- Up-to-date: /home/meteor/ROS2/MickRobot/Graduation_project_ws/install/orbbec_camera_msgs/include/orbbec_camera_msgs/orbbec_camera_msgs/msg/detail/metadata__functions.c
[4.224s] -- Up-to-date: /home/meteor/ROS2/MickRobot/Graduation_project_ws/install/orbbec_camera_msgs/include/orbbec_camera_msgs/orbbec_camera_msgs/msg/detail/device_info__struct.h
[4.224s] -- Up-to-date: /home/meteor/ROS2/MickRobot/Graduation_project_ws/install/orbbec_camera_msgs/include/orbbec_camera_msgs/orbbec_camera_msgs/msg/detail/extrinsics__type_support.h
[4.225s] -- Up-to-date: /home/meteor/ROS2/MickRobot/Graduation_project_ws/install/orbbec_camera_msgs/include/orbbec_camera_msgs/orbbec_camera_msgs/msg/detail/device_status__functions.h
[4.225s] -- Up-to-date: /home/meteor/ROS2/MickRobot/Graduation_project_ws/install/orbbec_camera_msgs/include/orbbec_camera_msgs/orbbec_camera_msgs/msg/detail/extrinsics__functions.c
[4.225s] -- Up-to-date: /home/meteor/ROS2/MickRobot/Graduation_project_ws/install/orbbec_camera_msgs/include/orbbec_camera_msgs/orbbec_camera_msgs/msg/detail/metadata__functions.h
[4.225s] -- Up-to-date: /home/meteor/ROS2/MickRobot/Graduation_project_ws/install/orbbec_camera_msgs/include/orbbec_camera_msgs/orbbec_camera_msgs/msg/detail/rgbd__functions.c
[4.225s] -- Up-to-date: /home/meteor/ROS2/MickRobot/Graduation_project_ws/install/orbbec_camera_msgs/include/orbbec_camera_msgs/orbbec_camera_msgs/msg/detail/device_info__functions.h
[4.225s] -- Up-to-date: /home/meteor/ROS2/MickRobot/Graduation_project_ws/install/orbbec_camera_msgs/include/orbbec_camera_msgs/orbbec_camera_msgs/msg/detail/metadata__type_support.h
[4.225s] -- Up-to-date: /home/meteor/ROS2/MickRobot/Graduation_project_ws/install/orbbec_camera_msgs/include/orbbec_camera_msgs/orbbec_camera_msgs/msg/detail/extrinsics__struct.h
[4.225s] -- Up-to-date: /home/meteor/ROS2/MickRobot/Graduation_project_ws/install/orbbec_camera_msgs/include/orbbec_camera_msgs/orbbec_camera_msgs/msg/detail/device_status__struct.h
[4.225s] -- Up-to-date: /home/meteor/ROS2/MickRobot/Graduation_project_ws/install/orbbec_camera_msgs/include/orbbec_camera_msgs/orbbec_camera_msgs/msg/detail/imu_info__struct.h
[4.225s] -- Up-to-date: /home/meteor/ROS2/MickRobot/Graduation_project_ws/install/orbbec_camera_msgs/include/orbbec_camera_msgs/orbbec_camera_msgs/msg/detail/rgbd__functions.h
[4.225s] -- Up-to-date: /home/meteor/ROS2/MickRobot/Graduation_project_ws/install/orbbec_camera_msgs/include/orbbec_camera_msgs/orbbec_camera_msgs/msg/detail/imu_info__functions.c
[4.225s] -- Up-to-date: /home/meteor/ROS2/MickRobot/Graduation_project_ws/install/orbbec_camera_msgs/include/orbbec_camera_msgs/orbbec_camera_msgs/msg/detail/extrinsics__functions.h
[4.225s] -- Up-to-date: /home/meteor/ROS2/MickRobot/Graduation_project_ws/install/orbbec_camera_msgs/include/orbbec_camera_msgs/orbbec_camera_msgs/msg/detail/imu_info__functions.h
[4.225s] -- Up-to-date: /home/meteor/ROS2/MickRobot/Graduation_project_ws/install/orbbec_camera_msgs/include/orbbec_camera_msgs/orbbec_camera_msgs/msg/detail/rgbd__struct.h
[4.226s] -- Up-to-date: /home/meteor/ROS2/MickRobot/Graduation_project_ws/install/orbbec_camera_msgs/include/orbbec_camera_msgs/orbbec_camera_msgs/msg/detail/rgbd__type_support.h
[4.226s] -- Up-to-date: /home/meteor/ROS2/MickRobot/Graduation_project_ws/install/orbbec_camera_msgs/include/orbbec_camera_msgs/orbbec_camera_msgs/msg/detail/metadata__struct.h
[4.226s] -- Up-to-date: /home/meteor/ROS2/MickRobot/Graduation_project_ws/install/orbbec_camera_msgs/include/orbbec_camera_msgs/orbbec_camera_msgs/msg/detail/device_info__functions.c
[4.226s] -- Up-to-date: /home/meteor/ROS2/MickRobot/Graduation_project_ws/install/orbbec_camera_msgs/include/orbbec_camera_msgs/orbbec_camera_msgs/msg/detail/device_status__functions.c
[4.226s] -- Up-to-date: /home/meteor/ROS2/MickRobot/Graduation_project_ws/install/orbbec_camera_msgs/include/orbbec_camera_msgs/orbbec_camera_msgs/msg/detail/device_status__type_support.h
[4.226s] -- Up-to-date: /home/meteor/ROS2/MickRobot/Graduation_project_ws/install/orbbec_camera_msgs/include/orbbec_camera_msgs/orbbec_camera_msgs/msg/detail/device_info__type_support.h
[4.226s] -- Up-to-date: /home/meteor/ROS2/MickRobot/Graduation_project_ws/install/orbbec_camera_msgs/include/orbbec_camera_msgs/orbbec_camera_msgs/msg/detail/imu_info__type_support.h
[4.226s] -- Up-to-date: /home/meteor/ROS2/MickRobot/Graduation_project_ws/install/orbbec_camera_msgs/include/orbbec_camera_msgs/orbbec_camera_msgs/msg/device_info.h
[4.226s] -- Up-to-date: /home/meteor/ROS2/MickRobot/Graduation_project_ws/install/orbbec_camera_msgs/include/orbbec_camera_msgs/orbbec_camera_msgs/msg/rosidl_generator_c__visibility_control.h
[4.226s] -- Up-to-date: /home/meteor/ROS2/MickRobot/Graduation_project_ws/install/orbbec_camera_msgs/include/orbbec_camera_msgs/orbbec_camera_msgs/msg/device_status.h
[4.226s] -- Up-to-date: /home/meteor/ROS2/MickRobot/Graduation_project_ws/install/orbbec_camera_msgs/include/orbbec_camera_msgs/orbbec_camera_msgs/msg/extrinsics.h
[4.226s] -- Up-to-date: /home/meteor/ROS2/MickRobot/Graduation_project_ws/install/orbbec_camera_msgs/include/orbbec_camera_msgs/orbbec_camera_msgs/msg/rgbd.h
[4.226s] -- Up-to-date: /home/meteor/ROS2/MickRobot/Graduation_project_ws/install/orbbec_camera_msgs/include/orbbec_camera_msgs/orbbec_camera_msgs/msg/imu_info.h
[4.226s] -- Up-to-date: /home/meteor/ROS2/MickRobot/Graduation_project_ws/install/orbbec_camera_msgs/include/orbbec_camera_msgs/orbbec_camera_msgs/msg/metadata.h
[4.226s] -- Up-to-date: /home/meteor/ROS2/MickRobot/Graduation_project_ws/install/orbbec_camera_msgs/include/orbbec_camera_msgs/orbbec_camera_msgs/srv
[4.226s] -- Up-to-date: /home/meteor/ROS2/MickRobot/Graduation_project_ws/install/orbbec_camera_msgs/include/orbbec_camera_msgs/orbbec_camera_msgs/srv/set_user_calib_params.h
[4.226s] -- Up-to-date: /home/meteor/ROS2/MickRobot/Graduation_project_ws/install/orbbec_camera_msgs/include/orbbec_camera_msgs/orbbec_camera_msgs/srv/get_string.h
[4.226s] -- Up-to-date: /home/meteor/ROS2/MickRobot/Graduation_project_ws/install/orbbec_camera_msgs/include/orbbec_camera_msgs/orbbec_camera_msgs/srv/set_string.h
[4.226s] -- Up-to-date: /home/meteor/ROS2/MickRobot/Graduation_project_ws/install/orbbec_camera_msgs/include/orbbec_camera_msgs/orbbec_camera_msgs/srv/detail
[4.227s] -- Up-to-date: /home/meteor/ROS2/MickRobot/Graduation_project_ws/install/orbbec_camera_msgs/include/orbbec_camera_msgs/orbbec_camera_msgs/srv/detail/get_bool__struct.h
[4.227s] -- Up-to-date: /home/meteor/ROS2/MickRobot/Graduation_project_ws/install/orbbec_camera_msgs/include/orbbec_camera_msgs/orbbec_camera_msgs/srv/detail/get_user_calib_params__struct.h
[4.227s] -- Up-to-date: /home/meteor/ROS2/MickRobot/Graduation_project_ws/install/orbbec_camera_msgs/include/orbbec_camera_msgs/orbbec_camera_msgs/srv/detail/get_string__type_support.h
[4.227s] -- Up-to-date: /home/meteor/ROS2/MickRobot/Graduation_project_ws/install/orbbec_camera_msgs/include/orbbec_camera_msgs/orbbec_camera_msgs/srv/detail/set_int32__struct.h
[4.227s] -- Up-to-date: /home/meteor/ROS2/MickRobot/Graduation_project_ws/install/orbbec_camera_msgs/include/orbbec_camera_msgs/orbbec_camera_msgs/srv/detail/set_arrays__functions.c
[4.227s] -- Up-to-date: /home/meteor/ROS2/MickRobot/Graduation_project_ws/install/orbbec_camera_msgs/include/orbbec_camera_msgs/orbbec_camera_msgs/srv/detail/set_string__functions.h
[4.227s] -- Up-to-date: /home/meteor/ROS2/MickRobot/Graduation_project_ws/install/orbbec_camera_msgs/include/orbbec_camera_msgs/orbbec_camera_msgs/srv/detail/get_camera_info__functions.c
[4.227s] -- Up-to-date: /home/meteor/ROS2/MickRobot/Graduation_project_ws/install/orbbec_camera_msgs/include/orbbec_camera_msgs/orbbec_camera_msgs/srv/detail/set_filter__functions.h
[4.227s] -- Up-to-date: /home/meteor/ROS2/MickRobot/Graduation_project_ws/install/orbbec_camera_msgs/include/orbbec_camera_msgs/orbbec_camera_msgs/srv/detail/set_arrays__functions.h
[4.227s] -- Up-to-date: /home/meteor/ROS2/MickRobot/Graduation_project_ws/install/orbbec_camera_msgs/include/orbbec_camera_msgs/orbbec_camera_msgs/srv/detail/get_bool__type_support.h
[4.227s] -- Up-to-date: /home/meteor/ROS2/MickRobot/Graduation_project_ws/install/orbbec_camera_msgs/include/orbbec_camera_msgs/orbbec_camera_msgs/srv/detail/get_device_info__functions.c
[4.227s] -- Up-to-date: /home/meteor/ROS2/MickRobot/Graduation_project_ws/install/orbbec_camera_msgs/include/orbbec_camera_msgs/orbbec_camera_msgs/srv/detail/get_device_info__type_support.h
[4.227s] -- Up-to-date: /home/meteor/ROS2/MickRobot/Graduation_project_ws/install/orbbec_camera_msgs/include/orbbec_camera_msgs/orbbec_camera_msgs/srv/detail/set_int32__functions.c
[4.227s] -- Up-to-date: /home/meteor/ROS2/MickRobot/Graduation_project_ws/install/orbbec_camera_msgs/include/orbbec_camera_msgs/orbbec_camera_msgs/srv/detail/set_user_calib_params__functions.c
[4.227s] -- Up-to-date: /home/meteor/ROS2/MickRobot/Graduation_project_ws/install/orbbec_camera_msgs/include/orbbec_camera_msgs/orbbec_camera_msgs/srv/detail/set_string__struct.h
[4.227s] -- Up-to-date: /home/meteor/ROS2/MickRobot/Graduation_project_ws/install/orbbec_camera_msgs/include/orbbec_camera_msgs/orbbec_camera_msgs/srv/detail/set_int32__functions.h
[4.227s] -- Up-to-date: /home/meteor/ROS2/MickRobot/Graduation_project_ws/install/orbbec_camera_msgs/include/orbbec_camera_msgs/orbbec_camera_msgs/srv/detail/get_int32__type_support.h
[4.227s] -- Up-to-date: /home/meteor/ROS2/MickRobot/Graduation_project_ws/install/orbbec_camera_msgs/include/orbbec_camera_msgs/orbbec_camera_msgs/srv/detail/set_arrays__type_support.h
[4.227s] -- Up-to-date: /home/meteor/ROS2/MickRobot/Graduation_project_ws/install/orbbec_camera_msgs/include/orbbec_camera_msgs/orbbec_camera_msgs/srv/detail/get_string__functions.c
[4.227s] -- Up-to-date: /home/meteor/ROS2/MickRobot/Graduation_project_ws/install/orbbec_camera_msgs/include/orbbec_camera_msgs/orbbec_camera_msgs/srv/detail/get_device_info__struct.h
[4.227s] -- Up-to-date: /home/meteor/ROS2/MickRobot/Graduation_project_ws/install/orbbec_camera_msgs/include/orbbec_camera_msgs/orbbec_camera_msgs/srv/detail/get_string__struct.h
[4.227s] -- Up-to-date: /home/meteor/ROS2/MickRobot/Graduation_project_ws/install/orbbec_camera_msgs/include/orbbec_camera_msgs/orbbec_camera_msgs/srv/detail/set_filter__type_support.h
[4.227s] -- Up-to-date: /home/meteor/ROS2/MickRobot/Graduation_project_ws/install/orbbec_camera_msgs/include/orbbec_camera_msgs/orbbec_camera_msgs/srv/detail/get_camera_info__struct.h
[4.227s] -- Up-to-date: /home/meteor/ROS2/MickRobot/Graduation_project_ws/install/orbbec_camera_msgs/include/orbbec_camera_msgs/orbbec_camera_msgs/srv/detail/get_string__functions.h
[4.227s] -- Up-to-date: /home/meteor/ROS2/MickRobot/Graduation_project_ws/install/orbbec_camera_msgs/include/orbbec_camera_msgs/orbbec_camera_msgs/srv/detail/get_bool__functions.c
[4.228s] -- Up-to-date: /home/meteor/ROS2/MickRobot/Graduation_project_ws/install/orbbec_camera_msgs/include/orbbec_camera_msgs/orbbec_camera_msgs/srv/detail/get_user_calib_params__functions.h
[4.228s] -- Up-to-date: /home/meteor/ROS2/MickRobot/Graduation_project_ws/install/orbbec_camera_msgs/include/orbbec_camera_msgs/orbbec_camera_msgs/srv/detail/set_user_calib_params__functions.h
[4.228s] -- Up-to-date: /home/meteor/ROS2/MickRobot/Graduation_project_ws/install/orbbec_camera_msgs/include/orbbec_camera_msgs/orbbec_camera_msgs/srv/detail/get_camera_info__type_support.h
[4.228s] -- Up-to-date: /home/meteor/ROS2/MickRobot/Graduation_project_ws/install/orbbec_camera_msgs/include/orbbec_camera_msgs/orbbec_camera_msgs/srv/detail/get_device_info__functions.h
[4.228s] -- Up-to-date: /home/meteor/ROS2/MickRobot/Graduation_project_ws/install/orbbec_camera_msgs/include/orbbec_camera_msgs/orbbec_camera_msgs/srv/detail/get_int32__functions.h
[4.228s] -- Up-to-date: /home/meteor/ROS2/MickRobot/Graduation_project_ws/install/orbbec_camera_msgs/include/orbbec_camera_msgs/orbbec_camera_msgs/srv/detail/set_arrays__struct.h
[4.228s] -- Up-to-date: /home/meteor/ROS2/MickRobot/Graduation_project_ws/install/orbbec_camera_msgs/include/orbbec_camera_msgs/orbbec_camera_msgs/srv/detail/get_camera_info__functions.h
[4.228s] -- Up-to-date: /home/meteor/ROS2/MickRobot/Graduation_project_ws/install/orbbec_camera_msgs/include/orbbec_camera_msgs/orbbec_camera_msgs/srv/detail/set_user_calib_params__struct.h
[4.228s] -- Up-to-date: /home/meteor/ROS2/MickRobot/Graduation_project_ws/install/orbbec_camera_msgs/include/orbbec_camera_msgs/orbbec_camera_msgs/srv/detail/get_user_calib_params__functions.c
[4.228s] -- Up-to-date: /home/meteor/ROS2/MickRobot/Graduation_project_ws/install/orbbec_camera_msgs/include/orbbec_camera_msgs/orbbec_camera_msgs/srv/detail/get_int32__struct.h
[4.228s] -- Up-to-date: /home/meteor/ROS2/MickRobot/Graduation_project_ws/install/orbbec_camera_msgs/include/orbbec_camera_msgs/orbbec_camera_msgs/srv/detail/set_filter__functions.c
[4.228s] -- Up-to-date: /home/meteor/ROS2/MickRobot/Graduation_project_ws/install/orbbec_camera_msgs/include/orbbec_camera_msgs/orbbec_camera_msgs/srv/detail/get_int32__functions.c
[4.228s] -- Up-to-date: /home/meteor/ROS2/MickRobot/Graduation_project_ws/install/orbbec_camera_msgs/include/orbbec_camera_msgs/orbbec_camera_msgs/srv/detail/set_user_calib_params__type_support.h
[4.228s] -- Up-to-date: /home/meteor/ROS2/MickRobot/Graduation_project_ws/install/orbbec_camera_msgs/include/orbbec_camera_msgs/orbbec_camera_msgs/srv/detail/set_string__functions.c
[4.228s] -- Up-to-date: /home/meteor/ROS2/MickRobot/Graduation_project_ws/install/orbbec_camera_msgs/include/orbbec_camera_msgs/orbbec_camera_msgs/srv/detail/set_int32__type_support.h
[4.228s] -- Up-to-date: /home/meteor/ROS2/MickRobot/Graduation_project_ws/install/orbbec_camera_msgs/include/orbbec_camera_msgs/orbbec_camera_msgs/srv/detail/get_user_calib_params__type_support.h
[4.228s] -- Up-to-date: /home/meteor/ROS2/MickRobot/Graduation_project_ws/install/orbbec_camera_msgs/include/orbbec_camera_msgs/orbbec_camera_msgs/srv/detail/set_filter__struct.h
[4.228s] -- Up-to-date: /home/meteor/ROS2/MickRobot/Graduation_project_ws/install/orbbec_camera_msgs/include/orbbec_camera_msgs/orbbec_camera_msgs/srv/detail/set_string__type_support.h
[4.228s] -- Up-to-date: /home/meteor/ROS2/MickRobot/Graduation_project_ws/install/orbbec_camera_msgs/include/orbbec_camera_msgs/orbbec_camera_msgs/srv/detail/get_bool__functions.h
[4.228s] -- Up-to-date: /home/meteor/ROS2/MickRobot/Graduation_project_ws/install/orbbec_camera_msgs/include/orbbec_camera_msgs/orbbec_camera_msgs/srv/get_device_info.h
[4.228s] -- Up-to-date: /home/meteor/ROS2/MickRobot/Graduation_project_ws/install/orbbec_camera_msgs/include/orbbec_camera_msgs/orbbec_camera_msgs/srv/set_int32.h
[4.228s] -- Up-to-date: /home/meteor/ROS2/MickRobot/Graduation_project_ws/install/orbbec_camera_msgs/include/orbbec_camera_msgs/orbbec_camera_msgs/srv/get_camera_info.h
[4.228s] -- Up-to-date: /home/meteor/ROS2/MickRobot/Graduation_project_ws/install/orbbec_camera_msgs/include/orbbec_camera_msgs/orbbec_camera_msgs/srv/set_arrays.h
[4.228s] -- Up-to-date: /home/meteor/ROS2/MickRobot/Graduation_project_ws/install/orbbec_camera_msgs/include/orbbec_camera_msgs/orbbec_camera_msgs/srv/get_user_calib_params.h
[4.228s] -- Up-to-date: /home/meteor/ROS2/MickRobot/Graduation_project_ws/install/orbbec_camera_msgs/include/orbbec_camera_msgs/orbbec_camera_msgs/srv/set_filter.h
[4.228s] -- Up-to-date: /home/meteor/ROS2/MickRobot/Graduation_project_ws/install/orbbec_camera_msgs/include/orbbec_camera_msgs/orbbec_camera_msgs/srv/get_bool.h
[4.228s] -- Up-to-date: /home/meteor/ROS2/MickRobot/Graduation_project_ws/install/orbbec_camera_msgs/include/orbbec_camera_msgs/orbbec_camera_msgs/srv/get_int32.h
[4.229s] -- Up-to-date: /home/meteor/ROS2/MickRobot/Graduation_project_ws/install/orbbec_camera_msgs/share/orbbec_camera_msgs/environment/library_path.sh
[4.229s] -- Up-to-date: /home/meteor/ROS2/MickRobot/Graduation_project_ws/install/orbbec_camera_msgs/share/orbbec_camera_msgs/environment/library_path.dsv
[4.268s] -- Up-to-date: /home/meteor/ROS2/MickRobot/Graduation_project_ws/install/orbbec_camera_msgs/lib/liborbbec_camera_msgs__rosidl_generator_c.so
[4.268s] -- Up-to-date: /home/meteor/ROS2/MickRobot/Graduation_project_ws/install/orbbec_camera_msgs/include/orbbec_camera_msgs/orbbec_camera_msgs
[4.269s] -- Up-to-date: /home/meteor/ROS2/MickRobot/Graduation_project_ws/install/orbbec_camera_msgs/include/orbbec_camera_msgs/orbbec_camera_msgs/msg
[4.269s] -- Up-to-date: /home/meteor/ROS2/MickRobot/Graduation_project_ws/install/orbbec_camera_msgs/include/orbbec_camera_msgs/orbbec_camera_msgs/msg/detail
[4.269s] -- Up-to-date: /home/meteor/ROS2/MickRobot/Graduation_project_ws/install/orbbec_camera_msgs/include/orbbec_camera_msgs/orbbec_camera_msgs/msg/detail/extrinsics__rosidl_typesupport_fastrtps_c.h
[4.269s] -- Up-to-date: /home/meteor/ROS2/MickRobot/Graduation_project_ws/install/orbbec_camera_msgs/include/orbbec_camera_msgs/orbbec_camera_msgs/msg/detail/imu_info__rosidl_typesupport_fastrtps_c.h
[4.269s] -- Up-to-date: /home/meteor/ROS2/MickRobot/Graduation_project_ws/install/orbbec_camera_msgs/include/orbbec_camera_msgs/orbbec_camera_msgs/msg/detail/rgbd__rosidl_typesupport_fastrtps_c.h
[4.269s] -- Up-to-date: /home/meteor/ROS2/MickRobot/Graduation_project_ws/install/orbbec_camera_msgs/include/orbbec_camera_msgs/orbbec_camera_msgs/msg/detail/device_info__rosidl_typesupport_fastrtps_c.h
[4.269s] -- Up-to-date: /home/meteor/ROS2/MickRobot/Graduation_project_ws/install/orbbec_camera_msgs/include/orbbec_camera_msgs/orbbec_camera_msgs/msg/detail/device_status__rosidl_typesupport_fastrtps_c.h
[4.269s] -- Up-to-date: /home/meteor/ROS2/MickRobot/Graduation_project_ws/install/orbbec_camera_msgs/include/orbbec_camera_msgs/orbbec_camera_msgs/msg/detail/metadata__rosidl_typesupport_fastrtps_c.h
[4.269s] -- Up-to-date: /home/meteor/ROS2/MickRobot/Graduation_project_ws/install/orbbec_camera_msgs/include/orbbec_camera_msgs/orbbec_camera_msgs/msg/rosidl_typesupport_fastrtps_c__visibility_control.h
[4.270s] -- Up-to-date: /home/meteor/ROS2/MickRobot/Graduation_project_ws/install/orbbec_camera_msgs/include/orbbec_camera_msgs/orbbec_camera_msgs/srv
[4.270s] -- Up-to-date: /home/meteor/ROS2/MickRobot/Graduation_project_ws/install/orbbec_camera_msgs/include/orbbec_camera_msgs/orbbec_camera_msgs/srv/detail
[4.270s] -- Up-to-date: /home/meteor/ROS2/MickRobot/Graduation_project_ws/install/orbbec_camera_msgs/include/orbbec_camera_msgs/orbbec_camera_msgs/srv/detail/get_user_calib_params__rosidl_typesupport_fastrtps_c.h
[4.270s] -- Up-to-date: /home/meteor/ROS2/MickRobot/Graduation_project_ws/install/orbbec_camera_msgs/include/orbbec_camera_msgs/orbbec_camera_msgs/srv/detail/set_string__rosidl_typesupport_fastrtps_c.h
[4.270s] -- Up-to-date: /home/meteor/ROS2/MickRobot/Graduation_project_ws/install/orbbec_camera_msgs/include/orbbec_camera_msgs/orbbec_camera_msgs/srv/detail/get_camera_info__rosidl_typesupport_fastrtps_c.h
[4.270s] -- Up-to-date: /home/meteor/ROS2/MickRobot/Graduation_project_ws/install/orbbec_camera_msgs/include/orbbec_camera_msgs/orbbec_camera_msgs/srv/detail/set_user_calib_params__rosidl_typesupport_fastrtps_c.h
[4.270s] -- Up-to-date: /home/meteor/ROS2/MickRobot/Graduation_project_ws/install/orbbec_camera_msgs/include/orbbec_camera_msgs/orbbec_camera_msgs/srv/detail/get_device_info__rosidl_typesupport_fastrtps_c.h
[4.270s] -- Up-to-date: /home/meteor/ROS2/MickRobot/Graduation_project_ws/install/orbbec_camera_msgs/include/orbbec_camera_msgs/orbbec_camera_msgs/srv/detail/get_bool__rosidl_typesupport_fastrtps_c.h
[4.270s] -- Up-to-date: /home/meteor/ROS2/MickRobot/Graduation_project_ws/install/orbbec_camera_msgs/include/orbbec_camera_msgs/orbbec_camera_msgs/srv/detail/get_int32__rosidl_typesupport_fastrtps_c.h
[4.270s] -- Up-to-date: /home/meteor/ROS2/MickRobot/Graduation_project_ws/install/orbbec_camera_msgs/include/orbbec_camera_msgs/orbbec_camera_msgs/srv/detail/set_arrays__rosidl_typesupport_fastrtps_c.h
[4.270s] -- Up-to-date: /home/meteor/ROS2/MickRobot/Graduation_project_ws/install/orbbec_camera_msgs/include/orbbec_camera_msgs/orbbec_camera_msgs/srv/detail/set_filter__rosidl_typesupport_fastrtps_c.h
[4.270s] -- Up-to-date: /home/meteor/ROS2/MickRobot/Graduation_project_ws/install/orbbec_camera_msgs/include/orbbec_camera_msgs/orbbec_camera_msgs/srv/detail/set_int32__rosidl_typesupport_fastrtps_c.h
[4.270s] -- Up-to-date: /home/meteor/ROS2/MickRobot/Graduation_project_ws/install/orbbec_camera_msgs/include/orbbec_camera_msgs/orbbec_camera_msgs/srv/detail/get_string__rosidl_typesupport_fastrtps_c.h
[4.270s] -- Up-to-date: /home/meteor/ROS2/MickRobot/Graduation_project_ws/install/orbbec_camera_msgs/lib/liborbbec_camera_msgs__rosidl_typesupport_fastrtps_c.so
[4.270s] -- Up-to-date: /home/meteor/ROS2/MickRobot/Graduation_project_ws/install/orbbec_camera_msgs/include/orbbec_camera_msgs/orbbec_camera_msgs
[4.270s] -- Up-to-date: /home/meteor/ROS2/MickRobot/Graduation_project_ws/install/orbbec_camera_msgs/include/orbbec_camera_msgs/orbbec_camera_msgs/msg
[4.271s] -- Up-to-date: /home/meteor/ROS2/MickRobot/Graduation_project_ws/install/orbbec_camera_msgs/include/orbbec_camera_msgs/orbbec_camera_msgs/msg/detail
[4.271s] -- Up-to-date: /home/meteor/ROS2/MickRobot/Graduation_project_ws/install/orbbec_camera_msgs/include/orbbec_camera_msgs/orbbec_camera_msgs/msg/detail/extrinsics__rosidl_typesupport_introspection_c.h
[4.271s] -- Up-to-date: /home/meteor/ROS2/MickRobot/Graduation_project_ws/install/orbbec_camera_msgs/include/orbbec_camera_msgs/orbbec_camera_msgs/msg/detail/rgbd__rosidl_typesupport_introspection_c.h
[4.271s] -- Up-to-date: /home/meteor/ROS2/MickRobot/Graduation_project_ws/install/orbbec_camera_msgs/include/orbbec_camera_msgs/orbbec_camera_msgs/msg/detail/metadata__rosidl_typesupport_introspection_c.h
[4.271s] -- Up-to-date: /home/meteor/ROS2/MickRobot/Graduation_project_ws/install/orbbec_camera_msgs/include/orbbec_camera_msgs/orbbec_camera_msgs/msg/detail/rgbd__type_support.c
[4.271s] -- Up-to-date: /home/meteor/ROS2/MickRobot/Graduation_project_ws/install/orbbec_camera_msgs/include/orbbec_camera_msgs/orbbec_camera_msgs/msg/detail/device_status__type_support.c
[4.271s] -- Up-to-date: /home/meteor/ROS2/MickRobot/Graduation_project_ws/install/orbbec_camera_msgs/include/orbbec_camera_msgs/orbbec_camera_msgs/msg/detail/device_info__type_support.c
[4.271s] -- Up-to-date: /home/meteor/ROS2/MickRobot/Graduation_project_ws/install/orbbec_camera_msgs/include/orbbec_camera_msgs/orbbec_camera_msgs/msg/detail/device_info__rosidl_typesupport_introspection_c.h
[4.271s] -- Up-to-date: /home/meteor/ROS2/MickRobot/Graduation_project_ws/install/orbbec_camera_msgs/include/orbbec_camera_msgs/orbbec_camera_msgs/msg/detail/metadata__type_support.c
[4.271s] -- Up-to-date: /home/meteor/ROS2/MickRobot/Graduation_project_ws/install/orbbec_camera_msgs/include/orbbec_camera_msgs/orbbec_camera_msgs/msg/detail/device_status__rosidl_typesupport_introspection_c.h
[4.271s] -- Up-to-date: /home/meteor/ROS2/MickRobot/Graduation_project_ws/install/orbbec_camera_msgs/include/orbbec_camera_msgs/orbbec_camera_msgs/msg/detail/imu_info__rosidl_typesupport_introspection_c.h
[4.271s] -- Up-to-date: /home/meteor/ROS2/MickRobot/Graduation_project_ws/install/orbbec_camera_msgs/include/orbbec_camera_msgs/orbbec_camera_msgs/msg/detail/imu_info__type_support.c
[4.271s] -- Up-to-date: /home/meteor/ROS2/MickRobot/Graduation_project_ws/install/orbbec_camera_msgs/include/orbbec_camera_msgs/orbbec_camera_msgs/msg/detail/extrinsics__type_support.c
[4.271s] -- Up-to-date: /home/meteor/ROS2/MickRobot/Graduation_project_ws/install/orbbec_camera_msgs/include/orbbec_camera_msgs/orbbec_camera_msgs/msg/rosidl_typesupport_introspection_c__visibility_control.h
[4.271s] -- Up-to-date: /home/meteor/ROS2/MickRobot/Graduation_project_ws/install/orbbec_camera_msgs/include/orbbec_camera_msgs/orbbec_camera_msgs/srv
[4.271s] -- Up-to-date: /home/meteor/ROS2/MickRobot/Graduation_project_ws/install/orbbec_camera_msgs/include/orbbec_camera_msgs/orbbec_camera_msgs/srv/detail
[4.271s] -- Up-to-date: /home/meteor/ROS2/MickRobot/Graduation_project_ws/install/orbbec_camera_msgs/include/orbbec_camera_msgs/orbbec_camera_msgs/srv/detail/get_user_calib_params__rosidl_typesupport_introspection_c.h
[4.271s] -- Up-to-date: /home/meteor/ROS2/MickRobot/Graduation_project_ws/install/orbbec_camera_msgs/include/orbbec_camera_msgs/orbbec_camera_msgs/srv/detail/get_int32__type_support.c
[4.271s] -- Up-to-date: /home/meteor/ROS2/MickRobot/Graduation_project_ws/install/orbbec_camera_msgs/include/orbbec_camera_msgs/orbbec_camera_msgs/srv/detail/set_filter__rosidl_typesupport_introspection_c.h
[4.271s] -- Up-to-date: /home/meteor/ROS2/MickRobot/Graduation_project_ws/install/orbbec_camera_msgs/include/orbbec_camera_msgs/orbbec_camera_msgs/srv/detail/get_device_info__rosidl_typesupport_introspection_c.h
[4.272s] -- Up-to-date: /home/meteor/ROS2/MickRobot/Graduation_project_ws/install/orbbec_camera_msgs/include/orbbec_camera_msgs/orbbec_camera_msgs/srv/detail/get_string__rosidl_typesupport_introspection_c.h
[4.272s] -- Up-to-date: /home/meteor/ROS2/MickRobot/Graduation_project_ws/install/orbbec_camera_msgs/include/orbbec_camera_msgs/orbbec_camera_msgs/srv/detail/get_camera_info__rosidl_typesupport_introspection_c.h
[4.272s] -- Up-to-date: /home/meteor/ROS2/MickRobot/Graduation_project_ws/install/orbbec_camera_msgs/include/orbbec_camera_msgs/orbbec_camera_msgs/srv/detail/set_user_calib_params__type_support.c
[4.272s] -- Up-to-date: /home/meteor/ROS2/MickRobot/Graduation_project_ws/install/orbbec_camera_msgs/include/orbbec_camera_msgs/orbbec_camera_msgs/srv/detail/get_device_info__type_support.c
[4.272s] -- Up-to-date: /home/meteor/ROS2/MickRobot/Graduation_project_ws/install/orbbec_camera_msgs/include/orbbec_camera_msgs/orbbec_camera_msgs/srv/detail/set_filter__type_support.c
[4.272s] -- Up-to-date: /home/meteor/ROS2/MickRobot/Graduation_project_ws/install/orbbec_camera_msgs/include/orbbec_camera_msgs/orbbec_camera_msgs/srv/detail/set_arrays__type_support.c
[4.272s] -- Up-to-date: /home/meteor/ROS2/MickRobot/Graduation_project_ws/install/orbbec_camera_msgs/include/orbbec_camera_msgs/orbbec_camera_msgs/srv/detail/get_bool__rosidl_typesupport_introspection_c.h
[4.272s] -- Up-to-date: /home/meteor/ROS2/MickRobot/Graduation_project_ws/install/orbbec_camera_msgs/include/orbbec_camera_msgs/orbbec_camera_msgs/srv/detail/set_int32__type_support.c
[4.272s] -- Up-to-date: /home/meteor/ROS2/MickRobot/Graduation_project_ws/install/orbbec_camera_msgs/include/orbbec_camera_msgs/orbbec_camera_msgs/srv/detail/get_user_calib_params__type_support.c
[4.272s] -- Up-to-date: /home/meteor/ROS2/MickRobot/Graduation_project_ws/install/orbbec_camera_msgs/include/orbbec_camera_msgs/orbbec_camera_msgs/srv/detail/set_string__type_support.c
[4.272s] -- Up-to-date: /home/meteor/ROS2/MickRobot/Graduation_project_ws/install/orbbec_camera_msgs/include/orbbec_camera_msgs/orbbec_camera_msgs/srv/detail/set_int32__rosidl_typesupport_introspection_c.h
[4.272s] -- Up-to-date: /home/meteor/ROS2/MickRobot/Graduation_project_ws/install/orbbec_camera_msgs/include/orbbec_camera_msgs/orbbec_camera_msgs/srv/detail/get_int32__rosidl_typesupport_introspection_c.h
[4.272s] -- Up-to-date: /home/meteor/ROS2/MickRobot/Graduation_project_ws/install/orbbec_camera_msgs/include/orbbec_camera_msgs/orbbec_camera_msgs/srv/detail/get_bool__type_support.c
[4.272s] -- Up-to-date: /home/meteor/ROS2/MickRobot/Graduation_project_ws/install/orbbec_camera_msgs/include/orbbec_camera_msgs/orbbec_camera_msgs/srv/detail/get_camera_info__type_support.c
[4.272s] -- Up-to-date: /home/meteor/ROS2/MickRobot/Graduation_project_ws/install/orbbec_camera_msgs/include/orbbec_camera_msgs/orbbec_camera_msgs/srv/detail/set_string__rosidl_typesupport_introspection_c.h
[4.272s] -- Up-to-date: /home/meteor/ROS2/MickRobot/Graduation_project_ws/install/orbbec_camera_msgs/include/orbbec_camera_msgs/orbbec_camera_msgs/srv/detail/set_user_calib_params__rosidl_typesupport_introspection_c.h
[4.272s] -- Up-to-date: /home/meteor/ROS2/MickRobot/Graduation_project_ws/install/orbbec_camera_msgs/include/orbbec_camera_msgs/orbbec_camera_msgs/srv/detail/get_string__type_support.c
[4.272s] -- Up-to-date: /home/meteor/ROS2/MickRobot/Graduation_project_ws/install/orbbec_camera_msgs/include/orbbec_camera_msgs/orbbec_camera_msgs/srv/detail/set_arrays__rosidl_typesupport_introspection_c.h
[4.272s] -- Up-to-date: /home/meteor/ROS2/MickRobot/Graduation_project_ws/install/orbbec_camera_msgs/lib/liborbbec_camera_msgs__rosidl_typesupport_introspection_c.so
[4.311s] -- Up-to-date: /home/meteor/ROS2/MickRobot/Graduation_project_ws/install/orbbec_camera_msgs/lib/liborbbec_camera_msgs__rosidl_typesupport_c.so
[4.311s] -- Up-to-date: /home/meteor/ROS2/MickRobot/Graduation_project_ws/install/orbbec_camera_msgs/include/orbbec_camera_msgs/orbbec_camera_msgs
[4.311s] -- Up-to-date: /home/meteor/ROS2/MickRobot/Graduation_project_ws/install/orbbec_camera_msgs/include/orbbec_camera_msgs/orbbec_camera_msgs/msg
[4.311s] -- Up-to-date: /home/meteor/ROS2/MickRobot/Graduation_project_ws/install/orbbec_camera_msgs/include/orbbec_camera_msgs/orbbec_camera_msgs/msg/detail
[4.312s] -- Up-to-date: /home/meteor/ROS2/MickRobot/Graduation_project_ws/install/orbbec_camera_msgs/include/orbbec_camera_msgs/orbbec_camera_msgs/msg/detail/imu_info__traits.hpp
[4.312s] -- Up-to-date: /home/meteor/ROS2/MickRobot/Graduation_project_ws/install/orbbec_camera_msgs/include/orbbec_camera_msgs/orbbec_camera_msgs/msg/detail/extrinsics__struct.hpp
[4.312s] -- Up-to-date: /home/meteor/ROS2/MickRobot/Graduation_project_ws/install/orbbec_camera_msgs/include/orbbec_camera_msgs/orbbec_camera_msgs/msg/detail/rgbd__struct.hpp
[4.312s] -- Up-to-date: /home/meteor/ROS2/MickRobot/Graduation_project_ws/install/orbbec_camera_msgs/include/orbbec_camera_msgs/orbbec_camera_msgs/msg/detail/imu_info__struct.hpp
[4.312s] -- Up-to-date: /home/meteor/ROS2/MickRobot/Graduation_project_ws/install/orbbec_camera_msgs/include/orbbec_camera_msgs/orbbec_camera_msgs/msg/detail/extrinsics__traits.hpp
[4.312s] -- Up-to-date: /home/meteor/ROS2/MickRobot/Graduation_project_ws/install/orbbec_camera_msgs/include/orbbec_camera_msgs/orbbec_camera_msgs/msg/detail/device_info__type_support.hpp
[4.312s] -- Up-to-date: /home/meteor/ROS2/MickRobot/Graduation_project_ws/install/orbbec_camera_msgs/include/orbbec_camera_msgs/orbbec_camera_msgs/msg/detail/imu_info__builder.hpp
[4.312s] -- Up-to-date: /home/meteor/ROS2/MickRobot/Graduation_project_ws/install/orbbec_camera_msgs/include/orbbec_camera_msgs/orbbec_camera_msgs/msg/detail/rgbd__type_support.hpp
[4.312s] -- Up-to-date: /home/meteor/ROS2/MickRobot/Graduation_project_ws/install/orbbec_camera_msgs/include/orbbec_camera_msgs/orbbec_camera_msgs/msg/detail/metadata__builder.hpp
[4.312s] -- Up-to-date: /home/meteor/ROS2/MickRobot/Graduation_project_ws/install/orbbec_camera_msgs/include/orbbec_camera_msgs/orbbec_camera_msgs/msg/detail/device_status__builder.hpp
[4.312s] -- Up-to-date: /home/meteor/ROS2/MickRobot/Graduation_project_ws/install/orbbec_camera_msgs/include/orbbec_camera_msgs/orbbec_camera_msgs/msg/detail/imu_info__type_support.hpp
[4.312s] -- Up-to-date: /home/meteor/ROS2/MickRobot/Graduation_project_ws/install/orbbec_camera_msgs/include/orbbec_camera_msgs/orbbec_camera_msgs/msg/detail/extrinsics__type_support.hpp
[4.312s] -- Up-to-date: /home/meteor/ROS2/MickRobot/Graduation_project_ws/install/orbbec_camera_msgs/include/orbbec_camera_msgs/orbbec_camera_msgs/msg/detail/device_status__type_support.hpp
[4.312s] -- Up-to-date: /home/meteor/ROS2/MickRobot/Graduation_project_ws/install/orbbec_camera_msgs/include/orbbec_camera_msgs/orbbec_camera_msgs/msg/detail/rgbd__builder.hpp
[4.312s] -- Up-to-date: /home/meteor/ROS2/MickRobot/Graduation_project_ws/install/orbbec_camera_msgs/include/orbbec_camera_msgs/orbbec_camera_msgs/msg/detail/metadata__type_support.hpp
[4.312s] -- Up-to-date: /home/meteor/ROS2/MickRobot/Graduation_project_ws/install/orbbec_camera_msgs/include/orbbec_camera_msgs/orbbec_camera_msgs/msg/detail/device_info__builder.hpp
[4.312s] -- Up-to-date: /home/meteor/ROS2/MickRobot/Graduation_project_ws/install/orbbec_camera_msgs/include/orbbec_camera_msgs/orbbec_camera_msgs/msg/detail/extrinsics__builder.hpp
[4.313s] -- Up-to-date: /home/meteor/ROS2/MickRobot/Graduation_project_ws/install/orbbec_camera_msgs/include/orbbec_camera_msgs/orbbec_camera_msgs/msg/detail/device_status__traits.hpp
[4.313s] -- Up-to-date: /home/meteor/ROS2/MickRobot/Graduation_project_ws/install/orbbec_camera_msgs/include/orbbec_camera_msgs/orbbec_camera_msgs/msg/detail/metadata__struct.hpp
[4.313s] -- Up-to-date: /home/meteor/ROS2/MickRobot/Graduation_project_ws/install/orbbec_camera_msgs/include/orbbec_camera_msgs/orbbec_camera_msgs/msg/detail/device_status__struct.hpp
[4.313s] -- Up-to-date: /home/meteor/ROS2/MickRobot/Graduation_project_ws/install/orbbec_camera_msgs/include/orbbec_camera_msgs/orbbec_camera_msgs/msg/detail/device_info__traits.hpp
[4.313s] -- Up-to-date: /home/meteor/ROS2/MickRobot/Graduation_project_ws/install/orbbec_camera_msgs/include/orbbec_camera_msgs/orbbec_camera_msgs/msg/detail/metadata__traits.hpp
[4.313s] -- Up-to-date: /home/meteor/ROS2/MickRobot/Graduation_project_ws/install/orbbec_camera_msgs/include/orbbec_camera_msgs/orbbec_camera_msgs/msg/detail/device_info__struct.hpp
[4.313s] -- Up-to-date: /home/meteor/ROS2/MickRobot/Graduation_project_ws/install/orbbec_camera_msgs/include/orbbec_camera_msgs/orbbec_camera_msgs/msg/detail/rgbd__traits.hpp
[4.313s] -- Up-to-date: /home/meteor/ROS2/MickRobot/Graduation_project_ws/install/orbbec_camera_msgs/include/orbbec_camera_msgs/orbbec_camera_msgs/msg/device_status.hpp
[4.313s] -- Up-to-date: /home/meteor/ROS2/MickRobot/Graduation_project_ws/install/orbbec_camera_msgs/include/orbbec_camera_msgs/orbbec_camera_msgs/msg/rosidl_generator_cpp__visibility_control.hpp
[4.313s] -- Up-to-date: /home/meteor/ROS2/MickRobot/Graduation_project_ws/install/orbbec_camera_msgs/include/orbbec_camera_msgs/orbbec_camera_msgs/msg/metadata.hpp
[4.313s] -- Up-to-date: /home/meteor/ROS2/MickRobot/Graduation_project_ws/install/orbbec_camera_msgs/include/orbbec_camera_msgs/orbbec_camera_msgs/msg/device_info.hpp
[4.313s] -- Up-to-date: /home/meteor/ROS2/MickRobot/Graduation_project_ws/install/orbbec_camera_msgs/include/orbbec_camera_msgs/orbbec_camera_msgs/msg/rgbd.hpp
[4.313s] -- Up-to-date: /home/meteor/ROS2/MickRobot/Graduation_project_ws/install/orbbec_camera_msgs/include/orbbec_camera_msgs/orbbec_camera_msgs/msg/imu_info.hpp
[4.313s] -- Up-to-date: /home/meteor/ROS2/MickRobot/Graduation_project_ws/install/orbbec_camera_msgs/include/orbbec_camera_msgs/orbbec_camera_msgs/msg/extrinsics.hpp
[4.313s] -- Up-to-date: /home/meteor/ROS2/MickRobot/Graduation_project_ws/install/orbbec_camera_msgs/include/orbbec_camera_msgs/orbbec_camera_msgs/srv
[4.313s] -- Up-to-date: /home/meteor/ROS2/MickRobot/Graduation_project_ws/install/orbbec_camera_msgs/include/orbbec_camera_msgs/orbbec_camera_msgs/srv/set_arrays.hpp
[4.313s] -- Up-to-date: /home/meteor/ROS2/MickRobot/Graduation_project_ws/install/orbbec_camera_msgs/include/orbbec_camera_msgs/orbbec_camera_msgs/srv/get_int32.hpp
[4.313s] -- Up-to-date: /home/meteor/ROS2/MickRobot/Graduation_project_ws/install/orbbec_camera_msgs/include/orbbec_camera_msgs/orbbec_camera_msgs/srv/get_string.hpp
[4.313s] -- Up-to-date: /home/meteor/ROS2/MickRobot/Graduation_project_ws/install/orbbec_camera_msgs/include/orbbec_camera_msgs/orbbec_camera_msgs/srv/detail
[4.313s] -- Up-to-date: /home/meteor/ROS2/MickRobot/Graduation_project_ws/install/orbbec_camera_msgs/include/orbbec_camera_msgs/orbbec_camera_msgs/srv/detail/set_string__traits.hpp
[4.313s] -- Up-to-date: /home/meteor/ROS2/MickRobot/Graduation_project_ws/install/orbbec_camera_msgs/include/orbbec_camera_msgs/orbbec_camera_msgs/srv/detail/set_user_calib_params__builder.hpp
[4.314s] -- Up-to-date: /home/meteor/ROS2/MickRobot/Graduation_project_ws/install/orbbec_camera_msgs/include/orbbec_camera_msgs/orbbec_camera_msgs/srv/detail/get_user_calib_params__traits.hpp
[4.314s] -- Up-to-date: /home/meteor/ROS2/MickRobot/Graduation_project_ws/install/orbbec_camera_msgs/include/orbbec_camera_msgs/orbbec_camera_msgs/srv/detail/set_filter__type_support.hpp
[4.314s] -- Up-to-date: /home/meteor/ROS2/MickRobot/Graduation_project_ws/install/orbbec_camera_msgs/include/orbbec_camera_msgs/orbbec_camera_msgs/srv/detail/set_arrays__struct.hpp
[4.314s] -- Up-to-date: /home/meteor/ROS2/MickRobot/Graduation_project_ws/install/orbbec_camera_msgs/include/orbbec_camera_msgs/orbbec_camera_msgs/srv/detail/set_int32__builder.hpp
[4.314s] -- Up-to-date: /home/meteor/ROS2/MickRobot/Graduation_project_ws/install/orbbec_camera_msgs/include/orbbec_camera_msgs/orbbec_camera_msgs/srv/detail/set_arrays__builder.hpp
[4.314s] -- Up-to-date: /home/meteor/ROS2/MickRobot/Graduation_project_ws/install/orbbec_camera_msgs/include/orbbec_camera_msgs/orbbec_camera_msgs/srv/detail/get_user_calib_params__struct.hpp
[4.314s] -- Up-to-date: /home/meteor/ROS2/MickRobot/Graduation_project_ws/install/orbbec_camera_msgs/include/orbbec_camera_msgs/orbbec_camera_msgs/srv/detail/get_device_info__type_support.hpp
[4.314s] -- Up-to-date: /home/meteor/ROS2/MickRobot/Graduation_project_ws/install/orbbec_camera_msgs/include/orbbec_camera_msgs/orbbec_camera_msgs/srv/detail/get_bool__builder.hpp
[4.314s] -- Up-to-date: /home/meteor/ROS2/MickRobot/Graduation_project_ws/install/orbbec_camera_msgs/include/orbbec_camera_msgs/orbbec_camera_msgs/srv/detail/set_string__builder.hpp
[4.314s] -- Up-to-date: /home/meteor/ROS2/MickRobot/Graduation_project_ws/install/orbbec_camera_msgs/include/orbbec_camera_msgs/orbbec_camera_msgs/srv/detail/get_user_calib_params__builder.hpp
[4.314s] -- Up-to-date: /home/meteor/ROS2/MickRobot/Graduation_project_ws/install/orbbec_camera_msgs/include/orbbec_camera_msgs/orbbec_camera_msgs/srv/detail/get_int32__struct.hpp
[4.314s] -- Up-to-date: /home/meteor/ROS2/MickRobot/Graduation_project_ws/install/orbbec_camera_msgs/include/orbbec_camera_msgs/orbbec_camera_msgs/srv/detail/get_int32__builder.hpp
[4.314s] -- Up-to-date: /home/meteor/ROS2/MickRobot/Graduation_project_ws/install/orbbec_camera_msgs/include/orbbec_camera_msgs/orbbec_camera_msgs/srv/detail/set_string__type_support.hpp
[4.314s] -- Up-to-date: /home/meteor/ROS2/MickRobot/Graduation_project_ws/install/orbbec_camera_msgs/include/orbbec_camera_msgs/orbbec_camera_msgs/srv/detail/get_string__type_support.hpp
[4.314s] -- Up-to-date: /home/meteor/ROS2/MickRobot/Graduation_project_ws/install/orbbec_camera_msgs/include/orbbec_camera_msgs/orbbec_camera_msgs/srv/detail/get_device_info__struct.hpp
[4.314s] -- Up-to-date: /home/meteor/ROS2/MickRobot/Graduation_project_ws/install/orbbec_camera_msgs/include/orbbec_camera_msgs/orbbec_camera_msgs/srv/detail/set_arrays__type_support.hpp
[4.314s] -- Up-to-date: /home/meteor/ROS2/MickRobot/Graduation_project_ws/install/orbbec_camera_msgs/include/orbbec_camera_msgs/orbbec_camera_msgs/srv/detail/set_int32__traits.hpp
[4.315s] -- Up-to-date: /home/meteor/ROS2/MickRobot/Graduation_project_ws/install/orbbec_camera_msgs/include/orbbec_camera_msgs/orbbec_camera_msgs/srv/detail/get_camera_info__struct.hpp
[4.315s] -- Up-to-date: /home/meteor/ROS2/MickRobot/Graduation_project_ws/install/orbbec_camera_msgs/include/orbbec_camera_msgs/orbbec_camera_msgs/srv/detail/set_int32__type_support.hpp
[4.315s] -- Up-to-date: /home/meteor/ROS2/MickRobot/Graduation_project_ws/install/orbbec_camera_msgs/include/orbbec_camera_msgs/orbbec_camera_msgs/srv/detail/set_string__struct.hpp
[4.315s] -- Up-to-date: /home/meteor/ROS2/MickRobot/Graduation_project_ws/install/orbbec_camera_msgs/include/orbbec_camera_msgs/orbbec_camera_msgs/srv/detail/get_camera_info__traits.hpp
[4.315s] -- Up-to-date: /home/meteor/ROS2/MickRobot/Graduation_project_ws/install/orbbec_camera_msgs/include/orbbec_camera_msgs/orbbec_camera_msgs/srv/detail/get_int32__traits.hpp
[4.315s] -- Up-to-date: /home/meteor/ROS2/MickRobot/Graduation_project_ws/install/orbbec_camera_msgs/include/orbbec_camera_msgs/orbbec_camera_msgs/srv/detail/get_bool__struct.hpp
[4.315s] -- Up-to-date: /home/meteor/ROS2/MickRobot/Graduation_project_ws/install/orbbec_camera_msgs/include/orbbec_camera_msgs/orbbec_camera_msgs/srv/detail/get_camera_info__type_support.hpp
[4.315s] -- Up-to-date: /home/meteor/ROS2/MickRobot/Graduation_project_ws/install/orbbec_camera_msgs/include/orbbec_camera_msgs/orbbec_camera_msgs/srv/detail/get_string__traits.hpp
[4.315s] -- Up-to-date: /home/meteor/ROS2/MickRobot/Graduation_project_ws/install/orbbec_camera_msgs/include/orbbec_camera_msgs/orbbec_camera_msgs/srv/detail/get_bool__traits.hpp
[4.315s] -- Up-to-date: /home/meteor/ROS2/MickRobot/Graduation_project_ws/install/orbbec_camera_msgs/include/orbbec_camera_msgs/orbbec_camera_msgs/srv/detail/set_user_calib_params__struct.hpp
[4.315s] -- Up-to-date: /home/meteor/ROS2/MickRobot/Graduation_project_ws/install/orbbec_camera_msgs/include/orbbec_camera_msgs/orbbec_camera_msgs/srv/detail/get_int32__type_support.hpp
[4.315s] -- Up-to-date: /home/meteor/ROS2/MickRobot/Graduation_project_ws/install/orbbec_camera_msgs/include/orbbec_camera_msgs/orbbec_camera_msgs/srv/detail/get_user_calib_params__type_support.hpp
[4.315s] -- Up-to-date: /home/meteor/ROS2/MickRobot/Graduation_project_ws/install/orbbec_camera_msgs/include/orbbec_camera_msgs/orbbec_camera_msgs/srv/detail/set_arrays__traits.hpp
[4.315s] -- Up-to-date: /home/meteor/ROS2/MickRobot/Graduation_project_ws/install/orbbec_camera_msgs/include/orbbec_camera_msgs/orbbec_camera_msgs/srv/detail/get_string__builder.hpp
[4.315s] -- Up-to-date: /home/meteor/ROS2/MickRobot/Graduation_project_ws/install/orbbec_camera_msgs/include/orbbec_camera_msgs/orbbec_camera_msgs/srv/detail/set_user_calib_params__traits.hpp
[4.315s] -- Up-to-date: /home/meteor/ROS2/MickRobot/Graduation_project_ws/install/orbbec_camera_msgs/include/orbbec_camera_msgs/orbbec_camera_msgs/srv/detail/set_filter__struct.hpp
[4.315s] -- Up-to-date: /home/meteor/ROS2/MickRobot/Graduation_project_ws/install/orbbec_camera_msgs/include/orbbec_camera_msgs/orbbec_camera_msgs/srv/detail/get_camera_info__builder.hpp
[4.315s] -- Up-to-date: /home/meteor/ROS2/MickRobot/Graduation_project_ws/install/orbbec_camera_msgs/include/orbbec_camera_msgs/orbbec_camera_msgs/srv/detail/set_user_calib_params__type_support.hpp
[4.315s] -- Up-to-date: /home/meteor/ROS2/MickRobot/Graduation_project_ws/install/orbbec_camera_msgs/include/orbbec_camera_msgs/orbbec_camera_msgs/srv/detail/get_bool__type_support.hpp
[4.315s] -- Up-to-date: /home/meteor/ROS2/MickRobot/Graduation_project_ws/install/orbbec_camera_msgs/include/orbbec_camera_msgs/orbbec_camera_msgs/srv/detail/set_filter__builder.hpp
[4.315s] -- Up-to-date: /home/meteor/ROS2/MickRobot/Graduation_project_ws/install/orbbec_camera_msgs/include/orbbec_camera_msgs/orbbec_camera_msgs/srv/detail/set_int32__struct.hpp
[4.315s] -- Up-to-date: /home/meteor/ROS2/MickRobot/Graduation_project_ws/install/orbbec_camera_msgs/include/orbbec_camera_msgs/orbbec_camera_msgs/srv/detail/get_device_info__builder.hpp
[4.316s] -- Up-to-date: /home/meteor/ROS2/MickRobot/Graduation_project_ws/install/orbbec_camera_msgs/include/orbbec_camera_msgs/orbbec_camera_msgs/srv/detail/get_device_info__traits.hpp
[4.316s] -- Up-to-date: /home/meteor/ROS2/MickRobot/Graduation_project_ws/install/orbbec_camera_msgs/include/orbbec_camera_msgs/orbbec_camera_msgs/srv/detail/set_filter__traits.hpp
[4.316s] -- Up-to-date: /home/meteor/ROS2/MickRobot/Graduation_project_ws/install/orbbec_camera_msgs/include/orbbec_camera_msgs/orbbec_camera_msgs/srv/detail/get_string__struct.hpp
[4.316s] -- Up-to-date: /home/meteor/ROS2/MickRobot/Graduation_project_ws/install/orbbec_camera_msgs/include/orbbec_camera_msgs/orbbec_camera_msgs/srv/get_device_info.hpp
[4.316s] -- Up-to-date: /home/meteor/ROS2/MickRobot/Graduation_project_ws/install/orbbec_camera_msgs/include/orbbec_camera_msgs/orbbec_camera_msgs/srv/set_int32.hpp
[4.316s] -- Up-to-date: /home/meteor/ROS2/MickRobot/Graduation_project_ws/install/orbbec_camera_msgs/include/orbbec_camera_msgs/orbbec_camera_msgs/srv/get_bool.hpp
[4.316s] -- Up-to-date: /home/meteor/ROS2/MickRobot/Graduation_project_ws/install/orbbec_camera_msgs/include/orbbec_camera_msgs/orbbec_camera_msgs/srv/set_user_calib_params.hpp
[4.316s] -- Up-to-date: /home/meteor/ROS2/MickRobot/Graduation_project_ws/install/orbbec_camera_msgs/include/orbbec_camera_msgs/orbbec_camera_msgs/srv/get_camera_info.hpp
[4.316s] -- Up-to-date: /home/meteor/ROS2/MickRobot/Graduation_project_ws/install/orbbec_camera_msgs/include/orbbec_camera_msgs/orbbec_camera_msgs/srv/get_user_calib_params.hpp
[4.316s] -- Up-to-date: /home/meteor/ROS2/MickRobot/Graduation_project_ws/install/orbbec_camera_msgs/include/orbbec_camera_msgs/orbbec_camera_msgs/srv/set_filter.hpp
[4.316s] -- Up-to-date: /home/meteor/ROS2/MickRobot/Graduation_project_ws/install/orbbec_camera_msgs/include/orbbec_camera_msgs/orbbec_camera_msgs/srv/set_string.hpp
[4.316s] -- Up-to-date: /home/meteor/ROS2/MickRobot/Graduation_project_ws/install/orbbec_camera_msgs/include/orbbec_camera_msgs/orbbec_camera_msgs
[4.316s] -- Up-to-date: /home/meteor/ROS2/MickRobot/Graduation_project_ws/install/orbbec_camera_msgs/include/orbbec_camera_msgs/orbbec_camera_msgs/msg
[4.316s] -- Up-to-date: /home/meteor/ROS2/MickRobot/Graduation_project_ws/install/orbbec_camera_msgs/include/orbbec_camera_msgs/orbbec_camera_msgs/msg/detail
[4.316s] -- Up-to-date: /home/meteor/ROS2/MickRobot/Graduation_project_ws/install/orbbec_camera_msgs/include/orbbec_camera_msgs/orbbec_camera_msgs/msg/detail/device_info__rosidl_typesupport_fastrtps_cpp.hpp
[4.316s] -- Up-to-date: /home/meteor/ROS2/MickRobot/Graduation_project_ws/install/orbbec_camera_msgs/include/orbbec_camera_msgs/orbbec_camera_msgs/msg/detail/imu_info__rosidl_typesupport_fastrtps_cpp.hpp
[4.316s] -- Up-to-date: /home/meteor/ROS2/MickRobot/Graduation_project_ws/install/orbbec_camera_msgs/include/orbbec_camera_msgs/orbbec_camera_msgs/msg/detail/extrinsics__rosidl_typesupport_fastrtps_cpp.hpp
[4.316s] -- Up-to-date: /home/meteor/ROS2/MickRobot/Graduation_project_ws/install/orbbec_camera_msgs/include/orbbec_camera_msgs/orbbec_camera_msgs/msg/detail/dds_fastrtps
[4.316s] -- Up-to-date: /home/meteor/ROS2/MickRobot/Graduation_project_ws/install/orbbec_camera_msgs/include/orbbec_camera_msgs/orbbec_camera_msgs/msg/detail/device_status__rosidl_typesupport_fastrtps_cpp.hpp
[4.316s] -- Up-to-date: /home/meteor/ROS2/MickRobot/Graduation_project_ws/install/orbbec_camera_msgs/include/orbbec_camera_msgs/orbbec_camera_msgs/msg/detail/metadata__rosidl_typesupport_fastrtps_cpp.hpp
[4.316s] -- Up-to-date: /home/meteor/ROS2/MickRobot/Graduation_project_ws/install/orbbec_camera_msgs/include/orbbec_camera_msgs/orbbec_camera_msgs/msg/detail/rgbd__rosidl_typesupport_fastrtps_cpp.hpp
[4.316s] -- Up-to-date: /home/meteor/ROS2/MickRobot/Graduation_project_ws/install/orbbec_camera_msgs/include/orbbec_camera_msgs/orbbec_camera_msgs/msg/rosidl_typesupport_fastrtps_cpp__visibility_control.h
[4.316s] -- Up-to-date: /home/meteor/ROS2/MickRobot/Graduation_project_ws/install/orbbec_camera_msgs/include/orbbec_camera_msgs/orbbec_camera_msgs/srv
[4.316s] -- Up-to-date: /home/meteor/ROS2/MickRobot/Graduation_project_ws/install/orbbec_camera_msgs/include/orbbec_camera_msgs/orbbec_camera_msgs/srv/detail
[4.317s] -- Up-to-date: /home/meteor/ROS2/MickRobot/Graduation_project_ws/install/orbbec_camera_msgs/include/orbbec_camera_msgs/orbbec_camera_msgs/srv/detail/set_string__rosidl_typesupport_fastrtps_cpp.hpp
[4.317s] -- Up-to-date: /home/meteor/ROS2/MickRobot/Graduation_project_ws/install/orbbec_camera_msgs/include/orbbec_camera_msgs/orbbec_camera_msgs/srv/detail/set_arrays__rosidl_typesupport_fastrtps_cpp.hpp
[4.317s] -- Up-to-date: /home/meteor/ROS2/MickRobot/Graduation_project_ws/install/orbbec_camera_msgs/include/orbbec_camera_msgs/orbbec_camera_msgs/srv/detail/get_device_info__rosidl_typesupport_fastrtps_cpp.hpp
[4.317s] -- Up-to-date: /home/meteor/ROS2/MickRobot/Graduation_project_ws/install/orbbec_camera_msgs/include/orbbec_camera_msgs/orbbec_camera_msgs/srv/detail/set_int32__rosidl_typesupport_fastrtps_cpp.hpp
[4.317s] -- Up-to-date: /home/meteor/ROS2/MickRobot/Graduation_project_ws/install/orbbec_camera_msgs/include/orbbec_camera_msgs/orbbec_camera_msgs/srv/detail/get_user_calib_params__rosidl_typesupport_fastrtps_cpp.hpp
[4.317s] -- Up-to-date: /home/meteor/ROS2/MickRobot/Graduation_project_ws/install/orbbec_camera_msgs/include/orbbec_camera_msgs/orbbec_camera_msgs/srv/detail/set_filter__rosidl_typesupport_fastrtps_cpp.hpp
[4.317s] -- Up-to-date: /home/meteor/ROS2/MickRobot/Graduation_project_ws/install/orbbec_camera_msgs/include/orbbec_camera_msgs/orbbec_camera_msgs/srv/detail/dds_fastrtps
[4.317s] -- Up-to-date: /home/meteor/ROS2/MickRobot/Graduation_project_ws/install/orbbec_camera_msgs/include/orbbec_camera_msgs/orbbec_camera_msgs/srv/detail/set_user_calib_params__rosidl_typesupport_fastrtps_cpp.hpp
[4.317s] -- Up-to-date: /home/meteor/ROS2/MickRobot/Graduation_project_ws/install/orbbec_camera_msgs/include/orbbec_camera_msgs/orbbec_camera_msgs/srv/detail/get_bool__rosidl_typesupport_fastrtps_cpp.hpp
[4.317s] -- Up-to-date: /home/meteor/ROS2/MickRobot/Graduation_project_ws/install/orbbec_camera_msgs/include/orbbec_camera_msgs/orbbec_camera_msgs/srv/detail/get_int32__rosidl_typesupport_fastrtps_cpp.hpp
[4.317s] -- Up-to-date: /home/meteor/ROS2/MickRobot/Graduation_project_ws/install/orbbec_camera_msgs/include/orbbec_camera_msgs/orbbec_camera_msgs/srv/detail/get_string__rosidl_typesupport_fastrtps_cpp.hpp
[4.317s] -- Up-to-date: /home/meteor/ROS2/MickRobot/Graduation_project_ws/install/orbbec_camera_msgs/include/orbbec_camera_msgs/orbbec_camera_msgs/srv/detail/get_camera_info__rosidl_typesupport_fastrtps_cpp.hpp
[4.317s] -- Up-to-date: /home/meteor/ROS2/MickRobot/Graduation_project_ws/install/orbbec_camera_msgs/lib/liborbbec_camera_msgs__rosidl_typesupport_fastrtps_cpp.so
[4.317s] -- Up-to-date: /home/meteor/ROS2/MickRobot/Graduation_project_ws/install/orbbec_camera_msgs/include/orbbec_camera_msgs/orbbec_camera_msgs
[4.317s] -- Up-to-date: /home/meteor/ROS2/MickRobot/Graduation_project_ws/install/orbbec_camera_msgs/include/orbbec_camera_msgs/orbbec_camera_msgs/msg
[4.317s] -- Up-to-date: /home/meteor/ROS2/MickRobot/Graduation_project_ws/install/orbbec_camera_msgs/include/orbbec_camera_msgs/orbbec_camera_msgs/msg/detail
[4.317s] -- Up-to-date: /home/meteor/ROS2/MickRobot/Graduation_project_ws/install/orbbec_camera_msgs/include/orbbec_camera_msgs/orbbec_camera_msgs/msg/detail/device_info__type_support.cpp
[4.317s] -- Up-to-date: /home/meteor/ROS2/MickRobot/Graduation_project_ws/install/orbbec_camera_msgs/include/orbbec_camera_msgs/orbbec_camera_msgs/msg/detail/metadata__rosidl_typesupport_introspection_cpp.hpp
[4.317s] -- Up-to-date: /home/meteor/ROS2/MickRobot/Graduation_project_ws/install/orbbec_camera_msgs/include/orbbec_camera_msgs/orbbec_camera_msgs/msg/detail/rgbd__type_support.cpp
[4.317s] -- Up-to-date: /home/meteor/ROS2/MickRobot/Graduation_project_ws/install/orbbec_camera_msgs/include/orbbec_camera_msgs/orbbec_camera_msgs/msg/detail/extrinsics__type_support.cpp
[4.317s] -- Up-to-date: /home/meteor/ROS2/MickRobot/Graduation_project_ws/install/orbbec_camera_msgs/include/orbbec_camera_msgs/orbbec_camera_msgs/msg/detail/imu_info__rosidl_typesupport_introspection_cpp.hpp
[4.317s] -- Up-to-date: /home/meteor/ROS2/MickRobot/Graduation_project_ws/install/orbbec_camera_msgs/include/orbbec_camera_msgs/orbbec_camera_msgs/msg/detail/metadata__type_support.cpp
[4.317s] -- Up-to-date: /home/meteor/ROS2/MickRobot/Graduation_project_ws/install/orbbec_camera_msgs/include/orbbec_camera_msgs/orbbec_camera_msgs/msg/detail/extrinsics__rosidl_typesupport_introspection_cpp.hpp
[4.317s] -- Up-to-date: /home/meteor/ROS2/MickRobot/Graduation_project_ws/install/orbbec_camera_msgs/include/orbbec_camera_msgs/orbbec_camera_msgs/msg/detail/device_info__rosidl_typesupport_introspection_cpp.hpp
[4.317s] -- Up-to-date: /home/meteor/ROS2/MickRobot/Graduation_project_ws/install/orbbec_camera_msgs/include/orbbec_camera_msgs/orbbec_camera_msgs/msg/detail/rgbd__rosidl_typesupport_introspection_cpp.hpp
[4.317s] -- Up-to-date: /home/meteor/ROS2/MickRobot/Graduation_project_ws/install/orbbec_camera_msgs/include/orbbec_camera_msgs/orbbec_camera_msgs/msg/detail/device_status__type_support.cpp
[4.317s] -- Up-to-date: /home/meteor/ROS2/MickRobot/Graduation_project_ws/install/orbbec_camera_msgs/include/orbbec_camera_msgs/orbbec_camera_msgs/msg/detail/imu_info__type_support.cpp
[4.318s] -- Up-to-date: /home/meteor/ROS2/MickRobot/Graduation_project_ws/install/orbbec_camera_msgs/include/orbbec_camera_msgs/orbbec_camera_msgs/msg/detail/device_status__rosidl_typesupport_introspection_cpp.hpp
[4.318s] -- Up-to-date: /home/meteor/ROS2/MickRobot/Graduation_project_ws/install/orbbec_camera_msgs/include/orbbec_camera_msgs/orbbec_camera_msgs/srv
[4.318s] -- Up-to-date: /home/meteor/ROS2/MickRobot/Graduation_project_ws/install/orbbec_camera_msgs/include/orbbec_camera_msgs/orbbec_camera_msgs/srv/detail
[4.318s] -- Up-to-date: /home/meteor/ROS2/MickRobot/Graduation_project_ws/install/orbbec_camera_msgs/include/orbbec_camera_msgs/orbbec_camera_msgs/srv/detail/set_int32__rosidl_typesupport_introspection_cpp.hpp
[4.318s] -- Up-to-date: /home/meteor/ROS2/MickRobot/Graduation_project_ws/install/orbbec_camera_msgs/include/orbbec_camera_msgs/orbbec_camera_msgs/srv/detail/get_camera_info__rosidl_typesupport_introspection_cpp.hpp
[4.318s] -- Up-to-date: /home/meteor/ROS2/MickRobot/Graduation_project_ws/install/orbbec_camera_msgs/include/orbbec_camera_msgs/orbbec_camera_msgs/srv/detail/get_user_calib_params__type_support.cpp
[4.318s] -- Up-to-date: /home/meteor/ROS2/MickRobot/Graduation_project_ws/install/orbbec_camera_msgs/include/orbbec_camera_msgs/orbbec_camera_msgs/srv/detail/get_camera_info__type_support.cpp
[4.318s] -- Up-to-date: /home/meteor/ROS2/MickRobot/Graduation_project_ws/install/orbbec_camera_msgs/include/orbbec_camera_msgs/orbbec_camera_msgs/srv/detail/set_filter__type_support.cpp
[4.318s] -- Up-to-date: /home/meteor/ROS2/MickRobot/Graduation_project_ws/install/orbbec_camera_msgs/include/orbbec_camera_msgs/orbbec_camera_msgs/srv/detail/get_int32__type_support.cpp
[4.318s] -- Up-to-date: /home/meteor/ROS2/MickRobot/Graduation_project_ws/install/orbbec_camera_msgs/include/orbbec_camera_msgs/orbbec_camera_msgs/srv/detail/set_filter__rosidl_typesupport_introspection_cpp.hpp
[4.318s] -- Up-to-date: /home/meteor/ROS2/MickRobot/Graduation_project_ws/install/orbbec_camera_msgs/include/orbbec_camera_msgs/orbbec_camera_msgs/srv/detail/get_device_info__rosidl_typesupport_introspection_cpp.hpp
[4.318s] -- Up-to-date: /home/meteor/ROS2/MickRobot/Graduation_project_ws/install/orbbec_camera_msgs/include/orbbec_camera_msgs/orbbec_camera_msgs/srv/detail/get_string__rosidl_typesupport_introspection_cpp.hpp
[4.318s] -- Up-to-date: /home/meteor/ROS2/MickRobot/Graduation_project_ws/install/orbbec_camera_msgs/include/orbbec_camera_msgs/orbbec_camera_msgs/srv/detail/set_arrays__type_support.cpp
[4.318s] -- Up-to-date: /home/meteor/ROS2/MickRobot/Graduation_project_ws/install/orbbec_camera_msgs/include/orbbec_camera_msgs/orbbec_camera_msgs/srv/detail/get_bool__type_support.cpp
[4.318s] -- Up-to-date: /home/meteor/ROS2/MickRobot/Graduation_project_ws/install/orbbec_camera_msgs/include/orbbec_camera_msgs/orbbec_camera_msgs/srv/detail/get_bool__rosidl_typesupport_introspection_cpp.hpp
[4.318s] -- Up-to-date: /home/meteor/ROS2/MickRobot/Graduation_project_ws/install/orbbec_camera_msgs/include/orbbec_camera_msgs/orbbec_camera_msgs/srv/detail/get_int32__rosidl_typesupport_introspection_cpp.hpp
[4.318s] -- Up-to-date: /home/meteor/ROS2/MickRobot/Graduation_project_ws/install/orbbec_camera_msgs/include/orbbec_camera_msgs/orbbec_camera_msgs/srv/detail/set_user_calib_params__type_support.cpp
[4.318s] -- Up-to-date: /home/meteor/ROS2/MickRobot/Graduation_project_ws/install/orbbec_camera_msgs/include/orbbec_camera_msgs/orbbec_camera_msgs/srv/detail/get_string__type_support.cpp
[4.318s] -- Up-to-date: /home/meteor/ROS2/MickRobot/Graduation_project_ws/install/orbbec_camera_msgs/include/orbbec_camera_msgs/orbbec_camera_msgs/srv/detail/set_string__rosidl_typesupport_introspection_cpp.hpp
[4.318s] -- Up-to-date: /home/meteor/ROS2/MickRobot/Graduation_project_ws/install/orbbec_camera_msgs/include/orbbec_camera_msgs/orbbec_camera_msgs/srv/detail/get_user_calib_params__rosidl_typesupport_introspection_cpp.hpp
[4.318s] -- Up-to-date: /home/meteor/ROS2/MickRobot/Graduation_project_ws/install/orbbec_camera_msgs/include/orbbec_camera_msgs/orbbec_camera_msgs/srv/detail/set_string__type_support.cpp
[4.318s] -- Up-to-date: /home/meteor/ROS2/MickRobot/Graduation_project_ws/install/orbbec_camera_msgs/include/orbbec_camera_msgs/orbbec_camera_msgs/srv/detail/get_device_info__type_support.cpp
[4.318s] -- Up-to-date: /home/meteor/ROS2/MickRobot/Graduation_project_ws/install/orbbec_camera_msgs/include/orbbec_camera_msgs/orbbec_camera_msgs/srv/detail/set_int32__type_support.cpp
[4.318s] -- Up-to-date: /home/meteor/ROS2/MickRobot/Graduation_project_ws/install/orbbec_camera_msgs/include/orbbec_camera_msgs/orbbec_camera_msgs/srv/detail/set_user_calib_params__rosidl_typesupport_introspection_cpp.hpp
[4.318s] -- Up-to-date: /home/meteor/ROS2/MickRobot/Graduation_project_ws/install/orbbec_camera_msgs/include/orbbec_camera_msgs/orbbec_camera_msgs/srv/detail/set_arrays__rosidl_typesupport_introspection_cpp.hpp
[4.385s] -- Up-to-date: /home/meteor/ROS2/MickRobot/Graduation_project_ws/install/orbbec_camera_msgs/lib/liborbbec_camera_msgs__rosidl_typesupport_introspection_cpp.so
[4.487s] -- Up-to-date: /home/meteor/ROS2/MickRobot/Graduation_project_ws/install/orbbec_camera_msgs/lib/liborbbec_camera_msgs__rosidl_typesupport_cpp.so
[4.488s] -- Up-to-date: /home/meteor/ROS2/MickRobot/Graduation_project_ws/install/orbbec_camera_msgs/share/orbbec_camera_msgs/environment/pythonpath.sh
[4.488s] -- Up-to-date: /home/meteor/ROS2/MickRobot/Graduation_project_ws/install/orbbec_camera_msgs/share/orbbec_camera_msgs/environment/pythonpath.dsv
[4.488s] -- Up-to-date: /home/meteor/ROS2/MickRobot/Graduation_project_ws/install/orbbec_camera_msgs/local/lib/python3.10/dist-packages/orbbec_camera_msgs-2.7.6-py3.10.egg-info
[4.488s] -- Installing: /home/meteor/ROS2/MickRobot/Graduation_project_ws/install/orbbec_camera_msgs/local/lib/python3.10/dist-packages/orbbec_camera_msgs-2.7.6-py3.10.egg-info/dependency_links.txt
[4.488s] -- Installing: /home/meteor/ROS2/MickRobot/Graduation_project_ws/install/orbbec_camera_msgs/local/lib/python3.10/dist-packages/orbbec_camera_msgs-2.7.6-py3.10.egg-info/PKG-INFO
[4.488s] -- Installing: /home/meteor/ROS2/MickRobot/Graduation_project_ws/install/orbbec_camera_msgs/local/lib/python3.10/dist-packages/orbbec_camera_msgs-2.7.6-py3.10.egg-info/SOURCES.txt
[4.489s] -- Installing: /home/meteor/ROS2/MickRobot/Graduation_project_ws/install/orbbec_camera_msgs/local/lib/python3.10/dist-packages/orbbec_camera_msgs-2.7.6-py3.10.egg-info/top_level.txt
[4.489s] -- Up-to-date: /home/meteor/ROS2/MickRobot/Graduation_project_ws/install/orbbec_camera_msgs/local/lib/python3.10/dist-packages/orbbec_camera_msgs
[4.489s] -- Up-to-date: /home/meteor/ROS2/MickRobot/Graduation_project_ws/install/orbbec_camera_msgs/local/lib/python3.10/dist-packages/orbbec_camera_msgs/liborbbec_camera_msgs__rosidl_generator_py.so
[4.489s] -- Up-to-date: /home/meteor/ROS2/MickRobot/Graduation_project_ws/install/orbbec_camera_msgs/local/lib/python3.10/dist-packages/orbbec_camera_msgs/orbbec_camera_msgs_s__rosidl_typesupport_c.cpython-310-x86_64-linux-gnu.so
[4.489s] -- Up-to-date: /home/meteor/ROS2/MickRobot/Graduation_project_ws/install/orbbec_camera_msgs/local/lib/python3.10/dist-packages/orbbec_camera_msgs/_orbbec_camera_msgs_s.ep.rosidl_typesupport_c.c
[4.489s] -- Up-to-date: /home/meteor/ROS2/MickRobot/Graduation_project_ws/install/orbbec_camera_msgs/local/lib/python3.10/dist-packages/orbbec_camera_msgs/msg
[4.489s] -- Up-to-date: /home/meteor/ROS2/MickRobot/Graduation_project_ws/install/orbbec_camera_msgs/local/lib/python3.10/dist-packages/orbbec_camera_msgs/msg/_device_status_s.c
[4.489s] -- Up-to-date: /home/meteor/ROS2/MickRobot/Graduation_project_ws/install/orbbec_camera_msgs/local/lib/python3.10/dist-packages/orbbec_camera_msgs/msg/_device_status.py
[4.490s] -- Up-to-date: /home/meteor/ROS2/MickRobot/Graduation_project_ws/install/orbbec_camera_msgs/local/lib/python3.10/dist-packages/orbbec_camera_msgs/msg/_device_info.py
[4.490s] -- Up-to-date: /home/meteor/ROS2/MickRobot/Graduation_project_ws/install/orbbec_camera_msgs/local/lib/python3.10/dist-packages/orbbec_camera_msgs/msg/_imu_info_s.c
[4.490s] -- Up-to-date: /home/meteor/ROS2/MickRobot/Graduation_project_ws/install/orbbec_camera_msgs/local/lib/python3.10/dist-packages/orbbec_camera_msgs/msg/_rgbd_s.c
[4.490s] -- Up-to-date: /home/meteor/ROS2/MickRobot/Graduation_project_ws/install/orbbec_camera_msgs/local/lib/python3.10/dist-packages/orbbec_camera_msgs/msg/_rgbd.py
[4.490s] -- Up-to-date: /home/meteor/ROS2/MickRobot/Graduation_project_ws/install/orbbec_camera_msgs/local/lib/python3.10/dist-packages/orbbec_camera_msgs/msg/_extrinsics_s.c
[4.490s] -- Up-to-date: /home/meteor/ROS2/MickRobot/Graduation_project_ws/install/orbbec_camera_msgs/local/lib/python3.10/dist-packages/orbbec_camera_msgs/msg/_device_info_s.c
[4.490s] -- Up-to-date: /home/meteor/ROS2/MickRobot/Graduation_project_ws/install/orbbec_camera_msgs/local/lib/python3.10/dist-packages/orbbec_camera_msgs/msg/_extrinsics.py
[4.490s] -- Up-to-date: /home/meteor/ROS2/MickRobot/Graduation_project_ws/install/orbbec_camera_msgs/local/lib/python3.10/dist-packages/orbbec_camera_msgs/msg/__init__.py
[4.490s] -- Up-to-date: /home/meteor/ROS2/MickRobot/Graduation_project_ws/install/orbbec_camera_msgs/local/lib/python3.10/dist-packages/orbbec_camera_msgs/msg/_metadata_s.c
[4.490s] -- Up-to-date: /home/meteor/ROS2/MickRobot/Graduation_project_ws/install/orbbec_camera_msgs/local/lib/python3.10/dist-packages/orbbec_camera_msgs/msg/_imu_info.py
[4.490s] -- Up-to-date: /home/meteor/ROS2/MickRobot/Graduation_project_ws/install/orbbec_camera_msgs/local/lib/python3.10/dist-packages/orbbec_camera_msgs/msg/_metadata.py
[4.490s] -- Up-to-date: /home/meteor/ROS2/MickRobot/Graduation_project_ws/install/orbbec_camera_msgs/local/lib/python3.10/dist-packages/orbbec_camera_msgs/_orbbec_camera_msgs_s.ep.rosidl_typesupport_fastrtps_c.c
[4.490s] -- Up-to-date: /home/meteor/ROS2/MickRobot/Graduation_project_ws/install/orbbec_camera_msgs/local/lib/python3.10/dist-packages/orbbec_camera_msgs/srv
[4.491s] -- Up-to-date: /home/meteor/ROS2/MickRobot/Graduation_project_ws/install/orbbec_camera_msgs/local/lib/python3.10/dist-packages/orbbec_camera_msgs/srv/_set_arrays_s.c
[4.491s] -- Up-to-date: /home/meteor/ROS2/MickRobot/Graduation_project_ws/install/orbbec_camera_msgs/local/lib/python3.10/dist-packages/orbbec_camera_msgs/srv/_set_filter_s.c
[4.491s] -- Up-to-date: /home/meteor/ROS2/MickRobot/Graduation_project_ws/install/orbbec_camera_msgs/local/lib/python3.10/dist-packages/orbbec_camera_msgs/srv/_get_user_calib_params_s.c
[4.491s] -- Up-to-date: /home/meteor/ROS2/MickRobot/Graduation_project_ws/install/orbbec_camera_msgs/local/lib/python3.10/dist-packages/orbbec_camera_msgs/srv/_get_user_calib_params.py
[4.491s] -- Up-to-date: /home/meteor/ROS2/MickRobot/Graduation_project_ws/install/orbbec_camera_msgs/local/lib/python3.10/dist-packages/orbbec_camera_msgs/srv/_get_bool.py
[4.491s] -- Up-to-date: /home/meteor/ROS2/MickRobot/Graduation_project_ws/install/orbbec_camera_msgs/local/lib/python3.10/dist-packages/orbbec_camera_msgs/srv/_get_string_s.c
[4.491s] -- Up-to-date: /home/meteor/ROS2/MickRobot/Graduation_project_ws/install/orbbec_camera_msgs/local/lib/python3.10/dist-packages/orbbec_camera_msgs/srv/_set_arrays.py
[4.491s] -- Up-to-date: /home/meteor/ROS2/MickRobot/Graduation_project_ws/install/orbbec_camera_msgs/local/lib/python3.10/dist-packages/orbbec_camera_msgs/srv/_get_device_info.py
[4.491s] -- Up-to-date: /home/meteor/ROS2/MickRobot/Graduation_project_ws/install/orbbec_camera_msgs/local/lib/python3.10/dist-packages/orbbec_camera_msgs/srv/_set_user_calib_params_s.c
[4.491s] -- Up-to-date: /home/meteor/ROS2/MickRobot/Graduation_project_ws/install/orbbec_camera_msgs/local/lib/python3.10/dist-packages/orbbec_camera_msgs/srv/_get_device_info_s.c
[4.491s] -- Up-to-date: /home/meteor/ROS2/MickRobot/Graduation_project_ws/install/orbbec_camera_msgs/local/lib/python3.10/dist-packages/orbbec_camera_msgs/srv/_set_int32_s.c
[4.491s] -- Up-to-date: /home/meteor/ROS2/MickRobot/Graduation_project_ws/install/orbbec_camera_msgs/local/lib/python3.10/dist-packages/orbbec_camera_msgs/srv/_get_string.py
[4.491s] -- Up-to-date: /home/meteor/ROS2/MickRobot/Graduation_project_ws/install/orbbec_camera_msgs/local/lib/python3.10/dist-packages/orbbec_camera_msgs/srv/_set_filter.py
[4.491s] -- Up-to-date: /home/meteor/ROS2/MickRobot/Graduation_project_ws/install/orbbec_camera_msgs/local/lib/python3.10/dist-packages/orbbec_camera_msgs/srv/_get_int32.py
[4.491s] -- Up-to-date: /home/meteor/ROS2/MickRobot/Graduation_project_ws/install/orbbec_camera_msgs/local/lib/python3.10/dist-packages/orbbec_camera_msgs/srv/_set_user_calib_params.py
[4.491s] -- Up-to-date: /home/meteor/ROS2/MickRobot/Graduation_project_ws/install/orbbec_camera_msgs/local/lib/python3.10/dist-packages/orbbec_camera_msgs/srv/_set_int32.py
[4.491s] -- Up-to-date: /home/meteor/ROS2/MickRobot/Graduation_project_ws/install/orbbec_camera_msgs/local/lib/python3.10/dist-packages/orbbec_camera_msgs/srv/__init__.py
[4.491s] -- Up-to-date: /home/meteor/ROS2/MickRobot/Graduation_project_ws/install/orbbec_camera_msgs/local/lib/python3.10/dist-packages/orbbec_camera_msgs/srv/_get_camera_info_s.c
[4.491s] -- Up-to-date: /home/meteor/ROS2/MickRobot/Graduation_project_ws/install/orbbec_camera_msgs/local/lib/python3.10/dist-packages/orbbec_camera_msgs/srv/_set_string.py
[4.491s] -- Up-to-date: /home/meteor/ROS2/MickRobot/Graduation_project_ws/install/orbbec_camera_msgs/local/lib/python3.10/dist-packages/orbbec_camera_msgs/srv/_get_camera_info.py
[4.491s] -- Up-to-date: /home/meteor/ROS2/MickRobot/Graduation_project_ws/install/orbbec_camera_msgs/local/lib/python3.10/dist-packages/orbbec_camera_msgs/srv/_get_bool_s.c
[4.491s] -- Up-to-date: /home/meteor/ROS2/MickRobot/Graduation_project_ws/install/orbbec_camera_msgs/local/lib/python3.10/dist-packages/orbbec_camera_msgs/srv/_get_int32_s.c
[4.492s] -- Up-to-date: /home/meteor/ROS2/MickRobot/Graduation_project_ws/install/orbbec_camera_msgs/local/lib/python3.10/dist-packages/orbbec_camera_msgs/srv/_set_string_s.c
[4.492s] -- Up-to-date: /home/meteor/ROS2/MickRobot/Graduation_project_ws/install/orbbec_camera_msgs/local/lib/python3.10/dist-packages/orbbec_camera_msgs/__init__.py
[4.492s] -- Up-to-date: /home/meteor/ROS2/MickRobot/Graduation_project_ws/install/orbbec_camera_msgs/local/lib/python3.10/dist-packages/orbbec_camera_msgs/orbbec_camera_msgs_s__rosidl_typesupport_introspection_c.cpython-310-x86_64-linux-gnu.so
[4.492s] -- Up-to-date: /home/meteor/ROS2/MickRobot/Graduation_project_ws/install/orbbec_camera_msgs/local/lib/python3.10/dist-packages/orbbec_camera_msgs/_orbbec_camera_msgs_s.ep.rosidl_typesupport_introspection_c.c
[4.492s] -- Up-to-date: /home/meteor/ROS2/MickRobot/Graduation_project_ws/install/orbbec_camera_msgs/local/lib/python3.10/dist-packages/orbbec_camera_msgs/orbbec_camera_msgs_s__rosidl_typesupport_fastrtps_c.cpython-310-x86_64-linux-gnu.so
[4.675s] Listing '/home/meteor/ROS2/MickRobot/Graduation_project_ws/install/orbbec_camera_msgs/local/lib/python3.10/dist-packages/orbbec_camera_msgs'...
[4.675s] Listing '/home/meteor/ROS2/MickRobot/Graduation_project_ws/install/orbbec_camera_msgs/local/lib/python3.10/dist-packages/orbbec_camera_msgs/msg'...
[4.675s] Listing '/home/meteor/ROS2/MickRobot/Graduation_project_ws/install/orbbec_camera_msgs/local/lib/python3.10/dist-packages/orbbec_camera_msgs/srv'...
[4.707s] -- Up-to-date: /home/meteor/ROS2/MickRobot/Graduation_project_ws/install/orbbec_camera_msgs/local/lib/python3.10/dist-packages/orbbec_camera_msgs/orbbec_camera_msgs_s__rosidl_typesupport_fastrtps_c.cpython-310-x86_64-linux-gnu.so
[4.708s] -- Up-to-date: /home/meteor/ROS2/MickRobot/Graduation_project_ws/install/orbbec_camera_msgs/local/lib/python3.10/dist-packages/orbbec_camera_msgs/orbbec_camera_msgs_s__rosidl_typesupport_introspection_c.cpython-310-x86_64-linux-gnu.so
[4.710s] -- Up-to-date: /home/meteor/ROS2/MickRobot/Graduation_project_ws/install/orbbec_camera_msgs/local/lib/python3.10/dist-packages/orbbec_camera_msgs/orbbec_camera_msgs_s__rosidl_typesupport_c.cpython-310-x86_64-linux-gnu.so
[4.720s] -- Up-to-date: /home/meteor/ROS2/MickRobot/Graduation_project_ws/install/orbbec_camera_msgs/lib/liborbbec_camera_msgs__rosidl_generator_py.so
[4.721s] -- Up-to-date: /home/meteor/ROS2/MickRobot/Graduation_project_ws/install/orbbec_camera_msgs/share/orbbec_camera_msgs/msg/DeviceInfo.idl
[4.721s] -- Up-to-date: /home/meteor/ROS2/MickRobot/Graduation_project_ws/install/orbbec_camera_msgs/share/orbbec_camera_msgs/msg/DeviceStatus.idl
[4.721s] -- Up-to-date: /home/meteor/ROS2/MickRobot/Graduation_project_ws/install/orbbec_camera_msgs/share/orbbec_camera_msgs/msg/Extrinsics.idl
[4.721s] -- Up-to-date: /home/meteor/ROS2/MickRobot/Graduation_project_ws/install/orbbec_camera_msgs/share/orbbec_camera_msgs/msg/Metadata.idl
[4.721s] -- Up-to-date: /home/meteor/ROS2/MickRobot/Graduation_project_ws/install/orbbec_camera_msgs/share/orbbec_camera_msgs/msg/IMUInfo.idl
[4.721s] -- Up-to-date: /home/meteor/ROS2/MickRobot/Graduation_project_ws/install/orbbec_camera_msgs/share/orbbec_camera_msgs/msg/RGBD.idl
[4.721s] -- Up-to-date: /home/meteor/ROS2/MickRobot/Graduation_project_ws/install/orbbec_camera_msgs/share/orbbec_camera_msgs/srv/GetBool.idl
[4.721s] -- Up-to-date: /home/meteor/ROS2/MickRobot/Graduation_project_ws/install/orbbec_camera_msgs/share/orbbec_camera_msgs/srv/GetDeviceInfo.idl
[4.721s] -- Up-to-date: /home/meteor/ROS2/MickRobot/Graduation_project_ws/install/orbbec_camera_msgs/share/orbbec_camera_msgs/srv/GetCameraInfo.idl
[4.721s] -- Up-to-date: /home/meteor/ROS2/MickRobot/Graduation_project_ws/install/orbbec_camera_msgs/share/orbbec_camera_msgs/srv/GetInt32.idl
[4.721s] -- Up-to-date: /home/meteor/ROS2/MickRobot/Graduation_project_ws/install/orbbec_camera_msgs/share/orbbec_camera_msgs/srv/GetString.idl
[4.722s] -- Up-to-date: /home/meteor/ROS2/MickRobot/Graduation_project_ws/install/orbbec_camera_msgs/share/orbbec_camera_msgs/srv/SetFilter.idl
[4.722s] -- Up-to-date: /home/meteor/ROS2/MickRobot/Graduation_project_ws/install/orbbec_camera_msgs/share/orbbec_camera_msgs/srv/SetInt32.idl
[4.722s] -- Up-to-date: /home/meteor/ROS2/MickRobot/Graduation_project_ws/install/orbbec_camera_msgs/share/orbbec_camera_msgs/srv/SetString.idl
[4.722s] -- Up-to-date: /home/meteor/ROS2/MickRobot/Graduation_project_ws/install/orbbec_camera_msgs/share/orbbec_camera_msgs/srv/SetArrays.idl
[4.722s] -- Up-to-date: /home/meteor/ROS2/MickRobot/Graduation_project_ws/install/orbbec_camera_msgs/share/orbbec_camera_msgs/srv/GetUserCalibParams.idl
[4.722s] -- Up-to-date: /home/meteor/ROS2/MickRobot/Graduation_project_ws/install/orbbec_camera_msgs/share/orbbec_camera_msgs/srv/SetUserCalibParams.idl
[4.722s] -- Up-to-date: /home/meteor/ROS2/MickRobot/Graduation_project_ws/install/orbbec_camera_msgs/share/orbbec_camera_msgs/msg/DeviceInfo.msg
[4.722s] -- Up-to-date: /home/meteor/ROS2/MickRobot/Graduation_project_ws/install/orbbec_camera_msgs/share/orbbec_camera_msgs/msg/DeviceStatus.msg
[4.722s] -- Up-to-date: /home/meteor/ROS2/MickRobot/Graduation_project_ws/install/orbbec_camera_msgs/share/orbbec_camera_msgs/msg/Extrinsics.msg
[4.722s] -- Up-to-date: /home/meteor/ROS2/MickRobot/Graduation_project_ws/install/orbbec_camera_msgs/share/orbbec_camera_msgs/msg/Metadata.msg
[4.722s] -- Up-to-date: /home/meteor/ROS2/MickRobot/Graduation_project_ws/install/orbbec_camera_msgs/share/orbbec_camera_msgs/msg/IMUInfo.msg
[4.722s] -- Up-to-date: /home/meteor/ROS2/MickRobot/Graduation_project_ws/install/orbbec_camera_msgs/share/orbbec_camera_msgs/msg/RGBD.msg
[4.722s] -- Up-to-date: /home/meteor/ROS2/MickRobot/Graduation_project_ws/install/orbbec_camera_msgs/share/orbbec_camera_msgs/srv/GetBool.srv
[4.722s] -- Up-to-date: /home/meteor/ROS2/MickRobot/Graduation_project_ws/install/orbbec_camera_msgs/share/orbbec_camera_msgs/srv/GetBool_Request.msg
[4.722s] -- Up-to-date: /home/meteor/ROS2/MickRobot/Graduation_project_ws/install/orbbec_camera_msgs/share/orbbec_camera_msgs/srv/GetBool_Response.msg
[4.722s] -- Up-to-date: /home/meteor/ROS2/MickRobot/Graduation_project_ws/install/orbbec_camera_msgs/share/orbbec_camera_msgs/srv/GetDeviceInfo.srv
[4.722s] -- Up-to-date: /home/meteor/ROS2/MickRobot/Graduation_project_ws/install/orbbec_camera_msgs/share/orbbec_camera_msgs/srv/GetDeviceInfo_Request.msg
[4.723s] -- Up-to-date: /home/meteor/ROS2/MickRobot/Graduation_project_ws/install/orbbec_camera_msgs/share/orbbec_camera_msgs/srv/GetDeviceInfo_Response.msg
[4.723s] -- Up-to-date: /home/meteor/ROS2/MickRobot/Graduation_project_ws/install/orbbec_camera_msgs/share/orbbec_camera_msgs/srv/GetCameraInfo.srv
[4.723s] -- Up-to-date: /home/meteor/ROS2/MickRobot/Graduation_project_ws/install/orbbec_camera_msgs/share/orbbec_camera_msgs/srv/GetCameraInfo_Request.msg
[4.723s] -- Up-to-date: /home/meteor/ROS2/MickRobot/Graduation_project_ws/install/orbbec_camera_msgs/share/orbbec_camera_msgs/srv/GetCameraInfo_Response.msg
[4.723s] -- Up-to-date: /home/meteor/ROS2/MickRobot/Graduation_project_ws/install/orbbec_camera_msgs/share/orbbec_camera_msgs/srv/GetInt32.srv
[4.723s] -- Up-to-date: /home/meteor/ROS2/MickRobot/Graduation_project_ws/install/orbbec_camera_msgs/share/orbbec_camera_msgs/srv/GetInt32_Request.msg
[4.723s] -- Up-to-date: /home/meteor/ROS2/MickRobot/Graduation_project_ws/install/orbbec_camera_msgs/share/orbbec_camera_msgs/srv/GetInt32_Response.msg
[4.723s] -- Up-to-date: /home/meteor/ROS2/MickRobot/Graduation_project_ws/install/orbbec_camera_msgs/share/orbbec_camera_msgs/srv/GetString.srv
[4.723s] -- Up-to-date: /home/meteor/ROS2/MickRobot/Graduation_project_ws/install/orbbec_camera_msgs/share/orbbec_camera_msgs/srv/GetString_Request.msg
[4.723s] -- Up-to-date: /home/meteor/ROS2/MickRobot/Graduation_project_ws/install/orbbec_camera_msgs/share/orbbec_camera_msgs/srv/GetString_Response.msg
[4.723s] -- Up-to-date: /home/meteor/ROS2/MickRobot/Graduation_project_ws/install/orbbec_camera_msgs/share/orbbec_camera_msgs/srv/SetFilter.srv
[4.723s] -- Up-to-date: /home/meteor/ROS2/MickRobot/Graduation_project_ws/install/orbbec_camera_msgs/share/orbbec_camera_msgs/srv/SetFilter_Request.msg
[4.723s] -- Up-to-date: /home/meteor/ROS2/MickRobot/Graduation_project_ws/install/orbbec_camera_msgs/share/orbbec_camera_msgs/srv/SetFilter_Response.msg
[4.723s] -- Up-to-date: /home/meteor/ROS2/MickRobot/Graduation_project_ws/install/orbbec_camera_msgs/share/orbbec_camera_msgs/srv/SetInt32.srv
[4.723s] -- Up-to-date: /home/meteor/ROS2/MickRobot/Graduation_project_ws/install/orbbec_camera_msgs/share/orbbec_camera_msgs/srv/SetInt32_Request.msg
[4.723s] -- Up-to-date: /home/meteor/ROS2/MickRobot/Graduation_project_ws/install/orbbec_camera_msgs/share/orbbec_camera_msgs/srv/SetInt32_Response.msg
[4.723s] -- Up-to-date: /home/meteor/ROS2/MickRobot/Graduation_project_ws/install/orbbec_camera_msgs/share/orbbec_camera_msgs/srv/SetString.srv
[4.723s] -- Up-to-date: /home/meteor/ROS2/MickRobot/Graduation_project_ws/install/orbbec_camera_msgs/share/orbbec_camera_msgs/srv/SetString_Request.msg
[4.723s] -- Up-to-date: /home/meteor/ROS2/MickRobot/Graduation_project_ws/install/orbbec_camera_msgs/share/orbbec_camera_msgs/srv/SetString_Response.msg
[4.724s] -- Up-to-date: /home/meteor/ROS2/MickRobot/Graduation_project_ws/install/orbbec_camera_msgs/share/orbbec_camera_msgs/srv/SetArrays.srv
[4.724s] -- Up-to-date: /home/meteor/ROS2/MickRobot/Graduation_project_ws/install/orbbec_camera_msgs/share/orbbec_camera_msgs/srv/SetArrays_Request.msg
[4.725s] -- Up-to-date: /home/meteor/ROS2/MickRobot/Graduation_project_ws/install/orbbec_camera_msgs/share/orbbec_camera_msgs/srv/SetArrays_Response.msg
[4.725s] -- Up-to-date: /home/meteor/ROS2/MickRobot/Graduation_project_ws/install/orbbec_camera_msgs/share/orbbec_camera_msgs/srv/GetUserCalibParams.srv
[4.725s] -- Up-to-date: /home/meteor/ROS2/MickRobot/Graduation_project_ws/install/orbbec_camera_msgs/share/orbbec_camera_msgs/srv/GetUserCalibParams_Request.msg
[4.725s] -- Up-to-date: /home/meteor/ROS2/MickRobot/Graduation_project_ws/install/orbbec_camera_msgs/share/orbbec_camera_msgs/srv/GetUserCalibParams_Response.msg
[4.725s] -- Up-to-date: /home/meteor/ROS2/MickRobot/Graduation_project_ws/install/orbbec_camera_msgs/share/orbbec_camera_msgs/srv/SetUserCalibParams.srv
[4.725s] -- Up-to-date: /home/meteor/ROS2/MickRobot/Graduation_project_ws/install/orbbec_camera_msgs/share/orbbec_camera_msgs/srv/SetUserCalibParams_Request.msg
[4.725s] -- Up-to-date: /home/meteor/ROS2/MickRobot/Graduation_project_ws/install/orbbec_camera_msgs/share/orbbec_camera_msgs/srv/SetUserCalibParams_Response.msg
[4.725s] -- Up-to-date: /home/meteor/ROS2/MickRobot/Graduation_project_ws/install/orbbec_camera_msgs/share/ament_index/resource_index/package_run_dependencies/orbbec_camera_msgs
[4.725s] -- Up-to-date: /home/meteor/ROS2/MickRobot/Graduation_project_ws/install/orbbec_camera_msgs/share/ament_index/resource_index/parent_prefix_path/orbbec_camera_msgs
[4.725s] -- Up-to-date: /home/meteor/ROS2/MickRobot/Graduation_project_ws/install/orbbec_camera_msgs/share/orbbec_camera_msgs/environment/ament_prefix_path.sh
[4.725s] -- Up-to-date: /home/meteor/ROS2/MickRobot/Graduation_project_ws/install/orbbec_camera_msgs/share/orbbec_camera_msgs/environment/ament_prefix_path.dsv
[4.725s] -- Up-to-date: /home/meteor/ROS2/MickRobot/Graduation_project_ws/install/orbbec_camera_msgs/share/orbbec_camera_msgs/environment/path.sh
[4.725s] -- Up-to-date: /home/meteor/ROS2/MickRobot/Graduation_project_ws/install/orbbec_camera_msgs/share/orbbec_camera_msgs/environment/path.dsv
[4.725s] -- Up-to-date: /home/meteor/ROS2/MickRobot/Graduation_project_ws/install/orbbec_camera_msgs/share/orbbec_camera_msgs/local_setup.bash
[4.725s] -- Up-to-date: /home/meteor/ROS2/MickRobot/Graduation_project_ws/install/orbbec_camera_msgs/share/orbbec_camera_msgs/local_setup.sh
[4.726s] -- Up-to-date: /home/meteor/ROS2/MickRobot/Graduation_project_ws/install/orbbec_camera_msgs/share/orbbec_camera_msgs/local_setup.zsh
[4.726s] -- Up-to-date: /home/meteor/ROS2/MickRobot/Graduation_project_ws/install/orbbec_camera_msgs/share/orbbec_camera_msgs/local_setup.dsv
[4.726s] -- Installing: /home/meteor/ROS2/MickRobot/Graduation_project_ws/install/orbbec_camera_msgs/share/orbbec_camera_msgs/package.dsv
[4.749s] -- Up-to-date: /home/meteor/ROS2/MickRobot/Graduation_project_ws/install/orbbec_camera_msgs/share/ament_index/resource_index/packages/orbbec_camera_msgs
[4.770s] -- Up-to-date: /home/meteor/ROS2/MickRobot/Graduation_project_ws/install/orbbec_camera_msgs/share/orbbec_camera_msgs/cmake/export_orbbec_camera_msgs__rosidl_generator_cExport.cmake
[4.770s] -- Up-to-date: /home/meteor/ROS2/MickRobot/Graduation_project_ws/install/orbbec_camera_msgs/share/orbbec_camera_msgs/cmake/export_orbbec_camera_msgs__rosidl_generator_cExport-noconfig.cmake
[4.771s] -- Up-to-date: /home/meteor/ROS2/MickRobot/Graduation_project_ws/install/orbbec_camera_msgs/share/orbbec_camera_msgs/cmake/export_orbbec_camera_msgs__rosidl_typesupport_fastrtps_cExport.cmake
[4.771s] -- Up-to-date: /home/meteor/ROS2/MickRobot/Graduation_project_ws/install/orbbec_camera_msgs/share/orbbec_camera_msgs/cmake/export_orbbec_camera_msgs__rosidl_typesupport_fastrtps_cExport-noconfig.cmake
[4.810s] -- Up-to-date: /home/meteor/ROS2/MickRobot/Graduation_project_ws/install/orbbec_camera_msgs/share/orbbec_camera_msgs/cmake/orbbec_camera_msgs__rosidl_typesupport_introspection_cExport.cmake
[4.810s] -- Up-to-date: /home/meteor/ROS2/MickRobot/Graduation_project_ws/install/orbbec_camera_msgs/share/orbbec_camera_msgs/cmake/orbbec_camera_msgs__rosidl_typesupport_introspection_cExport-noconfig.cmake
[4.822s] -- Up-to-date: /home/meteor/ROS2/MickRobot/Graduation_project_ws/install/orbbec_camera_msgs/share/orbbec_camera_msgs/cmake/orbbec_camera_msgs__rosidl_typesupport_cExport.cmake
[4.822s] -- Up-to-date: /home/meteor/ROS2/MickRobot/Graduation_project_ws/install/orbbec_camera_msgs/share/orbbec_camera_msgs/cmake/orbbec_camera_msgs__rosidl_typesupport_cExport-noconfig.cmake
[4.822s] -- Up-to-date: /home/meteor/ROS2/MickRobot/Graduation_project_ws/install/orbbec_camera_msgs/share/orbbec_camera_msgs/cmake/export_orbbec_camera_msgs__rosidl_generator_cppExport.cmake
[4.823s] -- Up-to-date: /home/meteor/ROS2/MickRobot/Graduation_project_ws/install/orbbec_camera_msgs/share/orbbec_camera_msgs/cmake/export_orbbec_camera_msgs__rosidl_typesupport_fastrtps_cppExport.cmake
[4.823s] -- Up-to-date: /home/meteor/ROS2/MickRobot/Graduation_project_ws/install/orbbec_camera_msgs/share/orbbec_camera_msgs/cmake/export_orbbec_camera_msgs__rosidl_typesupport_fastrtps_cppExport-noconfig.cmake
[4.823s] -- Up-to-date: /home/meteor/ROS2/MickRobot/Graduation_project_ws/install/orbbec_camera_msgs/share/orbbec_camera_msgs/cmake/orbbec_camera_msgs__rosidl_typesupport_introspection_cppExport.cmake
[4.824s] -- Up-to-date: /home/meteor/ROS2/MickRobot/Graduation_project_ws/install/orbbec_camera_msgs/share/orbbec_camera_msgs/cmake/orbbec_camera_msgs__rosidl_typesupport_introspection_cppExport-noconfig.cmake
[4.825s] -- Up-to-date: /home/meteor/ROS2/MickRobot/Graduation_project_ws/install/orbbec_camera_msgs/share/orbbec_camera_msgs/cmake/orbbec_camera_msgs__rosidl_typesupport_cppExport.cmake
[4.825s] -- Up-to-date: /home/meteor/ROS2/MickRobot/Graduation_project_ws/install/orbbec_camera_msgs/share/orbbec_camera_msgs/cmake/orbbec_camera_msgs__rosidl_typesupport_cppExport-noconfig.cmake
[4.825s] -- Up-to-date: /home/meteor/ROS2/MickRobot/Graduation_project_ws/install/orbbec_camera_msgs/share/orbbec_camera_msgs/cmake/export_orbbec_camera_msgs__rosidl_generator_pyExport.cmake
[4.825s] -- Up-to-date: /home/meteor/ROS2/MickRobot/Graduation_project_ws/install/orbbec_camera_msgs/share/orbbec_camera_msgs/cmake/export_orbbec_camera_msgs__rosidl_generator_pyExport-noconfig.cmake
[4.825s] -- Up-to-date: /home/meteor/ROS2/MickRobot/Graduation_project_ws/install/orbbec_camera_msgs/share/orbbec_camera_msgs/cmake/rosidl_cmake-extras.cmake
[4.825s] -- Up-to-date: /home/meteor/ROS2/MickRobot/Graduation_project_ws/install/orbbec_camera_msgs/share/orbbec_camera_msgs/cmake/ament_cmake_export_dependencies-extras.cmake
[4.826s] -- Up-to-date: /home/meteor/ROS2/MickRobot/Graduation_project_ws/install/orbbec_camera_msgs/share/orbbec_camera_msgs/cmake/ament_cmake_export_include_directories-extras.cmake
[4.826s] -- Up-to-date: /home/meteor/ROS2/MickRobot/Graduation_project_ws/install/orbbec_camera_msgs/share/orbbec_camera_msgs/cmake/ament_cmake_export_libraries-extras.cmake
[4.826s] -- Up-to-date: /home/meteor/ROS2/MickRobot/Graduation_project_ws/install/orbbec_camera_msgs/share/orbbec_camera_msgs/cmake/ament_cmake_export_targets-extras.cmake
[4.826s] -- Up-to-date: /home/meteor/ROS2/MickRobot/Graduation_project_ws/install/orbbec_camera_msgs/share/orbbec_camera_msgs/cmake/rosidl_cmake_export_typesupport_targets-extras.cmake
[4.826s] -- Up-to-date: /home/meteor/ROS2/MickRobot/Graduation_project_ws/install/orbbec_camera_msgs/share/orbbec_camera_msgs/cmake/rosidl_cmake_export_typesupport_libraries-extras.cmake
[4.826s] -- Up-to-date: /home/meteor/ROS2/MickRobot/Graduation_project_ws/install/orbbec_camera_msgs/share/orbbec_camera_msgs/cmake/orbbec_camera_msgsConfig.cmake
[4.826s] -- Up-to-date: /home/meteor/ROS2/MickRobot/Graduation_project_ws/install/orbbec_camera_msgs/share/orbbec_camera_msgs/cmake/orbbec_camera_msgsConfig-version.cmake
[4.826s] -- Up-to-date: /home/meteor/ROS2/MickRobot/Graduation_project_ws/install/orbbec_camera_msgs/share/orbbec_camera_msgs/package.xml
[4.906s] Invoked command in '/home/meteor/ROS2/MickRobot/Graduation_project_ws/build/orbbec_camera_msgs' returned '0': CMAKE_PREFIX_PATH=/home/meteor/ROS2/MickRobot/Graduation_project_ws/install/ranger_base:/home/meteor/ROS2/MickRobot/Graduation_project_ws/install/ranger_controller:/home/meteor/ROS2/MickRobot/Graduation_project_ws/install/pointcloud_refinement:/home/meteor/ROS2/MickRobot/Graduation_project_ws/install/aruco_detector:/opt/ros/humble:/home/meteor/ROS2/MickRobot/Graduation_project_ws/install/ugv_sdk:/home/meteor/ROS2/MickRobot/Graduation_project_ws/install/ranger_msgs:/home/meteor/ROS2/MickRobot/Graduation_project_ws/install/ranger_bringup:/home/meteor/ROS2/MickRobot/Graduation_project_ws/install/orbbec_description:/home/meteor/ROS2/MickRobot/Graduation_project_ws/install/orbbec_camera:/home/meteor/ROS2/MickRobot/Graduation_project_ws/install/orbbec_camera_msgs /usr/bin/cmake --install /home/meteor/ROS2/MickRobot/Graduation_project_ws/build/orbbec_camera_msgs
