[1.073s] Invoking command in '/home/meteor/ROS2/MickRobot/Graduation_project_ws/src/aruco_detector': PYTHONPATH=/home/meteor/ROS2/MickRobot/Graduation_project_ws/build/aruco_detector/prefix_override:/usr/lib/python3/dist-packages/colcon_core/task/python/colcon_distutils_commands:/home/meteor/ROS2/MickRobot/Graduation_project_ws/install/aruco_detector/lib/python3.10/site-packages:${PYTHONPATH} /usr/bin/python3 -W ignore:setup.py install is deprecated -W ignore:easy_install command is deprecated setup.py egg_info --egg-base ../../build/aruco_detector build --build-base /home/meteor/ROS2/MickRobot/Graduation_project_ws/build/aruco_detector/build install --record /home/meteor/ROS2/MickRobot/Graduation_project_ws/build/aruco_detector/install.log --single-version-externally-managed install_data
[1.254s] running egg_info
[1.254s] writing ../../build/aruco_detector/aruco_detector.egg-info/PKG-INFO
[1.255s] writing dependency_links to ../../build/aruco_detector/aruco_detector.egg-info/dependency_links.txt
[1.255s] writing entry points to ../../build/aruco_detector/aruco_detector.egg-info/entry_points.txt
[1.255s] writing requirements to ../../build/aruco_detector/aruco_detector.egg-info/requires.txt
[1.255s] writing top-level names to ../../build/aruco_detector/aruco_detector.egg-info/top_level.txt
[1.256s] reading manifest file '../../build/aruco_detector/aruco_detector.egg-info/SOURCES.txt'
[1.257s] writing manifest file '../../build/aruco_detector/aruco_detector.egg-info/SOURCES.txt'
[1.257s] running build
[1.257s] running build_py
[1.258s] running install
[1.258s] running install_lib
[1.259s] running install_data
[1.259s] copying launch/full_system.launch.py -> /home/meteor/ROS2/MickRobot/Graduation_project_ws/install/aruco_detector/share/aruco_detector/launch
[1.259s] running install_egg_info
[1.261s] removing '/home/meteor/ROS2/MickRobot/Graduation_project_ws/install/aruco_detector/lib/python3.10/site-packages/aruco_detector-0.0.0-py3.10.egg-info' (and everything under it)
[1.261s] Copying ../../build/aruco_detector/aruco_detector.egg-info to /home/meteor/ROS2/MickRobot/Graduation_project_ws/install/aruco_detector/lib/python3.10/site-packages/aruco_detector-0.0.0-py3.10.egg-info
[1.261s] running install_scripts
[1.276s] Installing aruco_detector_node script to /home/meteor/ROS2/MickRobot/Graduation_project_ws/install/aruco_detector/lib/aruco_detector
[1.277s] Installing generate_aruco_markers script to /home/meteor/ROS2/MickRobot/Graduation_project_ws/install/aruco_detector/lib/aruco_detector
[1.277s] Installing multi_modal_guidance_node script to /home/meteor/ROS2/MickRobot/Graduation_project_ws/install/aruco_detector/lib/aruco_detector
[1.277s] Installing system_monitor_node script to /home/meteor/ROS2/MickRobot/Graduation_project_ws/install/aruco_detector/lib/aruco_detector
[1.277s] writing list of installed files to '/home/meteor/ROS2/MickRobot/Graduation_project_ws/build/aruco_detector/install.log'
[1.296s] Invoked command in '/home/meteor/ROS2/MickRobot/Graduation_project_ws/src/aruco_detector' returned '0': PYTHONPATH=/home/meteor/ROS2/MickRobot/Graduation_project_ws/build/aruco_detector/prefix_override:/usr/lib/python3/dist-packages/colcon_core/task/python/colcon_distutils_commands:/home/meteor/ROS2/MickRobot/Graduation_project_ws/install/aruco_detector/lib/python3.10/site-packages:${PYTHONPATH} /usr/bin/python3 -W ignore:setup.py install is deprecated -W ignore:easy_install command is deprecated setup.py egg_info --egg-base ../../build/aruco_detector build --build-base /home/meteor/ROS2/MickRobot/Graduation_project_ws/build/aruco_detector/build install --record /home/meteor/ROS2/MickRobot/Graduation_project_ws/build/aruco_detector/install.log --single-version-externally-managed install_data
