[1.702s] Invoking command in '/home/meteor/ROS2/MickRobot/Graduation_project_ws/src/ranger_controller': PYTHONPATH=/home/meteor/ROS2/MickRobot/Graduation_project_ws/build/ranger_controller/prefix_override:/usr/lib/python3/dist-packages/colcon_core/task/python/colcon_distutils_commands:/home/meteor/ROS2/MickRobot/Graduation_project_ws/install/ranger_controller/lib/python3.10/site-packages:${PYTHONPATH} /usr/bin/python3 -W ignore:setup.py install is deprecated -W ignore:easy_install command is deprecated setup.py egg_info --egg-base ../../build/ranger_controller build --build-base /home/meteor/ROS2/MickRobot/Graduation_project_ws/build/ranger_controller/build install --record /home/meteor/ROS2/MickRobot/Graduation_project_ws/build/ranger_controller/install.log --single-version-externally-managed install_data
[1.919s] running egg_info
[1.919s] writing ../../build/ranger_controller/ranger_controller.egg-info/PKG-INFO
[1.919s] writing dependency_links to ../../build/ranger_controller/ranger_controller.egg-info/dependency_links.txt
[1.920s] writing entry points to ../../build/ranger_controller/ranger_controller.egg-info/entry_points.txt
[1.920s] writing requirements to ../../build/ranger_controller/ranger_controller.egg-info/requires.txt
[1.920s] writing top-level names to ../../build/ranger_controller/ranger_controller.egg-info/top_level.txt
[1.921s] reading manifest file '../../build/ranger_controller/ranger_controller.egg-info/SOURCES.txt'
[1.922s] writing manifest file '../../build/ranger_controller/ranger_controller.egg-info/SOURCES.txt'
[1.922s] running build
[1.922s] running build_py
[1.923s] copying ranger_controller/check_battery_node.py -> /home/meteor/ROS2/MickRobot/Graduation_project_ws/build/ranger_controller/build/lib/ranger_controller
[1.923s] running install
[1.923s] running install_lib
[1.924s] copying /home/meteor/ROS2/MickRobot/Graduation_project_ws/build/ranger_controller/build/lib/ranger_controller/check_battery_node.py -> /home/meteor/ROS2/MickRobot/Graduation_project_ws/install/ranger_controller/lib/python3.10/site-packages/ranger_controller
[1.924s] byte-compiling /home/meteor/ROS2/MickRobot/Graduation_project_ws/install/ranger_controller/lib/python3.10/site-packages/ranger_controller/check_battery_node.py to check_battery_node.cpython-310.pyc
[1.926s] running install_data
[1.926s] copying launch/check_battery_node.launch.py -> /home/meteor/ROS2/MickRobot/Graduation_project_ws/install/ranger_controller/share/ranger_controller/launch
[1.926s] running install_egg_info
[1.927s] removing '/home/meteor/ROS2/MickRobot/Graduation_project_ws/install/ranger_controller/lib/python3.10/site-packages/ranger_controller-0.0.0-py3.10.egg-info' (and everything under it)
[1.927s] Copying ../../build/ranger_controller/ranger_controller.egg-info to /home/meteor/ROS2/MickRobot/Graduation_project_ws/install/ranger_controller/lib/python3.10/site-packages/ranger_controller-0.0.0-py3.10.egg-info
[1.928s] running install_scripts
[1.943s] Installing aruco_follower_node script to /home/meteor/ROS2/MickRobot/Graduation_project_ws/install/ranger_controller/lib/ranger_controller
[1.943s] Installing check_battery_node script to /home/meteor/ROS2/MickRobot/Graduation_project_ws/install/ranger_controller/lib/ranger_controller
[1.943s] Installing hybrid_controller_node script to /home/meteor/ROS2/MickRobot/Graduation_project_ws/install/ranger_controller/lib/ranger_controller
[1.944s] Installing pointcloud_follower_node script to /home/meteor/ROS2/MickRobot/Graduation_project_ws/install/ranger_controller/lib/ranger_controller
[1.944s] writing list of installed files to '/home/meteor/ROS2/MickRobot/Graduation_project_ws/build/ranger_controller/install.log'
[1.967s] Invoked command in '/home/meteor/ROS2/MickRobot/Graduation_project_ws/src/ranger_controller' returned '0': PYTHONPATH=/home/meteor/ROS2/MickRobot/Graduation_project_ws/build/ranger_controller/prefix_override:/usr/lib/python3/dist-packages/colcon_core/task/python/colcon_distutils_commands:/home/meteor/ROS2/MickRobot/Graduation_project_ws/install/ranger_controller/lib/python3.10/site-packages:${PYTHONPATH} /usr/bin/python3 -W ignore:setup.py install is deprecated -W ignore:easy_install command is deprecated setup.py egg_info --egg-base ../../build/ranger_controller build --build-base /home/meteor/ROS2/MickRobot/Graduation_project_ws/build/ranger_controller/build install --record /home/meteor/ROS2/MickRobot/Graduation_project_ws/build/ranger_controller/install.log --single-version-externally-managed install_data
