[0.920s] Invoking command in '/home/meteor/ROS2/MickRobot/Graduation_project_ws/build/ranger_bringup': CMAKE_PREFIX_PATH=${CMAKE_PREFIX_PATH}:/home/meteor/ROS2/MickRobot/mick_robot_ws/install/path_tracking:/home/meteor/ROS2/MickRobot/mick_robot_ws/install/keyboard:/opt/ros/humble /usr/bin/cmake --build /home/meteor/ROS2/MickRobot/Graduation_project_ws/build/ranger_bringup -- -j16 -l16
[1.133s] Invoked command in '/home/meteor/ROS2/MickRobot/Graduation_project_ws/build/ranger_bringup' returned '0': CMAKE_PREFIX_PATH=${CMAKE_PREFIX_PATH}:/home/meteor/ROS2/MickRobot/mick_robot_ws/install/path_tracking:/home/meteor/ROS2/MickRobot/mick_robot_ws/install/keyboard:/opt/ros/humble /usr/bin/cmake --build /home/meteor/ROS2/MickRobot/Graduation_project_ws/build/ranger_bringup -- -j16 -l16
[1.158s] Invoking command in '/home/meteor/ROS2/MickRobot/Graduation_project_ws/build/ranger_bringup': CMAKE_PREFIX_PATH=${CMAKE_PREFIX_PATH}:/home/meteor/ROS2/MickRobot/mick_robot_ws/install/path_tracking:/home/meteor/ROS2/MickRobot/mick_robot_ws/install/keyboard:/opt/ros/humble /usr/bin/cmake --install /home/meteor/ROS2/MickRobot/Graduation_project_ws/build/ranger_bringup
[1.164s] -- Install configuration: ""
[1.165s] -- Up-to-date: /home/meteor/ROS2/MickRobot/Graduation_project_ws/install/ranger_bringup/share/ranger_bringup//launch
[1.165s] -- Up-to-date: /home/meteor/ROS2/MickRobot/Graduation_project_ws/install/ranger_bringup/share/ranger_bringup//launch/ranger_mini_v2.launch.py
[1.165s] -- Up-to-date: /home/meteor/ROS2/MickRobot/Graduation_project_ws/install/ranger_bringup/share/ranger_bringup//launch/ranger_mini_v1.launch.py
[1.165s] -- Up-to-date: /home/meteor/ROS2/MickRobot/Graduation_project_ws/install/ranger_bringup/share/ranger_bringup//launch/ranger_mini_v3.launch.py
[1.165s] -- Up-to-date: /home/meteor/ROS2/MickRobot/Graduation_project_ws/install/ranger_bringup/share/ranger_bringup//launch/ranger.launch.py
[1.165s] -- Up-to-date: /home/meteor/ROS2/MickRobot/Graduation_project_ws/install/ranger_bringup/share/ament_index/resource_index/package_run_dependencies/ranger_bringup
[1.165s] -- Up-to-date: /home/meteor/ROS2/MickRobot/Graduation_project_ws/install/ranger_bringup/share/ament_index/resource_index/parent_prefix_path/ranger_bringup
[1.165s] -- Up-to-date: /home/meteor/ROS2/MickRobot/Graduation_project_ws/install/ranger_bringup/share/ranger_bringup/environment/ament_prefix_path.sh
[1.165s] -- Up-to-date: /home/meteor/ROS2/MickRobot/Graduation_project_ws/install/ranger_bringup/share/ranger_bringup/environment/ament_prefix_path.dsv
[1.165s] -- Up-to-date: /home/meteor/ROS2/MickRobot/Graduation_project_ws/install/ranger_bringup/share/ranger_bringup/environment/path.sh
[1.165s] -- Up-to-date: /home/meteor/ROS2/MickRobot/Graduation_project_ws/install/ranger_bringup/share/ranger_bringup/environment/path.dsv
[1.165s] -- Up-to-date: /home/meteor/ROS2/MickRobot/Graduation_project_ws/install/ranger_bringup/share/ranger_bringup/local_setup.bash
[1.165s] -- Up-to-date: /home/meteor/ROS2/MickRobot/Graduation_project_ws/install/ranger_bringup/share/ranger_bringup/local_setup.sh
[1.165s] -- Up-to-date: /home/meteor/ROS2/MickRobot/Graduation_project_ws/install/ranger_bringup/share/ranger_bringup/local_setup.zsh
[1.165s] -- Up-to-date: /home/meteor/ROS2/MickRobot/Graduation_project_ws/install/ranger_bringup/share/ranger_bringup/local_setup.dsv
[1.165s] -- Up-to-date: /home/meteor/ROS2/MickRobot/Graduation_project_ws/install/ranger_bringup/share/ranger_bringup/package.dsv
[1.165s] -- Up-to-date: /home/meteor/ROS2/MickRobot/Graduation_project_ws/install/ranger_bringup/share/ament_index/resource_index/packages/ranger_bringup
[1.165s] -- Up-to-date: /home/meteor/ROS2/MickRobot/Graduation_project_ws/install/ranger_bringup/share/ranger_bringup/cmake/ranger_bringupConfig.cmake
[1.165s] -- Up-to-date: /home/meteor/ROS2/MickRobot/Graduation_project_ws/install/ranger_bringup/share/ranger_bringup/cmake/ranger_bringupConfig-version.cmake
[1.165s] -- Up-to-date: /home/meteor/ROS2/MickRobot/Graduation_project_ws/install/ranger_bringup/share/ranger_bringup/package.xml
[1.231s] Invoked command in '/home/meteor/ROS2/MickRobot/Graduation_project_ws/build/ranger_bringup' returned '0': CMAKE_PREFIX_PATH=${CMAKE_PREFIX_PATH}:/home/meteor/ROS2/MickRobot/mick_robot_ws/install/path_tracking:/home/meteor/ROS2/MickRobot/mick_robot_ws/install/keyboard:/opt/ros/humble /usr/bin/cmake --install /home/meteor/ROS2/MickRobot/Graduation_project_ws/build/ranger_bringup
