[0.017s] Invoking command in '/home/meteor/ROS2/MickRobot/Graduation_project_ws/build/ranger_base': AMENT_PREFIX_PATH=/home/meteor/ROS2/MickRobot/Graduation_project_ws/install/ranger_msgs:${AMENT_PREFIX_PATH} CMAKE_PREFIX_PATH=/opt/ros/humble:/home/meteor/ROS2/MickRobot/Graduation_project_ws/install/ugv_sdk:/home/meteor/ROS2/MickRobot/Graduation_project_ws/install/ranger_msgs LD_LIBRARY_PATH=/home/meteor/ROS2/MickRobot/Graduation_project_ws/install/ranger_msgs/lib:${LD_LIBRARY_PATH} PKG_CONFIG_PATH=/home/meteor/ROS2/MickRobot/Graduation_project_ws/install/ugv_sdk/lib/x86_64-linux-gnu/pkgconfig:/home/meteor/ROS2/MickRobot/Graduation_project_ws/install/ugv_sdk/lib/pkgconfig PYTHONPATH=/home/meteor/ROS2/MickRobot/Graduation_project_ws/install/ranger_msgs/local/lib/python3.10/dist-packages:${PYTHONPATH} ROS_PACKAGE_PATH=/home/meteor/ROS2/MickRobot/Graduation_project_ws/install/ugv_sdk/share /usr/bin/cmake --build /home/meteor/ROS2/MickRobot/Graduation_project_ws/build/ranger_base -- -j16 -l16
[2.121s] [100%] Built target ranger_base_node
[2.136s] Invoked command in '/home/meteor/ROS2/MickRobot/Graduation_project_ws/build/ranger_base' returned '0': AMENT_PREFIX_PATH=/home/meteor/ROS2/MickRobot/Graduation_project_ws/install/ranger_msgs:${AMENT_PREFIX_PATH} CMAKE_PREFIX_PATH=/opt/ros/humble:/home/meteor/ROS2/MickRobot/Graduation_project_ws/install/ugv_sdk:/home/meteor/ROS2/MickRobot/Graduation_project_ws/install/ranger_msgs LD_LIBRARY_PATH=/home/meteor/ROS2/MickRobot/Graduation_project_ws/install/ranger_msgs/lib:${LD_LIBRARY_PATH} PKG_CONFIG_PATH=/home/meteor/ROS2/MickRobot/Graduation_project_ws/install/ugv_sdk/lib/x86_64-linux-gnu/pkgconfig:/home/meteor/ROS2/MickRobot/Graduation_project_ws/install/ugv_sdk/lib/pkgconfig PYTHONPATH=/home/meteor/ROS2/MickRobot/Graduation_project_ws/install/ranger_msgs/local/lib/python3.10/dist-packages:${PYTHONPATH} ROS_PACKAGE_PATH=/home/meteor/ROS2/MickRobot/Graduation_project_ws/install/ugv_sdk/share /usr/bin/cmake --build /home/meteor/ROS2/MickRobot/Graduation_project_ws/build/ranger_base -- -j16 -l16
[2.137s] Invoking command in '/home/meteor/ROS2/MickRobot/Graduation_project_ws/build/ranger_base': AMENT_PREFIX_PATH=/home/meteor/ROS2/MickRobot/Graduation_project_ws/install/ranger_msgs:${AMENT_PREFIX_PATH} CMAKE_PREFIX_PATH=/opt/ros/humble:/home/meteor/ROS2/MickRobot/Graduation_project_ws/install/ugv_sdk:/home/meteor/ROS2/MickRobot/Graduation_project_ws/install/ranger_msgs LD_LIBRARY_PATH=/home/meteor/ROS2/MickRobot/Graduation_project_ws/install/ranger_msgs/lib:${LD_LIBRARY_PATH} PKG_CONFIG_PATH=/home/meteor/ROS2/MickRobot/Graduation_project_ws/install/ugv_sdk/lib/x86_64-linux-gnu/pkgconfig:/home/meteor/ROS2/MickRobot/Graduation_project_ws/install/ugv_sdk/lib/pkgconfig PYTHONPATH=/home/meteor/ROS2/MickRobot/Graduation_project_ws/install/ranger_msgs/local/lib/python3.10/dist-packages:${PYTHONPATH} ROS_PACKAGE_PATH=/home/meteor/ROS2/MickRobot/Graduation_project_ws/install/ugv_sdk/share /usr/bin/cmake --install /home/meteor/ROS2/MickRobot/Graduation_project_ws/build/ranger_base
[2.146s] -- Install configuration: ""
[2.147s] -- Up-to-date: /home/meteor/ROS2/MickRobot/Graduation_project_ws/install/ranger_base/lib/ranger_base/ranger_base_node
[2.147s] -- Up-to-date: /home/meteor/ROS2/MickRobot/Graduation_project_ws/install/ranger_base/share/ranger_base//launch
[2.147s] -- Up-to-date: /home/meteor/ROS2/MickRobot/Graduation_project_ws/install/ranger_base/share/ranger_base//launch/ranger_mini_v2.launch.py
[2.147s] -- Up-to-date: /home/meteor/ROS2/MickRobot/Graduation_project_ws/install/ranger_base/share/ranger_base//launch/include
[2.147s] -- Up-to-date: /home/meteor/ROS2/MickRobot/Graduation_project_ws/install/ranger_base/share/ranger_base//launch/include/ranger_robot_base.launch.xml
[2.147s] -- Up-to-date: /home/meteor/ROS2/MickRobot/Graduation_project_ws/install/ranger_base/share/ranger_base//launch/ranger_mini_v1.launch.py
[2.147s] -- Up-to-date: /home/meteor/ROS2/MickRobot/Graduation_project_ws/install/ranger_base/share/ranger_base//launch/ranger_mini_v3.launch.py
[2.147s] -- Up-to-date: /home/meteor/ROS2/MickRobot/Graduation_project_ws/install/ranger_base/share/ranger_base//launch/ranger.launch.py
[2.148s] -- Up-to-date: /home/meteor/ROS2/MickRobot/Graduation_project_ws/install/ranger_base/share/ament_index/resource_index/package_run_dependencies/ranger_base
[2.148s] -- Up-to-date: /home/meteor/ROS2/MickRobot/Graduation_project_ws/install/ranger_base/share/ament_index/resource_index/parent_prefix_path/ranger_base
[2.148s] -- Up-to-date: /home/meteor/ROS2/MickRobot/Graduation_project_ws/install/ranger_base/share/ranger_base/environment/ament_prefix_path.sh
[2.148s] -- Up-to-date: /home/meteor/ROS2/MickRobot/Graduation_project_ws/install/ranger_base/share/ranger_base/environment/ament_prefix_path.dsv
[2.148s] -- Up-to-date: /home/meteor/ROS2/MickRobot/Graduation_project_ws/install/ranger_base/share/ranger_base/environment/path.sh
[2.148s] -- Up-to-date: /home/meteor/ROS2/MickRobot/Graduation_project_ws/install/ranger_base/share/ranger_base/environment/path.dsv
[2.148s] -- Up-to-date: /home/meteor/ROS2/MickRobot/Graduation_project_ws/install/ranger_base/share/ranger_base/local_setup.bash
[2.148s] -- Up-to-date: /home/meteor/ROS2/MickRobot/Graduation_project_ws/install/ranger_base/share/ranger_base/local_setup.sh
[2.148s] -- Up-to-date: /home/meteor/ROS2/MickRobot/Graduation_project_ws/install/ranger_base/share/ranger_base/local_setup.zsh
[2.148s] -- Up-to-date: /home/meteor/ROS2/MickRobot/Graduation_project_ws/install/ranger_base/share/ranger_base/local_setup.dsv
[2.148s] -- Installing: /home/meteor/ROS2/MickRobot/Graduation_project_ws/install/ranger_base/share/ranger_base/package.dsv
[2.148s] -- Up-to-date: /home/meteor/ROS2/MickRobot/Graduation_project_ws/install/ranger_base/share/ament_index/resource_index/packages/ranger_base
[2.148s] -- Up-to-date: /home/meteor/ROS2/MickRobot/Graduation_project_ws/install/ranger_base/share/ranger_base/cmake/ranger_baseConfig.cmake
[2.148s] -- Up-to-date: /home/meteor/ROS2/MickRobot/Graduation_project_ws/install/ranger_base/share/ranger_base/cmake/ranger_baseConfig-version.cmake
[2.148s] -- Up-to-date: /home/meteor/ROS2/MickRobot/Graduation_project_ws/install/ranger_base/share/ranger_base/package.xml
[2.151s] Invoked command in '/home/meteor/ROS2/MickRobot/Graduation_project_ws/build/ranger_base' returned '0': AMENT_PREFIX_PATH=/home/meteor/ROS2/MickRobot/Graduation_project_ws/install/ranger_msgs:${AMENT_PREFIX_PATH} CMAKE_PREFIX_PATH=/opt/ros/humble:/home/meteor/ROS2/MickRobot/Graduation_project_ws/install/ugv_sdk:/home/meteor/ROS2/MickRobot/Graduation_project_ws/install/ranger_msgs LD_LIBRARY_PATH=/home/meteor/ROS2/MickRobot/Graduation_project_ws/install/ranger_msgs/lib:${LD_LIBRARY_PATH} PKG_CONFIG_PATH=/home/meteor/ROS2/MickRobot/Graduation_project_ws/install/ugv_sdk/lib/x86_64-linux-gnu/pkgconfig:/home/meteor/ROS2/MickRobot/Graduation_project_ws/install/ugv_sdk/lib/pkgconfig PYTHONPATH=/home/meteor/ROS2/MickRobot/Graduation_project_ws/install/ranger_msgs/local/lib/python3.10/dist-packages:${PYTHONPATH} ROS_PACKAGE_PATH=/home/meteor/ROS2/MickRobot/Graduation_project_ws/install/ugv_sdk/share /usr/bin/cmake --install /home/meteor/ROS2/MickRobot/Graduation_project_ws/build/ranger_base
