[11.573s] Invoking command in '/home/meteor/ROS2/MickRobot/Graduation_project_ws/src/pointcloud_refinement': PYTHONPATH=/home/meteor/ROS2/MickRobot/Graduation_project_ws/build/pointcloud_refinement/prefix_override:/usr/lib/python3/dist-packages/colcon_core/task/python/colcon_distutils_commands:/home/meteor/ROS2/MickRobot/Graduation_project_ws/install/pointcloud_refinement/lib/python3.10/site-packages: /usr/bin/python3 -W ignore:setup.py install is deprecated -W ignore:easy_install command is deprecated setup.py egg_info --egg-base ../../build/pointcloud_refinement build --build-base /home/meteor/ROS2/MickRobot/Graduation_project_ws/build/pointcloud_refinement/build install --record /home/meteor/ROS2/MickRobot/Graduation_project_ws/build/pointcloud_refinement/install.log --single-version-externally-managed install_data
[11.740s] running egg_info
[11.740s] writing ../../build/pointcloud_refinement/pointcloud_refinement.egg-info/PKG-INFO
[11.741s] writing dependency_links to ../../build/pointcloud_refinement/pointcloud_refinement.egg-info/dependency_links.txt
[11.741s] writing entry points to ../../build/pointcloud_refinement/pointcloud_refinement.egg-info/entry_points.txt
[11.741s] writing requirements to ../../build/pointcloud_refinement/pointcloud_refinement.egg-info/requires.txt
[11.741s] writing top-level names to ../../build/pointcloud_refinement/pointcloud_refinement.egg-info/top_level.txt
[11.743s] reading manifest file '../../build/pointcloud_refinement/pointcloud_refinement.egg-info/SOURCES.txt'
[11.793s] writing manifest file '../../build/pointcloud_refinement/pointcloud_refinement.egg-info/SOURCES.txt'
[11.793s] running build
[11.793s] running build_py
[11.793s] copying pointcloud_refinement/refinement_node.py -> /home/meteor/ROS2/MickRobot/Graduation_project_ws/build/pointcloud_refinement/build/lib/pointcloud_refinement
[11.794s] running install
[11.794s] running install_lib
[11.795s] copying /home/meteor/ROS2/MickRobot/Graduation_project_ws/build/pointcloud_refinement/build/lib/pointcloud_refinement/refinement_node.py -> /home/meteor/ROS2/MickRobot/Graduation_project_ws/install/pointcloud_refinement/lib/python3.10/site-packages/pointcloud_refinement
[11.796s] byte-compiling /home/meteor/ROS2/MickRobot/Graduation_project_ws/install/pointcloud_refinement/lib/python3.10/site-packages/pointcloud_refinement/refinement_node.py to refinement_node.cpython-310.pyc
[11.799s] running install_data
[11.799s] copying launch/pointcloud_refinement.launch.py -> /home/meteor/ROS2/MickRobot/Graduation_project_ws/install/pointcloud_refinement/share/pointcloud_refinement/launch
[11.799s] running install_egg_info
[11.801s] removing '/home/meteor/ROS2/MickRobot/Graduation_project_ws/install/pointcloud_refinement/lib/python3.10/site-packages/pointcloud_refinement-0.0.0-py3.10.egg-info' (and everything under it)
[11.802s] Copying ../../build/pointcloud_refinement/pointcloud_refinement.egg-info to /home/meteor/ROS2/MickRobot/Graduation_project_ws/install/pointcloud_refinement/lib/python3.10/site-packages/pointcloud_refinement-0.0.0-py3.10.egg-info
[11.828s] running install_scripts
[11.845s] Installing pointcloud_capture_tool script to /home/meteor/ROS2/MickRobot/Graduation_project_ws/install/pointcloud_refinement/lib/pointcloud_refinement
[11.846s] Installing pointcloud_controller_node script to /home/meteor/ROS2/MickRobot/Graduation_project_ws/install/pointcloud_refinement/lib/pointcloud_refinement
[11.846s] Installing pointcloud_refinement_node script to /home/meteor/ROS2/MickRobot/Graduation_project_ws/install/pointcloud_refinement/lib/pointcloud_refinement
[11.846s] writing list of installed files to '/home/meteor/ROS2/MickRobot/Graduation_project_ws/build/pointcloud_refinement/install.log'
[11.877s] Invoked command in '/home/meteor/ROS2/MickRobot/Graduation_project_ws/src/pointcloud_refinement' returned '0': PYTHONPATH=/home/meteor/ROS2/MickRobot/Graduation_project_ws/build/pointcloud_refinement/prefix_override:/usr/lib/python3/dist-packages/colcon_core/task/python/colcon_distutils_commands:/home/meteor/ROS2/MickRobot/Graduation_project_ws/install/pointcloud_refinement/lib/python3.10/site-packages: /usr/bin/python3 -W ignore:setup.py install is deprecated -W ignore:easy_install command is deprecated setup.py egg_info --egg-base ../../build/pointcloud_refinement build --build-base /home/meteor/ROS2/MickRobot/Graduation_project_ws/build/pointcloud_refinement/build install --record /home/meteor/ROS2/MickRobot/Graduation_project_ws/build/pointcloud_refinement/install.log --single-version-externally-managed install_data
