[7.919s] Invoking command in '/home/meteor/ROS2/MickRobot/Graduation_project_ws/src/ranger_controller': PYTHONPATH=/home/meteor/ROS2/MickRobot/Graduation_project_ws/build/ranger_controller/prefix_override:/usr/lib/python3/dist-packages/colcon_core/task/python/colcon_distutils_commands:/home/meteor/ROS2/MickRobot/Graduation_project_ws/install/ranger_controller/lib/python3.10/site-packages:${PYTHONPATH} /usr/bin/python3 -W ignore:setup.py install is deprecated -W ignore:easy_install command is deprecated setup.py egg_info --egg-base ../../build/ranger_controller build --build-base /home/meteor/ROS2/MickRobot/Graduation_project_ws/build/ranger_controller/build install --record /home/meteor/ROS2/MickRobot/Graduation_project_ws/build/ranger_controller/install.log --single-version-externally-managed install_data
[8.099s] running egg_info
[8.099s] writing ../../build/ranger_controller/ranger_controller.egg-info/PKG-INFO
[8.099s] writing dependency_links to ../../build/ranger_controller/ranger_controller.egg-info/dependency_links.txt
[8.104s] writing entry points to ../../build/ranger_controller/ranger_controller.egg-info/entry_points.txt
[8.104s] writing requirements to ../../build/ranger_controller/ranger_controller.egg-info/requires.txt
[8.105s] writing top-level names to ../../build/ranger_controller/ranger_controller.egg-info/top_level.txt
[8.106s] reading manifest file '../../build/ranger_controller/ranger_controller.egg-info/SOURCES.txt'
[8.288s] writing manifest file '../../build/ranger_controller/ranger_controller.egg-info/SOURCES.txt'
[8.288s] running build
[8.288s] running build_py
[8.288s] copying ranger_controller/hybrid_controller_node.py -> /home/meteor/ROS2/MickRobot/Graduation_project_ws/build/ranger_controller/build/lib/ranger_controller
[8.289s] running install
[8.289s] running install_lib
[8.289s] copying /home/meteor/ROS2/MickRobot/Graduation_project_ws/build/ranger_controller/build/lib/ranger_controller/hybrid_controller_node.py -> /home/meteor/ROS2/MickRobot/Graduation_project_ws/install/ranger_controller/lib/python3.10/site-packages/ranger_controller
[8.290s] byte-compiling /home/meteor/ROS2/MickRobot/Graduation_project_ws/install/ranger_controller/lib/python3.10/site-packages/ranger_controller/hybrid_controller_node.py to hybrid_controller_node.cpython-310.pyc
[8.291s] running install_data
[8.291s] running install_egg_info
[8.293s] removing '/home/meteor/ROS2/MickRobot/Graduation_project_ws/install/ranger_controller/lib/python3.10/site-packages/ranger_controller-0.0.0-py3.10.egg-info' (and everything under it)
[8.293s] Copying ../../build/ranger_controller/ranger_controller.egg-info to /home/meteor/ROS2/MickRobot/Graduation_project_ws/install/ranger_controller/lib/python3.10/site-packages/ranger_controller-0.0.0-py3.10.egg-info
[8.349s] running install_scripts
[8.366s] Installing aruco_follower_node script to /home/meteor/ROS2/MickRobot/Graduation_project_ws/install/ranger_controller/lib/ranger_controller
[8.366s] Installing hybrid_controller_node script to /home/meteor/ROS2/MickRobot/Graduation_project_ws/install/ranger_controller/lib/ranger_controller
[8.366s] Installing pointcloud_follower_node script to /home/meteor/ROS2/MickRobot/Graduation_project_ws/install/ranger_controller/lib/ranger_controller
[8.366s] writing list of installed files to '/home/meteor/ROS2/MickRobot/Graduation_project_ws/build/ranger_controller/install.log'
[8.384s] Invoked command in '/home/meteor/ROS2/MickRobot/Graduation_project_ws/src/ranger_controller' returned '0': PYTHONPATH=/home/meteor/ROS2/MickRobot/Graduation_project_ws/build/ranger_controller/prefix_override:/usr/lib/python3/dist-packages/colcon_core/task/python/colcon_distutils_commands:/home/meteor/ROS2/MickRobot/Graduation_project_ws/install/ranger_controller/lib/python3.10/site-packages:${PYTHONPATH} /usr/bin/python3 -W ignore:setup.py install is deprecated -W ignore:easy_install command is deprecated setup.py egg_info --egg-base ../../build/ranger_controller build --build-base /home/meteor/ROS2/MickRobot/Graduation_project_ws/build/ranger_controller/build install --record /home/meteor/ROS2/MickRobot/Graduation_project_ws/build/ranger_controller/install.log --single-version-externally-managed install_data
