[0.115s] Invoking command in '/home/meteor/ROS2/MickRobot/Graduation_project_ws/build/orbbec_camera': AMENT_PREFIX_PATH=/home/meteor/ROS2/MickRobot/Graduation_project_ws/install/orbbec_camera_msgs CMAKE_PREFIX_PATH=/home/meteor/ROS2/MickRobot/Graduation_project_ws/install/orbbec_camera_msgs LD_LIBRARY_PATH=/home/meteor/ROS2/MickRobot/Graduation_project_ws/install/orbbec_camera_msgs/lib PYTHONPATH=/home/meteor/ROS2/MickRobot/Graduation_project_ws/install/orbbec_camera_msgs/local/lib/python3.10/dist-packages /usr/bin/cmake --build /home/meteor/ROS2/MickRobot/Graduation_project_ws/build/orbbec_camera -- -j16 -l16
[1.381s] [  6%] [32mBuilding CXX object CMakeFiles/frame_latency_node.dir/rclcpp_components/node_main_frame_latency_node.cpp.o[0m
[1.381s] [  6%] [32mBuilding CXX object CMakeFiles/start_benchmark_node.dir/rclcpp_components/node_main_start_benchmark_node.cpp.o[0m
[1.382s] [  6%] [32mBuilding CXX object CMakeFiles/multi_save_rgbir_node.dir/rclcpp_components/node_main_multi_save_rgbir_node.cpp.o[0m
[1.387s] [  8%] [32mBuilding CXX object CMakeFiles/orbbec_camera_node.dir/rclcpp_components/node_main_orbbec_camera_node.cpp.o[0m
[1.424s] [ 11%] [32mBuilding CXX object CMakeFiles/frame_latency.dir/tools/frame_latency.cpp.o[0m
[1.526s] [ 15%] [32mBuilding CXX object CMakeFiles/orbbec_camera.dir/src/dynamic_params.cpp.o[0m
[1.526s] [ 15%] [32mBuilding CXX object CMakeFiles/orbbec_camera.dir/src/d2c_viewer.cpp.o[0m
[1.585s] [ 17%] [32mBuilding CXX object CMakeFiles/orbbec_camera.dir/src/image_publisher.cpp.o[0m
[1.751s] [ 24%] [32mBuilding CXX object CMakeFiles/multi_save_rgbir.dir/src/utils.cpp.o[0m
[1.751s] [ 24%] [32mBuilding CXX object CMakeFiles/start_benchmark.dir/tools/start_benchmark.cpp.o[0m
[1.751s] [ 24%] [32mBuilding CXX object CMakeFiles/multi_save_rgbir.dir/tools/multi_save_rgbir.cpp.o[0m
[1.862s] [ 31%] [32mBuilding CXX object CMakeFiles/orbbec_camera.dir/src/ob_camera_node.cpp.o[0m
[1.862s] [ 31%] [32mBuilding CXX object CMakeFiles/orbbec_camera.dir/src/ob_camera_node_driver.cpp.o[0m
[1.862s] [ 31%] [32mBuilding CXX object CMakeFiles/orbbec_camera.dir/src/ros_param_backend.cpp.o[0m
[1.862s] [ 33%] [32mBuilding CXX object CMakeFiles/orbbec_camera.dir/src/ob_lidar_node.cpp.o[0m
[1.863s] [ 35%] [32mBuilding CXX object CMakeFiles/orbbec_camera.dir/src/ros_service.cpp.o[0m
[11.004s] [ 37%] [32mBuilding CXX object CMakeFiles/orbbec_camera.dir/src/synced_imu_publisher.cpp.o[0m
[11.660s] [ 40%] [32m[1mLinking CXX executable multi_save_rgbir_node[0m
[11.675s] [ 42%] [32m[1mLinking CXX executable start_benchmark_node[0m
[11.707s] [ 44%] [32m[1mLinking CXX executable frame_latency_node[0m
[11.975s] [ 46%] [32m[1mLinking CXX executable orbbec_camera_node[0m
[12.753s] [ 48%] [32mBuilding CXX object CMakeFiles/orbbec_camera.dir/src/utils.cpp.o[0m
[13.128s] [ 48%] Built target orbbec_camera_node
[13.135s] [ 51%] [32mBuilding CXX object CMakeFiles/orbbec_camera.dir/src/jpeg_decoder.cpp.o[0m
[13.137s] [ 51%] Built target multi_save_rgbir_node
[13.182s] [ 51%] Built target frame_latency_node
[13.183s] [ 51%] Built target start_benchmark_node
