[35m[1mConsolidate compiler generated dependencies of target ranger_base_node[0m
[ 33%] [32mBuilding CXX object CMakeFiles/ranger_base_node.dir/src/ranger_messenger.cpp.o[0m
[ 66%] [32m[1mLinking CXX executable ranger_base_node[0m
[100%] Built target ranger_base_node
-- Install configuration: ""
-- Installing: /home/meteor/ROS2/MickRobot/Graduation_project_ws/install/ranger_base/lib/ranger_base/ranger_base_node
-- Set runtime path of "/home/meteor/ROS2/MickRobot/Graduation_project_ws/install/ranger_base/lib/ranger_base/ranger_base_node" to ""
-- Up-to-date: /home/meteor/ROS2/MickRobot/Graduation_project_ws/install/ranger_base/share/ranger_base//launch
-- Up-to-date: /home/meteor/ROS2/MickRobot/Graduation_project_ws/install/ranger_base/share/ranger_base//launch/ranger_mini_v2.launch.py
-- Up-to-date: /home/meteor/ROS2/MickRobot/Graduation_project_ws/install/ranger_base/share/ranger_base//launch/include
-- Up-to-date: /home/meteor/ROS2/MickRobot/Graduation_project_ws/install/ranger_base/share/ranger_base//launch/include/ranger_robot_base.launch.xml
-- Up-to-date: /home/meteor/ROS2/MickRobot/Graduation_project_ws/install/ranger_base/share/ranger_base//launch/ranger_mini_v1.launch.py
-- Up-to-date: /home/meteor/ROS2/MickRobot/Graduation_project_ws/install/ranger_base/share/ranger_base//launch/ranger_mini_v3.launch.py
-- Up-to-date: /home/meteor/ROS2/MickRobot/Graduation_project_ws/install/ranger_base/share/ranger_base//launch/ranger.launch.py
-- Up-to-date: /home/meteor/ROS2/MickRobot/Graduation_project_ws/install/ranger_base/share/ament_index/resource_index/package_run_dependencies/ranger_base
-- Up-to-date: /home/meteor/ROS2/MickRobot/Graduation_project_ws/install/ranger_base/share/ament_index/resource_index/parent_prefix_path/ranger_base
-- Up-to-date: /home/meteor/ROS2/MickRobot/Graduation_project_ws/install/ranger_base/share/ranger_base/environment/ament_prefix_path.sh
-- Up-to-date: /home/meteor/ROS2/MickRobot/Graduation_project_ws/install/ranger_base/share/ranger_base/environment/ament_prefix_path.dsv
-- Up-to-date: /home/meteor/ROS2/MickRobot/Graduation_project_ws/install/ranger_base/share/ranger_base/environment/path.sh
-- Up-to-date: /home/meteor/ROS2/MickRobot/Graduation_project_ws/install/ranger_base/share/ranger_base/environment/path.dsv
-- Up-to-date: /home/meteor/ROS2/MickRobot/Graduation_project_ws/install/ranger_base/share/ranger_base/local_setup.bash
-- Up-to-date: /home/meteor/ROS2/MickRobot/Graduation_project_ws/install/ranger_base/share/ranger_base/local_setup.sh
-- Up-to-date: /home/meteor/ROS2/MickRobot/Graduation_project_ws/install/ranger_base/share/ranger_base/local_setup.zsh
-- Up-to-date: /home/meteor/ROS2/MickRobot/Graduation_project_ws/install/ranger_base/share/ranger_base/local_setup.dsv
-- Installing: /home/meteor/ROS2/MickRobot/Graduation_project_ws/install/ranger_base/share/ranger_base/package.dsv
-- Up-to-date: /home/meteor/ROS2/MickRobot/Graduation_project_ws/install/ranger_base/share/ament_index/resource_index/packages/ranger_base
-- Up-to-date: /home/meteor/ROS2/MickRobot/Graduation_project_ws/install/ranger_base/share/ranger_base/cmake/ranger_baseConfig.cmake
-- Up-to-date: /home/meteor/ROS2/MickRobot/Graduation_project_ws/install/ranger_base/share/ranger_base/cmake/ranger_baseConfig-version.cmake
-- Up-to-date: /home/meteor/ROS2/MickRobot/Graduation_project_ws/install/ranger_base/share/ranger_base/package.xml
