/home/meteor/ROS2/MickRobot/Graduation_project_ws/install/aruco_detector/lib/python3.10/site-packages/aruco_detector/aruco_detector_node_final copy.py
/home/meteor/ROS2/MickRobot/Graduation_project_ws/install/aruco_detector/lib/python3.10/site-packages/aruco_detector/aruco_detector_node.py
/home/meteor/ROS2/MickRobot/Graduation_project_ws/install/aruco_detector/lib/python3.10/site-packages/aruco_detector/aruco_detector_node_final.py
/home/meteor/ROS2/MickRobot/Graduation_project_ws/install/aruco_detector/lib/python3.10/site-packages/aruco_detector/multi_modal_guidance_node.py
/home/meteor/ROS2/MickRobot/Graduation_project_ws/install/aruco_detector/lib/python3.10/site-packages/aruco_detector/__init__.py
/home/meteor/ROS2/MickRobot/Graduation_project_ws/install/aruco_detector/lib/python3.10/site-packages/aruco_detector/aruco_detector_node_fixed.py
/home/meteor/ROS2/MickRobot/Graduation_project_ws/install/aruco_detector/lib/python3.10/site-packages/aruco_detector/generate_aruco_markers.py
/home/meteor/ROS2/MickRobot/Graduation_project_ws/install/aruco_detector/lib/python3.10/site-packages/aruco_detector/system_monitor_node.py
/home/meteor/ROS2/MickRobot/Graduation_project_ws/install/aruco_detector/lib/python3.10/site-packages/aruco_detector/__pycache__/aruco_detector_node_final copy.cpython-310.pyc
/home/meteor/ROS2/MickRobot/Graduation_project_ws/install/aruco_detector/lib/python3.10/site-packages/aruco_detector/__pycache__/aruco_detector_node.cpython-310.pyc
/home/meteor/ROS2/MickRobot/Graduation_project_ws/install/aruco_detector/lib/python3.10/site-packages/aruco_detector/__pycache__/aruco_detector_node_final.cpython-310.pyc
/home/meteor/ROS2/MickRobot/Graduation_project_ws/install/aruco_detector/lib/python3.10/site-packages/aruco_detector/__pycache__/multi_modal_guidance_node.cpython-310.pyc
/home/meteor/ROS2/MickRobot/Graduation_project_ws/install/aruco_detector/lib/python3.10/site-packages/aruco_detector/__pycache__/__init__.cpython-310.pyc
/home/meteor/ROS2/MickRobot/Graduation_project_ws/install/aruco_detector/lib/python3.10/site-packages/aruco_detector/__pycache__/aruco_detector_node_fixed.cpython-310.pyc
/home/meteor/ROS2/MickRobot/Graduation_project_ws/install/aruco_detector/lib/python3.10/site-packages/aruco_detector/__pycache__/generate_aruco_markers.cpython-310.pyc
/home/meteor/ROS2/MickRobot/Graduation_project_ws/install/aruco_detector/lib/python3.10/site-packages/aruco_detector/__pycache__/system_monitor_node.cpython-310.pyc
/home/meteor/ROS2/MickRobot/Graduation_project_ws/install/aruco_detector/share/ament_index/resource_index/packages/aruco_detector
/home/meteor/ROS2/MickRobot/Graduation_project_ws/install/aruco_detector/share/aruco_detector/package.xml
/home/meteor/ROS2/MickRobot/Graduation_project_ws/install/aruco_detector/share/aruco_detector/launch/controller.launch.py
/home/meteor/ROS2/MickRobot/Graduation_project_ws/install/aruco_detector/share/aruco_detector/launch/aruco_detection.launch.py
/home/meteor/ROS2/MickRobot/Graduation_project_ws/install/aruco_detector/share/aruco_detector/launch/aruco_detector.launch.py
/home/meteor/ROS2/MickRobot/Graduation_project_ws/install/aruco_detector/share/aruco_detector/launch/full_system.launch.py
/home/meteor/ROS2/MickRobot/Graduation_project_ws/install/aruco_detector/lib/python3.10/site-packages/aruco_detector-0.0.0-py3.10.egg-info/dependency_links.txt
/home/meteor/ROS2/MickRobot/Graduation_project_ws/install/aruco_detector/lib/python3.10/site-packages/aruco_detector-0.0.0-py3.10.egg-info/PKG-INFO
/home/meteor/ROS2/MickRobot/Graduation_project_ws/install/aruco_detector/lib/python3.10/site-packages/aruco_detector-0.0.0-py3.10.egg-info/zip-safe
/home/meteor/ROS2/MickRobot/Graduation_project_ws/install/aruco_detector/lib/python3.10/site-packages/aruco_detector-0.0.0-py3.10.egg-info/SOURCES.txt
/home/meteor/ROS2/MickRobot/Graduation_project_ws/install/aruco_detector/lib/python3.10/site-packages/aruco_detector-0.0.0-py3.10.egg-info/top_level.txt
/home/meteor/ROS2/MickRobot/Graduation_project_ws/install/aruco_detector/lib/python3.10/site-packages/aruco_detector-0.0.0-py3.10.egg-info/entry_points.txt
/home/meteor/ROS2/MickRobot/Graduation_project_ws/install/aruco_detector/lib/python3.10/site-packages/aruco_detector-0.0.0-py3.10.egg-info/requires.txt
/home/meteor/ROS2/MickRobot/Graduation_project_ws/install/aruco_detector/lib/aruco_detector/aruco_detector_node
/home/meteor/ROS2/MickRobot/Graduation_project_ws/install/aruco_detector/lib/aruco_detector/generate_aruco_markers
/home/meteor/ROS2/MickRobot/Graduation_project_ws/install/aruco_detector/lib/aruco_detector/multi_modal_guidance_node
/home/meteor/ROS2/MickRobot/Graduation_project_ws/install/aruco_detector/lib/aruco_detector/system_monitor_node
