[0.185s] Invoking command in '/home/meteor/ROS2/MickRobot/Graduation_project_ws/build/orbbec_camera_msgs': CMAKE_PREFIX_PATH=/home/meteor/ROS2/MickRobot/Graduation_project_ws/install/ranger_base:/home/meteor/ROS2/MickRobot/Graduation_project_ws/install/ranger_controller:/home/meteor/ROS2/MickRobot/Graduation_project_ws/install/pointcloud_refinement:/home/meteor/ROS2/MickRobot/Graduation_project_ws/install/aruco_detector:/opt/ros/humble:/home/meteor/ROS2/MickRobot/Graduation_project_ws/install/ugv_sdk:/home/meteor/ROS2/MickRobot/Graduation_project_ws/install/ranger_msgs:/home/meteor/ROS2/MickRobot/Graduation_project_ws/install/ranger_bringup:/home/meteor/ROS2/MickRobot/Graduation_project_ws/install/orbbec_description:/home/meteor/ROS2/MickRobot/Graduation_project_ws/install/orbbec_camera:/home/meteor/ROS2/MickRobot/Graduation_project_ws/install/orbbec_camera_msgs /usr/bin/cmake --build /home/meteor/ROS2/MickRobot/Graduation_project_ws/build/orbbec_camera_msgs -- -j16 -l16
[1.464s] [  0%] Built target orbbec_camera_msgs__cpp
[1.898s] [ 12%] Built target orbbec_camera_msgs__rosidl_generator_c
[1.966s] [ 12%] Built target ament_cmake_python_copy_orbbec_camera_msgs
[2.596s] [ 24%] Built target orbbec_camera_msgs__rosidl_typesupport_introspection_c
[2.618s] [ 36%] Built target orbbec_camera_msgs__rosidl_typesupport_cpp
[2.626s] [ 60%] Built target orbbec_camera_msgs__rosidl_typesupport_fastrtps_cpp
[2.626s] [ 60%] Built target orbbec_camera_msgs__rosidl_typesupport_fastrtps_c
[2.633s] [ 72%] Built target orbbec_camera_msgs__rosidl_typesupport_introspection_cpp
[2.714s] [ 84%] Built target orbbec_camera_msgs__rosidl_typesupport_c
[2.868s] [ 84%] Built target orbbec_camera_msgs
[3.077s] [ 85%] Built target orbbec_camera_msgs__py
[3.108s] running egg_info
[3.109s] writing orbbec_camera_msgs.egg-info/PKG-INFO
[3.109s] writing dependency_links to orbbec_camera_msgs.egg-info/dependency_links.txt
[3.110s] writing top-level names to orbbec_camera_msgs.egg-info/top_level.txt
[3.499s] [ 96%] Built target orbbec_camera_msgs__rosidl_generator_py
[3.609s] [ 98%] Built target orbbec_camera_msgs__rosidl_typesupport_introspection_c__pyext
[3.614s] [ 99%] Built target orbbec_camera_msgs__rosidl_typesupport_fastrtps_c__pyext
[3.631s] [100%] Built target orbbec_camera_msgs__rosidl_typesupport_c__pyext
[3.677s] reading manifest file 'orbbec_camera_msgs.egg-info/SOURCES.txt'
[3.711s] writing manifest file 'orbbec_camera_msgs.egg-info/SOURCES.txt'
[3.743s] [100%] Built target ament_cmake_python_build_orbbec_camera_msgs_egg
[4.162s] Invoked command in '/home/meteor/ROS2/MickRobot/Graduation_project_ws/build/orbbec_camera_msgs' returned '0': CMAKE_PREFIX_PATH=/home/meteor/ROS2/MickRobot/Graduation_project_ws/install/ranger_base:/home/meteor/ROS2/MickRobot/Graduation_project_ws/install/ranger_controller:/home/meteor/ROS2/MickRobot/Graduation_project_ws/install/pointcloud_refinement:/home/meteor/ROS2/MickRobot/Graduation_project_ws/install/aruco_detector:/opt/ros/humble:/home/meteor/ROS2/MickRobot/Graduation_project_ws/install/ugv_sdk:/home/meteor/ROS2/MickRobot/Graduation_project_ws/install/ranger_msgs:/home/meteor/ROS2/MickRobot/Graduation_project_ws/install/ranger_bringup:/home/meteor/ROS2/MickRobot/Graduation_project_ws/install/orbbec_description:/home/meteor/ROS2/MickRobot/Graduation_project_ws/install/orbbec_camera:/home/meteor/ROS2/MickRobot/Graduation_project_ws/install/orbbec_camera_msgs /usr/bin/cmake --build /home/meteor/ROS2/MickRobot/Graduation_project_ws/build/orbbec_camera_msgs -- -j16 -l16
[4.188s] Invoking command in '/home/meteor/ROS2/MickRobot/Graduation_project_ws/build/orbbec_camera_msgs': CMAKE_PREFIX_PATH=/home/meteor/ROS2/MickRobot/Graduation_project_ws/install/ranger_base:/home/meteor/ROS2/MickRobot/Graduation_project_ws/install/ranger_controller:/home/meteor/ROS2/MickRobot/Graduation_project_ws/install/pointcloud_refinement:/home/meteor/ROS2/MickRobot/Graduation_project_ws/install/aruco_detector:/opt/ros/humble:/home/meteor/ROS2/MickRobot/Graduation_project_ws/install/ugv_sdk:/home/meteor/ROS2/MickRobot/Graduation_project_ws/install/ranger_msgs:/home/meteor/ROS2/MickRobot/Graduation_project_ws/install/ranger_bringup:/home/meteor/ROS2/MickRobot/Graduation_project_ws/install/orbbec_description:/home/meteor/ROS2/MickRobot/Graduation_project_ws/install/orbbec_camera:/home/meteor/ROS2/MickRobot/Graduation_project_ws/install/orbbec_camera_msgs /usr/bin/cmake --install /home/meteor/ROS2/MickRobot/Graduation_project_ws/build/orbbec_camera_msgs
[4.248s] -- Install configuration: ""
[4.248s] -- Up-to-date: /home/meteor/ROS2/MickRobot/Graduation_project_ws/install/orbbec_camera_msgs/share/ament_index/resource_index/rosidl_interfaces/orbbec_camera_msgs
[4.248s] -- Up-to-date: /home/meteor/ROS2/MickRobot/Graduation_project_ws/install/orbbec_camera_msgs/include/orbbec_camera_msgs/orbbec_camera_msgs
[4.248s] -- Up-to-date: /home/meteor/ROS2/MickRobot/Graduation_project_ws/install/orbbec_camera_msgs/include/orbbec_camera_msgs/orbbec_camera_msgs/msg
[4.248s] -- Up-to-date: /home/meteor/ROS2/MickRobot/Graduation_project_ws/install/orbbec_camera_msgs/include/orbbec_camera_msgs/orbbec_camera_msgs/msg/detail
[4.248s] -- Up-to-date: /home/meteor/ROS2/MickRobot/Graduation_project_ws/install/orbbec_camera_msgs/include/orbbec_camera_msgs/orbbec_camera_msgs/msg/detail/metadata__functions.c
[4.249s] -- Up-to-date: /home/meteor/ROS2/MickRobot/Graduation_project_ws/install/orbbec_camera_msgs/include/orbbec_camera_msgs/orbbec_camera_msgs/msg/detail/device_info__struct.h
[4.249s] -- Up-to-date: /home/meteor/ROS2/MickRobot/Graduation_project_ws/install/orbbec_camera_msgs/include/orbbec_camera_msgs/orbbec_camera_msgs/msg/detail/extrinsics__type_support.h
[4.249s] -- Up-to-date: /home/meteor/ROS2/MickRobot/Graduation_project_ws/install/orbbec_camera_msgs/include/orbbec_camera_msgs/orbbec_camera_msgs/msg/detail/device_status__functions.h
[4.249s] -- Up-to-date: /home/meteor/ROS2/MickRobot/Graduation_project_ws/install/orbbec_camera_msgs/include/orbbec_camera_msgs/orbbec_camera_msgs/msg/detail/extrinsics__functions.c
[4.249s] -- Up-to-date: /home/meteor/ROS2/MickRobot/Graduation_project_ws/install/orbbec_camera_msgs/include/orbbec_camera_msgs/orbbec_camera_msgs/msg/detail/metadata__functions.h
[4.249s] -- Up-to-date: /home/meteor/ROS2/MickRobot/Graduation_project_ws/install/orbbec_camera_msgs/include/orbbec_camera_msgs/orbbec_camera_msgs/msg/detail/rgbd__functions.c
[4.249s] -- Up-to-date: /home/meteor/ROS2/MickRobot/Graduation_project_ws/install/orbbec_camera_msgs/include/orbbec_camera_msgs/orbbec_camera_msgs/msg/detail/device_info__functions.h
[4.249s] -- Up-to-date: /home/meteor/ROS2/MickRobot/Graduation_project_ws/install/orbbec_camera_msgs/include/orbbec_camera_msgs/orbbec_camera_msgs/msg/detail/metadata__type_support.h
[4.249s] -- Up-to-date: /home/meteor/ROS2/MickRobot/Graduation_project_ws/install/orbbec_camera_msgs/include/orbbec_camera_msgs/orbbec_camera_msgs/msg/detail/extrinsics__struct.h
[4.249s] -- Up-to-date: /home/meteor/ROS2/MickRobot/Graduation_project_ws/install/orbbec_camera_msgs/include/orbbec_camera_msgs/orbbec_camera_msgs/msg/detail/device_status__struct.h
[4.249s] -- Up-to-date: /home/meteor/ROS2/MickRobot/Graduation_project_ws/install/orbbec_camera_msgs/include/orbbec_camera_msgs/orbbec_camera_msgs/msg/detail/imu_info__struct.h
[4.249s] -- Up-to-date: /home/meteor/ROS2/MickRobot/Graduation_project_ws/install/orbbec_camera_msgs/include/orbbec_camera_msgs/orbbec_camera_msgs/msg/detail/rgbd__functions.h
[4.250s] -- Up-to-date: /home/meteor/ROS2/MickRobot/Graduation_project_ws/install/orbbec_camera_msgs/include/orbbec_camera_msgs/orbbec_camera_msgs/msg/detail/imu_info__functions.c
[4.250s] -- Up-to-date: /home/meteor/ROS2/MickRobot/Graduation_project_ws/install/orbbec_camera_msgs/include/orbbec_camera_msgs/orbbec_camera_msgs/msg/detail/extrinsics__functions.h
[4.250s] -- Up-to-date: /home/meteor/ROS2/MickRobot/Graduation_project_ws/install/orbbec_camera_msgs/include/orbbec_camera_msgs/orbbec_camera_msgs/msg/detail/imu_info__functions.h
[4.250s] -- Up-to-date: /home/meteor/ROS2/MickRobot/Graduation_project_ws/install/orbbec_camera_msgs/include/orbbec_camera_msgs/orbbec_camera_msgs/msg/detail/rgbd__struct.h
[4.250s] -- Up-to-date: /home/meteor/ROS2/MickRobot/Graduation_project_ws/install/orbbec_camera_msgs/include/orbbec_camera_msgs/orbbec_camera_msgs/msg/detail/rgbd__type_support.h
[4.250s] -- Up-to-date: /home/meteor/ROS2/MickRobot/Graduation_project_ws/install/orbbec_camera_msgs/include/orbbec_camera_msgs/orbbec_camera_msgs/msg/detail/metadata__struct.h
[4.250s] -- Up-to-date: /home/meteor/ROS2/MickRobot/Graduation_project_ws/install/orbbec_camera_msgs/include/orbbec_camera_msgs/orbbec_camera_msgs/msg/detail/device_info__functions.c
[4.250s] -- Up-to-date: /home/meteor/ROS2/MickRobot/Graduation_project_ws/install/orbbec_camera_msgs/include/orbbec_camera_msgs/orbbec_camera_msgs/msg/detail/device_status__functions.c
[4.250s] -- Up-to-date: /home/meteor/ROS2/MickRobot/Graduation_project_ws/install/orbbec_camera_msgs/include/orbbec_camera_msgs/orbbec_camera_msgs/msg/detail/device_status__type_support.h
[4.250s] -- Up-to-date: /home/meteor/ROS2/MickRobot/Graduation_project_ws/install/orbbec_camera_msgs/include/orbbec_camera_msgs/orbbec_camera_msgs/msg/detail/device_info__type_support.h
[4.250s] -- Up-to-date: /home/meteor/ROS2/MickRobot/Graduation_project_ws/install/orbbec_camera_msgs/include/orbbec_camera_msgs/orbbec_camera_msgs/msg/detail/imu_info__type_support.h
[4.250s] -- Up-to-date: /home/meteor/ROS2/MickRobot/Graduation_project_ws/install/orbbec_camera_msgs/include/orbbec_camera_msgs/orbbec_camera_msgs/msg/device_info.h
[4.250s] -- Up-to-date: /home/meteor/ROS2/MickRobot/Graduation_project_ws/install/orbbec_camera_msgs/include/orbbec_camera_msgs/orbbec_camera_msgs/msg/rosidl_generator_c__visibility_control.h
[4.250s] -- Up-to-date: /home/meteor/ROS2/MickRobot/Graduation_project_ws/install/orbbec_camera_msgs/include/orbbec_camera_msgs/orbbec_camera_msgs/msg/device_status.h
[4.250s] -- Up-to-date: /home/meteor/ROS2/MickRobot/Graduation_project_ws/install/orbbec_camera_msgs/include/orbbec_camera_msgs/orbbec_camera_msgs/msg/extrinsics.h
[4.250s] -- Up-to-date: /home/meteor/ROS2/MickRobot/Graduation_project_ws/install/orbbec_camera_msgs/include/orbbec_camera_msgs/orbbec_camera_msgs/msg/rgbd.h
[4.251s] -- Up-to-date: /home/meteor/ROS2/MickRobot/Graduation_project_ws/install/orbbec_camera_msgs/include/orbbec_camera_msgs/orbbec_camera_msgs/msg/imu_info.h
[4.251s] -- Up-to-date: /home/meteor/ROS2/MickRobot/Graduation_project_ws/install/orbbec_camera_msgs/include/orbbec_camera_msgs/orbbec_camera_msgs/msg/metadata.h
[4.251s] -- Up-to-date: /home/meteor/ROS2/MickRobot/Graduation_project_ws/install/orbbec_camera_msgs/include/orbbec_camera_msgs/orbbec_camera_msgs/srv
[4.251s] -- Up-to-date: /home/meteor/ROS2/MickRobot/Graduation_project_ws/install/orbbec_camera_msgs/include/orbbec_camera_msgs/orbbec_camera_msgs/srv/set_user_calib_params.h
[4.251s] -- Up-to-date: /home/meteor/ROS2/MickRobot/Graduation_project_ws/install/orbbec_camera_msgs/include/orbbec_camera_msgs/orbbec_camera_msgs/srv/get_string.h
[4.251s] -- Up-to-date: /home/meteor/ROS2/MickRobot/Graduation_project_ws/install/orbbec_camera_msgs/include/orbbec_camera_msgs/orbbec_camera_msgs/srv/set_string.h
[4.251s] -- Up-to-date: /home/meteor/ROS2/MickRobot/Graduation_project_ws/install/orbbec_camera_msgs/include/orbbec_camera_msgs/orbbec_camera_msgs/srv/detail
[4.251s] -- Up-to-date: /home/meteor/ROS2/MickRobot/Graduation_project_ws/install/orbbec_camera_msgs/include/orbbec_camera_msgs/orbbec_camera_msgs/srv/detail/get_bool__struct.h
[4.251s] -- Up-to-date: /home/meteor/ROS2/MickRobot/Graduation_project_ws/install/orbbec_camera_msgs/include/orbbec_camera_msgs/orbbec_camera_msgs/srv/detail/get_user_calib_params__struct.h
[4.251s] -- Up-to-date: /home/meteor/ROS2/MickRobot/Graduation_project_ws/install/orbbec_camera_msgs/include/orbbec_camera_msgs/orbbec_camera_msgs/srv/detail/get_string__type_support.h
[4.251s] -- Up-to-date: /home/meteor/ROS2/MickRobot/Graduation_project_ws/install/orbbec_camera_msgs/include/orbbec_camera_msgs/orbbec_camera_msgs/srv/detail/set_int32__struct.h
[4.251s] -- Up-to-date: /home/meteor/ROS2/MickRobot/Graduation_project_ws/install/orbbec_camera_msgs/include/orbbec_camera_msgs/orbbec_camera_msgs/srv/detail/set_arrays__functions.c
[4.251s] -- Up-to-date: /home/meteor/ROS2/MickRobot/Graduation_project_ws/install/orbbec_camera_msgs/include/orbbec_camera_msgs/orbbec_camera_msgs/srv/detail/set_string__functions.h
[4.251s] -- Up-to-date: /home/meteor/ROS2/MickRobot/Graduation_project_ws/install/orbbec_camera_msgs/include/orbbec_camera_msgs/orbbec_camera_msgs/srv/detail/get_camera_info__functions.c
[4.251s] -- Up-to-date: /home/meteor/ROS2/MickRobot/Graduation_project_ws/install/orbbec_camera_msgs/include/orbbec_camera_msgs/orbbec_camera_msgs/srv/detail/set_filter__functions.h
[4.251s] -- Up-to-date: /home/meteor/ROS2/MickRobot/Graduation_project_ws/install/orbbec_camera_msgs/include/orbbec_camera_msgs/orbbec_camera_msgs/srv/detail/set_arrays__functions.h
[4.251s] -- Up-to-date: /home/meteor/ROS2/MickRobot/Graduation_project_ws/install/orbbec_camera_msgs/include/orbbec_camera_msgs/orbbec_camera_msgs/srv/detail/get_bool__type_support.h
[4.251s] -- Up-to-date: /home/meteor/ROS2/MickRobot/Graduation_project_ws/install/orbbec_camera_msgs/include/orbbec_camera_msgs/orbbec_camera_msgs/srv/detail/get_device_info__functions.c
[4.252s] -- Up-to-date: /home/meteor/ROS2/MickRobot/Graduation_project_ws/install/orbbec_camera_msgs/include/orbbec_camera_msgs/orbbec_camera_msgs/srv/detail/get_device_info__type_support.h
[4.252s] -- Up-to-date: /home/meteor/ROS2/MickRobot/Graduation_project_ws/install/orbbec_camera_msgs/include/orbbec_camera_msgs/orbbec_camera_msgs/srv/detail/set_int32__functions.c
[4.252s] -- Up-to-date: /home/meteor/ROS2/MickRobot/Graduation_project_ws/install/orbbec_camera_msgs/include/orbbec_camera_msgs/orbbec_camera_msgs/srv/detail/set_user_calib_params__functions.c
[4.252s] -- Up-to-date: /home/meteor/ROS2/MickRobot/Graduation_project_ws/install/orbbec_camera_msgs/include/orbbec_camera_msgs/orbbec_camera_msgs/srv/detail/set_string__struct.h
[4.252s] -- Up-to-date: /home/meteor/ROS2/MickRobot/Graduation_project_ws/install/orbbec_camera_msgs/include/orbbec_camera_msgs/orbbec_camera_msgs/srv/detail/set_int32__functions.h
[4.252s] -- Up-to-date: /home/meteor/ROS2/MickRobot/Graduation_project_ws/install/orbbec_camera_msgs/include/orbbec_camera_msgs/orbbec_camera_msgs/srv/detail/get_int32__type_support.h
[4.252s] -- Up-to-date: /home/meteor/ROS2/MickRobot/Graduation_project_ws/install/orbbec_camera_msgs/include/orbbec_camera_msgs/orbbec_camera_msgs/srv/detail/set_arrays__type_support.h
[4.252s] -- Up-to-date: /home/meteor/ROS2/MickRobot/Graduation_project_ws/install/orbbec_camera_msgs/include/orbbec_camera_msgs/orbbec_camera_msgs/srv/detail/get_string__functions.c
[4.252s] -- Up-to-date: /home/meteor/ROS2/MickRobot/Graduation_project_ws/install/orbbec_camera_msgs/include/orbbec_camera_msgs/orbbec_camera_msgs/srv/detail/get_device_info__struct.h
[4.252s] -- Up-to-date: /home/meteor/ROS2/MickRobot/Graduation_project_ws/install/orbbec_camera_msgs/include/orbbec_camera_msgs/orbbec_camera_msgs/srv/detail/get_string__struct.h
[4.252s] -- Up-to-date: /home/meteor/ROS2/MickRobot/Graduation_project_ws/install/orbbec_camera_msgs/include/orbbec_camera_msgs/orbbec_camera_msgs/srv/detail/set_filter__type_support.h
[4.252s] -- Up-to-date: /home/meteor/ROS2/MickRobot/Graduation_project_ws/install/orbbec_camera_msgs/include/orbbec_camera_msgs/orbbec_camera_msgs/srv/detail/get_camera_info__struct.h
[4.252s] -- Up-to-date: /home/meteor/ROS2/MickRobot/Graduation_project_ws/install/orbbec_camera_msgs/include/orbbec_camera_msgs/orbbec_camera_msgs/srv/detail/get_string__functions.h
[4.252s] -- Up-to-date: /home/meteor/ROS2/MickRobot/Graduation_project_ws/install/orbbec_camera_msgs/include/orbbec_camera_msgs/orbbec_camera_msgs/srv/detail/get_bool__functions.c
[4.252s] -- Up-to-date: /home/meteor/ROS2/MickRobot/Graduation_project_ws/install/orbbec_camera_msgs/include/orbbec_camera_msgs/orbbec_camera_msgs/srv/detail/get_user_calib_params__functions.h
[4.252s] -- Up-to-date: /home/meteor/ROS2/MickRobot/Graduation_project_ws/install/orbbec_camera_msgs/include/orbbec_camera_msgs/orbbec_camera_msgs/srv/detail/set_user_calib_params__functions.h
[4.252s] -- Up-to-date: /home/meteor/ROS2/MickRobot/Graduation_project_ws/install/orbbec_camera_msgs/include/orbbec_camera_msgs/orbbec_camera_msgs/srv/detail/get_camera_info__type_support.h
[4.252s] -- Up-to-date: /home/meteor/ROS2/MickRobot/Graduation_project_ws/install/orbbec_camera_msgs/include/orbbec_camera_msgs/orbbec_camera_msgs/srv/detail/get_device_info__functions.h
[4.252s] -- Up-to-date: /home/meteor/ROS2/MickRobot/Graduation_project_ws/install/orbbec_camera_msgs/include/orbbec_camera_msgs/orbbec_camera_msgs/srv/detail/get_int32__functions.h
[4.252s] -- Up-to-date: /home/meteor/ROS2/MickRobot/Graduation_project_ws/install/orbbec_camera_msgs/include/orbbec_camera_msgs/orbbec_camera_msgs/srv/detail/set_arrays__struct.h
[4.252s] -- Up-to-date: /home/meteor/ROS2/MickRobot/Graduation_project_ws/install/orbbec_camera_msgs/include/orbbec_camera_msgs/orbbec_camera_msgs/srv/detail/get_camera_info__functions.h
[4.253s] -- Up-to-date: /home/meteor/ROS2/MickRobot/Graduation_project_ws/install/orbbec_camera_msgs/include/orbbec_camera_msgs/orbbec_camera_msgs/srv/detail/set_user_calib_params__struct.h
[4.253s] -- Up-to-date: /home/meteor/ROS2/MickRobot/Graduation_project_ws/install/orbbec_camera_msgs/include/orbbec_camera_msgs/orbbec_camera_msgs/srv/detail/get_user_calib_params__functions.c
[4.253s] -- Up-to-date: /home/meteor/ROS2/MickRobot/Graduation_project_ws/install/orbbec_camera_msgs/include/orbbec_camera_msgs/orbbec_camera_msgs/srv/detail/get_int32__struct.h
[4.253s] -- Up-to-date: /home/meteor/ROS2/MickRobot/Graduation_project_ws/install/orbbec_camera_msgs/include/orbbec_camera_msgs/orbbec_camera_msgs/srv/detail/set_filter__functions.c
[4.253s] -- Up-to-date: /home/meteor/ROS2/MickRobot/Graduation_project_ws/install/orbbec_camera_msgs/include/orbbec_camera_msgs/orbbec_camera_msgs/srv/detail/get_int32__functions.c
[4.253s] -- Up-to-date: /home/meteor/ROS2/MickRobot/Graduation_project_ws/install/orbbec_camera_msgs/include/orbbec_camera_msgs/orbbec_camera_msgs/srv/detail/set_user_calib_params__type_support.h
[4.253s] -- Up-to-date: /home/meteor/ROS2/MickRobot/Graduation_project_ws/install/orbbec_camera_msgs/include/orbbec_camera_msgs/orbbec_camera_msgs/srv/detail/set_string__functions.c
[4.253s] -- Up-to-date: /home/meteor/ROS2/MickRobot/Graduation_project_ws/install/orbbec_camera_msgs/include/orbbec_camera_msgs/orbbec_camera_msgs/srv/detail/set_int32__type_support.h
[4.253s] -- Up-to-date: /home/meteor/ROS2/MickRobot/Graduation_project_ws/install/orbbec_camera_msgs/include/orbbec_camera_msgs/orbbec_camera_msgs/srv/detail/get_user_calib_params__type_support.h
[4.253s] -- Up-to-date: /home/meteor/ROS2/MickRobot/Graduation_project_ws/install/orbbec_camera_msgs/include/orbbec_camera_msgs/orbbec_camera_msgs/srv/detail/set_filter__struct.h
[4.253s] -- Up-to-date: /home/meteor/ROS2/MickRobot/Graduation_project_ws/install/orbbec_camera_msgs/include/orbbec_camera_msgs/orbbec_camera_msgs/srv/detail/set_string__type_support.h
[4.253s] -- Up-to-date: /home/meteor/ROS2/MickRobot/Graduation_project_ws/install/orbbec_camera_msgs/include/orbbec_camera_msgs/orbbec_camera_msgs/srv/detail/get_bool__functions.h
[4.253s] -- Up-to-date: /home/meteor/ROS2/MickRobot/Graduation_project_ws/install/orbbec_camera_msgs/include/orbbec_camera_msgs/orbbec_camera_msgs/srv/get_device_info.h
[4.253s] -- Up-to-date: /home/meteor/ROS2/MickRobot/Graduation_project_ws/install/orbbec_camera_msgs/include/orbbec_camera_msgs/orbbec_camera_msgs/srv/set_int32.h
[4.253s] -- Up-to-date: /home/meteor/ROS2/MickRobot/Graduation_project_ws/install/orbbec_camera_msgs/include/orbbec_camera_msgs/orbbec_camera_msgs/srv/get_camera_info.h
[4.253s] -- Up-to-date: /home/meteor/ROS2/MickRobot/Graduation_project_ws/install/orbbec_camera_msgs/include/orbbec_camera_msgs/orbbec_camera_msgs/srv/set_arrays.h
[4.253s] -- Up-to-date: /home/meteor/ROS2/MickRobot/Graduation_project_ws/install/orbbec_camera_msgs/include/orbbec_camera_msgs/orbbec_camera_msgs/srv/get_user_calib_params.h
[4.253s] -- Up-to-date: /home/meteor/ROS2/MickRobot/Graduation_project_ws/install/orbbec_camera_msgs/include/orbbec_camera_msgs/orbbec_camera_msgs/srv/set_filter.h
[4.253s] -- Up-to-date: /home/meteor/ROS2/MickRobot/Graduation_project_ws/install/orbbec_camera_msgs/include/orbbec_camera_msgs/orbbec_camera_msgs/srv/get_bool.h
[4.254s] -- Up-to-date: /home/meteor/ROS2/MickRobot/Graduation_project_ws/install/orbbec_camera_msgs/include/orbbec_camera_msgs/orbbec_camera_msgs/srv/get_int32.h
[4.254s] -- Up-to-date: /home/meteor/ROS2/MickRobot/Graduation_project_ws/install/orbbec_camera_msgs/share/orbbec_camera_msgs/environment/library_path.sh
[4.254s] -- Up-to-date: /home/meteor/ROS2/MickRobot/Graduation_project_ws/install/orbbec_camera_msgs/share/orbbec_camera_msgs/environment/library_path.dsv
[4.303s] -- Up-to-date: /home/meteor/ROS2/MickRobot/Graduation_project_ws/install/orbbec_camera_msgs/lib/liborbbec_camera_msgs__rosidl_generator_c.so
[4.304s] -- Up-to-date: /home/meteor/ROS2/MickRobot/Graduation_project_ws/install/orbbec_camera_msgs/include/orbbec_camera_msgs/orbbec_camera_msgs
[4.304s] -- Up-to-date: /home/meteor/ROS2/MickRobot/Graduation_project_ws/install/orbbec_camera_msgs/include/orbbec_camera_msgs/orbbec_camera_msgs/msg
[4.304s] -- Up-to-date: /home/meteor/ROS2/MickRobot/Graduation_project_ws/install/orbbec_camera_msgs/include/orbbec_camera_msgs/orbbec_camera_msgs/msg/detail
[4.304s] -- Up-to-date: /home/meteor/ROS2/MickRobot/Graduation_project_ws/install/orbbec_camera_msgs/include/orbbec_camera_msgs/orbbec_camera_msgs/msg/detail/extrinsics__rosidl_typesupport_fastrtps_c.h
[4.304s] -- Up-to-date: /home/meteor/ROS2/MickRobot/Graduation_project_ws/install/orbbec_camera_msgs/include/orbbec_camera_msgs/orbbec_camera_msgs/msg/detail/imu_info__rosidl_typesupport_fastrtps_c.h
[4.304s] -- Up-to-date: /home/meteor/ROS2/MickRobot/Graduation_project_ws/install/orbbec_camera_msgs/include/orbbec_camera_msgs/orbbec_camera_msgs/msg/detail/rgbd__rosidl_typesupport_fastrtps_c.h
[4.305s] -- Up-to-date: /home/meteor/ROS2/MickRobot/Graduation_project_ws/install/orbbec_camera_msgs/include/orbbec_camera_msgs/orbbec_camera_msgs/msg/detail/device_info__rosidl_typesupport_fastrtps_c.h
[4.305s] -- Up-to-date: /home/meteor/ROS2/MickRobot/Graduation_project_ws/install/orbbec_camera_msgs/include/orbbec_camera_msgs/orbbec_camera_msgs/msg/detail/device_status__rosidl_typesupport_fastrtps_c.h
[4.305s] -- Up-to-date: /home/meteor/ROS2/MickRobot/Graduation_project_ws/install/orbbec_camera_msgs/include/orbbec_camera_msgs/orbbec_camera_msgs/msg/detail/metadata__rosidl_typesupport_fastrtps_c.h
[4.305s] -- Up-to-date: /home/meteor/ROS2/MickRobot/Graduation_project_ws/install/orbbec_camera_msgs/include/orbbec_camera_msgs/orbbec_camera_msgs/msg/rosidl_typesupport_fastrtps_c__visibility_control.h
[4.305s] -- Up-to-date: /home/meteor/ROS2/MickRobot/Graduation_project_ws/install/orbbec_camera_msgs/include/orbbec_camera_msgs/orbbec_camera_msgs/srv
[4.305s] -- Up-to-date: /home/meteor/ROS2/MickRobot/Graduation_project_ws/install/orbbec_camera_msgs/include/orbbec_camera_msgs/orbbec_camera_msgs/srv/detail
[4.305s] -- Up-to-date: /home/meteor/ROS2/MickRobot/Graduation_project_ws/install/orbbec_camera_msgs/include/orbbec_camera_msgs/orbbec_camera_msgs/srv/detail/get_user_calib_params__rosidl_typesupport_fastrtps_c.h
[4.305s] -- Up-to-date: /home/meteor/ROS2/MickRobot/Graduation_project_ws/install/orbbec_camera_msgs/include/orbbec_camera_msgs/orbbec_camera_msgs/srv/detail/set_string__rosidl_typesupport_fastrtps_c.h
[4.305s] -- Up-to-date: /home/meteor/ROS2/MickRobot/Graduation_project_ws/install/orbbec_camera_msgs/include/orbbec_camera_msgs/orbbec_camera_msgs/srv/detail/get_camera_info__rosidl_typesupport_fastrtps_c.h
[4.305s] -- Up-to-date: /home/meteor/ROS2/MickRobot/Graduation_project_ws/install/orbbec_camera_msgs/include/orbbec_camera_msgs/orbbec_camera_msgs/srv/detail/set_user_calib_params__rosidl_typesupport_fastrtps_c.h
[4.305s] -- Up-to-date: /home/meteor/ROS2/MickRobot/Graduation_project_ws/install/orbbec_camera_msgs/include/orbbec_camera_msgs/orbbec_camera_msgs/srv/detail/get_device_info__rosidl_typesupport_fastrtps_c.h
[4.305s] -- Up-to-date: /home/meteor/ROS2/MickRobot/Graduation_project_ws/install/orbbec_camera_msgs/include/orbbec_camera_msgs/orbbec_camera_msgs/srv/detail/get_bool__rosidl_typesupport_fastrtps_c.h
[4.305s] -- Up-to-date: /home/meteor/ROS2/MickRobot/Graduation_project_ws/install/orbbec_camera_msgs/include/orbbec_camera_msgs/orbbec_camera_msgs/srv/detail/get_int32__rosidl_typesupport_fastrtps_c.h
[4.305s] -- Up-to-date: /home/meteor/ROS2/MickRobot/Graduation_project_ws/install/orbbec_camera_msgs/include/orbbec_camera_msgs/orbbec_camera_msgs/srv/detail/set_arrays__rosidl_typesupport_fastrtps_c.h
[4.305s] -- Up-to-date: /home/meteor/ROS2/MickRobot/Graduation_project_ws/install/orbbec_camera_msgs/include/orbbec_camera_msgs/orbbec_camera_msgs/srv/detail/set_filter__rosidl_typesupport_fastrtps_c.h
[4.305s] -- Up-to-date: /home/meteor/ROS2/MickRobot/Graduation_project_ws/install/orbbec_camera_msgs/include/orbbec_camera_msgs/orbbec_camera_msgs/srv/detail/set_int32__rosidl_typesupport_fastrtps_c.h
[4.306s] -- Up-to-date: /home/meteor/ROS2/MickRobot/Graduation_project_ws/install/orbbec_camera_msgs/include/orbbec_camera_msgs/orbbec_camera_msgs/srv/detail/get_string__rosidl_typesupport_fastrtps_c.h
[4.306s] -- Up-to-date: /home/meteor/ROS2/MickRobot/Graduation_project_ws/install/orbbec_camera_msgs/lib/liborbbec_camera_msgs__rosidl_typesupport_fastrtps_c.so
[4.306s] -- Up-to-date: /home/meteor/ROS2/MickRobot/Graduation_project_ws/install/orbbec_camera_msgs/include/orbbec_camera_msgs/orbbec_camera_msgs
[4.306s] -- Up-to-date: /home/meteor/ROS2/MickRobot/Graduation_project_ws/install/orbbec_camera_msgs/include/orbbec_camera_msgs/orbbec_camera_msgs/msg
[4.306s] -- Up-to-date: /home/meteor/ROS2/MickRobot/Graduation_project_ws/install/orbbec_camera_msgs/include/orbbec_camera_msgs/orbbec_camera_msgs/msg/detail
[4.306s] -- Up-to-date: /home/meteor/ROS2/MickRobot/Graduation_project_ws/install/orbbec_camera_msgs/include/orbbec_camera_msgs/orbbec_camera_msgs/msg/detail/extrinsics__rosidl_typesupport_introspection_c.h
[4.306s] -- Up-to-date: /home/meteor/ROS2/MickRobot/Graduation_project_ws/install/orbbec_camera_msgs/include/orbbec_camera_msgs/orbbec_camera_msgs/msg/detail/rgbd__rosidl_typesupport_introspection_c.h
[4.306s] -- Up-to-date: /home/meteor/ROS2/MickRobot/Graduation_project_ws/install/orbbec_camera_msgs/include/orbbec_camera_msgs/orbbec_camera_msgs/msg/detail/metadata__rosidl_typesupport_introspection_c.h
[4.306s] -- Up-to-date: /home/meteor/ROS2/MickRobot/Graduation_project_ws/install/orbbec_camera_msgs/include/orbbec_camera_msgs/orbbec_camera_msgs/msg/detail/rgbd__type_support.c
[4.306s] -- Up-to-date: /home/meteor/ROS2/MickRobot/Graduation_project_ws/install/orbbec_camera_msgs/include/orbbec_camera_msgs/orbbec_camera_msgs/msg/detail/device_status__type_support.c
[4.307s] -- Up-to-date: /home/meteor/ROS2/MickRobot/Graduation_project_ws/install/orbbec_camera_msgs/include/orbbec_camera_msgs/orbbec_camera_msgs/msg/detail/device_info__type_support.c
[4.307s] -- Up-to-date: /home/meteor/ROS2/MickRobot/Graduation_project_ws/install/orbbec_camera_msgs/include/orbbec_camera_msgs/orbbec_camera_msgs/msg/detail/device_info__rosidl_typesupport_introspection_c.h
[4.307s] -- Up-to-date: /home/meteor/ROS2/MickRobot/Graduation_project_ws/install/orbbec_camera_msgs/include/orbbec_camera_msgs/orbbec_camera_msgs/msg/detail/metadata__type_support.c
[4.307s] -- Up-to-date: /home/meteor/ROS2/MickRobot/Graduation_project_ws/install/orbbec_camera_msgs/include/orbbec_camera_msgs/orbbec_camera_msgs/msg/detail/device_status__rosidl_typesupport_introspection_c.h
[4.307s] -- Up-to-date: /home/meteor/ROS2/MickRobot/Graduation_project_ws/install/orbbec_camera_msgs/include/orbbec_camera_msgs/orbbec_camera_msgs/msg/detail/imu_info__rosidl_typesupport_introspection_c.h
[4.307s] -- Up-to-date: /home/meteor/ROS2/MickRobot/Graduation_project_ws/install/orbbec_camera_msgs/include/orbbec_camera_msgs/orbbec_camera_msgs/msg/detail/imu_info__type_support.c
[4.307s] -- Up-to-date: /home/meteor/ROS2/MickRobot/Graduation_project_ws/install/orbbec_camera_msgs/include/orbbec_camera_msgs/orbbec_camera_msgs/msg/detail/extrinsics__type_support.c
[4.307s] -- Up-to-date: /home/meteor/ROS2/MickRobot/Graduation_project_ws/install/orbbec_camera_msgs/include/orbbec_camera_msgs/orbbec_camera_msgs/msg/rosidl_typesupport_introspection_c__visibility_control.h
[4.307s] -- Up-to-date: /home/meteor/ROS2/MickRobot/Graduation_project_ws/install/orbbec_camera_msgs/include/orbbec_camera_msgs/orbbec_camera_msgs/srv
[4.307s] -- Up-to-date: /home/meteor/ROS2/MickRobot/Graduation_project_ws/install/orbbec_camera_msgs/include/orbbec_camera_msgs/orbbec_camera_msgs/srv/detail
[4.307s] -- Up-to-date: /home/meteor/ROS2/MickRobot/Graduation_project_ws/install/orbbec_camera_msgs/include/orbbec_camera_msgs/orbbec_camera_msgs/srv/detail/get_user_calib_params__rosidl_typesupport_introspection_c.h
[4.307s] -- Up-to-date: /home/meteor/ROS2/MickRobot/Graduation_project_ws/install/orbbec_camera_msgs/include/orbbec_camera_msgs/orbbec_camera_msgs/srv/detail/get_int32__type_support.c
[4.307s] -- Up-to-date: /home/meteor/ROS2/MickRobot/Graduation_project_ws/install/orbbec_camera_msgs/include/orbbec_camera_msgs/orbbec_camera_msgs/srv/detail/set_filter__rosidl_typesupport_introspection_c.h
[4.307s] -- Up-to-date: /home/meteor/ROS2/MickRobot/Graduation_project_ws/install/orbbec_camera_msgs/include/orbbec_camera_msgs/orbbec_camera_msgs/srv/detail/get_device_info__rosidl_typesupport_introspection_c.h
[4.307s] -- Up-to-date: /home/meteor/ROS2/MickRobot/Graduation_project_ws/install/orbbec_camera_msgs/include/orbbec_camera_msgs/orbbec_camera_msgs/srv/detail/get_string__rosidl_typesupport_introspection_c.h
[4.307s] -- Up-to-date: /home/meteor/ROS2/MickRobot/Graduation_project_ws/install/orbbec_camera_msgs/include/orbbec_camera_msgs/orbbec_camera_msgs/srv/detail/get_camera_info__rosidl_typesupport_introspection_c.h
[4.307s] -- Up-to-date: /home/meteor/ROS2/MickRobot/Graduation_project_ws/install/orbbec_camera_msgs/include/orbbec_camera_msgs/orbbec_camera_msgs/srv/detail/set_user_calib_params__type_support.c
[4.307s] -- Up-to-date: /home/meteor/ROS2/MickRobot/Graduation_project_ws/install/orbbec_camera_msgs/include/orbbec_camera_msgs/orbbec_camera_msgs/srv/detail/get_device_info__type_support.c
[4.308s] -- Up-to-date: /home/meteor/ROS2/MickRobot/Graduation_project_ws/install/orbbec_camera_msgs/include/orbbec_camera_msgs/orbbec_camera_msgs/srv/detail/set_filter__type_support.c
[4.308s] -- Up-to-date: /home/meteor/ROS2/MickRobot/Graduation_project_ws/install/orbbec_camera_msgs/include/orbbec_camera_msgs/orbbec_camera_msgs/srv/detail/set_arrays__type_support.c
[4.308s] -- Up-to-date: /home/meteor/ROS2/MickRobot/Graduation_project_ws/install/orbbec_camera_msgs/include/orbbec_camera_msgs/orbbec_camera_msgs/srv/detail/get_bool__rosidl_typesupport_introspection_c.h
[4.308s] -- Up-to-date: /home/meteor/ROS2/MickRobot/Graduation_project_ws/install/orbbec_camera_msgs/include/orbbec_camera_msgs/orbbec_camera_msgs/srv/detail/set_int32__type_support.c
[4.308s] -- Up-to-date: /home/meteor/ROS2/MickRobot/Graduation_project_ws/install/orbbec_camera_msgs/include/orbbec_camera_msgs/orbbec_camera_msgs/srv/detail/get_user_calib_params__type_support.c
[4.308s] -- Up-to-date: /home/meteor/ROS2/MickRobot/Graduation_project_ws/install/orbbec_camera_msgs/include/orbbec_camera_msgs/orbbec_camera_msgs/srv/detail/set_string__type_support.c
[4.308s] -- Up-to-date: /home/meteor/ROS2/MickRobot/Graduation_project_ws/install/orbbec_camera_msgs/include/orbbec_camera_msgs/orbbec_camera_msgs/srv/detail/set_int32__rosidl_typesupport_introspection_c.h
[4.308s] -- Up-to-date: /home/meteor/ROS2/MickRobot/Graduation_project_ws/install/orbbec_camera_msgs/include/orbbec_camera_msgs/orbbec_camera_msgs/srv/detail/get_int32__rosidl_typesupport_introspection_c.h
[4.308s] -- Up-to-date: /home/meteor/ROS2/MickRobot/Graduation_project_ws/install/orbbec_camera_msgs/include/orbbec_camera_msgs/orbbec_camera_msgs/srv/detail/get_bool__type_support.c
[4.308s] -- Up-to-date: /home/meteor/ROS2/MickRobot/Graduation_project_ws/install/orbbec_camera_msgs/include/orbbec_camera_msgs/orbbec_camera_msgs/srv/detail/get_camera_info__type_support.c
[4.308s] -- Up-to-date: /home/meteor/ROS2/MickRobot/Graduation_project_ws/install/orbbec_camera_msgs/include/orbbec_camera_msgs/orbbec_camera_msgs/srv/detail/set_string__rosidl_typesupport_introspection_c.h
[4.308s] -- Up-to-date: /home/meteor/ROS2/MickRobot/Graduation_project_ws/install/orbbec_camera_msgs/include/orbbec_camera_msgs/orbbec_camera_msgs/srv/detail/set_user_calib_params__rosidl_typesupport_introspection_c.h
[4.308s] -- Up-to-date: /home/meteor/ROS2/MickRobot/Graduation_project_ws/install/orbbec_camera_msgs/include/orbbec_camera_msgs/orbbec_camera_msgs/srv/detail/get_string__type_support.c
[4.308s] -- Up-to-date: /home/meteor/ROS2/MickRobot/Graduation_project_ws/install/orbbec_camera_msgs/include/orbbec_camera_msgs/orbbec_camera_msgs/srv/detail/set_arrays__rosidl_typesupport_introspection_c.h
[4.308s] -- Up-to-date: /home/meteor/ROS2/MickRobot/Graduation_project_ws/install/orbbec_camera_msgs/lib/liborbbec_camera_msgs__rosidl_typesupport_introspection_c.so
[4.312s] -- Up-to-date: /home/meteor/ROS2/MickRobot/Graduation_project_ws/install/orbbec_camera_msgs/lib/liborbbec_camera_msgs__rosidl_typesupport_c.so
[4.312s] -- Up-to-date: /home/meteor/ROS2/MickRobot/Graduation_project_ws/install/orbbec_camera_msgs/include/orbbec_camera_msgs/orbbec_camera_msgs
[4.313s] -- Up-to-date: /home/meteor/ROS2/MickRobot/Graduation_project_ws/install/orbbec_camera_msgs/include/orbbec_camera_msgs/orbbec_camera_msgs/msg
[4.313s] -- Up-to-date: /home/meteor/ROS2/MickRobot/Graduation_project_ws/install/orbbec_camera_msgs/include/orbbec_camera_msgs/orbbec_camera_msgs/msg/detail
[4.313s] -- Up-to-date: /home/meteor/ROS2/MickRobot/Graduation_project_ws/install/orbbec_camera_msgs/include/orbbec_camera_msgs/orbbec_camera_msgs/msg/detail/imu_info__traits.hpp
[4.313s] -- Up-to-date: /home/meteor/ROS2/MickRobot/Graduation_project_ws/install/orbbec_camera_msgs/include/orbbec_camera_msgs/orbbec_camera_msgs/msg/detail/extrinsics__struct.hpp
[4.313s] -- Up-to-date: /home/meteor/ROS2/MickRobot/Graduation_project_ws/install/orbbec_camera_msgs/include/orbbec_camera_msgs/orbbec_camera_msgs/msg/detail/rgbd__struct.hpp
[4.313s] -- Up-to-date: /home/meteor/ROS2/MickRobot/Graduation_project_ws/install/orbbec_camera_msgs/include/orbbec_camera_msgs/orbbec_camera_msgs/msg/detail/imu_info__struct.hpp
[4.314s] -- Up-to-date: /home/meteor/ROS2/MickRobot/Graduation_project_ws/install/orbbec_camera_msgs/include/orbbec_camera_msgs/orbbec_camera_msgs/msg/detail/extrinsics__traits.hpp
[4.314s] -- Up-to-date: /home/meteor/ROS2/MickRobot/Graduation_project_ws/install/orbbec_camera_msgs/include/orbbec_camera_msgs/orbbec_camera_msgs/msg/detail/device_info__type_support.hpp
[4.314s] -- Up-to-date: /home/meteor/ROS2/MickRobot/Graduation_project_ws/install/orbbec_camera_msgs/include/orbbec_camera_msgs/orbbec_camera_msgs/msg/detail/imu_info__builder.hpp
[4.314s] -- Up-to-date: /home/meteor/ROS2/MickRobot/Graduation_project_ws/install/orbbec_camera_msgs/include/orbbec_camera_msgs/orbbec_camera_msgs/msg/detail/rgbd__type_support.hpp
[4.314s] -- Up-to-date: /home/meteor/ROS2/MickRobot/Graduation_project_ws/install/orbbec_camera_msgs/include/orbbec_camera_msgs/orbbec_camera_msgs/msg/detail/metadata__builder.hpp
[4.314s] -- Up-to-date: /home/meteor/ROS2/MickRobot/Graduation_project_ws/install/orbbec_camera_msgs/include/orbbec_camera_msgs/orbbec_camera_msgs/msg/detail/device_status__builder.hpp
[4.314s] -- Up-to-date: /home/meteor/ROS2/MickRobot/Graduation_project_ws/install/orbbec_camera_msgs/include/orbbec_camera_msgs/orbbec_camera_msgs/msg/detail/imu_info__type_support.hpp
[4.314s] -- Up-to-date: /home/meteor/ROS2/MickRobot/Graduation_project_ws/install/orbbec_camera_msgs/include/orbbec_camera_msgs/orbbec_camera_msgs/msg/detail/extrinsics__type_support.hpp
[4.314s] -- Up-to-date: /home/meteor/ROS2/MickRobot/Graduation_project_ws/install/orbbec_camera_msgs/include/orbbec_camera_msgs/orbbec_camera_msgs/msg/detail/device_status__type_support.hpp
[4.314s] -- Up-to-date: /home/meteor/ROS2/MickRobot/Graduation_project_ws/install/orbbec_camera_msgs/include/orbbec_camera_msgs/orbbec_camera_msgs/msg/detail/rgbd__builder.hpp
[4.314s] -- Up-to-date: /home/meteor/ROS2/MickRobot/Graduation_project_ws/install/orbbec_camera_msgs/include/orbbec_camera_msgs/orbbec_camera_msgs/msg/detail/metadata__type_support.hpp
[4.314s] -- Up-to-date: /home/meteor/ROS2/MickRobot/Graduation_project_ws/install/orbbec_camera_msgs/include/orbbec_camera_msgs/orbbec_camera_msgs/msg/detail/device_info__builder.hpp
[4.314s] -- Up-to-date: /home/meteor/ROS2/MickRobot/Graduation_project_ws/install/orbbec_camera_msgs/include/orbbec_camera_msgs/orbbec_camera_msgs/msg/detail/extrinsics__builder.hpp
[4.315s] -- Up-to-date: /home/meteor/ROS2/MickRobot/Graduation_project_ws/install/orbbec_camera_msgs/include/orbbec_camera_msgs/orbbec_camera_msgs/msg/detail/device_status__traits.hpp
[4.315s] -- Up-to-date: /home/meteor/ROS2/MickRobot/Graduation_project_ws/install/orbbec_camera_msgs/include/orbbec_camera_msgs/orbbec_camera_msgs/msg/detail/metadata__struct.hpp
[4.315s] -- Up-to-date: /home/meteor/ROS2/MickRobot/Graduation_project_ws/install/orbbec_camera_msgs/include/orbbec_camera_msgs/orbbec_camera_msgs/msg/detail/device_status__struct.hpp
[4.315s] -- Up-to-date: /home/meteor/ROS2/MickRobot/Graduation_project_ws/install/orbbec_camera_msgs/include/orbbec_camera_msgs/orbbec_camera_msgs/msg/detail/device_info__traits.hpp
[4.315s] -- Up-to-date: /home/meteor/ROS2/MickRobot/Graduation_project_ws/install/orbbec_camera_msgs/include/orbbec_camera_msgs/orbbec_camera_msgs/msg/detail/metadata__traits.hpp
[4.315s] -- Up-to-date: /home/meteor/ROS2/MickRobot/Graduation_project_ws/install/orbbec_camera_msgs/include/orbbec_camera_msgs/orbbec_camera_msgs/msg/detail/device_info__struct.hpp
[4.315s] -- Up-to-date: /home/meteor/ROS2/MickRobot/Graduation_project_ws/install/orbbec_camera_msgs/include/orbbec_camera_msgs/orbbec_camera_msgs/msg/detail/rgbd__traits.hpp
[4.315s] -- Up-to-date: /home/meteor/ROS2/MickRobot/Graduation_project_ws/install/orbbec_camera_msgs/include/orbbec_camera_msgs/orbbec_camera_msgs/msg/device_status.hpp
[4.315s] -- Up-to-date: /home/meteor/ROS2/MickRobot/Graduation_project_ws/install/orbbec_camera_msgs/include/orbbec_camera_msgs/orbbec_camera_msgs/msg/rosidl_generator_cpp__visibility_control.hpp
[4.315s] -- Up-to-date: /home/meteor/ROS2/MickRobot/Graduation_project_ws/install/orbbec_camera_msgs/include/orbbec_camera_msgs/orbbec_camera_msgs/msg/metadata.hpp
[4.315s] -- Up-to-date: /home/meteor/ROS2/MickRobot/Graduation_project_ws/install/orbbec_camera_msgs/include/orbbec_camera_msgs/orbbec_camera_msgs/msg/device_info.hpp
[4.315s] -- Up-to-date: /home/meteor/ROS2/MickRobot/Graduation_project_ws/install/orbbec_camera_msgs/include/orbbec_camera_msgs/orbbec_camera_msgs/msg/rgbd.hpp
[4.315s] -- Up-to-date: /home/meteor/ROS2/MickRobot/Graduation_project_ws/install/orbbec_camera_msgs/include/orbbec_camera_msgs/orbbec_camera_msgs/msg/imu_info.hpp
[4.315s] -- Up-to-date: /home/meteor/ROS2/MickRobot/Graduation_project_ws/install/orbbec_camera_msgs/include/orbbec_camera_msgs/orbbec_camera_msgs/msg/extrinsics.hpp
[4.315s] -- Up-to-date: /home/meteor/ROS2/MickRobot/Graduation_project_ws/install/orbbec_camera_msgs/include/orbbec_camera_msgs/orbbec_camera_msgs/srv
[4.315s] -- Up-to-date: /home/meteor/ROS2/MickRobot/Graduation_project_ws/install/orbbec_camera_msgs/include/orbbec_camera_msgs/orbbec_camera_msgs/srv/set_arrays.hpp
[4.315s] -- Up-to-date: /home/meteor/ROS2/MickRobot/Graduation_project_ws/install/orbbec_camera_msgs/include/orbbec_camera_msgs/orbbec_camera_msgs/srv/get_int32.hpp
[4.316s] -- Up-to-date: /home/meteor/ROS2/MickRobot/Graduation_project_ws/install/orbbec_camera_msgs/include/orbbec_camera_msgs/orbbec_camera_msgs/srv/get_string.hpp
[4.316s] -- Up-to-date: /home/meteor/ROS2/MickRobot/Graduation_project_ws/install/orbbec_camera_msgs/include/orbbec_camera_msgs/orbbec_camera_msgs/srv/detail
[4.316s] -- Up-to-date: /home/meteor/ROS2/MickRobot/Graduation_project_ws/install/orbbec_camera_msgs/include/orbbec_camera_msgs/orbbec_camera_msgs/srv/detail/set_string__traits.hpp
[4.316s] -- Up-to-date: /home/meteor/ROS2/MickRobot/Graduation_project_ws/install/orbbec_camera_msgs/include/orbbec_camera_msgs/orbbec_camera_msgs/srv/detail/set_user_calib_params__builder.hpp
[4.316s] -- Up-to-date: /home/meteor/ROS2/MickRobot/Graduation_project_ws/install/orbbec_camera_msgs/include/orbbec_camera_msgs/orbbec_camera_msgs/srv/detail/get_user_calib_params__traits.hpp
[4.316s] -- Up-to-date: /home/meteor/ROS2/MickRobot/Graduation_project_ws/install/orbbec_camera_msgs/include/orbbec_camera_msgs/orbbec_camera_msgs/srv/detail/set_filter__type_support.hpp
[4.316s] -- Up-to-date: /home/meteor/ROS2/MickRobot/Graduation_project_ws/install/orbbec_camera_msgs/include/orbbec_camera_msgs/orbbec_camera_msgs/srv/detail/set_arrays__struct.hpp
[4.316s] -- Up-to-date: /home/meteor/ROS2/MickRobot/Graduation_project_ws/install/orbbec_camera_msgs/include/orbbec_camera_msgs/orbbec_camera_msgs/srv/detail/set_int32__builder.hpp
[4.316s] -- Up-to-date: /home/meteor/ROS2/MickRobot/Graduation_project_ws/install/orbbec_camera_msgs/include/orbbec_camera_msgs/orbbec_camera_msgs/srv/detail/set_arrays__builder.hpp
[4.316s] -- Up-to-date: /home/meteor/ROS2/MickRobot/Graduation_project_ws/install/orbbec_camera_msgs/include/orbbec_camera_msgs/orbbec_camera_msgs/srv/detail/get_user_calib_params__struct.hpp
[4.316s] -- Up-to-date: /home/meteor/ROS2/MickRobot/Graduation_project_ws/install/orbbec_camera_msgs/include/orbbec_camera_msgs/orbbec_camera_msgs/srv/detail/get_device_info__type_support.hpp
[4.316s] -- Up-to-date: /home/meteor/ROS2/MickRobot/Graduation_project_ws/install/orbbec_camera_msgs/include/orbbec_camera_msgs/orbbec_camera_msgs/srv/detail/get_bool__builder.hpp
[4.316s] -- Up-to-date: /home/meteor/ROS2/MickRobot/Graduation_project_ws/install/orbbec_camera_msgs/include/orbbec_camera_msgs/orbbec_camera_msgs/srv/detail/set_string__builder.hpp
[4.316s] -- Up-to-date: /home/meteor/ROS2/MickRobot/Graduation_project_ws/install/orbbec_camera_msgs/include/orbbec_camera_msgs/orbbec_camera_msgs/srv/detail/get_user_calib_params__builder.hpp
[4.316s] -- Up-to-date: /home/meteor/ROS2/MickRobot/Graduation_project_ws/install/orbbec_camera_msgs/include/orbbec_camera_msgs/orbbec_camera_msgs/srv/detail/get_int32__struct.hpp
[4.316s] -- Up-to-date: /home/meteor/ROS2/MickRobot/Graduation_project_ws/install/orbbec_camera_msgs/include/orbbec_camera_msgs/orbbec_camera_msgs/srv/detail/get_int32__builder.hpp
[4.317s] -- Up-to-date: /home/meteor/ROS2/MickRobot/Graduation_project_ws/install/orbbec_camera_msgs/include/orbbec_camera_msgs/orbbec_camera_msgs/srv/detail/set_string__type_support.hpp
[4.317s] -- Up-to-date: /home/meteor/ROS2/MickRobot/Graduation_project_ws/install/orbbec_camera_msgs/include/orbbec_camera_msgs/orbbec_camera_msgs/srv/detail/get_string__type_support.hpp
[4.317s] -- Up-to-date: /home/meteor/ROS2/MickRobot/Graduation_project_ws/install/orbbec_camera_msgs/include/orbbec_camera_msgs/orbbec_camera_msgs/srv/detail/get_device_info__struct.hpp
[4.317s] -- Up-to-date: /home/meteor/ROS2/MickRobot/Graduation_project_ws/install/orbbec_camera_msgs/include/orbbec_camera_msgs/orbbec_camera_msgs/srv/detail/set_arrays__type_support.hpp
[4.317s] -- Up-to-date: /home/meteor/ROS2/MickRobot/Graduation_project_ws/install/orbbec_camera_msgs/include/orbbec_camera_msgs/orbbec_camera_msgs/srv/detail/set_int32__traits.hpp
[4.317s] -- Up-to-date: /home/meteor/ROS2/MickRobot/Graduation_project_ws/install/orbbec_camera_msgs/include/orbbec_camera_msgs/orbbec_camera_msgs/srv/detail/get_camera_info__struct.hpp
[4.317s] -- Up-to-date: /home/meteor/ROS2/MickRobot/Graduation_project_ws/install/orbbec_camera_msgs/include/orbbec_camera_msgs/orbbec_camera_msgs/srv/detail/set_int32__type_support.hpp
[4.317s] -- Up-to-date: /home/meteor/ROS2/MickRobot/Graduation_project_ws/install/orbbec_camera_msgs/include/orbbec_camera_msgs/orbbec_camera_msgs/srv/detail/set_string__struct.hpp
[4.317s] -- Up-to-date: /home/meteor/ROS2/MickRobot/Graduation_project_ws/install/orbbec_camera_msgs/include/orbbec_camera_msgs/orbbec_camera_msgs/srv/detail/get_camera_info__traits.hpp
[4.317s] -- Up-to-date: /home/meteor/ROS2/MickRobot/Graduation_project_ws/install/orbbec_camera_msgs/include/orbbec_camera_msgs/orbbec_camera_msgs/srv/detail/get_int32__traits.hpp
[4.317s] -- Up-to-date: /home/meteor/ROS2/MickRobot/Graduation_project_ws/install/orbbec_camera_msgs/include/orbbec_camera_msgs/orbbec_camera_msgs/srv/detail/get_bool__struct.hpp
[4.317s] -- Up-to-date: /home/meteor/ROS2/MickRobot/Graduation_project_ws/install/orbbec_camera_msgs/include/orbbec_camera_msgs/orbbec_camera_msgs/srv/detail/get_camera_info__type_support.hpp
[4.317s] -- Up-to-date: /home/meteor/ROS2/MickRobot/Graduation_project_ws/install/orbbec_camera_msgs/include/orbbec_camera_msgs/orbbec_camera_msgs/srv/detail/get_string__traits.hpp
[4.317s] -- Up-to-date: /home/meteor/ROS2/MickRobot/Graduation_project_ws/install/orbbec_camera_msgs/include/orbbec_camera_msgs/orbbec_camera_msgs/srv/detail/get_bool__traits.hpp
[4.317s] -- Up-to-date: /home/meteor/ROS2/MickRobot/Graduation_project_ws/install/orbbec_camera_msgs/include/orbbec_camera_msgs/orbbec_camera_msgs/srv/detail/set_user_calib_params__struct.hpp
[4.317s] -- Up-to-date: /home/meteor/ROS2/MickRobot/Graduation_project_ws/install/orbbec_camera_msgs/include/orbbec_camera_msgs/orbbec_camera_msgs/srv/detail/get_int32__type_support.hpp
[4.318s] -- Up-to-date: /home/meteor/ROS2/MickRobot/Graduation_project_ws/install/orbbec_camera_msgs/include/orbbec_camera_msgs/orbbec_camera_msgs/srv/detail/get_user_calib_params__type_support.hpp
[4.318s] -- Up-to-date: /home/meteor/ROS2/MickRobot/Graduation_project_ws/install/orbbec_camera_msgs/include/orbbec_camera_msgs/orbbec_camera_msgs/srv/detail/set_arrays__traits.hpp
[4.318s] -- Up-to-date: /home/meteor/ROS2/MickRobot/Graduation_project_ws/install/orbbec_camera_msgs/include/orbbec_camera_msgs/orbbec_camera_msgs/srv/detail/get_string__builder.hpp
[4.318s] -- Up-to-date: /home/meteor/ROS2/MickRobot/Graduation_project_ws/install/orbbec_camera_msgs/include/orbbec_camera_msgs/orbbec_camera_msgs/srv/detail/set_user_calib_params__traits.hpp
[4.318s] -- Up-to-date: /home/meteor/ROS2/MickRobot/Graduation_project_ws/install/orbbec_camera_msgs/include/orbbec_camera_msgs/orbbec_camera_msgs/srv/detail/set_filter__struct.hpp
[4.318s] -- Up-to-date: /home/meteor/ROS2/MickRobot/Graduation_project_ws/install/orbbec_camera_msgs/include/orbbec_camera_msgs/orbbec_camera_msgs/srv/detail/get_camera_info__builder.hpp
[4.318s] -- Up-to-date: /home/meteor/ROS2/MickRobot/Graduation_project_ws/install/orbbec_camera_msgs/include/orbbec_camera_msgs/orbbec_camera_msgs/srv/detail/set_user_calib_params__type_support.hpp
[4.318s] -- Up-to-date: /home/meteor/ROS2/MickRobot/Graduation_project_ws/install/orbbec_camera_msgs/include/orbbec_camera_msgs/orbbec_camera_msgs/srv/detail/get_bool__type_support.hpp
[4.318s] -- Up-to-date: /home/meteor/ROS2/MickRobot/Graduation_project_ws/install/orbbec_camera_msgs/include/orbbec_camera_msgs/orbbec_camera_msgs/srv/detail/set_filter__builder.hpp
[4.318s] -- Up-to-date: /home/meteor/ROS2/MickRobot/Graduation_project_ws/install/orbbec_camera_msgs/include/orbbec_camera_msgs/orbbec_camera_msgs/srv/detail/set_int32__struct.hpp
[4.318s] -- Up-to-date: /home/meteor/ROS2/MickRobot/Graduation_project_ws/install/orbbec_camera_msgs/include/orbbec_camera_msgs/orbbec_camera_msgs/srv/detail/get_device_info__builder.hpp
[4.318s] -- Up-to-date: /home/meteor/ROS2/MickRobot/Graduation_project_ws/install/orbbec_camera_msgs/include/orbbec_camera_msgs/orbbec_camera_msgs/srv/detail/get_device_info__traits.hpp
[4.318s] -- Up-to-date: /home/meteor/ROS2/MickRobot/Graduation_project_ws/install/orbbec_camera_msgs/include/orbbec_camera_msgs/orbbec_camera_msgs/srv/detail/set_filter__traits.hpp
[4.318s] -- Up-to-date: /home/meteor/ROS2/MickRobot/Graduation_project_ws/install/orbbec_camera_msgs/include/orbbec_camera_msgs/orbbec_camera_msgs/srv/detail/get_string__struct.hpp
[4.318s] -- Up-to-date: /home/meteor/ROS2/MickRobot/Graduation_project_ws/install/orbbec_camera_msgs/include/orbbec_camera_msgs/orbbec_camera_msgs/srv/get_device_info.hpp
[4.318s] -- Up-to-date: /home/meteor/ROS2/MickRobot/Graduation_project_ws/install/orbbec_camera_msgs/include/orbbec_camera_msgs/orbbec_camera_msgs/srv/set_int32.hpp
[4.319s] -- Up-to-date: /home/meteor/ROS2/MickRobot/Graduation_project_ws/install/orbbec_camera_msgs/include/orbbec_camera_msgs/orbbec_camera_msgs/srv/get_bool.hpp
[4.319s] -- Up-to-date: /home/meteor/ROS2/MickRobot/Graduation_project_ws/install/orbbec_camera_msgs/include/orbbec_camera_msgs/orbbec_camera_msgs/srv/set_user_calib_params.hpp
[4.319s] -- Up-to-date: /home/meteor/ROS2/MickRobot/Graduation_project_ws/install/orbbec_camera_msgs/include/orbbec_camera_msgs/orbbec_camera_msgs/srv/get_camera_info.hpp
[4.319s] -- Up-to-date: /home/meteor/ROS2/MickRobot/Graduation_project_ws/install/orbbec_camera_msgs/include/orbbec_camera_msgs/orbbec_camera_msgs/srv/get_user_calib_params.hpp
[4.319s] -- Up-to-date: /home/meteor/ROS2/MickRobot/Graduation_project_ws/install/orbbec_camera_msgs/include/orbbec_camera_msgs/orbbec_camera_msgs/srv/set_filter.hpp
[4.319s] -- Up-to-date: /home/meteor/ROS2/MickRobot/Graduation_project_ws/install/orbbec_camera_msgs/include/orbbec_camera_msgs/orbbec_camera_msgs/srv/set_string.hpp
[4.319s] -- Up-to-date: /home/meteor/ROS2/MickRobot/Graduation_project_ws/install/orbbec_camera_msgs/include/orbbec_camera_msgs/orbbec_camera_msgs
[4.319s] -- Up-to-date: /home/meteor/ROS2/MickRobot/Graduation_project_ws/install/orbbec_camera_msgs/include/orbbec_camera_msgs/orbbec_camera_msgs/msg
[4.319s] -- Up-to-date: /home/meteor/ROS2/MickRobot/Graduation_project_ws/install/orbbec_camera_msgs/include/orbbec_camera_msgs/orbbec_camera_msgs/msg/detail
[4.319s] -- Up-to-date: /home/meteor/ROS2/MickRobot/Graduation_project_ws/install/orbbec_camera_msgs/include/orbbec_camera_msgs/orbbec_camera_msgs/msg/detail/device_info__rosidl_typesupport_fastrtps_cpp.hpp
[4.319s] -- Up-to-date: /home/meteor/ROS2/MickRobot/Graduation_project_ws/install/orbbec_camera_msgs/include/orbbec_camera_msgs/orbbec_camera_msgs/msg/detail/imu_info__rosidl_typesupport_fastrtps_cpp.hpp
[4.319s] -- Up-to-date: /home/meteor/ROS2/MickRobot/Graduation_project_ws/install/orbbec_camera_msgs/include/orbbec_camera_msgs/orbbec_camera_msgs/msg/detail/extrinsics__rosidl_typesupport_fastrtps_cpp.hpp
[4.319s] -- Up-to-date: /home/meteor/ROS2/MickRobot/Graduation_project_ws/install/orbbec_camera_msgs/include/orbbec_camera_msgs/orbbec_camera_msgs/msg/detail/dds_fastrtps
[4.319s] -- Up-to-date: /home/meteor/ROS2/MickRobot/Graduation_project_ws/install/orbbec_camera_msgs/include/orbbec_camera_msgs/orbbec_camera_msgs/msg/detail/device_status__rosidl_typesupport_fastrtps_cpp.hpp
[4.319s] -- Up-to-date: /home/meteor/ROS2/MickRobot/Graduation_project_ws/install/orbbec_camera_msgs/include/orbbec_camera_msgs/orbbec_camera_msgs/msg/detail/metadata__rosidl_typesupport_fastrtps_cpp.hpp
[4.319s] -- Up-to-date: /home/meteor/ROS2/MickRobot/Graduation_project_ws/install/orbbec_camera_msgs/include/orbbec_camera_msgs/orbbec_camera_msgs/msg/detail/rgbd__rosidl_typesupport_fastrtps_cpp.hpp
[4.319s] -- Up-to-date: /home/meteor/ROS2/MickRobot/Graduation_project_ws/install/orbbec_camera_msgs/include/orbbec_camera_msgs/orbbec_camera_msgs/msg/rosidl_typesupport_fastrtps_cpp__visibility_control.h
[4.319s] -- Up-to-date: /home/meteor/ROS2/MickRobot/Graduation_project_ws/install/orbbec_camera_msgs/include/orbbec_camera_msgs/orbbec_camera_msgs/srv
[4.320s] -- Up-to-date: /home/meteor/ROS2/MickRobot/Graduation_project_ws/install/orbbec_camera_msgs/include/orbbec_camera_msgs/orbbec_camera_msgs/srv/detail
[4.320s] -- Up-to-date: /home/meteor/ROS2/MickRobot/Graduation_project_ws/install/orbbec_camera_msgs/include/orbbec_camera_msgs/orbbec_camera_msgs/srv/detail/set_string__rosidl_typesupport_fastrtps_cpp.hpp
[4.320s] -- Up-to-date: /home/meteor/ROS2/MickRobot/Graduation_project_ws/install/orbbec_camera_msgs/include/orbbec_camera_msgs/orbbec_camera_msgs/srv/detail/set_arrays__rosidl_typesupport_fastrtps_cpp.hpp
[4.320s] -- Up-to-date: /home/meteor/ROS2/MickRobot/Graduation_project_ws/install/orbbec_camera_msgs/include/orbbec_camera_msgs/orbbec_camera_msgs/srv/detail/get_device_info__rosidl_typesupport_fastrtps_cpp.hpp
[4.320s] -- Up-to-date: /home/meteor/ROS2/MickRobot/Graduation_project_ws/install/orbbec_camera_msgs/include/orbbec_camera_msgs/orbbec_camera_msgs/srv/detail/set_int32__rosidl_typesupport_fastrtps_cpp.hpp
[4.320s] -- Up-to-date: /home/meteor/ROS2/MickRobot/Graduation_project_ws/install/orbbec_camera_msgs/include/orbbec_camera_msgs/orbbec_camera_msgs/srv/detail/get_user_calib_params__rosidl_typesupport_fastrtps_cpp.hpp
[4.320s] -- Up-to-date: /home/meteor/ROS2/MickRobot/Graduation_project_ws/install/orbbec_camera_msgs/include/orbbec_camera_msgs/orbbec_camera_msgs/srv/detail/set_filter__rosidl_typesupport_fastrtps_cpp.hpp
[4.320s] -- Up-to-date: /home/meteor/ROS2/MickRobot/Graduation_project_ws/install/orbbec_camera_msgs/include/orbbec_camera_msgs/orbbec_camera_msgs/srv/detail/dds_fastrtps
[4.320s] -- Up-to-date: /home/meteor/ROS2/MickRobot/Graduation_project_ws/install/orbbec_camera_msgs/include/orbbec_camera_msgs/orbbec_camera_msgs/srv/detail/set_user_calib_params__rosidl_typesupport_fastrtps_cpp.hpp
[4.320s] -- Up-to-date: /home/meteor/ROS2/MickRobot/Graduation_project_ws/install/orbbec_camera_msgs/include/orbbec_camera_msgs/orbbec_camera_msgs/srv/detail/get_bool__rosidl_typesupport_fastrtps_cpp.hpp
[4.320s] -- Up-to-date: /home/meteor/ROS2/MickRobot/Graduation_project_ws/install/orbbec_camera_msgs/include/orbbec_camera_msgs/orbbec_camera_msgs/srv/detail/get_int32__rosidl_typesupport_fastrtps_cpp.hpp
[4.320s] -- Up-to-date: /home/meteor/ROS2/MickRobot/Graduation_project_ws/install/orbbec_camera_msgs/include/orbbec_camera_msgs/orbbec_camera_msgs/srv/detail/get_string__rosidl_typesupport_fastrtps_cpp.hpp
[4.320s] -- Up-to-date: /home/meteor/ROS2/MickRobot/Graduation_project_ws/install/orbbec_camera_msgs/include/orbbec_camera_msgs/orbbec_camera_msgs/srv/detail/get_camera_info__rosidl_typesupport_fastrtps_cpp.hpp
[4.320s] -- Up-to-date: /home/meteor/ROS2/MickRobot/Graduation_project_ws/install/orbbec_camera_msgs/lib/liborbbec_camera_msgs__rosidl_typesupport_fastrtps_cpp.so
[4.320s] -- Up-to-date: /home/meteor/ROS2/MickRobot/Graduation_project_ws/install/orbbec_camera_msgs/include/orbbec_camera_msgs/orbbec_camera_msgs
[4.320s] -- Up-to-date: /home/meteor/ROS2/MickRobot/Graduation_project_ws/install/orbbec_camera_msgs/include/orbbec_camera_msgs/orbbec_camera_msgs/msg
[4.321s] -- Up-to-date: /home/meteor/ROS2/MickRobot/Graduation_project_ws/install/orbbec_camera_msgs/include/orbbec_camera_msgs/orbbec_camera_msgs/msg/detail
[4.321s] -- Up-to-date: /home/meteor/ROS2/MickRobot/Graduation_project_ws/install/orbbec_camera_msgs/include/orbbec_camera_msgs/orbbec_camera_msgs/msg/detail/device_info__type_support.cpp
[4.321s] -- Up-to-date: /home/meteor/ROS2/MickRobot/Graduation_project_ws/install/orbbec_camera_msgs/include/orbbec_camera_msgs/orbbec_camera_msgs/msg/detail/metadata__rosidl_typesupport_introspection_cpp.hpp
[4.321s] -- Up-to-date: /home/meteor/ROS2/MickRobot/Graduation_project_ws/install/orbbec_camera_msgs/include/orbbec_camera_msgs/orbbec_camera_msgs/msg/detail/rgbd__type_support.cpp
[4.321s] -- Up-to-date: /home/meteor/ROS2/MickRobot/Graduation_project_ws/install/orbbec_camera_msgs/include/orbbec_camera_msgs/orbbec_camera_msgs/msg/detail/extrinsics__type_support.cpp
[4.321s] -- Up-to-date: /home/meteor/ROS2/MickRobot/Graduation_project_ws/install/orbbec_camera_msgs/include/orbbec_camera_msgs/orbbec_camera_msgs/msg/detail/imu_info__rosidl_typesupport_introspection_cpp.hpp
[4.321s] -- Up-to-date: /home/meteor/ROS2/MickRobot/Graduation_project_ws/install/orbbec_camera_msgs/include/orbbec_camera_msgs/orbbec_camera_msgs/msg/detail/metadata__type_support.cpp
[4.321s] -- Up-to-date: /home/meteor/ROS2/MickRobot/Graduation_project_ws/install/orbbec_camera_msgs/include/orbbec_camera_msgs/orbbec_camera_msgs/msg/detail/extrinsics__rosidl_typesupport_introspection_cpp.hpp
[4.321s] -- Up-to-date: /home/meteor/ROS2/MickRobot/Graduation_project_ws/install/orbbec_camera_msgs/include/orbbec_camera_msgs/orbbec_camera_msgs/msg/detail/device_info__rosidl_typesupport_introspection_cpp.hpp
[4.321s] -- Up-to-date: /home/meteor/ROS2/MickRobot/Graduation_project_ws/install/orbbec_camera_msgs/include/orbbec_camera_msgs/orbbec_camera_msgs/msg/detail/rgbd__rosidl_typesupport_introspection_cpp.hpp
[4.321s] -- Up-to-date: /home/meteor/ROS2/MickRobot/Graduation_project_ws/install/orbbec_camera_msgs/include/orbbec_camera_msgs/orbbec_camera_msgs/msg/detail/device_status__type_support.cpp
[4.321s] -- Up-to-date: /home/meteor/ROS2/MickRobot/Graduation_project_ws/install/orbbec_camera_msgs/include/orbbec_camera_msgs/orbbec_camera_msgs/msg/detail/imu_info__type_support.cpp
[4.321s] -- Up-to-date: /home/meteor/ROS2/MickRobot/Graduation_project_ws/install/orbbec_camera_msgs/include/orbbec_camera_msgs/orbbec_camera_msgs/msg/detail/device_status__rosidl_typesupport_introspection_cpp.hpp
[4.321s] -- Up-to-date: /home/meteor/ROS2/MickRobot/Graduation_project_ws/install/orbbec_camera_msgs/include/orbbec_camera_msgs/orbbec_camera_msgs/srv
[4.321s] -- Up-to-date: /home/meteor/ROS2/MickRobot/Graduation_project_ws/install/orbbec_camera_msgs/include/orbbec_camera_msgs/orbbec_camera_msgs/srv/detail
[4.321s] -- Up-to-date: /home/meteor/ROS2/MickRobot/Graduation_project_ws/install/orbbec_camera_msgs/include/orbbec_camera_msgs/orbbec_camera_msgs/srv/detail/set_int32__rosidl_typesupport_introspection_cpp.hpp
[4.322s] -- Up-to-date: /home/meteor/ROS2/MickRobot/Graduation_project_ws/install/orbbec_camera_msgs/include/orbbec_camera_msgs/orbbec_camera_msgs/srv/detail/get_camera_info__rosidl_typesupport_introspection_cpp.hpp
[4.322s] -- Up-to-date: /home/meteor/ROS2/MickRobot/Graduation_project_ws/install/orbbec_camera_msgs/include/orbbec_camera_msgs/orbbec_camera_msgs/srv/detail/get_user_calib_params__type_support.cpp
[4.322s] -- Up-to-date: /home/meteor/ROS2/MickRobot/Graduation_project_ws/install/orbbec_camera_msgs/include/orbbec_camera_msgs/orbbec_camera_msgs/srv/detail/get_camera_info__type_support.cpp
[4.322s] -- Up-to-date: /home/meteor/ROS2/MickRobot/Graduation_project_ws/install/orbbec_camera_msgs/include/orbbec_camera_msgs/orbbec_camera_msgs/srv/detail/set_filter__type_support.cpp
[4.322s] -- Up-to-date: /home/meteor/ROS2/MickRobot/Graduation_project_ws/install/orbbec_camera_msgs/include/orbbec_camera_msgs/orbbec_camera_msgs/srv/detail/get_int32__type_support.cpp
[4.322s] -- Up-to-date: /home/meteor/ROS2/MickRobot/Graduation_project_ws/install/orbbec_camera_msgs/include/orbbec_camera_msgs/orbbec_camera_msgs/srv/detail/set_filter__rosidl_typesupport_introspection_cpp.hpp
[4.322s] -- Up-to-date: /home/meteor/ROS2/MickRobot/Graduation_project_ws/install/orbbec_camera_msgs/include/orbbec_camera_msgs/orbbec_camera_msgs/srv/detail/get_device_info__rosidl_typesupport_introspection_cpp.hpp
[4.322s] -- Up-to-date: /home/meteor/ROS2/MickRobot/Graduation_project_ws/install/orbbec_camera_msgs/include/orbbec_camera_msgs/orbbec_camera_msgs/srv/detail/get_string__rosidl_typesupport_introspection_cpp.hpp
[4.322s] -- Up-to-date: /home/meteor/ROS2/MickRobot/Graduation_project_ws/install/orbbec_camera_msgs/include/orbbec_camera_msgs/orbbec_camera_msgs/srv/detail/set_arrays__type_support.cpp
[4.322s] -- Up-to-date: /home/meteor/ROS2/MickRobot/Graduation_project_ws/install/orbbec_camera_msgs/include/orbbec_camera_msgs/orbbec_camera_msgs/srv/detail/get_bool__type_support.cpp
[4.322s] -- Up-to-date: /home/meteor/ROS2/MickRobot/Graduation_project_ws/install/orbbec_camera_msgs/include/orbbec_camera_msgs/orbbec_camera_msgs/srv/detail/get_bool__rosidl_typesupport_introspection_cpp.hpp
[4.322s] -- Up-to-date: /home/meteor/ROS2/MickRobot/Graduation_project_ws/install/orbbec_camera_msgs/include/orbbec_camera_msgs/orbbec_camera_msgs/srv/detail/get_int32__rosidl_typesupport_introspection_cpp.hpp
[4.322s] -- Up-to-date: /home/meteor/ROS2/MickRobot/Graduation_project_ws/install/orbbec_camera_msgs/include/orbbec_camera_msgs/orbbec_camera_msgs/srv/detail/set_user_calib_params__type_support.cpp
[4.322s] -- Up-to-date: /home/meteor/ROS2/MickRobot/Graduation_project_ws/install/orbbec_camera_msgs/include/orbbec_camera_msgs/orbbec_camera_msgs/srv/detail/get_string__type_support.cpp
[4.322s] -- Up-to-date: /home/meteor/ROS2/MickRobot/Graduation_project_ws/install/orbbec_camera_msgs/include/orbbec_camera_msgs/orbbec_camera_msgs/srv/detail/set_string__rosidl_typesupport_introspection_cpp.hpp
[4.322s] -- Up-to-date: /home/meteor/ROS2/MickRobot/Graduation_project_ws/install/orbbec_camera_msgs/include/orbbec_camera_msgs/orbbec_camera_msgs/srv/detail/get_user_calib_params__rosidl_typesupport_introspection_cpp.hpp
[4.322s] -- Up-to-date: /home/meteor/ROS2/MickRobot/Graduation_project_ws/install/orbbec_camera_msgs/include/orbbec_camera_msgs/orbbec_camera_msgs/srv/detail/set_string__type_support.cpp
[4.322s] -- Up-to-date: /home/meteor/ROS2/MickRobot/Graduation_project_ws/install/orbbec_camera_msgs/include/orbbec_camera_msgs/orbbec_camera_msgs/srv/detail/get_device_info__type_support.cpp
[4.322s] -- Up-to-date: /home/meteor/ROS2/MickRobot/Graduation_project_ws/install/orbbec_camera_msgs/include/orbbec_camera_msgs/orbbec_camera_msgs/srv/detail/set_int32__type_support.cpp
[4.322s] -- Up-to-date: /home/meteor/ROS2/MickRobot/Graduation_project_ws/install/orbbec_camera_msgs/include/orbbec_camera_msgs/orbbec_camera_msgs/srv/detail/set_user_calib_params__rosidl_typesupport_introspection_cpp.hpp
[4.323s] -- Up-to-date: /home/meteor/ROS2/MickRobot/Graduation_project_ws/install/orbbec_camera_msgs/include/orbbec_camera_msgs/orbbec_camera_msgs/srv/detail/set_arrays__rosidl_typesupport_introspection_cpp.hpp
[4.323s] -- Up-to-date: /home/meteor/ROS2/MickRobot/Graduation_project_ws/install/orbbec_camera_msgs/lib/liborbbec_camera_msgs__rosidl_typesupport_introspection_cpp.so
[4.323s] -- Up-to-date: /home/meteor/ROS2/MickRobot/Graduation_project_ws/install/orbbec_camera_msgs/lib/liborbbec_camera_msgs__rosidl_typesupport_cpp.so
[4.323s] -- Up-to-date: /home/meteor/ROS2/MickRobot/Graduation_project_ws/install/orbbec_camera_msgs/share/orbbec_camera_msgs/environment/pythonpath.sh
[4.323s] -- Up-to-date: /home/meteor/ROS2/MickRobot/Graduation_project_ws/install/orbbec_camera_msgs/share/orbbec_camera_msgs/environment/pythonpath.dsv
[4.323s] -- Up-to-date: /home/meteor/ROS2/MickRobot/Graduation_project_ws/install/orbbec_camera_msgs/local/lib/python3.10/dist-packages/orbbec_camera_msgs-2.7.6-py3.10.egg-info
[4.323s] -- Installing: /home/meteor/ROS2/MickRobot/Graduation_project_ws/install/orbbec_camera_msgs/local/lib/python3.10/dist-packages/orbbec_camera_msgs-2.7.6-py3.10.egg-info/dependency_links.txt
[4.323s] -- Installing: /home/meteor/ROS2/MickRobot/Graduation_project_ws/install/orbbec_camera_msgs/local/lib/python3.10/dist-packages/orbbec_camera_msgs-2.7.6-py3.10.egg-info/PKG-INFO
[4.323s] -- Installing: /home/meteor/ROS2/MickRobot/Graduation_project_ws/install/orbbec_camera_msgs/local/lib/python3.10/dist-packages/orbbec_camera_msgs-2.7.6-py3.10.egg-info/SOURCES.txt
[4.323s] -- Installing: /home/meteor/ROS2/MickRobot/Graduation_project_ws/install/orbbec_camera_msgs/local/lib/python3.10/dist-packages/orbbec_camera_msgs-2.7.6-py3.10.egg-info/top_level.txt
[4.323s] -- Up-to-date: /home/meteor/ROS2/MickRobot/Graduation_project_ws/install/orbbec_camera_msgs/local/lib/python3.10/dist-packages/orbbec_camera_msgs
[4.323s] -- Up-to-date: /home/meteor/ROS2/MickRobot/Graduation_project_ws/install/orbbec_camera_msgs/local/lib/python3.10/dist-packages/orbbec_camera_msgs/liborbbec_camera_msgs__rosidl_generator_py.so
[4.323s] -- Up-to-date: /home/meteor/ROS2/MickRobot/Graduation_project_ws/install/orbbec_camera_msgs/local/lib/python3.10/dist-packages/orbbec_camera_msgs/orbbec_camera_msgs_s__rosidl_typesupport_c.cpython-310-x86_64-linux-gnu.so
[4.323s] -- Up-to-date: /home/meteor/ROS2/MickRobot/Graduation_project_ws/install/orbbec_camera_msgs/local/lib/python3.10/dist-packages/orbbec_camera_msgs/_orbbec_camera_msgs_s.ep.rosidl_typesupport_c.c
[4.323s] -- Up-to-date: /home/meteor/ROS2/MickRobot/Graduation_project_ws/install/orbbec_camera_msgs/local/lib/python3.10/dist-packages/orbbec_camera_msgs/msg
[4.323s] -- Up-to-date: /home/meteor/ROS2/MickRobot/Graduation_project_ws/install/orbbec_camera_msgs/local/lib/python3.10/dist-packages/orbbec_camera_msgs/msg/_device_status_s.c
[4.324s] -- Up-to-date: /home/meteor/ROS2/MickRobot/Graduation_project_ws/install/orbbec_camera_msgs/local/lib/python3.10/dist-packages/orbbec_camera_msgs/msg/_device_status.py
[4.324s] -- Up-to-date: /home/meteor/ROS2/MickRobot/Graduation_project_ws/install/orbbec_camera_msgs/local/lib/python3.10/dist-packages/orbbec_camera_msgs/msg/_device_info.py
[4.324s] -- Up-to-date: /home/meteor/ROS2/MickRobot/Graduation_project_ws/install/orbbec_camera_msgs/local/lib/python3.10/dist-packages/orbbec_camera_msgs/msg/_imu_info_s.c
[4.324s] -- Up-to-date: /home/meteor/ROS2/MickRobot/Graduation_project_ws/install/orbbec_camera_msgs/local/lib/python3.10/dist-packages/orbbec_camera_msgs/msg/_rgbd_s.c
[4.324s] -- Up-to-date: /home/meteor/ROS2/MickRobot/Graduation_project_ws/install/orbbec_camera_msgs/local/lib/python3.10/dist-packages/orbbec_camera_msgs/msg/_rgbd.py
[4.324s] -- Up-to-date: /home/meteor/ROS2/MickRobot/Graduation_project_ws/install/orbbec_camera_msgs/local/lib/python3.10/dist-packages/orbbec_camera_msgs/msg/_extrinsics_s.c
[4.324s] -- Up-to-date: /home/meteor/ROS2/MickRobot/Graduation_project_ws/install/orbbec_camera_msgs/local/lib/python3.10/dist-packages/orbbec_camera_msgs/msg/_device_info_s.c
[4.324s] -- Up-to-date: /home/meteor/ROS2/MickRobot/Graduation_project_ws/install/orbbec_camera_msgs/local/lib/python3.10/dist-packages/orbbec_camera_msgs/msg/_extrinsics.py
[4.324s] -- Up-to-date: /home/meteor/ROS2/MickRobot/Graduation_project_ws/install/orbbec_camera_msgs/local/lib/python3.10/dist-packages/orbbec_camera_msgs/msg/__init__.py
[4.324s] -- Up-to-date: /home/meteor/ROS2/MickRobot/Graduation_project_ws/install/orbbec_camera_msgs/local/lib/python3.10/dist-packages/orbbec_camera_msgs/msg/_metadata_s.c
[4.324s] -- Up-to-date: /home/meteor/ROS2/MickRobot/Graduation_project_ws/install/orbbec_camera_msgs/local/lib/python3.10/dist-packages/orbbec_camera_msgs/msg/_imu_info.py
[4.324s] -- Up-to-date: /home/meteor/ROS2/MickRobot/Graduation_project_ws/install/orbbec_camera_msgs/local/lib/python3.10/dist-packages/orbbec_camera_msgs/msg/_metadata.py
[4.324s] -- Up-to-date: /home/meteor/ROS2/MickRobot/Graduation_project_ws/install/orbbec_camera_msgs/local/lib/python3.10/dist-packages/orbbec_camera_msgs/_orbbec_camera_msgs_s.ep.rosidl_typesupport_fastrtps_c.c
[4.324s] -- Up-to-date: /home/meteor/ROS2/MickRobot/Graduation_project_ws/install/orbbec_camera_msgs/local/lib/python3.10/dist-packages/orbbec_camera_msgs/srv
[4.325s] -- Up-to-date: /home/meteor/ROS2/MickRobot/Graduation_project_ws/install/orbbec_camera_msgs/local/lib/python3.10/dist-packages/orbbec_camera_msgs/srv/_set_arrays_s.c
[4.325s] -- Up-to-date: /home/meteor/ROS2/MickRobot/Graduation_project_ws/install/orbbec_camera_msgs/local/lib/python3.10/dist-packages/orbbec_camera_msgs/srv/_set_filter_s.c
[4.325s] -- Up-to-date: /home/meteor/ROS2/MickRobot/Graduation_project_ws/install/orbbec_camera_msgs/local/lib/python3.10/dist-packages/orbbec_camera_msgs/srv/_get_user_calib_params_s.c
[4.325s] -- Up-to-date: /home/meteor/ROS2/MickRobot/Graduation_project_ws/install/orbbec_camera_msgs/local/lib/python3.10/dist-packages/orbbec_camera_msgs/srv/_get_user_calib_params.py
[4.325s] -- Up-to-date: /home/meteor/ROS2/MickRobot/Graduation_project_ws/install/orbbec_camera_msgs/local/lib/python3.10/dist-packages/orbbec_camera_msgs/srv/_get_bool.py
[4.325s] -- Up-to-date: /home/meteor/ROS2/MickRobot/Graduation_project_ws/install/orbbec_camera_msgs/local/lib/python3.10/dist-packages/orbbec_camera_msgs/srv/_get_string_s.c
[4.325s] -- Up-to-date: /home/meteor/ROS2/MickRobot/Graduation_project_ws/install/orbbec_camera_msgs/local/lib/python3.10/dist-packages/orbbec_camera_msgs/srv/_set_arrays.py
[4.325s] -- Up-to-date: /home/meteor/ROS2/MickRobot/Graduation_project_ws/install/orbbec_camera_msgs/local/lib/python3.10/dist-packages/orbbec_camera_msgs/srv/_get_device_info.py
[4.325s] -- Up-to-date: /home/meteor/ROS2/MickRobot/Graduation_project_ws/install/orbbec_camera_msgs/local/lib/python3.10/dist-packages/orbbec_camera_msgs/srv/_set_user_calib_params_s.c
[4.325s] -- Up-to-date: /home/meteor/ROS2/MickRobot/Graduation_project_ws/install/orbbec_camera_msgs/local/lib/python3.10/dist-packages/orbbec_camera_msgs/srv/_get_device_info_s.c
[4.325s] -- Up-to-date: /home/meteor/ROS2/MickRobot/Graduation_project_ws/install/orbbec_camera_msgs/local/lib/python3.10/dist-packages/orbbec_camera_msgs/srv/_set_int32_s.c
[4.325s] -- Up-to-date: /home/meteor/ROS2/MickRobot/Graduation_project_ws/install/orbbec_camera_msgs/local/lib/python3.10/dist-packages/orbbec_camera_msgs/srv/_get_string.py
[4.325s] -- Up-to-date: /home/meteor/ROS2/MickRobot/Graduation_project_ws/install/orbbec_camera_msgs/local/lib/python3.10/dist-packages/orbbec_camera_msgs/srv/_set_filter.py
[4.325s] -- Up-to-date: /home/meteor/ROS2/MickRobot/Graduation_project_ws/install/orbbec_camera_msgs/local/lib/python3.10/dist-packages/orbbec_camera_msgs/srv/_get_int32.py
[4.325s] -- Up-to-date: /home/meteor/ROS2/MickRobot/Graduation_project_ws/install/orbbec_camera_msgs/local/lib/python3.10/dist-packages/orbbec_camera_msgs/srv/_set_user_calib_params.py
[4.326s] -- Up-to-date: /home/meteor/ROS2/MickRobot/Graduation_project_ws/install/orbbec_camera_msgs/local/lib/python3.10/dist-packages/orbbec_camera_msgs/srv/_set_int32.py
[4.326s] -- Up-to-date: /home/meteor/ROS2/MickRobot/Graduation_project_ws/install/orbbec_camera_msgs/local/lib/python3.10/dist-packages/orbbec_camera_msgs/srv/__init__.py
[4.326s] -- Up-to-date: /home/meteor/ROS2/MickRobot/Graduation_project_ws/install/orbbec_camera_msgs/local/lib/python3.10/dist-packages/orbbec_camera_msgs/srv/_get_camera_info_s.c
[4.326s] -- Up-to-date: /home/meteor/ROS2/MickRobot/Graduation_project_ws/install/orbbec_camera_msgs/local/lib/python3.10/dist-packages/orbbec_camera_msgs/srv/_set_string.py
[4.326s] -- Up-to-date: /home/meteor/ROS2/MickRobot/Graduation_project_ws/install/orbbec_camera_msgs/local/lib/python3.10/dist-packages/orbbec_camera_msgs/srv/_get_camera_info.py
[4.326s] -- Up-to-date: /home/meteor/ROS2/MickRobot/Graduation_project_ws/install/orbbec_camera_msgs/local/lib/python3.10/dist-packages/orbbec_camera_msgs/srv/_get_bool_s.c
[4.326s] -- Up-to-date: /home/meteor/ROS2/MickRobot/Graduation_project_ws/install/orbbec_camera_msgs/local/lib/python3.10/dist-packages/orbbec_camera_msgs/srv/_get_int32_s.c
[4.326s] -- Up-to-date: /home/meteor/ROS2/MickRobot/Graduation_project_ws/install/orbbec_camera_msgs/local/lib/python3.10/dist-packages/orbbec_camera_msgs/srv/_set_string_s.c
[4.326s] -- Up-to-date: /home/meteor/ROS2/MickRobot/Graduation_project_ws/install/orbbec_camera_msgs/local/lib/python3.10/dist-packages/orbbec_camera_msgs/__init__.py
[4.326s] -- Up-to-date: /home/meteor/ROS2/MickRobot/Graduation_project_ws/install/orbbec_camera_msgs/local/lib/python3.10/dist-packages/orbbec_camera_msgs/orbbec_camera_msgs_s__rosidl_typesupport_introspection_c.cpython-310-x86_64-linux-gnu.so
[4.326s] -- Up-to-date: /home/meteor/ROS2/MickRobot/Graduation_project_ws/install/orbbec_camera_msgs/local/lib/python3.10/dist-packages/orbbec_camera_msgs/_orbbec_camera_msgs_s.ep.rosidl_typesupport_introspection_c.c
[4.326s] -- Up-to-date: /home/meteor/ROS2/MickRobot/Graduation_project_ws/install/orbbec_camera_msgs/local/lib/python3.10/dist-packages/orbbec_camera_msgs/orbbec_camera_msgs_s__rosidl_typesupport_fastrtps_c.cpython-310-x86_64-linux-gnu.so
[4.403s] Listing '/home/meteor/ROS2/MickRobot/Graduation_project_ws/install/orbbec_camera_msgs/local/lib/python3.10/dist-packages/orbbec_camera_msgs'...
[4.404s] Listing '/home/meteor/ROS2/MickRobot/Graduation_project_ws/install/orbbec_camera_msgs/local/lib/python3.10/dist-packages/orbbec_camera_msgs/msg'...
[4.404s] Listing '/home/meteor/ROS2/MickRobot/Graduation_project_ws/install/orbbec_camera_msgs/local/lib/python3.10/dist-packages/orbbec_camera_msgs/srv'...
[4.419s] -- Up-to-date: /home/meteor/ROS2/MickRobot/Graduation_project_ws/install/orbbec_camera_msgs/local/lib/python3.10/dist-packages/orbbec_camera_msgs/orbbec_camera_msgs_s__rosidl_typesupport_fastrtps_c.cpython-310-x86_64-linux-gnu.so
[4.420s] -- Up-to-date: /home/meteor/ROS2/MickRobot/Graduation_project_ws/install/orbbec_camera_msgs/local/lib/python3.10/dist-packages/orbbec_camera_msgs/orbbec_camera_msgs_s__rosidl_typesupport_introspection_c.cpython-310-x86_64-linux-gnu.so
[4.422s] -- Up-to-date: /home/meteor/ROS2/MickRobot/Graduation_project_ws/install/orbbec_camera_msgs/local/lib/python3.10/dist-packages/orbbec_camera_msgs/orbbec_camera_msgs_s__rosidl_typesupport_c.cpython-310-x86_64-linux-gnu.so
[4.423s] -- Up-to-date: /home/meteor/ROS2/MickRobot/Graduation_project_ws/install/orbbec_camera_msgs/lib/liborbbec_camera_msgs__rosidl_generator_py.so
[4.424s] -- Up-to-date: /home/meteor/ROS2/MickRobot/Graduation_project_ws/install/orbbec_camera_msgs/share/orbbec_camera_msgs/msg/DeviceInfo.idl
[4.424s] -- Up-to-date: /home/meteor/ROS2/MickRobot/Graduation_project_ws/install/orbbec_camera_msgs/share/orbbec_camera_msgs/msg/DeviceStatus.idl
[4.424s] -- Up-to-date: /home/meteor/ROS2/MickRobot/Graduation_project_ws/install/orbbec_camera_msgs/share/orbbec_camera_msgs/msg/Extrinsics.idl
[4.424s] -- Up-to-date: /home/meteor/ROS2/MickRobot/Graduation_project_ws/install/orbbec_camera_msgs/share/orbbec_camera_msgs/msg/Metadata.idl
[4.425s] -- Up-to-date: /home/meteor/ROS2/MickRobot/Graduation_project_ws/install/orbbec_camera_msgs/share/orbbec_camera_msgs/msg/IMUInfo.idl
[4.425s] -- Up-to-date: /home/meteor/ROS2/MickRobot/Graduation_project_ws/install/orbbec_camera_msgs/share/orbbec_camera_msgs/msg/RGBD.idl
[4.425s] -- Up-to-date: /home/meteor/ROS2/MickRobot/Graduation_project_ws/install/orbbec_camera_msgs/share/orbbec_camera_msgs/srv/GetBool.idl
[4.425s] -- Up-to-date: /home/meteor/ROS2/MickRobot/Graduation_project_ws/install/orbbec_camera_msgs/share/orbbec_camera_msgs/srv/GetDeviceInfo.idl
[4.425s] -- Up-to-date: /home/meteor/ROS2/MickRobot/Graduation_project_ws/install/orbbec_camera_msgs/share/orbbec_camera_msgs/srv/GetCameraInfo.idl
[4.425s] -- Up-to-date: /home/meteor/ROS2/MickRobot/Graduation_project_ws/install/orbbec_camera_msgs/share/orbbec_camera_msgs/srv/GetInt32.idl
[4.425s] -- Up-to-date: /home/meteor/ROS2/MickRobot/Graduation_project_ws/install/orbbec_camera_msgs/share/orbbec_camera_msgs/srv/GetString.idl
[4.425s] -- Up-to-date: /home/meteor/ROS2/MickRobot/Graduation_project_ws/install/orbbec_camera_msgs/share/orbbec_camera_msgs/srv/SetFilter.idl
[4.425s] -- Up-to-date: /home/meteor/ROS2/MickRobot/Graduation_project_ws/install/orbbec_camera_msgs/share/orbbec_camera_msgs/srv/SetInt32.idl
[4.425s] -- Up-to-date: /home/meteor/ROS2/MickRobot/Graduation_project_ws/install/orbbec_camera_msgs/share/orbbec_camera_msgs/srv/SetString.idl
[4.425s] -- Up-to-date: /home/meteor/ROS2/MickRobot/Graduation_project_ws/install/orbbec_camera_msgs/share/orbbec_camera_msgs/srv/SetArrays.idl
[4.426s] -- Up-to-date: /home/meteor/ROS2/MickRobot/Graduation_project_ws/install/orbbec_camera_msgs/share/orbbec_camera_msgs/srv/GetUserCalibParams.idl
[4.426s] -- Up-to-date: /home/meteor/ROS2/MickRobot/Graduation_project_ws/install/orbbec_camera_msgs/share/orbbec_camera_msgs/srv/SetUserCalibParams.idl
[4.426s] -- Up-to-date: /home/meteor/ROS2/MickRobot/Graduation_project_ws/install/orbbec_camera_msgs/share/orbbec_camera_msgs/msg/DeviceInfo.msg
[4.426s] -- Up-to-date: /home/meteor/ROS2/MickRobot/Graduation_project_ws/install/orbbec_camera_msgs/share/orbbec_camera_msgs/msg/DeviceStatus.msg
[4.426s] -- Up-to-date: /home/meteor/ROS2/MickRobot/Graduation_project_ws/install/orbbec_camera_msgs/share/orbbec_camera_msgs/msg/Extrinsics.msg
[4.426s] -- Up-to-date: /home/meteor/ROS2/MickRobot/Graduation_project_ws/install/orbbec_camera_msgs/share/orbbec_camera_msgs/msg/Metadata.msg
[4.426s] -- Up-to-date: /home/meteor/ROS2/MickRobot/Graduation_project_ws/install/orbbec_camera_msgs/share/orbbec_camera_msgs/msg/IMUInfo.msg
[4.426s] -- Up-to-date: /home/meteor/ROS2/MickRobot/Graduation_project_ws/install/orbbec_camera_msgs/share/orbbec_camera_msgs/msg/RGBD.msg
[4.426s] -- Up-to-date: /home/meteor/ROS2/MickRobot/Graduation_project_ws/install/orbbec_camera_msgs/share/orbbec_camera_msgs/srv/GetBool.srv
[4.426s] -- Up-to-date: /home/meteor/ROS2/MickRobot/Graduation_project_ws/install/orbbec_camera_msgs/share/orbbec_camera_msgs/srv/GetBool_Request.msg
[4.426s] -- Up-to-date: /home/meteor/ROS2/MickRobot/Graduation_project_ws/install/orbbec_camera_msgs/share/orbbec_camera_msgs/srv/GetBool_Response.msg
[4.426s] -- Up-to-date: /home/meteor/ROS2/MickRobot/Graduation_project_ws/install/orbbec_camera_msgs/share/orbbec_camera_msgs/srv/GetDeviceInfo.srv
[4.426s] -- Up-to-date: /home/meteor/ROS2/MickRobot/Graduation_project_ws/install/orbbec_camera_msgs/share/orbbec_camera_msgs/srv/GetDeviceInfo_Request.msg
[4.426s] -- Up-to-date: /home/meteor/ROS2/MickRobot/Graduation_project_ws/install/orbbec_camera_msgs/share/orbbec_camera_msgs/srv/GetDeviceInfo_Response.msg
[4.427s] -- Up-to-date: /home/meteor/ROS2/MickRobot/Graduation_project_ws/install/orbbec_camera_msgs/share/orbbec_camera_msgs/srv/GetCameraInfo.srv
[4.427s] -- Up-to-date: /home/meteor/ROS2/MickRobot/Graduation_project_ws/install/orbbec_camera_msgs/share/orbbec_camera_msgs/srv/GetCameraInfo_Request.msg
[4.427s] -- Up-to-date: /home/meteor/ROS2/MickRobot/Graduation_project_ws/install/orbbec_camera_msgs/share/orbbec_camera_msgs/srv/GetCameraInfo_Response.msg
[4.427s] -- Up-to-date: /home/meteor/ROS2/MickRobot/Graduation_project_ws/install/orbbec_camera_msgs/share/orbbec_camera_msgs/srv/GetInt32.srv
[4.427s] -- Up-to-date: /home/meteor/ROS2/MickRobot/Graduation_project_ws/install/orbbec_camera_msgs/share/orbbec_camera_msgs/srv/GetInt32_Request.msg
[4.427s] -- Up-to-date: /home/meteor/ROS2/MickRobot/Graduation_project_ws/install/orbbec_camera_msgs/share/orbbec_camera_msgs/srv/GetInt32_Response.msg
[4.427s] -- Up-to-date: /home/meteor/ROS2/MickRobot/Graduation_project_ws/install/orbbec_camera_msgs/share/orbbec_camera_msgs/srv/GetString.srv
[4.427s] -- Up-to-date: /home/meteor/ROS2/MickRobot/Graduation_project_ws/install/orbbec_camera_msgs/share/orbbec_camera_msgs/srv/GetString_Request.msg
[4.427s] -- Up-to-date: /home/meteor/ROS2/MickRobot/Graduation_project_ws/install/orbbec_camera_msgs/share/orbbec_camera_msgs/srv/GetString_Response.msg
[4.427s] -- Up-to-date: /home/meteor/ROS2/MickRobot/Graduation_project_ws/install/orbbec_camera_msgs/share/orbbec_camera_msgs/srv/SetFilter.srv
[4.427s] -- Up-to-date: /home/meteor/ROS2/MickRobot/Graduation_project_ws/install/orbbec_camera_msgs/share/orbbec_camera_msgs/srv/SetFilter_Request.msg
[4.428s] -- Up-to-date: /home/meteor/ROS2/MickRobot/Graduation_project_ws/install/orbbec_camera_msgs/share/orbbec_camera_msgs/srv/SetFilter_Response.msg
[4.428s] -- Up-to-date: /home/meteor/ROS2/MickRobot/Graduation_project_ws/install/orbbec_camera_msgs/share/orbbec_camera_msgs/srv/SetInt32.srv
[4.428s] -- Up-to-date: /home/meteor/ROS2/MickRobot/Graduation_project_ws/install/orbbec_camera_msgs/share/orbbec_camera_msgs/srv/SetInt32_Request.msg
[4.428s] -- Up-to-date: /home/meteor/ROS2/MickRobot/Graduation_project_ws/install/orbbec_camera_msgs/share/orbbec_camera_msgs/srv/SetInt32_Response.msg
[4.428s] -- Up-to-date: /home/meteor/ROS2/MickRobot/Graduation_project_ws/install/orbbec_camera_msgs/share/orbbec_camera_msgs/srv/SetString.srv
[4.428s] -- Up-to-date: /home/meteor/ROS2/MickRobot/Graduation_project_ws/install/orbbec_camera_msgs/share/orbbec_camera_msgs/srv/SetString_Request.msg
[4.428s] -- Up-to-date: /home/meteor/ROS2/MickRobot/Graduation_project_ws/install/orbbec_camera_msgs/share/orbbec_camera_msgs/srv/SetString_Response.msg
[4.428s] -- Up-to-date: /home/meteor/ROS2/MickRobot/Graduation_project_ws/install/orbbec_camera_msgs/share/orbbec_camera_msgs/srv/SetArrays.srv
[4.428s] -- Up-to-date: /home/meteor/ROS2/MickRobot/Graduation_project_ws/install/orbbec_camera_msgs/share/orbbec_camera_msgs/srv/SetArrays_Request.msg
[4.428s] -- Up-to-date: /home/meteor/ROS2/MickRobot/Graduation_project_ws/install/orbbec_camera_msgs/share/orbbec_camera_msgs/srv/SetArrays_Response.msg
[4.428s] -- Up-to-date: /home/meteor/ROS2/MickRobot/Graduation_project_ws/install/orbbec_camera_msgs/share/orbbec_camera_msgs/srv/GetUserCalibParams.srv
[4.429s] -- Up-to-date: /home/meteor/ROS2/MickRobot/Graduation_project_ws/install/orbbec_camera_msgs/share/orbbec_camera_msgs/srv/GetUserCalibParams_Request.msg
[4.429s] -- Up-to-date: /home/meteor/ROS2/MickRobot/Graduation_project_ws/install/orbbec_camera_msgs/share/orbbec_camera_msgs/srv/GetUserCalibParams_Response.msg
[4.429s] -- Up-to-date: /home/meteor/ROS2/MickRobot/Graduation_project_ws/install/orbbec_camera_msgs/share/orbbec_camera_msgs/srv/SetUserCalibParams.srv
[4.429s] -- Up-to-date: /home/meteor/ROS2/MickRobot/Graduation_project_ws/install/orbbec_camera_msgs/share/orbbec_camera_msgs/srv/SetUserCalibParams_Request.msg
[4.429s] -- Up-to-date: /home/meteor/ROS2/MickRobot/Graduation_project_ws/install/orbbec_camera_msgs/share/orbbec_camera_msgs/srv/SetUserCalibParams_Response.msg
[4.429s] -- Up-to-date: /home/meteor/ROS2/MickRobot/Graduation_project_ws/install/orbbec_camera_msgs/share/ament_index/resource_index/package_run_dependencies/orbbec_camera_msgs
[4.429s] -- Up-to-date: /home/meteor/ROS2/MickRobot/Graduation_project_ws/install/orbbec_camera_msgs/share/ament_index/resource_index/parent_prefix_path/orbbec_camera_msgs
[4.429s] -- Up-to-date: /home/meteor/ROS2/MickRobot/Graduation_project_ws/install/orbbec_camera_msgs/share/orbbec_camera_msgs/environment/ament_prefix_path.sh
[4.429s] -- Up-to-date: /home/meteor/ROS2/MickRobot/Graduation_project_ws/install/orbbec_camera_msgs/share/orbbec_camera_msgs/environment/ament_prefix_path.dsv
[4.429s] -- Up-to-date: /home/meteor/ROS2/MickRobot/Graduation_project_ws/install/orbbec_camera_msgs/share/orbbec_camera_msgs/environment/path.sh
[4.430s] -- Up-to-date: /home/meteor/ROS2/MickRobot/Graduation_project_ws/install/orbbec_camera_msgs/share/orbbec_camera_msgs/environment/path.dsv
[4.430s] -- Up-to-date: /home/meteor/ROS2/MickRobot/Graduation_project_ws/install/orbbec_camera_msgs/share/orbbec_camera_msgs/local_setup.bash
[4.430s] -- Up-to-date: /home/meteor/ROS2/MickRobot/Graduation_project_ws/install/orbbec_camera_msgs/share/orbbec_camera_msgs/local_setup.sh
[4.430s] -- Up-to-date: /home/meteor/ROS2/MickRobot/Graduation_project_ws/install/orbbec_camera_msgs/share/orbbec_camera_msgs/local_setup.zsh
[4.430s] -- Up-to-date: /home/meteor/ROS2/MickRobot/Graduation_project_ws/install/orbbec_camera_msgs/share/orbbec_camera_msgs/local_setup.dsv
[4.430s] -- Installing: /home/meteor/ROS2/MickRobot/Graduation_project_ws/install/orbbec_camera_msgs/share/orbbec_camera_msgs/package.dsv
[4.431s] -- Up-to-date: /home/meteor/ROS2/MickRobot/Graduation_project_ws/install/orbbec_camera_msgs/share/ament_index/resource_index/packages/orbbec_camera_msgs
[4.471s] -- Up-to-date: /home/meteor/ROS2/MickRobot/Graduation_project_ws/install/orbbec_camera_msgs/share/orbbec_camera_msgs/cmake/export_orbbec_camera_msgs__rosidl_generator_cExport.cmake
[4.472s] -- Up-to-date: /home/meteor/ROS2/MickRobot/Graduation_project_ws/install/orbbec_camera_msgs/share/orbbec_camera_msgs/cmake/export_orbbec_camera_msgs__rosidl_generator_cExport-noconfig.cmake
[4.483s] -- Up-to-date: /home/meteor/ROS2/MickRobot/Graduation_project_ws/install/orbbec_camera_msgs/share/orbbec_camera_msgs/cmake/export_orbbec_camera_msgs__rosidl_typesupport_fastrtps_cExport.cmake
[4.483s] -- Up-to-date: /home/meteor/ROS2/MickRobot/Graduation_project_ws/install/orbbec_camera_msgs/share/orbbec_camera_msgs/cmake/export_orbbec_camera_msgs__rosidl_typesupport_fastrtps_cExport-noconfig.cmake
[4.484s] -- Up-to-date: /home/meteor/ROS2/MickRobot/Graduation_project_ws/install/orbbec_camera_msgs/share/orbbec_camera_msgs/cmake/orbbec_camera_msgs__rosidl_typesupport_introspection_cExport.cmake
[4.484s] -- Up-to-date: /home/meteor/ROS2/MickRobot/Graduation_project_ws/install/orbbec_camera_msgs/share/orbbec_camera_msgs/cmake/orbbec_camera_msgs__rosidl_typesupport_introspection_cExport-noconfig.cmake
[4.485s] -- Up-to-date: /home/meteor/ROS2/MickRobot/Graduation_project_ws/install/orbbec_camera_msgs/share/orbbec_camera_msgs/cmake/orbbec_camera_msgs__rosidl_typesupport_cExport.cmake
[4.485s] -- Up-to-date: /home/meteor/ROS2/MickRobot/Graduation_project_ws/install/orbbec_camera_msgs/share/orbbec_camera_msgs/cmake/orbbec_camera_msgs__rosidl_typesupport_cExport-noconfig.cmake
[4.485s] -- Up-to-date: /home/meteor/ROS2/MickRobot/Graduation_project_ws/install/orbbec_camera_msgs/share/orbbec_camera_msgs/cmake/export_orbbec_camera_msgs__rosidl_generator_cppExport.cmake
[4.486s] -- Up-to-date: /home/meteor/ROS2/MickRobot/Graduation_project_ws/install/orbbec_camera_msgs/share/orbbec_camera_msgs/cmake/export_orbbec_camera_msgs__rosidl_typesupport_fastrtps_cppExport.cmake
[4.486s] -- Up-to-date: /home/meteor/ROS2/MickRobot/Graduation_project_ws/install/orbbec_camera_msgs/share/orbbec_camera_msgs/cmake/export_orbbec_camera_msgs__rosidl_typesupport_fastrtps_cppExport-noconfig.cmake
[4.487s] -- Up-to-date: /home/meteor/ROS2/MickRobot/Graduation_project_ws/install/orbbec_camera_msgs/share/orbbec_camera_msgs/cmake/orbbec_camera_msgs__rosidl_typesupport_introspection_cppExport.cmake
[4.487s] -- Up-to-date: /home/meteor/ROS2/MickRobot/Graduation_project_ws/install/orbbec_camera_msgs/share/orbbec_camera_msgs/cmake/orbbec_camera_msgs__rosidl_typesupport_introspection_cppExport-noconfig.cmake
[4.523s] -- Up-to-date: /home/meteor/ROS2/MickRobot/Graduation_project_ws/install/orbbec_camera_msgs/share/orbbec_camera_msgs/cmake/orbbec_camera_msgs__rosidl_typesupport_cppExport.cmake
[4.524s] -- Up-to-date: /home/meteor/ROS2/MickRobot/Graduation_project_ws/install/orbbec_camera_msgs/share/orbbec_camera_msgs/cmake/orbbec_camera_msgs__rosidl_typesupport_cppExport-noconfig.cmake
[4.525s] -- Up-to-date: /home/meteor/ROS2/MickRobot/Graduation_project_ws/install/orbbec_camera_msgs/share/orbbec_camera_msgs/cmake/export_orbbec_camera_msgs__rosidl_generator_pyExport.cmake
[4.526s] -- Up-to-date: /home/meteor/ROS2/MickRobot/Graduation_project_ws/install/orbbec_camera_msgs/share/orbbec_camera_msgs/cmake/export_orbbec_camera_msgs__rosidl_generator_pyExport-noconfig.cmake
[4.527s] -- Up-to-date: /home/meteor/ROS2/MickRobot/Graduation_project_ws/install/orbbec_camera_msgs/share/orbbec_camera_msgs/cmake/rosidl_cmake-extras.cmake
[4.527s] -- Up-to-date: /home/meteor/ROS2/MickRobot/Graduation_project_ws/install/orbbec_camera_msgs/share/orbbec_camera_msgs/cmake/ament_cmake_export_dependencies-extras.cmake
[4.527s] -- Up-to-date: /home/meteor/ROS2/MickRobot/Graduation_project_ws/install/orbbec_camera_msgs/share/orbbec_camera_msgs/cmake/ament_cmake_export_include_directories-extras.cmake
[4.527s] -- Up-to-date: /home/meteor/ROS2/MickRobot/Graduation_project_ws/install/orbbec_camera_msgs/share/orbbec_camera_msgs/cmake/ament_cmake_export_libraries-extras.cmake
[4.527s] -- Up-to-date: /home/meteor/ROS2/MickRobot/Graduation_project_ws/install/orbbec_camera_msgs/share/orbbec_camera_msgs/cmake/ament_cmake_export_targets-extras.cmake
[4.527s] -- Up-to-date: /home/meteor/ROS2/MickRobot/Graduation_project_ws/install/orbbec_camera_msgs/share/orbbec_camera_msgs/cmake/rosidl_cmake_export_typesupport_targets-extras.cmake
[4.527s] -- Up-to-date: /home/meteor/ROS2/MickRobot/Graduation_project_ws/install/orbbec_camera_msgs/share/orbbec_camera_msgs/cmake/rosidl_cmake_export_typesupport_libraries-extras.cmake
[4.527s] -- Up-to-date: /home/meteor/ROS2/MickRobot/Graduation_project_ws/install/orbbec_camera_msgs/share/orbbec_camera_msgs/cmake/orbbec_camera_msgsConfig.cmake
[4.527s] -- Up-to-date: /home/meteor/ROS2/MickRobot/Graduation_project_ws/install/orbbec_camera_msgs/share/orbbec_camera_msgs/cmake/orbbec_camera_msgsConfig-version.cmake
[4.527s] -- Up-to-date: /home/meteor/ROS2/MickRobot/Graduation_project_ws/install/orbbec_camera_msgs/share/orbbec_camera_msgs/package.xml
[4.541s] Invoked command in '/home/meteor/ROS2/MickRobot/Graduation_project_ws/build/orbbec_camera_msgs' returned '0': CMAKE_PREFIX_PATH=/home/meteor/ROS2/MickRobot/Graduation_project_ws/install/ranger_base:/home/meteor/ROS2/MickRobot/Graduation_project_ws/install/ranger_controller:/home/meteor/ROS2/MickRobot/Graduation_project_ws/install/pointcloud_refinement:/home/meteor/ROS2/MickRobot/Graduation_project_ws/install/aruco_detector:/opt/ros/humble:/home/meteor/ROS2/MickRobot/Graduation_project_ws/install/ugv_sdk:/home/meteor/ROS2/MickRobot/Graduation_project_ws/install/ranger_msgs:/home/meteor/ROS2/MickRobot/Graduation_project_ws/install/ranger_bringup:/home/meteor/ROS2/MickRobot/Graduation_project_ws/install/orbbec_description:/home/meteor/ROS2/MickRobot/Graduation_project_ws/install/orbbec_camera:/home/meteor/ROS2/MickRobot/Graduation_project_ws/install/orbbec_camera_msgs /usr/bin/cmake --install /home/meteor/ROS2/MickRobot/Graduation_project_ws/build/orbbec_camera_msgs
