running egg_info
creating ../../build/aruco_detector/aruco_detector.egg-info
writing ../../build/aruco_detector/aruco_detector.egg-info/PKG-INFO
writing dependency_links to ../../build/aruco_detector/aruco_detector.egg-info/dependency_links.txt
writing entry points to ../../build/aruco_detector/aruco_detector.egg-info/entry_points.txt
writing requirements to ../../build/aruco_detector/aruco_detector.egg-info/requires.txt
writing top-level names to ../../build/aruco_detector/aruco_detector.egg-info/top_level.txt
writing manifest file '../../build/aruco_detector/aruco_detector.egg-info/SOURCES.txt'
reading manifest file '../../build/aruco_detector/aruco_detector.egg-info/SOURCES.txt'
writing manifest file '../../build/aruco_detector/aruco_detector.egg-info/SOURCES.txt'
running build
running build_py
creating /home/meteor/ROS2/MickRobot/Graduation_project_ws/build/aruco_detector/build
creating /home/meteor/ROS2/MickRobot/Graduation_project_ws/build/aruco_detector/build/lib
creating /home/meteor/ROS2/MickRobot/Graduation_project_ws/build/aruco_detector/build/lib/aruco_detector
copying aruco_detector/aruco_detector_node.py -> /home/meteor/ROS2/MickRobot/Graduation_project_ws/build/aruco_detector/build/lib/aruco_detector
copying aruco_detector/aruco_detector_node_final.py -> /home/meteor/ROS2/MickRobot/Graduation_project_ws/build/aruco_detector/build/lib/aruco_detector
copying aruco_detector/multi_modal_guidance_node.py -> /home/meteor/ROS2/MickRobot/Graduation_project_ws/build/aruco_detector/build/lib/aruco_detector
copying aruco_detector/__init__.py -> /home/meteor/ROS2/MickRobot/Graduation_project_ws/build/aruco_detector/build/lib/aruco_detector
copying aruco_detector/aruco_detector_node_fixed.py -> /home/meteor/ROS2/MickRobot/Graduation_project_ws/build/aruco_detector/build/lib/aruco_detector
copying aruco_detector/generate_aruco_markers.py -> /home/meteor/ROS2/MickRobot/Graduation_project_ws/build/aruco_detector/build/lib/aruco_detector
copying aruco_detector/system_monitor_node.py -> /home/meteor/ROS2/MickRobot/Graduation_project_ws/build/aruco_detector/build/lib/aruco_detector
running install
running install_lib
creating /home/meteor/ROS2/MickRobot/Graduation_project_ws/install/aruco_detector/lib/python3.10/site-packages/aruco_detector
copying /home/meteor/ROS2/MickRobot/Graduation_project_ws/build/aruco_detector/build/lib/aruco_detector/aruco_detector_node.py -> /home/meteor/ROS2/MickRobot/Graduation_project_ws/install/aruco_detector/lib/python3.10/site-packages/aruco_detector
copying /home/meteor/ROS2/MickRobot/Graduation_project_ws/build/aruco_detector/build/lib/aruco_detector/aruco_detector_node_final.py -> /home/meteor/ROS2/MickRobot/Graduation_project_ws/install/aruco_detector/lib/python3.10/site-packages/aruco_detector
copying /home/meteor/ROS2/MickRobot/Graduation_project_ws/build/aruco_detector/build/lib/aruco_detector/multi_modal_guidance_node.py -> /home/meteor/ROS2/MickRobot/Graduation_project_ws/install/aruco_detector/lib/python3.10/site-packages/aruco_detector
copying /home/meteor/ROS2/MickRobot/Graduation_project_ws/build/aruco_detector/build/lib/aruco_detector/__init__.py -> /home/meteor/ROS2/MickRobot/Graduation_project_ws/install/aruco_detector/lib/python3.10/site-packages/aruco_detector
copying /home/meteor/ROS2/MickRobot/Graduation_project_ws/build/aruco_detector/build/lib/aruco_detector/aruco_detector_node_fixed.py -> /home/meteor/ROS2/MickRobot/Graduation_project_ws/install/aruco_detector/lib/python3.10/site-packages/aruco_detector
copying /home/meteor/ROS2/MickRobot/Graduation_project_ws/build/aruco_detector/build/lib/aruco_detector/generate_aruco_markers.py -> /home/meteor/ROS2/MickRobot/Graduation_project_ws/install/aruco_detector/lib/python3.10/site-packages/aruco_detector
copying /home/meteor/ROS2/MickRobot/Graduation_project_ws/build/aruco_detector/build/lib/aruco_detector/system_monitor_node.py -> /home/meteor/ROS2/MickRobot/Graduation_project_ws/install/aruco_detector/lib/python3.10/site-packages/aruco_detector
byte-compiling /home/meteor/ROS2/MickRobot/Graduation_project_ws/install/aruco_detector/lib/python3.10/site-packages/aruco_detector/aruco_detector_node.py to aruco_detector_node.cpython-310.pyc
byte-compiling /home/meteor/ROS2/MickRobot/Graduation_project_ws/install/aruco_detector/lib/python3.10/site-packages/aruco_detector/aruco_detector_node_final.py to aruco_detector_node_final.cpython-310.pyc
byte-compiling /home/meteor/ROS2/MickRobot/Graduation_project_ws/install/aruco_detector/lib/python3.10/site-packages/aruco_detector/multi_modal_guidance_node.py to multi_modal_guidance_node.cpython-310.pyc
byte-compiling /home/meteor/ROS2/MickRobot/Graduation_project_ws/install/aruco_detector/lib/python3.10/site-packages/aruco_detector/__init__.py to __init__.cpython-310.pyc
byte-compiling /home/meteor/ROS2/MickRobot/Graduation_project_ws/install/aruco_detector/lib/python3.10/site-packages/aruco_detector/aruco_detector_node_fixed.py to aruco_detector_node_fixed.cpython-310.pyc
byte-compiling /home/meteor/ROS2/MickRobot/Graduation_project_ws/install/aruco_detector/lib/python3.10/site-packages/aruco_detector/generate_aruco_markers.py to generate_aruco_markers.cpython-310.pyc
byte-compiling /home/meteor/ROS2/MickRobot/Graduation_project_ws/install/aruco_detector/lib/python3.10/site-packages/aruco_detector/system_monitor_node.py to system_monitor_node.cpython-310.pyc
running install_data
creating /home/meteor/ROS2/MickRobot/Graduation_project_ws/install/aruco_detector/share/ament_index
creating /home/meteor/ROS2/MickRobot/Graduation_project_ws/install/aruco_detector/share/ament_index/resource_index
creating /home/meteor/ROS2/MickRobot/Graduation_project_ws/install/aruco_detector/share/ament_index/resource_index/packages
copying resource/aruco_detector -> /home/meteor/ROS2/MickRobot/Graduation_project_ws/install/aruco_detector/share/ament_index/resource_index/packages
copying package.xml -> /home/meteor/ROS2/MickRobot/Graduation_project_ws/install/aruco_detector/share/aruco_detector
creating /home/meteor/ROS2/MickRobot/Graduation_project_ws/install/aruco_detector/share/aruco_detector/launch
copying launch/controller.launch.py -> /home/meteor/ROS2/MickRobot/Graduation_project_ws/install/aruco_detector/share/aruco_detector/launch
copying launch/aruco_detection.launch.py -> /home/meteor/ROS2/MickRobot/Graduation_project_ws/install/aruco_detector/share/aruco_detector/launch
copying launch/full_system.launch.py -> /home/meteor/ROS2/MickRobot/Graduation_project_ws/install/aruco_detector/share/aruco_detector/launch
running install_egg_info
Copying ../../build/aruco_detector/aruco_detector.egg-info to /home/meteor/ROS2/MickRobot/Graduation_project_ws/install/aruco_detector/lib/python3.10/site-packages/aruco_detector-0.0.0-py3.10.egg-info
running install_scripts
Installing aruco_detector_node script to /home/meteor/ROS2/MickRobot/Graduation_project_ws/install/aruco_detector/lib/aruco_detector
Installing generate_aruco_markers script to /home/meteor/ROS2/MickRobot/Graduation_project_ws/install/aruco_detector/lib/aruco_detector
Installing multi_modal_guidance_node script to /home/meteor/ROS2/MickRobot/Graduation_project_ws/install/aruco_detector/lib/aruco_detector
Installing system_monitor_node script to /home/meteor/ROS2/MickRobot/Graduation_project_ws/install/aruco_detector/lib/aruco_detector
writing list of installed files to '/home/meteor/ROS2/MickRobot/Graduation_project_ws/build/aruco_detector/install.log'
