[7.391s] Invoking command in '/home/meteor/ROS2/MickRobot/Graduation_project_ws/src/aruco_detector': PYTHONPATH=/home/meteor/ROS2/MickRobot/Graduation_project_ws/build/aruco_detector/prefix_override:/usr/lib/python3/dist-packages/colcon_core/task/python/colcon_distutils_commands:/home/meteor/ROS2/MickRobot/Graduation_project_ws/install/aruco_detector/lib/python3.10/site-packages:${PYTHONPATH} /usr/bin/python3 -W ignore:setup.py install is deprecated -W ignore:easy_install command is deprecated setup.py egg_info --egg-base ../../build/aruco_detector build --build-base /home/meteor/ROS2/MickRobot/Graduation_project_ws/build/aruco_detector/build install --record /home/meteor/ROS2/MickRobot/Graduation_project_ws/build/aruco_detector/install.log --single-version-externally-managed install_data
[7.577s] running egg_info
[7.577s] writing ../../build/aruco_detector/aruco_detector.egg-info/PKG-INFO
[7.634s] writing dependency_links to ../../build/aruco_detector/aruco_detector.egg-info/dependency_links.txt
[7.649s] writing entry points to ../../build/aruco_detector/aruco_detector.egg-info/entry_points.txt
[7.713s] writing requirements to ../../build/aruco_detector/aruco_detector.egg-info/requires.txt
[7.757s] writing top-level names to ../../build/aruco_detector/aruco_detector.egg-info/top_level.txt
[7.814s] reading manifest file '../../build/aruco_detector/aruco_detector.egg-info/SOURCES.txt'
[7.985s] writing manifest file '../../build/aruco_detector/aruco_detector.egg-info/SOURCES.txt'
[8.060s] running build
[8.060s] running build_py
[8.061s] running install
[8.061s] running install_lib
[8.063s] running install_data
[8.063s] running install_egg_info
[8.065s] removing '/home/meteor/ROS2/MickRobot/Graduation_project_ws/install/aruco_detector/lib/python3.10/site-packages/aruco_detector-0.0.0-py3.10.egg-info' (and everything under it)
[8.065s] Copying ../../build/aruco_detector/aruco_detector.egg-info to /home/meteor/ROS2/MickRobot/Graduation_project_ws/install/aruco_detector/lib/python3.10/site-packages/aruco_detector-0.0.0-py3.10.egg-info
[8.192s] running install_scripts
[8.208s] Installing aruco_detector_node script to /home/meteor/ROS2/MickRobot/Graduation_project_ws/install/aruco_detector/lib/aruco_detector
[8.266s] Installing generate_aruco_markers script to /home/meteor/ROS2/MickRobot/Graduation_project_ws/install/aruco_detector/lib/aruco_detector
[8.336s] Installing multi_modal_guidance_node script to /home/meteor/ROS2/MickRobot/Graduation_project_ws/install/aruco_detector/lib/aruco_detector
[8.394s] Installing system_monitor_node script to /home/meteor/ROS2/MickRobot/Graduation_project_ws/install/aruco_detector/lib/aruco_detector
[8.488s] writing list of installed files to '/home/meteor/ROS2/MickRobot/Graduation_project_ws/build/aruco_detector/install.log'
[8.575s] Invoked command in '/home/meteor/ROS2/MickRobot/Graduation_project_ws/src/aruco_detector' returned '0': PYTHONPATH=/home/meteor/ROS2/MickRobot/Graduation_project_ws/build/aruco_detector/prefix_override:/usr/lib/python3/dist-packages/colcon_core/task/python/colcon_distutils_commands:/home/meteor/ROS2/MickRobot/Graduation_project_ws/install/aruco_detector/lib/python3.10/site-packages:${PYTHONPATH} /usr/bin/python3 -W ignore:setup.py install is deprecated -W ignore:easy_install command is deprecated setup.py egg_info --egg-base ../../build/aruco_detector build --build-base /home/meteor/ROS2/MickRobot/Graduation_project_ws/build/aruco_detector/build install --record /home/meteor/ROS2/MickRobot/Graduation_project_ws/build/aruco_detector/install.log --single-version-externally-managed install_data
