[0.542s] Invoking command in '/home/meteor/ROS2/MickRobot/Graduation_project_ws/build/ugv_sdk': /usr/bin/cmake --build /home/meteor/ROS2/MickRobot/Graduation_project_ws/build/ugv_sdk -- -j16 -l16
[3.389s] [35m[1mConsolidate compiler generated dependencies of target ugv_sdk[0m
[3.425s] [ 44%] Built target ugv_sdk
[3.911s] [35m[1mConsolidate compiler generated dependencies of target demo_scout_mini_omni_robot[0m
[3.924s] [35m[1mConsolidate compiler generated dependencies of target demo_protocol_detector[0m
[3.925s] [35m[1mConsolidate compiler generated dependencies of target demo_ranger_robot[0m
[3.929s] [ 51%] Built target demo_scout_mini_omni_robot
[3.940s] [ 58%] Built target demo_protocol_detector
[3.942s] [35m[1mConsolidate compiler generated dependencies of target demo_hunter_robot[0m
[3.944s] [ 65%] Built target demo_ranger_robot
[3.958s] [ 72%] Built target demo_hunter_robot
[3.968s] [35m[1mConsolidate compiler generated dependencies of target demo_robot_version[0m
[3.986s] [ 79%] Built target demo_robot_version
[4.087s] [35m[1mConsolidate compiler generated dependencies of target demo_tracer_robot[0m
[4.099s] [35m[1mConsolidate compiler generated dependencies of target demo_bunker_robot[0m
[4.101s] [ 86%] Built target demo_tracer_robot
[4.113s] [ 93%] Built target demo_bunker_robot
[4.400s] [35m[1mConsolidate compiler generated dependencies of target demo_scout_robot[0m
[4.419s] [100%] Built target demo_scout_robot
[4.430s] Invoked command in '/home/meteor/ROS2/MickRobot/Graduation_project_ws/build/ugv_sdk' returned '0': /usr/bin/cmake --build /home/meteor/ROS2/MickRobot/Graduation_project_ws/build/ugv_sdk -- -j16 -l16
[4.818s] Invoking command in '/home/meteor/ROS2/MickRobot/Graduation_project_ws/build/ugv_sdk': /usr/bin/cmake --install /home/meteor/ROS2/MickRobot/Graduation_project_ws/build/ugv_sdk
[4.890s] -- Install configuration: "Release"
[4.890s] -- Up-to-date: /home/meteor/ROS2/MickRobot/Graduation_project_ws/install/ugv_sdk/lib/libugv_sdk.a
[4.890s] -- Up-to-date: /home/meteor/ROS2/MickRobot/Graduation_project_ws/install/ugv_sdk/include/ugv_sdk
[4.890s] -- Up-to-date: /home/meteor/ROS2/MickRobot/Graduation_project_ws/install/ugv_sdk/include/ugv_sdk/utilities
[4.891s] -- Up-to-date: /home/meteor/ROS2/MickRobot/Graduation_project_ws/install/ugv_sdk/include/ugv_sdk/utilities/protocol_detector.hpp
[4.891s] -- Up-to-date: /home/meteor/ROS2/MickRobot/Graduation_project_ws/install/ugv_sdk/include/ugv_sdk/mobile_robot
[4.891s] -- Up-to-date: /home/meteor/ROS2/MickRobot/Graduation_project_ws/install/ugv_sdk/include/ugv_sdk/mobile_robot/bunker_robot.hpp
[4.891s] -- Up-to-date: /home/meteor/ROS2/MickRobot/Graduation_project_ws/install/ugv_sdk/include/ugv_sdk/mobile_robot/hunter_robot.hpp
[4.891s] -- Up-to-date: /home/meteor/ROS2/MickRobot/Graduation_project_ws/install/ugv_sdk/include/ugv_sdk/mobile_robot/scout_robot.hpp
[4.891s] -- Up-to-date: /home/meteor/ROS2/MickRobot/Graduation_project_ws/install/ugv_sdk/include/ugv_sdk/mobile_robot/titan_robot.hpp
[4.891s] -- Up-to-date: /home/meteor/ROS2/MickRobot/Graduation_project_ws/install/ugv_sdk/include/ugv_sdk/mobile_robot/ranger_robot.hpp
[4.891s] -- Up-to-date: /home/meteor/ROS2/MickRobot/Graduation_project_ws/install/ugv_sdk/include/ugv_sdk/mobile_robot/tracer_robot.hpp
[4.891s] -- Up-to-date: /home/meteor/ROS2/MickRobot/Graduation_project_ws/install/ugv_sdk/include/ugv_sdk/details
[4.891s] -- Up-to-date: /home/meteor/ROS2/MickRobot/Graduation_project_ws/install/ugv_sdk/include/ugv_sdk/details/protocol_v2
[4.891s] -- Up-to-date: /home/meteor/ROS2/MickRobot/Graduation_project_ws/install/ugv_sdk/include/ugv_sdk/details/protocol_v2/protocol_v2_parser.hpp
[4.891s] -- Up-to-date: /home/meteor/ROS2/MickRobot/Graduation_project_ws/install/ugv_sdk/include/ugv_sdk/details/parser_base.hpp
[4.891s] -- Up-to-date: /home/meteor/ROS2/MickRobot/Graduation_project_ws/install/ugv_sdk/include/ugv_sdk/details/interface
[4.891s] -- Up-to-date: /home/meteor/ROS2/MickRobot/Graduation_project_ws/install/ugv_sdk/include/ugv_sdk/details/interface/ranger_interface.hpp
[4.892s] -- Up-to-date: /home/meteor/ROS2/MickRobot/Graduation_project_ws/install/ugv_sdk/include/ugv_sdk/details/interface/hunter_interface.hpp
[4.892s] -- Up-to-date: /home/meteor/ROS2/MickRobot/Graduation_project_ws/install/ugv_sdk/include/ugv_sdk/details/interface/bunker_interface.hpp
[4.892s] -- Up-to-date: /home/meteor/ROS2/MickRobot/Graduation_project_ws/install/ugv_sdk/include/ugv_sdk/details/interface/agilex_message.h
[4.892s] -- Up-to-date: /home/meteor/ROS2/MickRobot/Graduation_project_ws/install/ugv_sdk/include/ugv_sdk/details/interface/agilex_types.h
[4.892s] -- Up-to-date: /home/meteor/ROS2/MickRobot/Graduation_project_ws/install/ugv_sdk/include/ugv_sdk/details/interface/robot_common_interface.hpp
[4.892s] -- Up-to-date: /home/meteor/ROS2/MickRobot/Graduation_project_ws/install/ugv_sdk/include/ugv_sdk/details/interface/scout_interface.hpp
[4.892s] -- Up-to-date: /home/meteor/ROS2/MickRobot/Graduation_project_ws/install/ugv_sdk/include/ugv_sdk/details/interface/tracer_interface.hpp
[4.892s] -- Up-to-date: /home/meteor/ROS2/MickRobot/Graduation_project_ws/install/ugv_sdk/include/ugv_sdk/details/interface/titan_interface.hpp
[4.892s] -- Up-to-date: /home/meteor/ROS2/MickRobot/Graduation_project_ws/install/ugv_sdk/include/ugv_sdk/details/async_port
[4.892s] -- Up-to-date: /home/meteor/ROS2/MickRobot/Graduation_project_ws/install/ugv_sdk/include/ugv_sdk/details/async_port/async_can.hpp
[4.892s] -- Up-to-date: /home/meteor/ROS2/MickRobot/Graduation_project_ws/install/ugv_sdk/include/ugv_sdk/details/async_port/async_serial.hpp
[4.892s] -- Up-to-date: /home/meteor/ROS2/MickRobot/Graduation_project_ws/install/ugv_sdk/include/ugv_sdk/details/async_port/ring_buffer.hpp
[4.892s] -- Up-to-date: /home/meteor/ROS2/MickRobot/Graduation_project_ws/install/ugv_sdk/include/ugv_sdk/details/protocol_v1
[4.892s] -- Up-to-date: /home/meteor/ROS2/MickRobot/Graduation_project_ws/install/ugv_sdk/include/ugv_sdk/details/protocol_v1/agilex_msg_parser_v1.h
[4.892s] -- Up-to-date: /home/meteor/ROS2/MickRobot/Graduation_project_ws/install/ugv_sdk/include/ugv_sdk/details/protocol_v1/robot_limits.hpp
[4.892s] -- Up-to-date: /home/meteor/ROS2/MickRobot/Graduation_project_ws/install/ugv_sdk/include/ugv_sdk/details/protocol_v1/protocol_v1_parser.hpp
[4.892s] -- Up-to-date: /home/meteor/ROS2/MickRobot/Graduation_project_ws/install/ugv_sdk/include/ugv_sdk/details/robot_base
[4.892s] -- Up-to-date: /home/meteor/ROS2/MickRobot/Graduation_project_ws/install/ugv_sdk/include/ugv_sdk/details/robot_base/ranger_base.hpp
[4.893s] -- Up-to-date: /home/meteor/ROS2/MickRobot/Graduation_project_ws/install/ugv_sdk/include/ugv_sdk/details/robot_base/agilex_base.hpp
[4.893s] -- Up-to-date: /home/meteor/ROS2/MickRobot/Graduation_project_ws/install/ugv_sdk/include/ugv_sdk/details/robot_base/tracer_base.hpp
[4.893s] -- Up-to-date: /home/meteor/ROS2/MickRobot/Graduation_project_ws/install/ugv_sdk/include/ugv_sdk/details/robot_base/titan_base.hpp
[4.893s] -- Up-to-date: /home/meteor/ROS2/MickRobot/Graduation_project_ws/install/ugv_sdk/include/ugv_sdk/details/robot_base/bunker_base.hpp
[4.893s] -- Up-to-date: /home/meteor/ROS2/MickRobot/Graduation_project_ws/install/ugv_sdk/include/ugv_sdk/details/robot_base/scout_base.hpp
[4.893s] -- Up-to-date: /home/meteor/ROS2/MickRobot/Graduation_project_ws/install/ugv_sdk/include/ugv_sdk/details/robot_base/hunter_base.hpp
[4.919s] -- Up-to-date: /home/meteor/ROS2/MickRobot/Graduation_project_ws/install/ugv_sdk/lib/cmake/ugv_sdk/ugv_sdkTargets.cmake
[4.919s] -- Up-to-date: /home/meteor/ROS2/MickRobot/Graduation_project_ws/install/ugv_sdk/lib/cmake/ugv_sdk/ugv_sdkTargets-release.cmake
[4.920s] -- Up-to-date: /home/meteor/ROS2/MickRobot/Graduation_project_ws/install/ugv_sdk/lib/cmake/ugv_sdk/ugv_sdkConfig.cmake
[4.920s] -- Up-to-date: /home/meteor/ROS2/MickRobot/Graduation_project_ws/install/ugv_sdk/lib/cmake/ugv_sdk/ugv_sdkConfigVersion.cmake
[4.974s] Invoked command in '/home/meteor/ROS2/MickRobot/Graduation_project_ws/build/ugv_sdk' returned '0': /usr/bin/cmake --install /home/meteor/ROS2/MickRobot/Graduation_project_ws/build/ugv_sdk
