[1.622s] Invoking command in '/home/meteor/ROS2/MickRobot/Graduation_project_ws/src/ranger_controller': PYTHONPATH=/home/meteor/ROS2/MickRobot/Graduation_project_ws/build/ranger_controller/prefix_override:/usr/lib/python3/dist-packages/colcon_core/task/python/colcon_distutils_commands:/home/meteor/ROS2/MickRobot/Graduation_project_ws/install/ranger_controller/lib/python3.10/site-packages:${PYTHONPATH} /usr/bin/python3 -W ignore:setup.py install is deprecated -W ignore:easy_install command is deprecated setup.py egg_info --egg-base ../../build/ranger_controller build --build-base /home/meteor/ROS2/MickRobot/Graduation_project_ws/build/ranger_controller/build install --record /home/meteor/ROS2/MickRobot/Graduation_project_ws/build/ranger_controller/install.log --single-version-externally-managed install_data
[1.865s] running egg_info
[1.866s] writing ../../build/ranger_controller/ranger_controller.egg-info/PKG-INFO
[1.866s] writing dependency_links to ../../build/ranger_controller/ranger_controller.egg-info/dependency_links.txt
[1.866s] writing entry points to ../../build/ranger_controller/ranger_controller.egg-info/entry_points.txt
[1.866s] writing requirements to ../../build/ranger_controller/ranger_controller.egg-info/requires.txt
[1.866s] writing top-level names to ../../build/ranger_controller/ranger_controller.egg-info/top_level.txt
[1.869s] reading manifest file '../../build/ranger_controller/ranger_controller.egg-info/SOURCES.txt'
[1.869s] writing manifest file '../../build/ranger_controller/ranger_controller.egg-info/SOURCES.txt'
[1.870s] running build
[1.870s] running build_py
[1.870s] copying ranger_controller/hybrid_controller_node copy.py -> /home/meteor/ROS2/MickRobot/Graduation_project_ws/build/ranger_controller/build/lib/ranger_controller
[1.870s] copying ranger_controller/hybrid_controller_node.py -> /home/meteor/ROS2/MickRobot/Graduation_project_ws/build/ranger_controller/build/lib/ranger_controller
[1.870s] running install
[1.871s] running install_lib
[1.871s] copying /home/meteor/ROS2/MickRobot/Graduation_project_ws/build/ranger_controller/build/lib/ranger_controller/hybrid_controller_node copy.py -> /home/meteor/ROS2/MickRobot/Graduation_project_ws/install/ranger_controller/lib/python3.10/site-packages/ranger_controller
[1.872s] copying /home/meteor/ROS2/MickRobot/Graduation_project_ws/build/ranger_controller/build/lib/ranger_controller/hybrid_controller_node.py -> /home/meteor/ROS2/MickRobot/Graduation_project_ws/install/ranger_controller/lib/python3.10/site-packages/ranger_controller
[1.872s] byte-compiling /home/meteor/ROS2/MickRobot/Graduation_project_ws/install/ranger_controller/lib/python3.10/site-packages/ranger_controller/hybrid_controller_node copy.py to hybrid_controller_node copy.cpython-310.pyc
[1.875s] byte-compiling /home/meteor/ROS2/MickRobot/Graduation_project_ws/install/ranger_controller/lib/python3.10/site-packages/ranger_controller/hybrid_controller_node.py to hybrid_controller_node.cpython-310.pyc
[1.904s] running install_data
[1.904s] running install_egg_info
[1.907s] removing '/home/meteor/ROS2/MickRobot/Graduation_project_ws/install/ranger_controller/lib/python3.10/site-packages/ranger_controller-0.0.0-py3.10.egg-info' (and everything under it)
[1.907s] Copying ../../build/ranger_controller/ranger_controller.egg-info to /home/meteor/ROS2/MickRobot/Graduation_project_ws/install/ranger_controller/lib/python3.10/site-packages/ranger_controller-0.0.0-py3.10.egg-info
[1.908s] running install_scripts
[1.924s] Installing aruco_follower_node script to /home/meteor/ROS2/MickRobot/Graduation_project_ws/install/ranger_controller/lib/ranger_controller
[1.924s] Installing check_battery_node script to /home/meteor/ROS2/MickRobot/Graduation_project_ws/install/ranger_controller/lib/ranger_controller
[1.925s] Installing hybrid_controller_node script to /home/meteor/ROS2/MickRobot/Graduation_project_ws/install/ranger_controller/lib/ranger_controller
[1.925s] Installing pointcloud_follower_node script to /home/meteor/ROS2/MickRobot/Graduation_project_ws/install/ranger_controller/lib/ranger_controller
[1.925s] writing list of installed files to '/home/meteor/ROS2/MickRobot/Graduation_project_ws/build/ranger_controller/install.log'
[1.952s] Invoked command in '/home/meteor/ROS2/MickRobot/Graduation_project_ws/src/ranger_controller' returned '0': PYTHONPATH=/home/meteor/ROS2/MickRobot/Graduation_project_ws/build/ranger_controller/prefix_override:/usr/lib/python3/dist-packages/colcon_core/task/python/colcon_distutils_commands:/home/meteor/ROS2/MickRobot/Graduation_project_ws/install/ranger_controller/lib/python3.10/site-packages:${PYTHONPATH} /usr/bin/python3 -W ignore:setup.py install is deprecated -W ignore:easy_install command is deprecated setup.py egg_info --egg-base ../../build/ranger_controller build --build-base /home/meteor/ROS2/MickRobot/Graduation_project_ws/build/ranger_controller/build install --record /home/meteor/ROS2/MickRobot/Graduation_project_ws/build/ranger_controller/install.log --single-version-externally-managed install_data
