[7.858s] Invoking command in '/home/meteor/ROS2/MickRobot/Graduation_project_ws/src/pointcloud_refinement': PYTHONPATH=/home/meteor/ROS2/MickRobot/Graduation_project_ws/build/pointcloud_refinement/prefix_override:/usr/lib/python3/dist-packages/colcon_core/task/python/colcon_distutils_commands:/home/meteor/ROS2/MickRobot/Graduation_project_ws/install/pointcloud_refinement/lib/python3.10/site-packages:${PYTHONPATH} /usr/bin/python3 -W ignore:setup.py install is deprecated -W ignore:easy_install command is deprecated setup.py egg_info --egg-base ../../build/pointcloud_refinement build --build-base /home/meteor/ROS2/MickRobot/Graduation_project_ws/build/pointcloud_refinement/build install --record /home/meteor/ROS2/MickRobot/Graduation_project_ws/build/pointcloud_refinement/install.log --single-version-externally-managed install_data
[8.127s] running egg_info
[8.128s] writing ../../build/pointcloud_refinement/pointcloud_refinement.egg-info/PKG-INFO
[8.128s] writing dependency_links to ../../build/pointcloud_refinement/pointcloud_refinement.egg-info/dependency_links.txt
[8.128s] writing entry points to ../../build/pointcloud_refinement/pointcloud_refinement.egg-info/entry_points.txt
[8.128s] writing requirements to ../../build/pointcloud_refinement/pointcloud_refinement.egg-info/requires.txt
[8.129s] writing top-level names to ../../build/pointcloud_refinement/pointcloud_refinement.egg-info/top_level.txt
[8.130s] reading manifest file '../../build/pointcloud_refinement/pointcloud_refinement.egg-info/SOURCES.txt'
[8.207s] writing manifest file '../../build/pointcloud_refinement/pointcloud_refinement.egg-info/SOURCES.txt'
[8.208s] running build
[8.208s] running build_py
[8.208s] copying pointcloud_refinement/refinement_node.py -> /home/meteor/ROS2/MickRobot/Graduation_project_ws/build/pointcloud_refinement/build/lib/pointcloud_refinement
[8.208s] running install
[8.208s] running install_lib
[8.209s] copying /home/meteor/ROS2/MickRobot/Graduation_project_ws/build/pointcloud_refinement/build/lib/pointcloud_refinement/refinement_node.py -> /home/meteor/ROS2/MickRobot/Graduation_project_ws/install/pointcloud_refinement/lib/python3.10/site-packages/pointcloud_refinement
[8.210s] byte-compiling /home/meteor/ROS2/MickRobot/Graduation_project_ws/install/pointcloud_refinement/lib/python3.10/site-packages/pointcloud_refinement/refinement_node.py to refinement_node.cpython-310.pyc
[8.213s] running install_data
[8.213s] running install_egg_info
[8.215s] removing '/home/meteor/ROS2/MickRobot/Graduation_project_ws/install/pointcloud_refinement/lib/python3.10/site-packages/pointcloud_refinement-0.0.0-py3.10.egg-info' (and everything under it)
[8.215s] Copying ../../build/pointcloud_refinement/pointcloud_refinement.egg-info to /home/meteor/ROS2/MickRobot/Graduation_project_ws/install/pointcloud_refinement/lib/python3.10/site-packages/pointcloud_refinement-0.0.0-py3.10.egg-info
[8.217s] running install_scripts
[8.239s] Installing pointcloud_capture_tool script to /home/meteor/ROS2/MickRobot/Graduation_project_ws/install/pointcloud_refinement/lib/pointcloud_refinement
[8.239s] Installing pointcloud_controller_node script to /home/meteor/ROS2/MickRobot/Graduation_project_ws/install/pointcloud_refinement/lib/pointcloud_refinement
[8.240s] Installing pointcloud_refinement_node script to /home/meteor/ROS2/MickRobot/Graduation_project_ws/install/pointcloud_refinement/lib/pointcloud_refinement
[8.240s] writing list of installed files to '/home/meteor/ROS2/MickRobot/Graduation_project_ws/build/pointcloud_refinement/install.log'
[8.268s] Invoked command in '/home/meteor/ROS2/MickRobot/Graduation_project_ws/src/pointcloud_refinement' returned '0': PYTHONPATH=/home/meteor/ROS2/MickRobot/Graduation_project_ws/build/pointcloud_refinement/prefix_override:/usr/lib/python3/dist-packages/colcon_core/task/python/colcon_distutils_commands:/home/meteor/ROS2/MickRobot/Graduation_project_ws/install/pointcloud_refinement/lib/python3.10/site-packages:${PYTHONPATH} /usr/bin/python3 -W ignore:setup.py install is deprecated -W ignore:easy_install command is deprecated setup.py egg_info --egg-base ../../build/pointcloud_refinement build --build-base /home/meteor/ROS2/MickRobot/Graduation_project_ws/build/pointcloud_refinement/build install --record /home/meteor/ROS2/MickRobot/Graduation_project_ws/build/pointcloud_refinement/install.log --single-version-externally-managed install_data
