[0.128s] Invoking command in '/home/meteor/ROS2/MickRobot/Graduation_project_ws/build/ranger_msgs': CMAKE_PREFIX_PATH=/home/meteor/ROS2/MickRobot/Graduation_project_ws/install/ranger_base:/home/meteor/ROS2/MickRobot/Graduation_project_ws/install/ranger_controller:/home/meteor/ROS2/MickRobot/Graduation_project_ws/install/pointcloud_refinement:/home/meteor/ROS2/MickRobot/Graduation_project_ws/install/aruco_detector:/opt/ros/humble:/home/meteor/ROS2/MickRobot/Graduation_project_ws/install/ugv_sdk:/home/meteor/ROS2/MickRobot/Graduation_project_ws/install/ranger_msgs:/home/meteor/ROS2/MickRobot/Graduation_project_ws/install/ranger_bringup:/home/meteor/ROS2/MickRobot/Graduation_project_ws/install/orbbec_description:/home/meteor/ROS2/MickRobot/Graduation_project_ws/install/orbbec_camera:/home/meteor/ROS2/MickRobot/Graduation_project_ws/install/orbbec_camera_msgs /usr/bin/cmake --build /home/meteor/ROS2/MickRobot/Graduation_project_ws/build/ranger_msgs -- -j16 -l16
[1.307s] [  1%] Built target ranger_msgs__cpp
[2.038s] [ 12%] Built target ranger_msgs__rosidl_generator_c
[2.261s] [ 12%] Built target ament_cmake_python_copy_ranger_msgs
[2.486s] [ 23%] Built target ranger_msgs__rosidl_typesupport_c
[2.585s] [ 35%] Built target ranger_msgs__rosidl_typesupport_introspection_c
[2.594s] [ 57%] Built target ranger_msgs__rosidl_typesupport_cpp
[2.594s] [ 57%] Built target ranger_msgs__rosidl_typesupport_introspection_cpp
[2.611s] [ 80%] Built target ranger_msgs__rosidl_typesupport_fastrtps_cpp
[2.611s] [ 80%] Built target ranger_msgs__rosidl_typesupport_fastrtps_c
[2.721s] [ 80%] Built target ranger_msgs
[2.834s] [ 81%] Built target ranger_msgs__py
[3.143s] [ 91%] Built target ranger_msgs__rosidl_generator_py
[3.210s] running egg_info
[3.211s] writing ranger_msgs.egg-info/PKG-INFO
[3.212s] writing dependency_links to ranger_msgs.egg-info/dependency_links.txt
[3.212s] writing top-level names to ranger_msgs.egg-info/top_level.txt
[3.385s] [ 94%] Built target ranger_msgs__rosidl_typesupport_introspection_c__pyext
[3.434s] reading manifest file 'ranger_msgs.egg-info/SOURCES.txt'
[3.435s] [ 97%] Built target ranger_msgs__rosidl_typesupport_c__pyext
[3.440s] [100%] Built target ranger_msgs__rosidl_typesupport_fastrtps_c__pyext
[3.479s] writing manifest file 'ranger_msgs.egg-info/SOURCES.txt'
[3.512s] [100%] Built target ament_cmake_python_build_ranger_msgs_egg
[3.529s] Invoked command in '/home/meteor/ROS2/MickRobot/Graduation_project_ws/build/ranger_msgs' returned '0': CMAKE_PREFIX_PATH=/home/meteor/ROS2/MickRobot/Graduation_project_ws/install/ranger_base:/home/meteor/ROS2/MickRobot/Graduation_project_ws/install/ranger_controller:/home/meteor/ROS2/MickRobot/Graduation_project_ws/install/pointcloud_refinement:/home/meteor/ROS2/MickRobot/Graduation_project_ws/install/aruco_detector:/opt/ros/humble:/home/meteor/ROS2/MickRobot/Graduation_project_ws/install/ugv_sdk:/home/meteor/ROS2/MickRobot/Graduation_project_ws/install/ranger_msgs:/home/meteor/ROS2/MickRobot/Graduation_project_ws/install/ranger_bringup:/home/meteor/ROS2/MickRobot/Graduation_project_ws/install/orbbec_description:/home/meteor/ROS2/MickRobot/Graduation_project_ws/install/orbbec_camera:/home/meteor/ROS2/MickRobot/Graduation_project_ws/install/orbbec_camera_msgs /usr/bin/cmake --build /home/meteor/ROS2/MickRobot/Graduation_project_ws/build/ranger_msgs -- -j16 -l16
[3.532s] Invoking command in '/home/meteor/ROS2/MickRobot/Graduation_project_ws/build/ranger_msgs': CMAKE_PREFIX_PATH=/home/meteor/ROS2/MickRobot/Graduation_project_ws/install/ranger_base:/home/meteor/ROS2/MickRobot/Graduation_project_ws/install/ranger_controller:/home/meteor/ROS2/MickRobot/Graduation_project_ws/install/pointcloud_refinement:/home/meteor/ROS2/MickRobot/Graduation_project_ws/install/aruco_detector:/opt/ros/humble:/home/meteor/ROS2/MickRobot/Graduation_project_ws/install/ugv_sdk:/home/meteor/ROS2/MickRobot/Graduation_project_ws/install/ranger_msgs:/home/meteor/ROS2/MickRobot/Graduation_project_ws/install/ranger_bringup:/home/meteor/ROS2/MickRobot/Graduation_project_ws/install/orbbec_description:/home/meteor/ROS2/MickRobot/Graduation_project_ws/install/orbbec_camera:/home/meteor/ROS2/MickRobot/Graduation_project_ws/install/orbbec_camera_msgs /usr/bin/cmake --install /home/meteor/ROS2/MickRobot/Graduation_project_ws/build/ranger_msgs
[3.550s] -- Install configuration: ""
[3.550s] -- Up-to-date: /home/meteor/ROS2/MickRobot/Graduation_project_ws/install/ranger_msgs/share/ament_index/resource_index/rosidl_interfaces/ranger_msgs
[3.551s] -- Up-to-date: /home/meteor/ROS2/MickRobot/Graduation_project_ws/install/ranger_msgs/include/ranger_msgs/ranger_msgs
[3.551s] -- Up-to-date: /home/meteor/ROS2/MickRobot/Graduation_project_ws/install/ranger_msgs/include/ranger_msgs/ranger_msgs/msg
[3.551s] -- Up-to-date: /home/meteor/ROS2/MickRobot/Graduation_project_ws/install/ranger_msgs/include/ranger_msgs/ranger_msgs/msg/driver_state.h
[3.551s] -- Up-to-date: /home/meteor/ROS2/MickRobot/Graduation_project_ws/install/ranger_msgs/include/ranger_msgs/ranger_msgs/msg/motion_state.h
[3.551s] -- Up-to-date: /home/meteor/ROS2/MickRobot/Graduation_project_ws/install/ranger_msgs/include/ranger_msgs/ranger_msgs/msg/detail
[3.551s] -- Up-to-date: /home/meteor/ROS2/MickRobot/Graduation_project_ws/install/ranger_msgs/include/ranger_msgs/ranger_msgs/msg/detail/actuator_state_array__type_support.h
[3.552s] -- Up-to-date: /home/meteor/ROS2/MickRobot/Graduation_project_ws/install/ranger_msgs/include/ranger_msgs/ranger_msgs/msg/detail/actuator_state_array__functions.h
[3.552s] -- Up-to-date: /home/meteor/ROS2/MickRobot/Graduation_project_ws/install/ranger_msgs/include/ranger_msgs/ranger_msgs/msg/detail/system_state__functions.h
[3.552s] -- Up-to-date: /home/meteor/ROS2/MickRobot/Graduation_project_ws/install/ranger_msgs/include/ranger_msgs/ranger_msgs/msg/detail/motion_state__functions.c
[3.552s] -- Up-to-date: /home/meteor/ROS2/MickRobot/Graduation_project_ws/install/ranger_msgs/include/ranger_msgs/ranger_msgs/msg/detail/actuator_state__type_support.h
[3.552s] -- Up-to-date: /home/meteor/ROS2/MickRobot/Graduation_project_ws/install/ranger_msgs/include/ranger_msgs/ranger_msgs/msg/detail/motion_state__type_support.h
[3.552s] -- Up-to-date: /home/meteor/ROS2/MickRobot/Graduation_project_ws/install/ranger_msgs/include/ranger_msgs/ranger_msgs/msg/detail/motion_state__functions.h
[3.552s] -- Up-to-date: /home/meteor/ROS2/MickRobot/Graduation_project_ws/install/ranger_msgs/include/ranger_msgs/ranger_msgs/msg/detail/system_state__functions.c
[3.552s] -- Up-to-date: /home/meteor/ROS2/MickRobot/Graduation_project_ws/install/ranger_msgs/include/ranger_msgs/ranger_msgs/msg/detail/actuator_state_array__functions.c
[3.552s] -- Up-to-date: /home/meteor/ROS2/MickRobot/Graduation_project_ws/install/ranger_msgs/include/ranger_msgs/ranger_msgs/msg/detail/motor_state__struct.h
[3.552s] -- Up-to-date: /home/meteor/ROS2/MickRobot/Graduation_project_ws/install/ranger_msgs/include/ranger_msgs/ranger_msgs/msg/detail/motion_state__struct.h
[3.552s] -- Up-to-date: /home/meteor/ROS2/MickRobot/Graduation_project_ws/install/ranger_msgs/include/ranger_msgs/ranger_msgs/msg/detail/driver_state__functions.c
[3.552s] -- Up-to-date: /home/meteor/ROS2/MickRobot/Graduation_project_ws/install/ranger_msgs/include/ranger_msgs/ranger_msgs/msg/detail/system_state__type_support.h
[3.552s] -- Up-to-date: /home/meteor/ROS2/MickRobot/Graduation_project_ws/install/ranger_msgs/include/ranger_msgs/ranger_msgs/msg/detail/motor_state__type_support.h
[3.552s] -- Up-to-date: /home/meteor/ROS2/MickRobot/Graduation_project_ws/install/ranger_msgs/include/ranger_msgs/ranger_msgs/msg/detail/actuator_state__struct.h
[3.553s] -- Up-to-date: /home/meteor/ROS2/MickRobot/Graduation_project_ws/install/ranger_msgs/include/ranger_msgs/ranger_msgs/msg/detail/actuator_state__functions.c
[3.553s] -- Up-to-date: /home/meteor/ROS2/MickRobot/Graduation_project_ws/install/ranger_msgs/include/ranger_msgs/ranger_msgs/msg/detail/driver_state__type_support.h
[3.553s] -- Up-to-date: /home/meteor/ROS2/MickRobot/Graduation_project_ws/install/ranger_msgs/include/ranger_msgs/ranger_msgs/msg/detail/motor_state__functions.c
[3.553s] -- Up-to-date: /home/meteor/ROS2/MickRobot/Graduation_project_ws/install/ranger_msgs/include/ranger_msgs/ranger_msgs/msg/detail/motor_state__functions.h
[3.553s] -- Up-to-date: /home/meteor/ROS2/MickRobot/Graduation_project_ws/install/ranger_msgs/include/ranger_msgs/ranger_msgs/msg/detail/driver_state__struct.h
[3.553s] -- Up-to-date: /home/meteor/ROS2/MickRobot/Graduation_project_ws/install/ranger_msgs/include/ranger_msgs/ranger_msgs/msg/detail/actuator_state_array__struct.h
[3.553s] -- Up-to-date: /home/meteor/ROS2/MickRobot/Graduation_project_ws/install/ranger_msgs/include/ranger_msgs/ranger_msgs/msg/detail/system_state__struct.h
[3.553s] -- Up-to-date: /home/meteor/ROS2/MickRobot/Graduation_project_ws/install/ranger_msgs/include/ranger_msgs/ranger_msgs/msg/detail/actuator_state__functions.h
[3.553s] -- Up-to-date: /home/meteor/ROS2/MickRobot/Graduation_project_ws/install/ranger_msgs/include/ranger_msgs/ranger_msgs/msg/detail/driver_state__functions.h
[3.553s] -- Up-to-date: /home/meteor/ROS2/MickRobot/Graduation_project_ws/install/ranger_msgs/include/ranger_msgs/ranger_msgs/msg/actuator_state.h
[3.553s] -- Up-to-date: /home/meteor/ROS2/MickRobot/Graduation_project_ws/install/ranger_msgs/include/ranger_msgs/ranger_msgs/msg/system_state.h
[3.553s] -- Up-to-date: /home/meteor/ROS2/MickRobot/Graduation_project_ws/install/ranger_msgs/include/ranger_msgs/ranger_msgs/msg/rosidl_generator_c__visibility_control.h
[3.553s] -- Up-to-date: /home/meteor/ROS2/MickRobot/Graduation_project_ws/install/ranger_msgs/include/ranger_msgs/ranger_msgs/msg/actuator_state_array.h
[3.553s] -- Up-to-date: /home/meteor/ROS2/MickRobot/Graduation_project_ws/install/ranger_msgs/include/ranger_msgs/ranger_msgs/msg/motor_state.h
[3.553s] -- Up-to-date: /home/meteor/ROS2/MickRobot/Graduation_project_ws/install/ranger_msgs/share/ranger_msgs/environment/library_path.sh
[3.553s] -- Up-to-date: /home/meteor/ROS2/MickRobot/Graduation_project_ws/install/ranger_msgs/share/ranger_msgs/environment/library_path.dsv
[3.623s] -- Up-to-date: /home/meteor/ROS2/MickRobot/Graduation_project_ws/install/ranger_msgs/lib/libranger_msgs__rosidl_generator_c.so
[3.624s] -- Up-to-date: /home/meteor/ROS2/MickRobot/Graduation_project_ws/install/ranger_msgs/include/ranger_msgs/ranger_msgs
[3.624s] -- Up-to-date: /home/meteor/ROS2/MickRobot/Graduation_project_ws/install/ranger_msgs/include/ranger_msgs/ranger_msgs/msg
[3.624s] -- Up-to-date: /home/meteor/ROS2/MickRobot/Graduation_project_ws/install/ranger_msgs/include/ranger_msgs/ranger_msgs/msg/detail
[3.624s] -- Up-to-date: /home/meteor/ROS2/MickRobot/Graduation_project_ws/install/ranger_msgs/include/ranger_msgs/ranger_msgs/msg/detail/motion_state__rosidl_typesupport_fastrtps_c.h
[3.624s] -- Up-to-date: /home/meteor/ROS2/MickRobot/Graduation_project_ws/install/ranger_msgs/include/ranger_msgs/ranger_msgs/msg/detail/actuator_state__rosidl_typesupport_fastrtps_c.h
[3.625s] -- Up-to-date: /home/meteor/ROS2/MickRobot/Graduation_project_ws/install/ranger_msgs/include/ranger_msgs/ranger_msgs/msg/detail/driver_state__rosidl_typesupport_fastrtps_c.h
[3.625s] -- Up-to-date: /home/meteor/ROS2/MickRobot/Graduation_project_ws/install/ranger_msgs/include/ranger_msgs/ranger_msgs/msg/detail/motor_state__rosidl_typesupport_fastrtps_c.h
[3.625s] -- Up-to-date: /home/meteor/ROS2/MickRobot/Graduation_project_ws/install/ranger_msgs/include/ranger_msgs/ranger_msgs/msg/detail/actuator_state_array__rosidl_typesupport_fastrtps_c.h
[3.625s] -- Up-to-date: /home/meteor/ROS2/MickRobot/Graduation_project_ws/install/ranger_msgs/include/ranger_msgs/ranger_msgs/msg/detail/system_state__rosidl_typesupport_fastrtps_c.h
[3.625s] -- Up-to-date: /home/meteor/ROS2/MickRobot/Graduation_project_ws/install/ranger_msgs/include/ranger_msgs/ranger_msgs/msg/rosidl_typesupport_fastrtps_c__visibility_control.h
[3.644s] -- Up-to-date: /home/meteor/ROS2/MickRobot/Graduation_project_ws/install/ranger_msgs/lib/libranger_msgs__rosidl_typesupport_fastrtps_c.so
[3.644s] -- Up-to-date: /home/meteor/ROS2/MickRobot/Graduation_project_ws/install/ranger_msgs/include/ranger_msgs/ranger_msgs
[3.645s] -- Up-to-date: /home/meteor/ROS2/MickRobot/Graduation_project_ws/install/ranger_msgs/include/ranger_msgs/ranger_msgs/msg
[3.645s] -- Up-to-date: /home/meteor/ROS2/MickRobot/Graduation_project_ws/install/ranger_msgs/include/ranger_msgs/ranger_msgs/msg/actuator_state_array.hpp
[3.645s] -- Up-to-date: /home/meteor/ROS2/MickRobot/Graduation_project_ws/install/ranger_msgs/include/ranger_msgs/ranger_msgs/msg/motion_state.hpp
[3.645s] -- Up-to-date: /home/meteor/ROS2/MickRobot/Graduation_project_ws/install/ranger_msgs/include/ranger_msgs/ranger_msgs/msg/detail
[3.646s] -- Up-to-date: /home/meteor/ROS2/MickRobot/Graduation_project_ws/install/ranger_msgs/include/ranger_msgs/ranger_msgs/msg/detail/actuator_state_array__type_support.hpp
[3.646s] -- Up-to-date: /home/meteor/ROS2/MickRobot/Graduation_project_ws/install/ranger_msgs/include/ranger_msgs/ranger_msgs/msg/detail/motion_state__struct.hpp
[3.646s] -- Up-to-date: /home/meteor/ROS2/MickRobot/Graduation_project_ws/install/ranger_msgs/include/ranger_msgs/ranger_msgs/msg/detail/motor_state__type_support.hpp
[3.646s] -- Up-to-date: /home/meteor/ROS2/MickRobot/Graduation_project_ws/install/ranger_msgs/include/ranger_msgs/ranger_msgs/msg/detail/motion_state__traits.hpp
[3.646s] -- Up-to-date: /home/meteor/ROS2/MickRobot/Graduation_project_ws/install/ranger_msgs/include/ranger_msgs/ranger_msgs/msg/detail/system_state__type_support.hpp
[3.646s] -- Up-to-date: /home/meteor/ROS2/MickRobot/Graduation_project_ws/install/ranger_msgs/include/ranger_msgs/ranger_msgs/msg/detail/actuator_state__builder.hpp
[3.647s] -- Up-to-date: /home/meteor/ROS2/MickRobot/Graduation_project_ws/install/ranger_msgs/include/ranger_msgs/ranger_msgs/msg/detail/actuator_state__struct.hpp
[3.647s] -- Up-to-date: /home/meteor/ROS2/MickRobot/Graduation_project_ws/install/ranger_msgs/include/ranger_msgs/ranger_msgs/msg/detail/system_state__traits.hpp
[3.647s] -- Up-to-date: /home/meteor/ROS2/MickRobot/Graduation_project_ws/install/ranger_msgs/include/ranger_msgs/ranger_msgs/msg/detail/motion_state__type_support.hpp
[3.647s] -- Up-to-date: /home/meteor/ROS2/MickRobot/Graduation_project_ws/install/ranger_msgs/include/ranger_msgs/ranger_msgs/msg/detail/actuator_state_array__traits.hpp
[3.647s] -- Up-to-date: /home/meteor/ROS2/MickRobot/Graduation_project_ws/install/ranger_msgs/include/ranger_msgs/ranger_msgs/msg/detail/system_state__struct.hpp
[3.647s] -- Up-to-date: /home/meteor/ROS2/MickRobot/Graduation_project_ws/install/ranger_msgs/include/ranger_msgs/ranger_msgs/msg/detail/motor_state__traits.hpp
[3.647s] -- Up-to-date: /home/meteor/ROS2/MickRobot/Graduation_project_ws/install/ranger_msgs/include/ranger_msgs/ranger_msgs/msg/detail/actuator_state__type_support.hpp
[3.647s] -- Up-to-date: /home/meteor/ROS2/MickRobot/Graduation_project_ws/install/ranger_msgs/include/ranger_msgs/ranger_msgs/msg/detail/driver_state__struct.hpp
[3.647s] -- Up-to-date: /home/meteor/ROS2/MickRobot/Graduation_project_ws/install/ranger_msgs/include/ranger_msgs/ranger_msgs/msg/detail/driver_state__type_support.hpp
[3.648s] -- Up-to-date: /home/meteor/ROS2/MickRobot/Graduation_project_ws/install/ranger_msgs/include/ranger_msgs/ranger_msgs/msg/detail/motor_state__builder.hpp
[3.648s] -- Up-to-date: /home/meteor/ROS2/MickRobot/Graduation_project_ws/install/ranger_msgs/include/ranger_msgs/ranger_msgs/msg/detail/actuator_state_array__builder.hpp
[3.648s] -- Up-to-date: /home/meteor/ROS2/MickRobot/Graduation_project_ws/install/ranger_msgs/include/ranger_msgs/ranger_msgs/msg/detail/driver_state__traits.hpp
[3.648s] -- Up-to-date: /home/meteor/ROS2/MickRobot/Graduation_project_ws/install/ranger_msgs/include/ranger_msgs/ranger_msgs/msg/detail/motor_state__struct.hpp
[3.648s] -- Up-to-date: /home/meteor/ROS2/MickRobot/Graduation_project_ws/install/ranger_msgs/include/ranger_msgs/ranger_msgs/msg/detail/system_state__builder.hpp
[3.648s] -- Up-to-date: /home/meteor/ROS2/MickRobot/Graduation_project_ws/install/ranger_msgs/include/ranger_msgs/ranger_msgs/msg/detail/actuator_state_array__struct.hpp
[3.648s] -- Up-to-date: /home/meteor/ROS2/MickRobot/Graduation_project_ws/install/ranger_msgs/include/ranger_msgs/ranger_msgs/msg/detail/driver_state__builder.hpp
[3.648s] -- Up-to-date: /home/meteor/ROS2/MickRobot/Graduation_project_ws/install/ranger_msgs/include/ranger_msgs/ranger_msgs/msg/detail/motion_state__builder.hpp
[3.648s] -- Up-to-date: /home/meteor/ROS2/MickRobot/Graduation_project_ws/install/ranger_msgs/include/ranger_msgs/ranger_msgs/msg/detail/actuator_state__traits.hpp
[3.648s] -- Up-to-date: /home/meteor/ROS2/MickRobot/Graduation_project_ws/install/ranger_msgs/include/ranger_msgs/ranger_msgs/msg/system_state.hpp
[3.649s] -- Up-to-date: /home/meteor/ROS2/MickRobot/Graduation_project_ws/install/ranger_msgs/include/ranger_msgs/ranger_msgs/msg/rosidl_generator_cpp__visibility_control.hpp
[3.649s] -- Up-to-date: /home/meteor/ROS2/MickRobot/Graduation_project_ws/install/ranger_msgs/include/ranger_msgs/ranger_msgs/msg/motor_state.hpp
[3.649s] -- Up-to-date: /home/meteor/ROS2/MickRobot/Graduation_project_ws/install/ranger_msgs/include/ranger_msgs/ranger_msgs/msg/actuator_state.hpp
[3.649s] -- Up-to-date: /home/meteor/ROS2/MickRobot/Graduation_project_ws/install/ranger_msgs/include/ranger_msgs/ranger_msgs/msg/driver_state.hpp
[3.649s] -- Up-to-date: /home/meteor/ROS2/MickRobot/Graduation_project_ws/install/ranger_msgs/include/ranger_msgs/ranger_msgs
[3.649s] -- Up-to-date: /home/meteor/ROS2/MickRobot/Graduation_project_ws/install/ranger_msgs/include/ranger_msgs/ranger_msgs/msg
[3.649s] -- Up-to-date: /home/meteor/ROS2/MickRobot/Graduation_project_ws/install/ranger_msgs/include/ranger_msgs/ranger_msgs/msg/detail
[3.649s] -- Up-to-date: /home/meteor/ROS2/MickRobot/Graduation_project_ws/install/ranger_msgs/include/ranger_msgs/ranger_msgs/msg/detail/system_state__rosidl_typesupport_fastrtps_cpp.hpp
[3.649s] -- Up-to-date: /home/meteor/ROS2/MickRobot/Graduation_project_ws/install/ranger_msgs/include/ranger_msgs/ranger_msgs/msg/detail/actuator_state_array__rosidl_typesupport_fastrtps_cpp.hpp
[3.649s] -- Up-to-date: /home/meteor/ROS2/MickRobot/Graduation_project_ws/install/ranger_msgs/include/ranger_msgs/ranger_msgs/msg/detail/dds_fastrtps
[3.649s] -- Up-to-date: /home/meteor/ROS2/MickRobot/Graduation_project_ws/install/ranger_msgs/include/ranger_msgs/ranger_msgs/msg/detail/motor_state__rosidl_typesupport_fastrtps_cpp.hpp
[3.649s] -- Up-to-date: /home/meteor/ROS2/MickRobot/Graduation_project_ws/install/ranger_msgs/include/ranger_msgs/ranger_msgs/msg/detail/driver_state__rosidl_typesupport_fastrtps_cpp.hpp
[3.650s] -- Up-to-date: /home/meteor/ROS2/MickRobot/Graduation_project_ws/install/ranger_msgs/include/ranger_msgs/ranger_msgs/msg/detail/motion_state__rosidl_typesupport_fastrtps_cpp.hpp
[3.650s] -- Up-to-date: /home/meteor/ROS2/MickRobot/Graduation_project_ws/install/ranger_msgs/include/ranger_msgs/ranger_msgs/msg/detail/actuator_state__rosidl_typesupport_fastrtps_cpp.hpp
[3.650s] -- Up-to-date: /home/meteor/ROS2/MickRobot/Graduation_project_ws/install/ranger_msgs/include/ranger_msgs/ranger_msgs/msg/rosidl_typesupport_fastrtps_cpp__visibility_control.h
[3.650s] -- Up-to-date: /home/meteor/ROS2/MickRobot/Graduation_project_ws/install/ranger_msgs/lib/libranger_msgs__rosidl_typesupport_fastrtps_cpp.so
[3.650s] -- Up-to-date: /home/meteor/ROS2/MickRobot/Graduation_project_ws/install/ranger_msgs/include/ranger_msgs/ranger_msgs
[3.650s] -- Up-to-date: /home/meteor/ROS2/MickRobot/Graduation_project_ws/install/ranger_msgs/include/ranger_msgs/ranger_msgs/msg
[3.650s] -- Up-to-date: /home/meteor/ROS2/MickRobot/Graduation_project_ws/install/ranger_msgs/include/ranger_msgs/ranger_msgs/msg/detail
[3.650s] -- Up-to-date: /home/meteor/ROS2/MickRobot/Graduation_project_ws/install/ranger_msgs/include/ranger_msgs/ranger_msgs/msg/detail/system_state__type_support.c
[3.650s] -- Up-to-date: /home/meteor/ROS2/MickRobot/Graduation_project_ws/install/ranger_msgs/include/ranger_msgs/ranger_msgs/msg/detail/driver_state__rosidl_typesupport_introspection_c.h
[3.650s] -- Up-to-date: /home/meteor/ROS2/MickRobot/Graduation_project_ws/install/ranger_msgs/include/ranger_msgs/ranger_msgs/msg/detail/motion_state__type_support.c
[3.650s] -- Up-to-date: /home/meteor/ROS2/MickRobot/Graduation_project_ws/install/ranger_msgs/include/ranger_msgs/ranger_msgs/msg/detail/motion_state__rosidl_typesupport_introspection_c.h
[3.651s] -- Up-to-date: /home/meteor/ROS2/MickRobot/Graduation_project_ws/install/ranger_msgs/include/ranger_msgs/ranger_msgs/msg/detail/motor_state__rosidl_typesupport_introspection_c.h
[3.651s] -- Up-to-date: /home/meteor/ROS2/MickRobot/Graduation_project_ws/install/ranger_msgs/include/ranger_msgs/ranger_msgs/msg/detail/actuator_state_array__type_support.c
[3.651s] -- Up-to-date: /home/meteor/ROS2/MickRobot/Graduation_project_ws/install/ranger_msgs/include/ranger_msgs/ranger_msgs/msg/detail/actuator_state__rosidl_typesupport_introspection_c.h
[3.651s] -- Up-to-date: /home/meteor/ROS2/MickRobot/Graduation_project_ws/install/ranger_msgs/include/ranger_msgs/ranger_msgs/msg/detail/motor_state__type_support.c
[3.651s] -- Up-to-date: /home/meteor/ROS2/MickRobot/Graduation_project_ws/install/ranger_msgs/include/ranger_msgs/ranger_msgs/msg/detail/driver_state__type_support.c
[3.651s] -- Up-to-date: /home/meteor/ROS2/MickRobot/Graduation_project_ws/install/ranger_msgs/include/ranger_msgs/ranger_msgs/msg/detail/system_state__rosidl_typesupport_introspection_c.h
[3.651s] -- Up-to-date: /home/meteor/ROS2/MickRobot/Graduation_project_ws/install/ranger_msgs/include/ranger_msgs/ranger_msgs/msg/detail/actuator_state_array__rosidl_typesupport_introspection_c.h
[3.651s] -- Up-to-date: /home/meteor/ROS2/MickRobot/Graduation_project_ws/install/ranger_msgs/include/ranger_msgs/ranger_msgs/msg/detail/actuator_state__type_support.c
[3.651s] -- Up-to-date: /home/meteor/ROS2/MickRobot/Graduation_project_ws/install/ranger_msgs/include/ranger_msgs/ranger_msgs/msg/rosidl_typesupport_introspection_c__visibility_control.h
[3.693s] -- Up-to-date: /home/meteor/ROS2/MickRobot/Graduation_project_ws/install/ranger_msgs/lib/libranger_msgs__rosidl_typesupport_introspection_c.so
[3.694s] -- Up-to-date: /home/meteor/ROS2/MickRobot/Graduation_project_ws/install/ranger_msgs/lib/libranger_msgs__rosidl_typesupport_c.so
[3.694s] -- Up-to-date: /home/meteor/ROS2/MickRobot/Graduation_project_ws/install/ranger_msgs/include/ranger_msgs/ranger_msgs
[3.694s] -- Up-to-date: /home/meteor/ROS2/MickRobot/Graduation_project_ws/install/ranger_msgs/include/ranger_msgs/ranger_msgs/msg
[3.695s] -- Up-to-date: /home/meteor/ROS2/MickRobot/Graduation_project_ws/install/ranger_msgs/include/ranger_msgs/ranger_msgs/msg/detail
[3.695s] -- Up-to-date: /home/meteor/ROS2/MickRobot/Graduation_project_ws/install/ranger_msgs/include/ranger_msgs/ranger_msgs/msg/detail/driver_state__rosidl_typesupport_introspection_cpp.hpp
[3.695s] -- Up-to-date: /home/meteor/ROS2/MickRobot/Graduation_project_ws/install/ranger_msgs/include/ranger_msgs/ranger_msgs/msg/detail/motor_state__type_support.cpp
[3.695s] -- Up-to-date: /home/meteor/ROS2/MickRobot/Graduation_project_ws/install/ranger_msgs/include/ranger_msgs/ranger_msgs/msg/detail/actuator_state_array__type_support.cpp
[3.695s] -- Up-to-date: /home/meteor/ROS2/MickRobot/Graduation_project_ws/install/ranger_msgs/include/ranger_msgs/ranger_msgs/msg/detail/actuator_state__rosidl_typesupport_introspection_cpp.hpp
[3.695s] -- Up-to-date: /home/meteor/ROS2/MickRobot/Graduation_project_ws/install/ranger_msgs/include/ranger_msgs/ranger_msgs/msg/detail/motion_state__type_support.cpp
[3.695s] -- Up-to-date: /home/meteor/ROS2/MickRobot/Graduation_project_ws/install/ranger_msgs/include/ranger_msgs/ranger_msgs/msg/detail/actuator_state__type_support.cpp
[3.695s] -- Up-to-date: /home/meteor/ROS2/MickRobot/Graduation_project_ws/install/ranger_msgs/include/ranger_msgs/ranger_msgs/msg/detail/motion_state__rosidl_typesupport_introspection_cpp.hpp
[3.695s] -- Up-to-date: /home/meteor/ROS2/MickRobot/Graduation_project_ws/install/ranger_msgs/include/ranger_msgs/ranger_msgs/msg/detail/system_state__rosidl_typesupport_introspection_cpp.hpp
[3.695s] -- Up-to-date: /home/meteor/ROS2/MickRobot/Graduation_project_ws/install/ranger_msgs/include/ranger_msgs/ranger_msgs/msg/detail/system_state__type_support.cpp
[3.695s] -- Up-to-date: /home/meteor/ROS2/MickRobot/Graduation_project_ws/install/ranger_msgs/include/ranger_msgs/ranger_msgs/msg/detail/actuator_state_array__rosidl_typesupport_introspection_cpp.hpp
[3.695s] -- Up-to-date: /home/meteor/ROS2/MickRobot/Graduation_project_ws/install/ranger_msgs/include/ranger_msgs/ranger_msgs/msg/detail/driver_state__type_support.cpp
[3.695s] -- Up-to-date: /home/meteor/ROS2/MickRobot/Graduation_project_ws/install/ranger_msgs/include/ranger_msgs/ranger_msgs/msg/detail/motor_state__rosidl_typesupport_introspection_cpp.hpp
[3.695s] -- Up-to-date: /home/meteor/ROS2/MickRobot/Graduation_project_ws/install/ranger_msgs/lib/libranger_msgs__rosidl_typesupport_introspection_cpp.so
[3.696s] -- Up-to-date: /home/meteor/ROS2/MickRobot/Graduation_project_ws/install/ranger_msgs/lib/libranger_msgs__rosidl_typesupport_cpp.so
[3.696s] -- Up-to-date: /home/meteor/ROS2/MickRobot/Graduation_project_ws/install/ranger_msgs/share/ranger_msgs/environment/pythonpath.sh
[3.696s] -- Up-to-date: /home/meteor/ROS2/MickRobot/Graduation_project_ws/install/ranger_msgs/share/ranger_msgs/environment/pythonpath.dsv
[3.696s] -- Up-to-date: /home/meteor/ROS2/MickRobot/Graduation_project_ws/install/ranger_msgs/local/lib/python3.10/dist-packages/ranger_msgs-0.0.1-py3.10.egg-info
[3.696s] -- Installing: /home/meteor/ROS2/MickRobot/Graduation_project_ws/install/ranger_msgs/local/lib/python3.10/dist-packages/ranger_msgs-0.0.1-py3.10.egg-info/dependency_links.txt
[3.697s] -- Installing: /home/meteor/ROS2/MickRobot/Graduation_project_ws/install/ranger_msgs/local/lib/python3.10/dist-packages/ranger_msgs-0.0.1-py3.10.egg-info/PKG-INFO
[3.697s] -- Installing: /home/meteor/ROS2/MickRobot/Graduation_project_ws/install/ranger_msgs/local/lib/python3.10/dist-packages/ranger_msgs-0.0.1-py3.10.egg-info/SOURCES.txt
[3.697s] -- Installing: /home/meteor/ROS2/MickRobot/Graduation_project_ws/install/ranger_msgs/local/lib/python3.10/dist-packages/ranger_msgs-0.0.1-py3.10.egg-info/top_level.txt
[3.698s] -- Up-to-date: /home/meteor/ROS2/MickRobot/Graduation_project_ws/install/ranger_msgs/local/lib/python3.10/dist-packages/ranger_msgs
[3.698s] -- Up-to-date: /home/meteor/ROS2/MickRobot/Graduation_project_ws/install/ranger_msgs/local/lib/python3.10/dist-packages/ranger_msgs/ranger_msgs_s__rosidl_typesupport_fastrtps_c.cpython-310-x86_64-linux-gnu.so
[3.698s] -- Up-to-date: /home/meteor/ROS2/MickRobot/Graduation_project_ws/install/ranger_msgs/local/lib/python3.10/dist-packages/ranger_msgs/libranger_msgs__rosidl_generator_py.so
[3.698s] -- Up-to-date: /home/meteor/ROS2/MickRobot/Graduation_project_ws/install/ranger_msgs/local/lib/python3.10/dist-packages/ranger_msgs/msg
[3.698s] -- Up-to-date: /home/meteor/ROS2/MickRobot/Graduation_project_ws/install/ranger_msgs/local/lib/python3.10/dist-packages/ranger_msgs/msg/_motor_state_s.c
[3.698s] -- Up-to-date: /home/meteor/ROS2/MickRobot/Graduation_project_ws/install/ranger_msgs/local/lib/python3.10/dist-packages/ranger_msgs/msg/_system_state_s.c
[3.698s] -- Up-to-date: /home/meteor/ROS2/MickRobot/Graduation_project_ws/install/ranger_msgs/local/lib/python3.10/dist-packages/ranger_msgs/msg/_motion_state.py
[3.698s] -- Up-to-date: /home/meteor/ROS2/MickRobot/Graduation_project_ws/install/ranger_msgs/local/lib/python3.10/dist-packages/ranger_msgs/msg/_driver_state_s.c
[3.698s] -- Up-to-date: /home/meteor/ROS2/MickRobot/Graduation_project_ws/install/ranger_msgs/local/lib/python3.10/dist-packages/ranger_msgs/msg/_actuator_state_array_s.c
[3.698s] -- Up-to-date: /home/meteor/ROS2/MickRobot/Graduation_project_ws/install/ranger_msgs/local/lib/python3.10/dist-packages/ranger_msgs/msg/__init__.py
[3.699s] -- Up-to-date: /home/meteor/ROS2/MickRobot/Graduation_project_ws/install/ranger_msgs/local/lib/python3.10/dist-packages/ranger_msgs/msg/_actuator_state_array.py
[3.699s] -- Up-to-date: /home/meteor/ROS2/MickRobot/Graduation_project_ws/install/ranger_msgs/local/lib/python3.10/dist-packages/ranger_msgs/msg/_motor_state.py
[3.699s] -- Up-to-date: /home/meteor/ROS2/MickRobot/Graduation_project_ws/install/ranger_msgs/local/lib/python3.10/dist-packages/ranger_msgs/msg/_system_state.py
[3.699s] -- Up-to-date: /home/meteor/ROS2/MickRobot/Graduation_project_ws/install/ranger_msgs/local/lib/python3.10/dist-packages/ranger_msgs/msg/_driver_state.py
[3.699s] -- Up-to-date: /home/meteor/ROS2/MickRobot/Graduation_project_ws/install/ranger_msgs/local/lib/python3.10/dist-packages/ranger_msgs/msg/_actuator_state_s.c
[3.699s] -- Up-to-date: /home/meteor/ROS2/MickRobot/Graduation_project_ws/install/ranger_msgs/local/lib/python3.10/dist-packages/ranger_msgs/msg/_motion_state_s.c
[3.699s] -- Up-to-date: /home/meteor/ROS2/MickRobot/Graduation_project_ws/install/ranger_msgs/local/lib/python3.10/dist-packages/ranger_msgs/msg/_actuator_state.py
[3.699s] -- Up-to-date: /home/meteor/ROS2/MickRobot/Graduation_project_ws/install/ranger_msgs/local/lib/python3.10/dist-packages/ranger_msgs/ranger_msgs_s__rosidl_typesupport_introspection_c.cpython-310-x86_64-linux-gnu.so
[3.699s] -- Up-to-date: /home/meteor/ROS2/MickRobot/Graduation_project_ws/install/ranger_msgs/local/lib/python3.10/dist-packages/ranger_msgs/__init__.py
[3.699s] -- Up-to-date: /home/meteor/ROS2/MickRobot/Graduation_project_ws/install/ranger_msgs/local/lib/python3.10/dist-packages/ranger_msgs/ranger_msgs_s__rosidl_typesupport_c.cpython-310-x86_64-linux-gnu.so
[3.699s] -- Up-to-date: /home/meteor/ROS2/MickRobot/Graduation_project_ws/install/ranger_msgs/local/lib/python3.10/dist-packages/ranger_msgs/_ranger_msgs_s.ep.rosidl_typesupport_introspection_c.c
[3.699s] -- Up-to-date: /home/meteor/ROS2/MickRobot/Graduation_project_ws/install/ranger_msgs/local/lib/python3.10/dist-packages/ranger_msgs/_ranger_msgs_s.ep.rosidl_typesupport_fastrtps_c.c
[3.699s] -- Up-to-date: /home/meteor/ROS2/MickRobot/Graduation_project_ws/install/ranger_msgs/local/lib/python3.10/dist-packages/ranger_msgs/_ranger_msgs_s.ep.rosidl_typesupport_c.c
[3.937s] Listing '/home/meteor/ROS2/MickRobot/Graduation_project_ws/install/ranger_msgs/local/lib/python3.10/dist-packages/ranger_msgs'...
[3.937s] Listing '/home/meteor/ROS2/MickRobot/Graduation_project_ws/install/ranger_msgs/local/lib/python3.10/dist-packages/ranger_msgs/msg'...
[3.956s] -- Up-to-date: /home/meteor/ROS2/MickRobot/Graduation_project_ws/install/ranger_msgs/local/lib/python3.10/dist-packages/ranger_msgs/ranger_msgs_s__rosidl_typesupport_fastrtps_c.cpython-310-x86_64-linux-gnu.so
[4.050s] -- Up-to-date: /home/meteor/ROS2/MickRobot/Graduation_project_ws/install/ranger_msgs/local/lib/python3.10/dist-packages/ranger_msgs/ranger_msgs_s__rosidl_typesupport_introspection_c.cpython-310-x86_64-linux-gnu.so
[4.089s] -- Up-to-date: /home/meteor/ROS2/MickRobot/Graduation_project_ws/install/ranger_msgs/local/lib/python3.10/dist-packages/ranger_msgs/ranger_msgs_s__rosidl_typesupport_c.cpython-310-x86_64-linux-gnu.so
[4.117s] -- Up-to-date: /home/meteor/ROS2/MickRobot/Graduation_project_ws/install/ranger_msgs/lib/libranger_msgs__rosidl_generator_py.so
[4.118s] -- Up-to-date: /home/meteor/ROS2/MickRobot/Graduation_project_ws/install/ranger_msgs/share/ranger_msgs/msg/ActuatorState.idl
[4.118s] -- Up-to-date: /home/meteor/ROS2/MickRobot/Graduation_project_ws/install/ranger_msgs/share/ranger_msgs/msg/ActuatorStateArray.idl
[4.118s] -- Up-to-date: /home/meteor/ROS2/MickRobot/Graduation_project_ws/install/ranger_msgs/share/ranger_msgs/msg/DriverState.idl
[4.118s] -- Up-to-date: /home/meteor/ROS2/MickRobot/Graduation_project_ws/install/ranger_msgs/share/ranger_msgs/msg/MotionState.idl
[4.118s] -- Up-to-date: /home/meteor/ROS2/MickRobot/Graduation_project_ws/install/ranger_msgs/share/ranger_msgs/msg/MotorState.idl
[4.118s] -- Up-to-date: /home/meteor/ROS2/MickRobot/Graduation_project_ws/install/ranger_msgs/share/ranger_msgs/msg/SystemState.idl
[4.118s] -- Up-to-date: /home/meteor/ROS2/MickRobot/Graduation_project_ws/install/ranger_msgs/share/ranger_msgs/msg/ActuatorState.msg
[4.119s] -- Up-to-date: /home/meteor/ROS2/MickRobot/Graduation_project_ws/install/ranger_msgs/share/ranger_msgs/msg/ActuatorStateArray.msg
[4.119s] -- Up-to-date: /home/meteor/ROS2/MickRobot/Graduation_project_ws/install/ranger_msgs/share/ranger_msgs/msg/DriverState.msg
[4.119s] -- Up-to-date: /home/meteor/ROS2/MickRobot/Graduation_project_ws/install/ranger_msgs/share/ranger_msgs/msg/MotionState.msg
[4.119s] -- Up-to-date: /home/meteor/ROS2/MickRobot/Graduation_project_ws/install/ranger_msgs/share/ranger_msgs/msg/MotorState.msg
[4.119s] -- Up-to-date: /home/meteor/ROS2/MickRobot/Graduation_project_ws/install/ranger_msgs/share/ranger_msgs/msg/SystemState.msg
[4.119s] -- Up-to-date: /home/meteor/ROS2/MickRobot/Graduation_project_ws/install/ranger_msgs/share/ament_index/resource_index/package_run_dependencies/ranger_msgs
[4.119s] -- Up-to-date: /home/meteor/ROS2/MickRobot/Graduation_project_ws/install/ranger_msgs/share/ament_index/resource_index/parent_prefix_path/ranger_msgs
[4.119s] -- Up-to-date: /home/meteor/ROS2/MickRobot/Graduation_project_ws/install/ranger_msgs/share/ranger_msgs/environment/ament_prefix_path.sh
[4.119s] -- Up-to-date: /home/meteor/ROS2/MickRobot/Graduation_project_ws/install/ranger_msgs/share/ranger_msgs/environment/ament_prefix_path.dsv
[4.119s] -- Up-to-date: /home/meteor/ROS2/MickRobot/Graduation_project_ws/install/ranger_msgs/share/ranger_msgs/environment/path.sh
[4.119s] -- Up-to-date: /home/meteor/ROS2/MickRobot/Graduation_project_ws/install/ranger_msgs/share/ranger_msgs/environment/path.dsv
[4.119s] -- Up-to-date: /home/meteor/ROS2/MickRobot/Graduation_project_ws/install/ranger_msgs/share/ranger_msgs/local_setup.bash
[4.119s] -- Up-to-date: /home/meteor/ROS2/MickRobot/Graduation_project_ws/install/ranger_msgs/share/ranger_msgs/local_setup.sh
[4.119s] -- Up-to-date: /home/meteor/ROS2/MickRobot/Graduation_project_ws/install/ranger_msgs/share/ranger_msgs/local_setup.zsh
[4.119s] -- Up-to-date: /home/meteor/ROS2/MickRobot/Graduation_project_ws/install/ranger_msgs/share/ranger_msgs/local_setup.dsv
[4.119s] -- Installing: /home/meteor/ROS2/MickRobot/Graduation_project_ws/install/ranger_msgs/share/ranger_msgs/package.dsv
[4.174s] -- Up-to-date: /home/meteor/ROS2/MickRobot/Graduation_project_ws/install/ranger_msgs/share/ament_index/resource_index/packages/ranger_msgs
[4.238s] -- Up-to-date: /home/meteor/ROS2/MickRobot/Graduation_project_ws/install/ranger_msgs/share/ranger_msgs/cmake/export_ranger_msgs__rosidl_generator_cExport.cmake
[4.238s] -- Up-to-date: /home/meteor/ROS2/MickRobot/Graduation_project_ws/install/ranger_msgs/share/ranger_msgs/cmake/export_ranger_msgs__rosidl_generator_cExport-noconfig.cmake
[4.280s] -- Up-to-date: /home/meteor/ROS2/MickRobot/Graduation_project_ws/install/ranger_msgs/share/ranger_msgs/cmake/export_ranger_msgs__rosidl_typesupport_fastrtps_cExport.cmake
[4.280s] -- Up-to-date: /home/meteor/ROS2/MickRobot/Graduation_project_ws/install/ranger_msgs/share/ranger_msgs/cmake/export_ranger_msgs__rosidl_typesupport_fastrtps_cExport-noconfig.cmake
[4.281s] -- Up-to-date: /home/meteor/ROS2/MickRobot/Graduation_project_ws/install/ranger_msgs/share/ranger_msgs/cmake/export_ranger_msgs__rosidl_generator_cppExport.cmake
[4.282s] -- Up-to-date: /home/meteor/ROS2/MickRobot/Graduation_project_ws/install/ranger_msgs/share/ranger_msgs/cmake/export_ranger_msgs__rosidl_typesupport_fastrtps_cppExport.cmake
[4.282s] -- Up-to-date: /home/meteor/ROS2/MickRobot/Graduation_project_ws/install/ranger_msgs/share/ranger_msgs/cmake/export_ranger_msgs__rosidl_typesupport_fastrtps_cppExport-noconfig.cmake
[4.282s] -- Up-to-date: /home/meteor/ROS2/MickRobot/Graduation_project_ws/install/ranger_msgs/share/ranger_msgs/cmake/ranger_msgs__rosidl_typesupport_introspection_cExport.cmake
[4.282s] -- Up-to-date: /home/meteor/ROS2/MickRobot/Graduation_project_ws/install/ranger_msgs/share/ranger_msgs/cmake/ranger_msgs__rosidl_typesupport_introspection_cExport-noconfig.cmake
[4.283s] -- Up-to-date: /home/meteor/ROS2/MickRobot/Graduation_project_ws/install/ranger_msgs/share/ranger_msgs/cmake/ranger_msgs__rosidl_typesupport_cExport.cmake
[4.283s] -- Up-to-date: /home/meteor/ROS2/MickRobot/Graduation_project_ws/install/ranger_msgs/share/ranger_msgs/cmake/ranger_msgs__rosidl_typesupport_cExport-noconfig.cmake
[4.284s] -- Up-to-date: /home/meteor/ROS2/MickRobot/Graduation_project_ws/install/ranger_msgs/share/ranger_msgs/cmake/ranger_msgs__rosidl_typesupport_introspection_cppExport.cmake
[4.284s] -- Up-to-date: /home/meteor/ROS2/MickRobot/Graduation_project_ws/install/ranger_msgs/share/ranger_msgs/cmake/ranger_msgs__rosidl_typesupport_introspection_cppExport-noconfig.cmake
[4.284s] -- Up-to-date: /home/meteor/ROS2/MickRobot/Graduation_project_ws/install/ranger_msgs/share/ranger_msgs/cmake/ranger_msgs__rosidl_typesupport_cppExport.cmake
[4.284s] -- Up-to-date: /home/meteor/ROS2/MickRobot/Graduation_project_ws/install/ranger_msgs/share/ranger_msgs/cmake/ranger_msgs__rosidl_typesupport_cppExport-noconfig.cmake
[4.285s] -- Up-to-date: /home/meteor/ROS2/MickRobot/Graduation_project_ws/install/ranger_msgs/share/ranger_msgs/cmake/export_ranger_msgs__rosidl_generator_pyExport.cmake
[4.285s] -- Up-to-date: /home/meteor/ROS2/MickRobot/Graduation_project_ws/install/ranger_msgs/share/ranger_msgs/cmake/export_ranger_msgs__rosidl_generator_pyExport-noconfig.cmake
[4.285s] -- Up-to-date: /home/meteor/ROS2/MickRobot/Graduation_project_ws/install/ranger_msgs/share/ranger_msgs/cmake/rosidl_cmake-extras.cmake
[4.285s] -- Up-to-date: /home/meteor/ROS2/MickRobot/Graduation_project_ws/install/ranger_msgs/share/ranger_msgs/cmake/ament_cmake_export_dependencies-extras.cmake
[4.285s] -- Up-to-date: /home/meteor/ROS2/MickRobot/Graduation_project_ws/install/ranger_msgs/share/ranger_msgs/cmake/ament_cmake_export_include_directories-extras.cmake
[4.285s] -- Up-to-date: /home/meteor/ROS2/MickRobot/Graduation_project_ws/install/ranger_msgs/share/ranger_msgs/cmake/ament_cmake_export_libraries-extras.cmake
[4.285s] -- Up-to-date: /home/meteor/ROS2/MickRobot/Graduation_project_ws/install/ranger_msgs/share/ranger_msgs/cmake/ament_cmake_export_targets-extras.cmake
[4.285s] -- Up-to-date: /home/meteor/ROS2/MickRobot/Graduation_project_ws/install/ranger_msgs/share/ranger_msgs/cmake/rosidl_cmake_export_typesupport_targets-extras.cmake
[4.285s] -- Up-to-date: /home/meteor/ROS2/MickRobot/Graduation_project_ws/install/ranger_msgs/share/ranger_msgs/cmake/rosidl_cmake_export_typesupport_libraries-extras.cmake
[4.285s] -- Up-to-date: /home/meteor/ROS2/MickRobot/Graduation_project_ws/install/ranger_msgs/share/ranger_msgs/cmake/ranger_msgsConfig.cmake
[4.285s] -- Up-to-date: /home/meteor/ROS2/MickRobot/Graduation_project_ws/install/ranger_msgs/share/ranger_msgs/cmake/ranger_msgsConfig-version.cmake
[4.285s] -- Up-to-date: /home/meteor/ROS2/MickRobot/Graduation_project_ws/install/ranger_msgs/share/ranger_msgs/package.xml
[4.288s] Invoked command in '/home/meteor/ROS2/MickRobot/Graduation_project_ws/build/ranger_msgs' returned '0': CMAKE_PREFIX_PATH=/home/meteor/ROS2/MickRobot/Graduation_project_ws/install/ranger_base:/home/meteor/ROS2/MickRobot/Graduation_project_ws/install/ranger_controller:/home/meteor/ROS2/MickRobot/Graduation_project_ws/install/pointcloud_refinement:/home/meteor/ROS2/MickRobot/Graduation_project_ws/install/aruco_detector:/opt/ros/humble:/home/meteor/ROS2/MickRobot/Graduation_project_ws/install/ugv_sdk:/home/meteor/ROS2/MickRobot/Graduation_project_ws/install/ranger_msgs:/home/meteor/ROS2/MickRobot/Graduation_project_ws/install/ranger_bringup:/home/meteor/ROS2/MickRobot/Graduation_project_ws/install/orbbec_description:/home/meteor/ROS2/MickRobot/Graduation_project_ws/install/orbbec_camera:/home/meteor/ROS2/MickRobot/Graduation_project_ws/install/orbbec_camera_msgs /usr/bin/cmake --install /home/meteor/ROS2/MickRobot/Graduation_project_ws/build/ranger_msgs
