[7.252s] Invoking command in '/home/meteor/ROS2/MickRobot/Graduation_project_ws/src/pointcloud_refinement': PYTHONPATH=/home/meteor/ROS2/MickRobot/Graduation_project_ws/build/pointcloud_refinement/prefix_override:/usr/lib/python3/dist-packages/colcon_core/task/python/colcon_distutils_commands:/home/meteor/ROS2/MickRobot/Graduation_project_ws/install/pointcloud_refinement/lib/python3.10/site-packages:${PYTHONPATH} /usr/bin/python3 -W ignore:setup.py install is deprecated -W ignore:easy_install command is deprecated setup.py egg_info --egg-base ../../build/pointcloud_refinement build --build-base /home/meteor/ROS2/MickRobot/Graduation_project_ws/build/pointcloud_refinement/build install --record /home/meteor/ROS2/MickRobot/Graduation_project_ws/build/pointcloud_refinement/install.log --single-version-externally-managed install_data
[7.526s] running egg_info
[7.527s] writing ../../build/pointcloud_refinement/pointcloud_refinement.egg-info/PKG-INFO
[7.527s] writing dependency_links to ../../build/pointcloud_refinement/pointcloud_refinement.egg-info/dependency_links.txt
[7.527s] writing entry points to ../../build/pointcloud_refinement/pointcloud_refinement.egg-info/entry_points.txt
[7.528s] writing requirements to ../../build/pointcloud_refinement/pointcloud_refinement.egg-info/requires.txt
[7.528s] writing top-level names to ../../build/pointcloud_refinement/pointcloud_refinement.egg-info/top_level.txt
[7.535s] reading manifest file '../../build/pointcloud_refinement/pointcloud_refinement.egg-info/SOURCES.txt'
[7.601s] writing manifest file '../../build/pointcloud_refinement/pointcloud_refinement.egg-info/SOURCES.txt'
[7.601s] running build
[7.601s] running build_py
[7.601s] copying pointcloud_refinement/refinement_node.py -> /home/meteor/ROS2/MickRobot/Graduation_project_ws/build/pointcloud_refinement/build/lib/pointcloud_refinement
[7.601s] running install
[7.602s] running install_lib
[7.602s] copying /home/meteor/ROS2/MickRobot/Graduation_project_ws/build/pointcloud_refinement/build/lib/pointcloud_refinement/refinement_node.py -> /home/meteor/ROS2/MickRobot/Graduation_project_ws/install/pointcloud_refinement/lib/python3.10/site-packages/pointcloud_refinement
[7.603s] byte-compiling /home/meteor/ROS2/MickRobot/Graduation_project_ws/install/pointcloud_refinement/lib/python3.10/site-packages/pointcloud_refinement/refinement_node.py to refinement_node.cpython-310.pyc
[7.605s] running install_data
[7.605s] copying launch/pointcloud_refinement.launch.py -> /home/meteor/ROS2/MickRobot/Graduation_project_ws/install/pointcloud_refinement/share/pointcloud_refinement/launch
[7.605s] running install_egg_info
[7.606s] removing '/home/meteor/ROS2/MickRobot/Graduation_project_ws/install/pointcloud_refinement/lib/python3.10/site-packages/pointcloud_refinement-0.0.0-py3.10.egg-info' (and everything under it)
[7.607s] Copying ../../build/pointcloud_refinement/pointcloud_refinement.egg-info to /home/meteor/ROS2/MickRobot/Graduation_project_ws/install/pointcloud_refinement/lib/python3.10/site-packages/pointcloud_refinement-0.0.0-py3.10.egg-info
[7.709s] running install_scripts
[7.726s] Installing pointcloud_capture_tool script to /home/meteor/ROS2/MickRobot/Graduation_project_ws/install/pointcloud_refinement/lib/pointcloud_refinement
[7.726s] Installing pointcloud_controller_node script to /home/meteor/ROS2/MickRobot/Graduation_project_ws/install/pointcloud_refinement/lib/pointcloud_refinement
[7.726s] Installing pointcloud_refinement_node script to /home/meteor/ROS2/MickRobot/Graduation_project_ws/install/pointcloud_refinement/lib/pointcloud_refinement
[7.727s] writing list of installed files to '/home/meteor/ROS2/MickRobot/Graduation_project_ws/build/pointcloud_refinement/install.log'
[7.757s] Invoked command in '/home/meteor/ROS2/MickRobot/Graduation_project_ws/src/pointcloud_refinement' returned '0': PYTHONPATH=/home/meteor/ROS2/MickRobot/Graduation_project_ws/build/pointcloud_refinement/prefix_override:/usr/lib/python3/dist-packages/colcon_core/task/python/colcon_distutils_commands:/home/meteor/ROS2/MickRobot/Graduation_project_ws/install/pointcloud_refinement/lib/python3.10/site-packages:${PYTHONPATH} /usr/bin/python3 -W ignore:setup.py install is deprecated -W ignore:easy_install command is deprecated setup.py egg_info --egg-base ../../build/pointcloud_refinement build --build-base /home/meteor/ROS2/MickRobot/Graduation_project_ws/build/pointcloud_refinement/build install --record /home/meteor/ROS2/MickRobot/Graduation_project_ws/build/pointcloud_refinement/install.log --single-version-externally-managed install_data
