running egg_info
writing ../../build/ranger_controller/ranger_controller.egg-info/PKG-INFO
writing dependency_links to ../../build/ranger_controller/ranger_controller.egg-info/dependency_links.txt
writing entry points to ../../build/ranger_controller/ranger_controller.egg-info/entry_points.txt
writing requirements to ../../build/ranger_controller/ranger_controller.egg-info/requires.txt
writing top-level names to ../../build/ranger_controller/ranger_controller.egg-info/top_level.txt
reading manifest file '../../build/ranger_controller/ranger_controller.egg-info/SOURCES.txt'
writing manifest file '../../build/ranger_controller/ranger_controller.egg-info/SOURCES.txt'
running build
running build_py
copying ranger_controller/check_battery_node.py -> /home/meteor/ROS2/MickRobot/Graduation_project_ws/build/ranger_controller/build/lib/ranger_controller
running install
running install_lib
copying /home/meteor/ROS2/MickRobot/Graduation_project_ws/build/ranger_controller/build/lib/ranger_controller/check_battery_node.py -> /home/meteor/ROS2/MickRobot/Graduation_project_ws/install/ranger_controller/lib/python3.10/site-packages/ranger_controller
byte-compiling /home/meteor/ROS2/MickRobot/Graduation_project_ws/install/ranger_controller/lib/python3.10/site-packages/ranger_controller/check_battery_node.py to check_battery_node.cpython-310.pyc
running install_data
copying launch/check_battery.launch.py -> /home/meteor/ROS2/MickRobot/Graduation_project_ws/install/ranger_controller/share/ranger_controller/launch
running install_egg_info
removing '/home/meteor/ROS2/MickRobot/Graduation_project_ws/install/ranger_controller/lib/python3.10/site-packages/ranger_controller-0.0.0-py3.10.egg-info' (and everything under it)
Copying ../../build/ranger_controller/ranger_controller.egg-info to /home/meteor/ROS2/MickRobot/Graduation_project_ws/install/ranger_controller/lib/python3.10/site-packages/ranger_controller-0.0.0-py3.10.egg-info
running install_scripts
Installing aruco_follower_node script to /home/meteor/ROS2/MickRobot/Graduation_project_ws/install/ranger_controller/lib/ranger_controller
Installing check_battery_node script to /home/meteor/ROS2/MickRobot/Graduation_project_ws/install/ranger_controller/lib/ranger_controller
Installing hybrid_controller_node script to /home/meteor/ROS2/MickRobot/Graduation_project_ws/install/ranger_controller/lib/ranger_controller
Installing pointcloud_follower_node script to /home/meteor/ROS2/MickRobot/Graduation_project_ws/install/ranger_controller/lib/ranger_controller
writing list of installed files to '/home/meteor/ROS2/MickRobot/Graduation_project_ws/build/ranger_controller/install.log'
