[0.010s] Invoking command in '/home/meteor/ROS2/MickRobot/Graduation_project_ws/build/orbbec_camera': AMENT_PREFIX_PATH=/home/meteor/ROS2/MickRobot/Graduation_project_ws/install/orbbec_camera_msgs:${AMENT_PREFIX_PATH} CMAKE_PREFIX_PATH=/home/meteor/ROS2/MickRobot/Graduation_project_ws/install/orbbec_camera_msgs:/home/meteor/ROS2/MickRobot/mick_robot_ws/install/slam_gmapping_sim:/home/meteor/ROS2/MickRobot/mick_robot_ws/install/serial:/home/meteor/ROS2/MickRobot/mick_robot_ws/install/path_pub:/home/meteor/ROS2/MickRobot/mick_robot_ws/install/oradar_lidar:/home/meteor/ROS2/MickRobot/mick_robot_ws/install/openslam_gmapping:/home/meteor/ROS2/MickRobot/mick_robot_ws/install/navigation_sim:/home/meteor/ROS2/MickRobot/mick_robot_ws/install/mickrobot_description:/home/meteor/ROS2/MickRobot/mick_robot_ws/install/mickrobot_cartographer:/home/meteor/ROS2/MickRobot/mick_robot_ws/install/mickrobot_bringup:/home/meteor/ROS2/MickRobot/mick_robot_ws/install/imu_100d4_node:/usr/local:/home/meteor/ROS2/MickRobot/mick_robot_ws/install/path_tracking:/home/meteor/ROS2/MickRobot/mick_robot_ws/install/keyboard:/opt/ros/humble LD_LIBRARY_PATH=/home/meteor/ROS2/MickRobot/Graduation_project_ws/install/orbbec_camera_msgs/lib:${LD_LIBRARY_PATH} PYTHONPATH=/home/meteor/ROS2/MickRobot/Graduation_project_ws/install/orbbec_camera_msgs/local/lib/python3.10/dist-packages:${PYTHONPATH} /usr/bin/cmake /home/meteor/ROS2/MickRobot/Graduation_project_ws/src/OrbbecSDK_ROS2/orbbec_camera -DCMAKE_INSTALL_PREFIX=/home/meteor/ROS2/MickRobot/Graduation_project_ws/install/orbbec_camera
[0.059s] -- The C compiler identification is GNU 11.4.0
[0.107s] -- The CXX compiler identification is GNU 11.4.0
[0.113s] -- Detecting C compiler ABI info
[0.180s] -- Detecting C compiler ABI info - done
[0.185s] -- Check for working C compiler: /usr/bin/cc - skipped
[0.186s] -- Detecting C compile features
[0.186s] -- Detecting C compile features - done
[0.188s] -- Detecting CXX compiler ABI info
[0.262s] -- Detecting CXX compiler ABI info - done
[0.267s] -- Check for working CXX compiler: /usr/bin/c++ - skipped
[0.267s] -- Detecting CXX compile features
[0.267s] -- Detecting CXX compile features - done
[0.270s] -- Found ament_cmake: 1.3.12 (/opt/ros/humble/share/ament_cmake/cmake)
[0.392s] -- Found Python3: /usr/bin/python3 (found version "3.10.12") found components: Interpreter 
[0.476s] -- Found ament_index_cpp: 1.4.0 (/opt/ros/humble/share/ament_index_cpp/cmake)
[0.485s] -- Found builtin_interfaces: 1.2.2 (/opt/ros/humble/share/builtin_interfaces/cmake)
[0.518s] -- Found rosidl_generator_c: 3.1.8 (/opt/ros/humble/share/rosidl_generator_c/cmake)
[0.524s] -- Found rosidl_adapter: 3.1.8 (/opt/ros/humble/share/rosidl_adapter/cmake)
[0.532s] -- Found rosidl_generator_cpp: 3.1.8 (/opt/ros/humble/share/rosidl_generator_cpp/cmake)
[0.543s] -- Using all available rosidl_typesupport_c: rosidl_typesupport_fastrtps_c;rosidl_typesupport_introspection_c
[0.559s] -- Using all available rosidl_typesupport_cpp: rosidl_typesupport_fastrtps_cpp;rosidl_typesupport_introspection_cpp
[0.619s] -- Found cv_bridge: 3.2.1 (/opt/ros/humble/share/cv_bridge/cmake)
[0.765s] -- Found camera_info_manager: 3.1.12 (/opt/ros/humble/share/camera_info_manager/cmake)
[0.826s] -- Found rmw_implementation_cmake: 6.1.2 (/opt/ros/humble/share/rmw_implementation_cmake/cmake)
[0.829s] -- Found rmw_cyclonedds_cpp: 1.3.4 (/opt/ros/humble/share/rmw_cyclonedds_cpp/cmake)
[0.852s] -- Using RMW implementation 'rmw_cyclonedds_cpp' as default
[0.861s] -- Looking for pthread.h
[1.016s] -- Looking for pthread.h - found
[1.016s] -- Performing Test CMAKE_HAVE_LIBC_PTHREAD
[1.112s] -- Performing Test CMAKE_HAVE_LIBC_PTHREAD - Success
[1.113s] -- Found Threads: TRUE  
[1.319s] -- Found image_transport: 3.1.12 (/opt/ros/humble/share/image_transport/cmake)
[1.509s] -- Found image_publisher: 3.0.9 (/opt/ros/humble/share/image_publisher/cmake)
[1.530s] -- Found OpenCV: /usr (found version "4.5.4") 
[1.530s] -- Found orbbec_camera_msgs: 2.7.6 (/home/meteor/ROS2/MickRobot/Graduation_project_ws/install/orbbec_camera_msgs/share/orbbec_camera_msgs/cmake)
[1.570s] -- Found std_srvs: 4.9.0 (/opt/ros/humble/share/std_srvs/cmake)
[1.584s] -- Found tf2: 0.25.18 (/opt/ros/humble/share/tf2/cmake)
[1.588s] -- Found tf2_msgs: 0.25.18 (/opt/ros/humble/share/tf2_msgs/cmake)
[1.621s] -- Found tf2_ros: 0.25.19 (/opt/ros/humble/share/tf2_ros/cmake)
[1.650s] -- Found tf2_sensor_msgs: 0.25.18 (/opt/ros/humble/share/tf2_sensor_msgs/cmake)
[1.680s] -- Found diagnostic_updater: 4.0.6 (/opt/ros/humble/share/diagnostic_updater/cmake)
[1.776s] -- Found PkgConfig: /usr/bin/pkg-config (found version "0.29.2") 
[1.989s] -- Found OpenSSL: /usr/lib/x86_64-linux-gnu/libcrypto.so (found version "3.0.2")  
[2.017s] -- ORRBEC Machine : x86_64
[2.017s] 
[2.017s] -- ORRBEC Machine Bits : 64
[2.017s] 
[2.211s] -- Found ament_lint_auto: 0.12.14 (/opt/ros/humble/share/ament_lint_auto/cmake)
[2.322s] -- Configuring done
[2.548s] -- Generating done
[2.589s] -- Build files have been written to: /home/meteor/ROS2/MickRobot/Graduation_project_ws/build/orbbec_camera
[2.604s] Invoked command in '/home/meteor/ROS2/MickRobot/Graduation_project_ws/build/orbbec_camera' returned '0': AMENT_PREFIX_PATH=/home/meteor/ROS2/MickRobot/Graduation_project_ws/install/orbbec_camera_msgs:${AMENT_PREFIX_PATH} CMAKE_PREFIX_PATH=/home/meteor/ROS2/MickRobot/Graduation_project_ws/install/orbbec_camera_msgs:/home/meteor/ROS2/MickRobot/mick_robot_ws/install/slam_gmapping_sim:/home/meteor/ROS2/MickRobot/mick_robot_ws/install/serial:/home/meteor/ROS2/MickRobot/mick_robot_ws/install/path_pub:/home/meteor/ROS2/MickRobot/mick_robot_ws/install/oradar_lidar:/home/meteor/ROS2/MickRobot/mick_robot_ws/install/openslam_gmapping:/home/meteor/ROS2/MickRobot/mick_robot_ws/install/navigation_sim:/home/meteor/ROS2/MickRobot/mick_robot_ws/install/mickrobot_description:/home/meteor/ROS2/MickRobot/mick_robot_ws/install/mickrobot_cartographer:/home/meteor/ROS2/MickRobot/mick_robot_ws/install/mickrobot_bringup:/home/meteor/ROS2/MickRobot/mick_robot_ws/install/imu_100d4_node:/usr/local:/home/meteor/ROS2/MickRobot/mick_robot_ws/install/path_tracking:/home/meteor/ROS2/MickRobot/mick_robot_ws/install/keyboard:/opt/ros/humble LD_LIBRARY_PATH=/home/meteor/ROS2/MickRobot/Graduation_project_ws/install/orbbec_camera_msgs/lib:${LD_LIBRARY_PATH} PYTHONPATH=/home/meteor/ROS2/MickRobot/Graduation_project_ws/install/orbbec_camera_msgs/local/lib/python3.10/dist-packages:${PYTHONPATH} /usr/bin/cmake /home/meteor/ROS2/MickRobot/Graduation_project_ws/src/OrbbecSDK_ROS2/orbbec_camera -DCMAKE_INSTALL_PREFIX=/home/meteor/ROS2/MickRobot/Graduation_project_ws/install/orbbec_camera
[2.606s] Invoking command in '/home/meteor/ROS2/MickRobot/Graduation_project_ws/build/orbbec_camera': AMENT_PREFIX_PATH=/home/meteor/ROS2/MickRobot/Graduation_project_ws/install/orbbec_camera_msgs:${AMENT_PREFIX_PATH} CMAKE_PREFIX_PATH=/home/meteor/ROS2/MickRobot/Graduation_project_ws/install/orbbec_camera_msgs:/home/meteor/ROS2/MickRobot/mick_robot_ws/install/slam_gmapping_sim:/home/meteor/ROS2/MickRobot/mick_robot_ws/install/serial:/home/meteor/ROS2/MickRobot/mick_robot_ws/install/path_pub:/home/meteor/ROS2/MickRobot/mick_robot_ws/install/oradar_lidar:/home/meteor/ROS2/MickRobot/mick_robot_ws/install/openslam_gmapping:/home/meteor/ROS2/MickRobot/mick_robot_ws/install/navigation_sim:/home/meteor/ROS2/MickRobot/mick_robot_ws/install/mickrobot_description:/home/meteor/ROS2/MickRobot/mick_robot_ws/install/mickrobot_cartographer:/home/meteor/ROS2/MickRobot/mick_robot_ws/install/mickrobot_bringup:/home/meteor/ROS2/MickRobot/mick_robot_ws/install/imu_100d4_node:/usr/local:/home/meteor/ROS2/MickRobot/mick_robot_ws/install/path_tracking:/home/meteor/ROS2/MickRobot/mick_robot_ws/install/keyboard:/opt/ros/humble LD_LIBRARY_PATH=/home/meteor/ROS2/MickRobot/Graduation_project_ws/install/orbbec_camera_msgs/lib:${LD_LIBRARY_PATH} PYTHONPATH=/home/meteor/ROS2/MickRobot/Graduation_project_ws/install/orbbec_camera_msgs/local/lib/python3.10/dist-packages:${PYTHONPATH} /usr/bin/cmake --build /home/meteor/ROS2/MickRobot/Graduation_project_ws/build/orbbec_camera -- -j16 -l16
[2.663s] [ 20%] [32mBuilding CXX object CMakeFiles/start_benchmark_node.dir/rclcpp_components/node_main_start_benchmark_node.cpp.o[0m
[2.663s] [ 20%] [32mBuilding CXX object CMakeFiles/frame_latency.dir/tools/frame_latency.cpp.o[0m
[2.663s] [ 20%] [32mBuilding CXX object CMakeFiles/orbbec_camera.dir/src/d2c_viewer.cpp.o[0m
[2.663s] [ 20%] [32mBuilding CXX object CMakeFiles/orbbec_camera.dir/src/image_publisher.cpp.o[0m
[2.663s] [ 20%] [32mBuilding CXX object CMakeFiles/orbbec_camera_node.dir/rclcpp_components/node_main_orbbec_camera_node.cpp.o[0m
[2.663s] [ 20%] [32mBuilding CXX object CMakeFiles/frame_latency_node.dir/rclcpp_components/node_main_frame_latency_node.cpp.o[0m
[2.665s] [ 20%] [32mBuilding CXX object CMakeFiles/orbbec_camera.dir/src/ob_lidar_node.cpp.o[0m
[2.665s] [ 20%] [32mBuilding CXX object CMakeFiles/orbbec_camera.dir/src/ob_camera_node.cpp.o[0m
[2.670s] [ 20%] [32mBuilding CXX object CMakeFiles/start_benchmark.dir/tools/start_benchmark.cpp.o[0m
[2.671s] [ 24%] [32mBuilding CXX object CMakeFiles/multi_save_rgbir.dir/tools/multi_save_rgbir.cpp.o[0m
[2.671s] [ 26%] [32mBuilding CXX object CMakeFiles/orbbec_camera.dir/src/ros_param_backend.cpp.o[0m
[2.671s] [ 28%] [32mBuilding CXX object CMakeFiles/orbbec_camera.dir/src/ob_camera_node_driver.cpp.o[0m
[2.671s] [ 33%] [32mBuilding CXX object CMakeFiles/multi_save_rgbir_node.dir/rclcpp_components/node_main_multi_save_rgbir_node.cpp.o[0m
[2.671s] [ 33%] [32mBuilding CXX object CMakeFiles/orbbec_camera.dir/src/dynamic_params.cpp.o[0m
[2.671s] [ 33%] [32mBuilding CXX object CMakeFiles/multi_save_rgbir.dir/src/utils.cpp.o[0m
[2.672s] [ 35%] [32mBuilding CXX object CMakeFiles/orbbec_camera.dir/src/ros_service.cpp.o[0m
[7.747s] [ 37%] [32m[1mLinking CXX executable orbbec_camera_node[0m
[7.865s] [ 40%] [32mBuilding CXX object CMakeFiles/orbbec_camera.dir/src/synced_imu_publisher.cpp.o[0m
[7.978s] [ 42%] [32m[1mLinking CXX executable multi_save_rgbir_node[0m
[8.008s] [ 42%] Built target orbbec_camera_node
[8.023s] [ 44%] [32mBuilding CXX object CMakeFiles/orbbec_camera.dir/src/utils.cpp.o[0m
[8.061s] [ 46%] [32m[1mLinking CXX executable start_benchmark_node[0m
[8.254s] [ 46%] Built target multi_save_rgbir_node
[8.289s] [ 48%] [32mBuilding CXX object CMakeFiles/orbbec_camera.dir/src/jpeg_decoder.cpp.o[0m
[8.384s] [ 48%] Built target start_benchmark_node
[8.472s] [ 51%] [32m[1mLinking CXX executable frame_latency_node[0m
[8.745s] [ 51%] Built target frame_latency_node
[44.167s] [ 53%] [32m[1mLinking CXX shared library libstart_benchmark.so[0m
[47.180s] [ 55%] [32m[1mLinking CXX shared library libmulti_save_rgbir.so[0m
[48.268s] [ 55%] Built target start_benchmark
[48.278s] [ 55%] Built target multi_save_rgbir
[53.318s] [ 57%] [32m[1mLinking CXX shared library libframe_latency.so[0m
[53.632s] [ 57%] Built target frame_latency
[61.422s] [ 60%] [32m[1mLinking CXX shared library liborbbec_camera.so[0m
[61.793s] [ 60%] Built target orbbec_camera
[61.813s] [ 75%] [32mBuilding CXX object CMakeFiles/list_devices_node.dir/tools/list_devices_node.cpp.o[0m
[61.813s] [ 75%] [32mBuilding CXX object CMakeFiles/set_device_ip.dir/tools/set_device_ip.cpp.o[0m
[61.813s] [ 75%] [32mBuilding CXX object CMakeFiles/ob_benchmark_node.dir/tools/ob_benchmark.cpp.o[0m
[61.813s] [ 75%] [32mBuilding CXX object CMakeFiles/list_depth_work_mode_node.dir/tools/list_depth_work_mode.cpp.o[0m
[61.813s] [ 75%] [32mBuilding CXX object CMakeFiles/service_benchmark_node.dir/scripts/service_benchmark_node.cpp.o[0m
[61.813s] [ 75%] [32mBuilding CXX object CMakeFiles/435le_example_node.dir/examples/435le_new_interface/camera_example_node.cpp.o[0m
[61.813s] [ 75%] [32mBuilding CXX object CMakeFiles/list_camera_profile_mode_node.dir/tools/list_camera_profile.cpp.o[0m
[61.814s] [ 77%] [32mBuilding CXX object CMakeFiles/topic_statistics_node.dir/tools/topic_statistics.cpp.o[0m
[61.814s] [ 80%] [32mBuilding CXX object CMakeFiles/image_sync_example_node.dir/examples/multi_camera_time_sync/image_sync_example_node.cpp.o[0m
[70.992s] [ 82%] [32m[1mLinking CXX executable list_devices_node[0m
[71.192s] [ 84%] [32m[1mLinking CXX executable set_device_ip[0m
[71.551s] [ 86%] [32m[1mLinking CXX executable list_camera_profile_mode_node[0m
[71.666s] [ 86%] Built target set_device_ip
[72.499s] [ 86%] Built target list_devices_node
[72.509s] [ 86%] Built target list_camera_profile_mode_node
[72.935s] [ 88%] [32m[1mLinking CXX executable list_depth_work_mode_node[0m
[73.087s] [ 88%] Built target list_depth_work_mode_node
[73.236s] [ 91%] [32m[1mLinking CXX executable ob_benchmark_node[0m
[73.405s] [ 91%] Built target ob_benchmark_node
[74.059s] [ 93%] [32m[1mLinking CXX executable topic_statistics_node[0m
[74.269s] [ 93%] Built target topic_statistics_node
[74.551s] [ 95%] [32m[1mLinking CXX executable 435le_example_node[0m
[74.752s] [ 95%] Built target 435le_example_node
[75.991s] [ 97%] [32m[1mLinking CXX executable image_sync_example_node[0m
[76.834s] [ 97%] Built target image_sync_example_node
[81.052s] [100%] [32m[1mLinking CXX executable service_benchmark_node[0m
[81.223s] [100%] Built target service_benchmark_node
[81.235s] Invoked command in '/home/meteor/ROS2/MickRobot/Graduation_project_ws/build/orbbec_camera' returned '0': AMENT_PREFIX_PATH=/home/meteor/ROS2/MickRobot/Graduation_project_ws/install/orbbec_camera_msgs:${AMENT_PREFIX_PATH} CMAKE_PREFIX_PATH=/home/meteor/ROS2/MickRobot/Graduation_project_ws/install/orbbec_camera_msgs:/home/meteor/ROS2/MickRobot/mick_robot_ws/install/slam_gmapping_sim:/home/meteor/ROS2/MickRobot/mick_robot_ws/install/serial:/home/meteor/ROS2/MickRobot/mick_robot_ws/install/path_pub:/home/meteor/ROS2/MickRobot/mick_robot_ws/install/oradar_lidar:/home/meteor/ROS2/MickRobot/mick_robot_ws/install/openslam_gmapping:/home/meteor/ROS2/MickRobot/mick_robot_ws/install/navigation_sim:/home/meteor/ROS2/MickRobot/mick_robot_ws/install/mickrobot_description:/home/meteor/ROS2/MickRobot/mick_robot_ws/install/mickrobot_cartographer:/home/meteor/ROS2/MickRobot/mick_robot_ws/install/mickrobot_bringup:/home/meteor/ROS2/MickRobot/mick_robot_ws/install/imu_100d4_node:/usr/local:/home/meteor/ROS2/MickRobot/mick_robot_ws/install/path_tracking:/home/meteor/ROS2/MickRobot/mick_robot_ws/install/keyboard:/opt/ros/humble LD_LIBRARY_PATH=/home/meteor/ROS2/MickRobot/Graduation_project_ws/install/orbbec_camera_msgs/lib:${LD_LIBRARY_PATH} PYTHONPATH=/home/meteor/ROS2/MickRobot/Graduation_project_ws/install/orbbec_camera_msgs/local/lib/python3.10/dist-packages:${PYTHONPATH} /usr/bin/cmake --build /home/meteor/ROS2/MickRobot/Graduation_project_ws/build/orbbec_camera -- -j16 -l16
[81.236s] Invoking command in '/home/meteor/ROS2/MickRobot/Graduation_project_ws/build/orbbec_camera': AMENT_PREFIX_PATH=/home/meteor/ROS2/MickRobot/Graduation_project_ws/install/orbbec_camera_msgs:${AMENT_PREFIX_PATH} CMAKE_PREFIX_PATH=/home/meteor/ROS2/MickRobot/Graduation_project_ws/install/orbbec_camera_msgs:/home/meteor/ROS2/MickRobot/mick_robot_ws/install/slam_gmapping_sim:/home/meteor/ROS2/MickRobot/mick_robot_ws/install/serial:/home/meteor/ROS2/MickRobot/mick_robot_ws/install/path_pub:/home/meteor/ROS2/MickRobot/mick_robot_ws/install/oradar_lidar:/home/meteor/ROS2/MickRobot/mick_robot_ws/install/openslam_gmapping:/home/meteor/ROS2/MickRobot/mick_robot_ws/install/navigation_sim:/home/meteor/ROS2/MickRobot/mick_robot_ws/install/mickrobot_description:/home/meteor/ROS2/MickRobot/mick_robot_ws/install/mickrobot_cartographer:/home/meteor/ROS2/MickRobot/mick_robot_ws/install/mickrobot_bringup:/home/meteor/ROS2/MickRobot/mick_robot_ws/install/imu_100d4_node:/usr/local:/home/meteor/ROS2/MickRobot/mick_robot_ws/install/path_tracking:/home/meteor/ROS2/MickRobot/mick_robot_ws/install/keyboard:/opt/ros/humble LD_LIBRARY_PATH=/home/meteor/ROS2/MickRobot/Graduation_project_ws/install/orbbec_camera_msgs/lib:${LD_LIBRARY_PATH} PYTHONPATH=/home/meteor/ROS2/MickRobot/Graduation_project_ws/install/orbbec_camera_msgs/local/lib/python3.10/dist-packages:${PYTHONPATH} /usr/bin/cmake --install /home/meteor/ROS2/MickRobot/Graduation_project_ws/build/orbbec_camera
[81.243s] -- Install configuration: ""
[81.243s] -- Installing: /home/meteor/ROS2/MickRobot/Graduation_project_ws/install/orbbec_camera/lib/orbbec_camera/orbbec_camera_node
[81.243s] -- Set runtime path of "/home/meteor/ROS2/MickRobot/Graduation_project_ws/install/orbbec_camera/lib/orbbec_camera/orbbec_camera_node" to ":/home/meteor/ROS2/MickRobot/Graduation_project_ws/src/OrbbecSDK_ROS2/orbbec_camera/SDK/lib/x64"
[81.243s] -- Installing: /home/meteor/ROS2/MickRobot/Graduation_project_ws/install/orbbec_camera/lib/orbbec_camera/common_benchmark_node.py
[81.244s] -- Installing: /home/meteor/ROS2/MickRobot/Graduation_project_ws/install/orbbec_camera/lib/orbbec_camera/service_benchmark_node.py
[81.244s] -- Installing: /home/meteor/ROS2/MickRobot/Graduation_project_ws/install/orbbec_camera/lib/orbbec_camera/frame_latency_node
[81.244s] -- Set runtime path of "/home/meteor/ROS2/MickRobot/Graduation_project_ws/install/orbbec_camera/lib/orbbec_camera/frame_latency_node" to ":/home/meteor/ROS2/MickRobot/Graduation_project_ws/src/OrbbecSDK_ROS2/orbbec_camera/SDK/lib/x64"
[81.244s] -- Installing: /home/meteor/ROS2/MickRobot/Graduation_project_ws/install/orbbec_camera/lib/orbbec_camera/start_benchmark_node
[81.245s] -- Set runtime path of "/home/meteor/ROS2/MickRobot/Graduation_project_ws/install/orbbec_camera/lib/orbbec_camera/start_benchmark_node" to ":/home/meteor/ROS2/MickRobot/Graduation_project_ws/src/OrbbecSDK_ROS2/orbbec_camera/SDK/lib/x64"
[81.245s] -- Installing: /home/meteor/ROS2/MickRobot/Graduation_project_ws/install/orbbec_camera/lib/orbbec_camera/multi_save_rgbir_node
[81.245s] -- Set runtime path of "/home/meteor/ROS2/MickRobot/Graduation_project_ws/install/orbbec_camera/lib/orbbec_camera/multi_save_rgbir_node" to ":/home/meteor/ROS2/MickRobot/Graduation_project_ws/src/OrbbecSDK_ROS2/orbbec_camera/SDK/lib/x64"
[81.245s] -- Installing: /home/meteor/ROS2/MickRobot/Graduation_project_ws/install/orbbec_camera/lib/liborbbec_camera.so
[81.250s] -- Set runtime path of "/home/meteor/ROS2/MickRobot/Graduation_project_ws/install/orbbec_camera/lib/liborbbec_camera.so" to ":/home/meteor/ROS2/MickRobot/Graduation_project_ws/src/OrbbecSDK_ROS2/orbbec_camera/SDK/lib/x64"
[81.250s] -- Installing: /home/meteor/ROS2/MickRobot/Graduation_project_ws/install/orbbec_camera/lib/libframe_latency.so
[81.255s] -- Set runtime path of "/home/meteor/ROS2/MickRobot/Graduation_project_ws/install/orbbec_camera/lib/libframe_latency.so" to ":/home/meteor/ROS2/MickRobot/Graduation_project_ws/src/OrbbecSDK_ROS2/orbbec_camera/SDK/lib/x64"
[81.255s] -- Installing: /home/meteor/ROS2/MickRobot/Graduation_project_ws/install/orbbec_camera/lib/libstart_benchmark.so
[81.256s] -- Set runtime path of "/home/meteor/ROS2/MickRobot/Graduation_project_ws/install/orbbec_camera/lib/libstart_benchmark.so" to ":/home/meteor/ROS2/MickRobot/Graduation_project_ws/src/OrbbecSDK_ROS2/orbbec_camera/SDK/lib/x64"
[81.257s] -- Installing: /home/meteor/ROS2/MickRobot/Graduation_project_ws/install/orbbec_camera/lib/libmulti_save_rgbir.so
[81.259s] -- Set runtime path of "/home/meteor/ROS2/MickRobot/Graduation_project_ws/install/orbbec_camera/lib/libmulti_save_rgbir.so" to ":/home/meteor/ROS2/MickRobot/Graduation_project_ws/src/OrbbecSDK_ROS2/orbbec_camera/SDK/lib/x64"
[81.259s] -- Installing: /home/meteor/ROS2/MickRobot/Graduation_project_ws/install/orbbec_camera/include
[81.259s] -- Installing: /home/meteor/ROS2/MickRobot/Graduation_project_ws/install/orbbec_camera/include/magic_enum
[81.259s] -- Installing: /home/meteor/ROS2/MickRobot/Graduation_project_ws/install/orbbec_camera/include/magic_enum/magic_enum.hpp
[81.259s] -- Installing: /home/meteor/ROS2/MickRobot/Graduation_project_ws/install/orbbec_camera/include/orbbec_camera
[81.259s] -- Installing: /home/meteor/ROS2/MickRobot/Graduation_project_ws/install/orbbec_camera/include/orbbec_camera/ob_camera_node.h
[81.259s] -- Installing: /home/meteor/ROS2/MickRobot/Graduation_project_ws/install/orbbec_camera/include/orbbec_camera/d2c_viewer.h
[81.280s] -- Installing: /home/meteor/ROS2/MickRobot/Graduation_project_ws/install/orbbec_camera/include/orbbec_camera/jetson_nv_decoder.h
[81.292s] -- Installing: /home/meteor/ROS2/MickRobot/Graduation_project_ws/install/orbbec_camera/include/orbbec_camera/image_publisher.h
[81.293s] -- Installing: /home/meteor/ROS2/MickRobot/Graduation_project_ws/install/orbbec_camera/include/orbbec_camera/ros_param_backend.h
[81.293s] -- Installing: /home/meteor/ROS2/MickRobot/Graduation_project_ws/install/orbbec_camera/include/orbbec_camera/fps_counter.hpp
[81.294s] -- Installing: /home/meteor/ROS2/MickRobot/Graduation_project_ws/install/orbbec_camera/include/orbbec_camera/synced_imu_publisher.h
[81.294s] -- Installing: /home/meteor/ROS2/MickRobot/Graduation_project_ws/install/orbbec_camera/include/orbbec_camera/ob_camera_node_driver.h
[81.294s] -- Installing: /home/meteor/ROS2/MickRobot/Graduation_project_ws/install/orbbec_camera/include/orbbec_camera/dynamic_params.h
[81.294s] -- Installing: /home/meteor/ROS2/MickRobot/Graduation_project_ws/install/orbbec_camera/include/orbbec_camera/fps_delay_status.hpp
[81.294s] -- Installing: /home/meteor/ROS2/MickRobot/Graduation_project_ws/install/orbbec_camera/include/orbbec_camera/constants.h
[81.295s] -- Installing: /home/meteor/ROS2/MickRobot/Graduation_project_ws/install/orbbec_camera/include/orbbec_camera/utils.h
[81.295s] -- Installing: /home/meteor/ROS2/MickRobot/Graduation_project_ws/install/orbbec_camera/include/orbbec_camera/jpeg_decoder.h
[81.295s] -- Installing: /home/meteor/ROS2/MickRobot/Graduation_project_ws/install/orbbec_camera/include/orbbec_camera/rk_mpp_decoder.h
[81.295s] -- Installing: /home/meteor/ROS2/MickRobot/Graduation_project_ws/install/orbbec_camera/include/orbbec_camera/ob_lidar_node.h
[81.295s] -- Installing: /home/meteor/ROS2/MickRobot/Graduation_project_ws/install/orbbec_camera/share/orbbec_camera//launch
[81.295s] -- Installing: /home/meteor/ROS2/MickRobot/Graduation_project_ws/install/orbbec_camera/share/orbbec_camera//launch/dabai_a.launch.py
[81.296s] -- Installing: /home/meteor/ROS2/MickRobot/Graduation_project_ws/install/orbbec_camera/share/orbbec_camera//launch/multi_camera_synced.launch.py
[81.296s] -- Installing: /home/meteor/ROS2/MickRobot/Graduation_project_ws/install/orbbec_camera/share/orbbec_camera//launch/gemini2.launch.py
[81.296s] -- Installing: /home/meteor/ROS2/MickRobot/Graduation_project_ws/install/orbbec_camera/share/orbbec_camera//launch/gemini_330_series.launch.py
[81.296s] -- Installing: /home/meteor/ROS2/MickRobot/Graduation_project_ws/install/orbbec_camera/share/orbbec_camera//launch/dabai_dcw2.launch.py
[81.296s] -- Installing: /home/meteor/ROS2/MickRobot/Graduation_project_ws/install/orbbec_camera/share/orbbec_camera//launch/gemini345.launch.py
[81.296s] -- Installing: /home/meteor/ROS2/MickRobot/Graduation_project_ws/install/orbbec_camera/share/orbbec_camera//launch/gemini435_le.launch.py
[81.296s] -- Installing: /home/meteor/ROS2/MickRobot/Graduation_project_ws/install/orbbec_camera/share/orbbec_camera//launch/multi_camera.launch.py
[81.296s] -- Installing: /home/meteor/ROS2/MickRobot/Graduation_project_ws/install/orbbec_camera/share/orbbec_camera//launch/orbbec_camera.launch.py
[81.296s] -- Installing: /home/meteor/ROS2/MickRobot/Graduation_project_ws/install/orbbec_camera/share/orbbec_camera//launch/dabai_max_pro.launch.py
[81.296s] -- Installing: /home/meteor/ROS2/MickRobot/Graduation_project_ws/install/orbbec_camera/share/orbbec_camera//launch/femto_mega.launch.py
[81.297s] -- Installing: /home/meteor/ROS2/MickRobot/Graduation_project_ws/install/orbbec_camera/share/orbbec_camera//launch/gemini_intra_process_demo_launch.py
[81.297s] -- Installing: /home/meteor/ROS2/MickRobot/Graduation_project_ws/install/orbbec_camera/share/orbbec_camera//launch/gemini2L.launch.py
[81.297s] -- Installing: /home/meteor/ROS2/MickRobot/Graduation_project_ws/install/orbbec_camera/share/orbbec_camera//launch/multi_lidar.launch.py
[81.297s] -- Installing: /home/meteor/ROS2/MickRobot/Graduation_project_ws/install/orbbec_camera/share/orbbec_camera//launch/astra.launch.py
[81.297s] -- Installing: /home/meteor/ROS2/MickRobot/Graduation_project_ws/install/orbbec_camera/share/orbbec_camera//launch/gemini210.launch.py
[81.297s] -- Installing: /home/meteor/ROS2/MickRobot/Graduation_project_ws/install/orbbec_camera/share/orbbec_camera//launch/utils_yaml.py
[81.297s] -- Installing: /home/meteor/ROS2/MickRobot/Graduation_project_ws/install/orbbec_camera/share/orbbec_camera//launch/lidar.launch.py
[81.297s] -- Installing: /home/meteor/ROS2/MickRobot/Graduation_project_ws/install/orbbec_camera/share/orbbec_camera//launch/dabai_al.launch.py
[81.297s] -- Installing: /home/meteor/ROS2/MickRobot/Graduation_project_ws/install/orbbec_camera/share/orbbec_camera//launch/gemini_330_series_low_cpu.launch.py
[81.297s] -- Installing: /home/meteor/ROS2/MickRobot/Graduation_project_ws/install/orbbec_camera/share/orbbec_camera//launch/__pycache__
[81.310s] -- Installing: /home/meteor/ROS2/MickRobot/Graduation_project_ws/install/orbbec_camera/share/orbbec_camera//launch/__pycache__/gemini_330_series.launch.cpython-310.pyc
[81.337s] -- Installing: /home/meteor/ROS2/MickRobot/Graduation_project_ws/install/orbbec_camera/share/orbbec_camera//launch/astra2.launch.py
[81.337s] -- Installing: /home/meteor/ROS2/MickRobot/Graduation_project_ws/install/orbbec_camera/share/orbbec_camera//launch/gemini305.launch.py
[81.338s] -- Installing: /home/meteor/ROS2/MickRobot/Graduation_project_ws/install/orbbec_camera/share/orbbec_camera//launch/gemini345_lg.launch.py
[81.338s] -- Installing: /home/meteor/ROS2/MickRobot/Graduation_project_ws/install/orbbec_camera/share/orbbec_camera//launch/orbbec_multicamera.launch.py
[81.338s] -- Installing: /home/meteor/ROS2/MickRobot/Graduation_project_ws/install/orbbec_camera/share/orbbec_camera//launch/femto.launch.py
[81.338s] -- Installing: /home/meteor/ROS2/MickRobot/Graduation_project_ws/install/orbbec_camera/share/orbbec_camera//launch/femto_bolt.launch.py
[81.339s] -- Installing: /home/meteor/ROS2/MickRobot/Graduation_project_ws/install/orbbec_camera/share/orbbec_camera//config
[81.339s] -- Installing: /home/meteor/ROS2/MickRobot/Graduation_project_ws/install/orbbec_camera/share/orbbec_camera//config/gemini305_dual_color.yaml
[81.356s] -- Installing: /home/meteor/ROS2/MickRobot/Graduation_project_ws/install/orbbec_camera/share/orbbec_camera//config/depthfilter
[81.356s] -- Installing: /home/meteor/ROS2/MickRobot/Graduation_project_ws/install/orbbec_camera/share/orbbec_camera//config/depthfilter/Gemini2_v1.7.json
[81.357s] -- Installing: /home/meteor/ROS2/MickRobot/Graduation_project_ws/install/orbbec_camera/share/orbbec_camera//config/depthfilter/Openni_device.json
[81.357s] -- Installing: /home/meteor/ROS2/MickRobot/Graduation_project_ws/install/orbbec_camera/share/orbbec_camera//config/.gitkeep
[81.357s] -- Installing: /home/meteor/ROS2/MickRobot/Graduation_project_ws/install/orbbec_camera/share/orbbec_camera//config/tools
[81.357s] -- Installing: /home/meteor/ROS2/MickRobot/Graduation_project_ws/install/orbbec_camera/share/orbbec_camera//config/tools/startbenchmark
[81.357s] -- Installing: /home/meteor/ROS2/MickRobot/Graduation_project_ws/install/orbbec_camera/share/orbbec_camera//config/tools/startbenchmark/start_benchmark_params.json
[81.379s] -- Installing: /home/meteor/ROS2/MickRobot/Graduation_project_ws/install/orbbec_camera/share/orbbec_camera//config/tools/multisavergbir
[81.379s] -- Installing: /home/meteor/ROS2/MickRobot/Graduation_project_ws/install/orbbec_camera/share/orbbec_camera//config/tools/multisavergbir/multi_save_rgbir_params.json
[81.380s] -- Installing: /home/meteor/ROS2/MickRobot/Graduation_project_ws/install/orbbec_camera/share/orbbec_camera//config/common.yaml
[81.380s] -- Installing: /home/meteor/ROS2/MickRobot/Graduation_project_ws/install/orbbec_camera/share/orbbec_camera//config/camera_secondary_params.yaml
[81.381s] -- Installing: /home/meteor/ROS2/MickRobot/Graduation_project_ws/install/orbbec_camera/share/orbbec_camera//config/astra2.yaml
[81.381s] -- Installing: /home/meteor/ROS2/MickRobot/Graduation_project_ws/install/orbbec_camera/share/orbbec_camera//config/gemini2L.yaml
[81.381s] -- Installing: /home/meteor/ROS2/MickRobot/Graduation_project_ws/install/orbbec_camera/share/orbbec_camera//config/gemini2.yaml
[81.381s] -- Installing: /home/meteor/ROS2/MickRobot/Graduation_project_ws/install/orbbec_camera/share/orbbec_camera//config/OrbbecSDKConfig_v2.0.xml
[81.402s] -- Installing: /home/meteor/ROS2/MickRobot/Graduation_project_ws/install/orbbec_camera/share/orbbec_camera//config/femto.yaml
[81.402s] -- Installing: /home/meteor/ROS2/MickRobot/Graduation_project_ws/install/orbbec_camera/share/orbbec_camera//config/femto_bolt.yaml
[81.402s] -- Installing: /home/meteor/ROS2/MickRobot/Graduation_project_ws/install/orbbec_camera/share/orbbec_camera//config/gemini330Lg_series.yaml
[81.403s] -- Installing: /home/meteor/ROS2/MickRobot/Graduation_project_ws/install/orbbec_camera/share/orbbec_camera//config/camera_params.yaml
[81.403s] -- Installing: /home/meteor/ROS2/MickRobot/Graduation_project_ws/install/orbbec_camera/share/orbbec_camera//config/gemini330_series.yaml
[81.403s] -- Installing: /home/meteor/ROS2/MickRobot/Graduation_project_ws/install/orbbec_camera/share/orbbec_camera//config/femto_mega.yaml
[81.404s] -- Installing: /home/meteor/ROS2/MickRobot/Graduation_project_ws/install/orbbec_camera/share/orbbec_camera//examples
[81.404s] -- Installing: /home/meteor/ROS2/MickRobot/Graduation_project_ws/install/orbbec_camera/share/orbbec_camera//examples/README.MD
[81.445s] -- Installing: /home/meteor/ROS2/MickRobot/Graduation_project_ws/install/orbbec_camera/share/orbbec_camera//examples/benchmark
[81.445s] -- Installing: /home/meteor/ROS2/MickRobot/Graduation_project_ws/install/orbbec_camera/share/orbbec_camera//examples/benchmark/ob_benchmark_1.launch.py
[81.446s] -- Installing: /home/meteor/ROS2/MickRobot/Graduation_project_ws/install/orbbec_camera/share/orbbec_camera//examples/benchmark/gemini_330_series_benchmark.launch.py
[81.446s] -- Installing: /home/meteor/ROS2/MickRobot/Graduation_project_ws/install/orbbec_camera/share/orbbec_camera//examples/benchmark/ob_benchmark_0.launch.py
[81.446s] -- Installing: /home/meteor/ROS2/MickRobot/Graduation_project_ws/install/orbbec_camera/share/orbbec_camera//examples/multi_camera_synced_verification_tool
[81.446s] -- Installing: /home/meteor/ROS2/MickRobot/Graduation_project_ws/install/orbbec_camera/share/orbbec_camera//examples/multi_camera_synced_verification_tool/multi_camera_synced_verify.launch.py
[81.446s] -- Installing: /home/meteor/ROS2/MickRobot/Graduation_project_ws/install/orbbec_camera/share/orbbec_camera//examples/multi_camera_synced_verification_tool/gemini_synced_verify.launch.py
[81.447s] -- Installing: /home/meteor/ROS2/MickRobot/Graduation_project_ws/install/orbbec_camera/share/orbbec_camera//examples/multi_camera_synced_verification_tool/multicamera_sync
[81.447s] -- Installing: /home/meteor/ROS2/MickRobot/Graduation_project_ws/install/orbbec_camera/share/orbbec_camera//examples/multi_camera_synced_verification_tool/multicamera_sync/output
[81.447s] -- Installing: /home/meteor/ROS2/MickRobot/Graduation_project_ws/install/orbbec_camera/share/orbbec_camera//examples/multi_camera_synced_verification_tool/multicamera_sync/output/20250218102900
[81.447s] -- Installing: /home/meteor/ROS2/MickRobot/Graduation_project_ws/install/orbbec_camera/share/orbbec_camera//examples/multi_camera_synced_verification_tool/multicamera_sync/output/20250218102900/TotalModeFrames
[81.447s] -- Installing: /home/meteor/ROS2/MickRobot/Graduation_project_ws/install/orbbec_camera/share/orbbec_camera//examples/multi_camera_synced_verification_tool/multicamera_sync/output/20250218102900/TotalModeFrames/SNCP1L44P00051_Index1
[81.447s] -- Installing: /home/meteor/ROS2/MickRobot/Graduation_project_ws/install/orbbec_camera/share/orbbec_camera//examples/multi_camera_synced_verification_tool/multicamera_sync/output/20250218102900/TotalModeFrames/SNCP1L44P00051_Index1/color_SNCP1L44P00051_Index1_g1739874543527_f9_s1739874543616_e50_d16_.jpg
[81.470s] -- Installing: /home/meteor/ROS2/MickRobot/Graduation_project_ws/install/orbbec_camera/share/orbbec_camera//examples/multi_camera_synced_verification_tool/multicamera_sync/output/20250218102900/TotalModeFrames/SNCP1L44P00051_Index1/ir#left_SNCP1L44P00051_Index1_g1739874543427_f6_s1739874543684_e5000_d16_.jpg
[81.513s] -- Installing: /home/meteor/ROS2/MickRobot/Graduation_project_ws/install/orbbec_camera/share/orbbec_camera//examples/multi_camera_synced_verification_tool/multicamera_sync/output/20250218102900/TotalModeFrames/SNCP1L44P00051_Index1/color_SNCP1L44P00051_Index1_g1739874543427_f6_s1739874543485_e50_d16_.jpg
[81.525s] -- Installing: /home/meteor/ROS2/MickRobot/Graduation_project_ws/install/orbbec_camera/share/orbbec_camera//examples/multi_camera_synced_verification_tool/multicamera_sync/output/20250218102900/TotalModeFrames/SNCP1L44P00051_Index1/ir#left_SNCP1L44P00051_Index1_g1739874543494_f8_s1739874543687_e5000_d16_.jpg
[81.536s] -- Installing: /home/meteor/ROS2/MickRobot/Graduation_project_ws/install/orbbec_camera/share/orbbec_camera//examples/multi_camera_synced_verification_tool/multicamera_sync/output/20250218102900/TotalModeFrames/SNCP1L44P00051_Index1/color_SNCP1L44P00051_Index1_g1739874543393_f5_s1739874543470_e50_d16_.jpg
[81.546s] -- Installing: /home/meteor/ROS2/MickRobot/Graduation_project_ws/install/orbbec_camera/share/orbbec_camera//examples/multi_camera_synced_verification_tool/multicamera_sync/output/20250218102900/TotalModeFrames/SNCP1L44P00051_Index1/color_SNCP1L44P00051_Index1_g1739874543494_f8_s1739874543540_e50_d16_.jpg
[81.557s] -- Installing: /home/meteor/ROS2/MickRobot/Graduation_project_ws/install/orbbec_camera/share/orbbec_camera//examples/multi_camera_synced_verification_tool/multicamera_sync/output/20250218102900/TotalModeFrames/SNCP1L44P00051_Index1/ir#left_SNCP1L44P00051_Index1_g1739874543227_f0_s1739874543250_e5000_d16_.jpg
[81.574s] -- Installing: /home/meteor/ROS2/MickRobot/Graduation_project_ws/install/orbbec_camera/share/orbbec_camera//examples/multi_camera_synced_verification_tool/multicamera_sync/output/20250218102900/TotalModeFrames/SNCP1L44P00051_Index1/ir#left_SNCP1L44P00051_Index1_g1739874543394_f5_s1739874543661_e5000_d16_.jpg
[81.579s] -- Installing: /home/meteor/ROS2/MickRobot/Graduation_project_ws/install/orbbec_camera/share/orbbec_camera//examples/multi_camera_synced_verification_tool/multicamera_sync/output/20250218102900/TotalModeFrames/SNCP1L44P00051_Index1/ir#left_SNCP1L44P00051_Index1_g1739874543327_f3_s1739874543460_e5000_d16_.jpg
[81.579s] -- Installing: /home/meteor/ROS2/MickRobot/Graduation_project_ws/install/orbbec_camera/share/orbbec_camera//examples/multi_camera_synced_verification_tool/multicamera_sync/output/20250218102900/TotalModeFrames/SNCP1L44P00051_Index1/color_SNCP1L44P00051_Index1_g1739874543560_f10_s1739874543618_e50_d16_.jpg
[81.594s] -- Installing: /home/meteor/ROS2/MickRobot/Graduation_project_ws/install/orbbec_camera/share/orbbec_camera//examples/multi_camera_synced_verification_tool/multicamera_sync/output/20250218102900/TotalModeFrames/SNCP1L44P00051_Index1/ir#left_SNCP1L44P00051_Index1_g1739874543294_f2_s1739874543319_e5000_d16_.jpg
[81.594s] -- Installing: /home/meteor/ROS2/MickRobot/Graduation_project_ws/install/orbbec_camera/share/orbbec_camera//examples/multi_camera_synced_verification_tool/multicamera_sync/output/20250218102900/TotalModeFrames/SNCP1L44P00051_Index1/ir#left_SNCP1L44P00051_Index1_g1739874543360_f4_s1739874543460_e5000_d16_.jpg
[81.595s] -- Installing: /home/meteor/ROS2/MickRobot/Graduation_project_ws/install/orbbec_camera/share/orbbec_camera//examples/multi_camera_synced_verification_tool/multicamera_sync/output/20250218102900/TotalModeFrames/SNCP1L44P00051_Index1/color_SNCP1L44P00051_Index1_g1739874543293_f2_s1739874543446_e50_d16_.jpg
[81.609s] -- Installing: /home/meteor/ROS2/MickRobot/Graduation_project_ws/install/orbbec_camera/share/orbbec_camera//examples/multi_camera_synced_verification_tool/multicamera_sync/output/20250218102900/TotalModeFrames/SNCP1L44P00051_Index1/ir#left_SNCP1L44P00051_Index1_g1739874543460_f7_s1739874543685_e5000_d16_.jpg
[81.610s] -- Installing: /home/meteor/ROS2/MickRobot/Graduation_project_ws/install/orbbec_camera/share/orbbec_camera//examples/multi_camera_synced_verification_tool/multicamera_sync/output/20250218102900/TotalModeFrames/SNCP1L44P00051_Index1/ir#left_SNCP1L44P00051_Index1_g1739874543260_f1_s1739874543294_e5000_d16_.jpg
[81.611s] -- Installing: /home/meteor/ROS2/MickRobot/Graduation_project_ws/install/orbbec_camera/share/orbbec_camera//examples/multi_camera_synced_verification_tool/multicamera_sync/output/20250218102900/TotalModeFrames/SNCP1L44P00051_Index1/color_SNCP1L44P00051_Index1_g1739874543460_f7_s1739874543505_e50_d16_.jpg
[81.626s] -- Installing: /home/meteor/ROS2/MickRobot/Graduation_project_ws/install/orbbec_camera/share/orbbec_camera//examples/multi_camera_synced_verification_tool/multicamera_sync/output/20250218102900/TotalModeFrames/SNCP1L44P00051_Index1/ir#left_SNCP1L44P00051_Index1_g1739874543527_f10_s1739874543687_e5000_d16_.jpg
[81.627s] -- Installing: /home/meteor/ROS2/MickRobot/Graduation_project_ws/install/orbbec_camera/share/orbbec_camera//examples/multi_camera_synced_verification_tool/multicamera_sync/output/20250218102900/TotalModeFrames/SNCP1L44P00051_Index1/color_SNCP1L44P00051_Index1_g1739874543327_f3_s1739874543458_e50_d16_.jpg
[81.637s] -- Installing: /home/meteor/ROS2/MickRobot/Graduation_project_ws/install/orbbec_camera/share/orbbec_camera//examples/multi_camera_synced_verification_tool/multicamera_sync/output/20250218102900/TotalModeFrames/SNCP1L44P00051_Index1/color_SNCP1L44P00051_Index1_g1739874543260_f1_s1739874543345_e50_d16_.jpg
[81.646s] -- Installing: /home/meteor/ROS2/MickRobot/Graduation_project_ws/install/orbbec_camera/share/orbbec_camera//examples/multi_camera_synced_verification_tool/multicamera_sync/output/20250218102900/TotalModeFrames/SNCP1L44P00051_Index1/color_SNCP1L44P00051_Index1_g1739874543360_f4_s1739874543468_e50_d16_.jpg
[81.657s] -- Installing: /home/meteor/ROS2/MickRobot/Graduation_project_ws/install/orbbec_camera/share/orbbec_camera//examples/multi_camera_synced_verification_tool/multicamera_sync/output/20250218102900/TotalModeFrames/SNCP1L44P00051_Index1/ir#left_SNCP1L44P00051_Index1_g1739874543560_f11_s1739874543687_e5000_d16_.jpg
[81.658s] -- Installing: /home/meteor/ROS2/MickRobot/Graduation_project_ws/install/orbbec_camera/share/orbbec_camera//examples/multi_camera_synced_verification_tool/multicamera_sync/output/20250218102900/TotalModeFrames/SNCP1L44P00051_Index1/color_SNCP1L44P00051_Index1_g1739874543227_f0_s1739874543304_e50_d16_.jpg
[81.662s] -- Installing: /home/meteor/ROS2/MickRobot/Graduation_project_ws/install/orbbec_camera/share/orbbec_camera//examples/multi_camera_synced_verification_tool/multicamera_sync/output/20250218102900/TotalModeFrames/SNCP1E5420006D_Index0
[81.663s] -- Installing: /home/meteor/ROS2/MickRobot/Graduation_project_ws/install/orbbec_camera/share/orbbec_camera//examples/multi_camera_synced_verification_tool/multicamera_sync/output/20250218102900/TotalModeFrames/SNCP1E5420006D_Index0/ir#left_SNCP1E5420006D_Index0_g1739874543427_f6_s1739874543474_e5000_d16_.jpg
[81.672s] -- Installing: /home/meteor/ROS2/MickRobot/Graduation_project_ws/install/orbbec_camera/share/orbbec_camera//examples/multi_camera_synced_verification_tool/multicamera_sync/output/20250218102900/TotalModeFrames/SNCP1E5420006D_Index0/ir#left_SNCP1E5420006D_Index0_g1739874543361_f4_s1739874543405_e5000_d16_.jpg
[81.682s] -- Installing: /home/meteor/ROS2/MickRobot/Graduation_project_ws/install/orbbec_camera/share/orbbec_camera//examples/multi_camera_synced_verification_tool/multicamera_sync/output/20250218102900/TotalModeFrames/SNCP1E5420006D_Index0/ir#left_SNCP1E5420006D_Index0_g1739874543260_f1_s1739874543310_e5000_d16_.jpg
[81.693s] -- Installing: /home/meteor/ROS2/MickRobot/Graduation_project_ws/install/orbbec_camera/share/orbbec_camera//examples/multi_camera_synced_verification_tool/multicamera_sync/output/20250218102900/TotalModeFrames/SNCP1E5420006D_Index0/color_SNCP1E5420006D_Index0_g1739874543327_f3_s1739874543441_e50_d16_.jpg
[81.703s] -- Installing: /home/meteor/ROS2/MickRobot/Graduation_project_ws/install/orbbec_camera/share/orbbec_camera//examples/multi_camera_synced_verification_tool/multicamera_sync/output/20250218102900/TotalModeFrames/SNCP1E5420006D_Index0/color_SNCP1E5420006D_Index0_g1739874543294_f2_s1739874543359_e50_d16_.jpg
[81.720s] -- Installing: /home/meteor/ROS2/MickRobot/Graduation_project_ws/install/orbbec_camera/share/orbbec_camera//examples/multi_camera_synced_verification_tool/multicamera_sync/output/20250218102900/TotalModeFrames/SNCP1E5420006D_Index0/ir#left_SNCP1E5420006D_Index0_g1739874543494_f8_s1739874543528_e5000_d16_.jpg
[81.721s] -- Installing: /home/meteor/ROS2/MickRobot/Graduation_project_ws/install/orbbec_camera/share/orbbec_camera//examples/multi_camera_synced_verification_tool/multicamera_sync/output/20250218102900/TotalModeFrames/SNCP1E5420006D_Index0/color_SNCP1E5420006D_Index0_g1739874543461_f7_s1739874543520_e50_d16_.jpg
[81.733s] -- Installing: /home/meteor/ROS2/MickRobot/Graduation_project_ws/install/orbbec_camera/share/orbbec_camera//examples/multi_camera_synced_verification_tool/multicamera_sync/output/20250218102900/TotalModeFrames/SNCP1E5420006D_Index0/ir#left_SNCP1E5420006D_Index0_g1739874543294_f2_s1739874543329_e5000_d16_.jpg
[81.734s] -- Installing: /home/meteor/ROS2/MickRobot/Graduation_project_ws/install/orbbec_camera/share/orbbec_camera//examples/multi_camera_synced_verification_tool/multicamera_sync/output/20250218102900/TotalModeFrames/SNCP1E5420006D_Index0/color_SNCP1E5420006D_Index0_g1739874543394_f5_s1739874543506_e50_d16_.jpg
[81.738s] -- Installing: /home/meteor/ROS2/MickRobot/Graduation_project_ws/install/orbbec_camera/share/orbbec_camera//examples/multi_camera_synced_verification_tool/multicamera_sync/output/20250218102900/TotalModeFrames/SNCP1E5420006D_Index0/color_SNCP1E5420006D_Index0_g1739874543494_f8_s1739874543548_e50_d16_.jpg
[81.750s] -- Installing: /home/meteor/ROS2/MickRobot/Graduation_project_ws/install/orbbec_camera/share/orbbec_camera//examples/multi_camera_synced_verification_tool/multicamera_sync/output/20250218102900/TotalModeFrames/SNCP1E5420006D_Index0/ir#left_SNCP1E5420006D_Index0_g1739874543327_f3_s1739874543393_e5000_d16_.jpg
[81.750s] -- Installing: /home/meteor/ROS2/MickRobot/Graduation_project_ws/install/orbbec_camera/share/orbbec_camera//examples/multi_camera_synced_verification_tool/multicamera_sync/output/20250218102900/TotalModeFrames/SNCP1E5420006D_Index0/color_SNCP1E5420006D_Index0_g1739874543427_f6_s1739874543518_e50_d16_.jpg
[81.757s] -- Installing: /home/meteor/ROS2/MickRobot/Graduation_project_ws/install/orbbec_camera/share/orbbec_camera//examples/multi_camera_synced_verification_tool/multicamera_sync/output/20250218102900/TotalModeFrames/SNCP1E5420006D_Index0/color_SNCP1E5420006D_Index0_g1739874543527_f9_s1739874543603_e50_d16_.jpg
[81.762s] -- Installing: /home/meteor/ROS2/MickRobot/Graduation_project_ws/install/orbbec_camera/share/orbbec_camera//examples/multi_camera_synced_verification_tool/multicamera_sync/output/20250218102900/TotalModeFrames/SNCP1E5420006D_Index0/ir#left_SNCP1E5420006D_Index0_g1739874543561_f10_s1739874543628_e5000_d16_.jpg
[81.773s] -- Installing: /home/meteor/ROS2/MickRobot/Graduation_project_ws/install/orbbec_camera/share/orbbec_camera//examples/multi_camera_synced_verification_tool/multicamera_sync/output/20250218102900/TotalModeFrames/SNCP1E5420006D_Index0/color_SNCP1E5420006D_Index0_g1739874543227_f0_s1739874543327_e50_d16_.jpg
[81.789s] -- Installing: /home/meteor/ROS2/MickRobot/Graduation_project_ws/install/orbbec_camera/share/orbbec_camera//examples/multi_camera_synced_verification_tool/multicamera_sync/output/20250218102900/TotalModeFrames/SNCP1E5420006D_Index0/ir#left_SNCP1E5420006D_Index0_g1739874543461_f7_s1739874543493_e5000_d16_.jpg
[81.806s] -- Installing: /home/meteor/ROS2/MickRobot/Graduation_project_ws/install/orbbec_camera/share/orbbec_camera//examples/multi_camera_synced_verification_tool/multicamera_sync/output/20250218102900/TotalModeFrames/SNCP1E5420006D_Index0/ir#left_SNCP1E5420006D_Index0_g1739874543394_f5_s1739874543473_e5000_d16_.jpg
[81.806s] -- Installing: /home/meteor/ROS2/MickRobot/Graduation_project_ws/install/orbbec_camera/share/orbbec_camera//examples/multi_camera_synced_verification_tool/multicamera_sync/output/20250218102900/TotalModeFrames/SNCP1E5420006D_Index0/ir#left_SNCP1E5420006D_Index0_g1739874543227_f0_s1739874543250_e5000_d16_.jpg
[81.807s] -- Installing: /home/meteor/ROS2/MickRobot/Graduation_project_ws/install/orbbec_camera/share/orbbec_camera//examples/multi_camera_synced_verification_tool/multicamera_sync/output/20250218102900/TotalModeFrames/SNCP1E5420006D_Index0/color_SNCP1E5420006D_Index0_g1739874543561_f10_s1739874543648_e50_d16_.jpg
[81.827s] -- Installing: /home/meteor/ROS2/MickRobot/Graduation_project_ws/install/orbbec_camera/share/orbbec_camera//examples/multi_camera_synced_verification_tool/multicamera_sync/output/20250218102900/TotalModeFrames/SNCP1E5420006D_Index0/color_SNCP1E5420006D_Index0_g1739874543360_f4_s1739874543442_e50_d16_.jpg
[81.840s] -- Installing: /home/meteor/ROS2/MickRobot/Graduation_project_ws/install/orbbec_camera/share/orbbec_camera//examples/multi_camera_synced_verification_tool/multicamera_sync/output/20250218102900/TotalModeFrames/SNCP1E5420006D_Index0/color_SNCP1E5420006D_Index0_g1739874543260_f1_s1739874543351_e50_d16_.jpg
[81.847s] -- Installing: /home/meteor/ROS2/MickRobot/Graduation_project_ws/install/orbbec_camera/share/orbbec_camera//examples/multi_camera_synced_verification_tool/multicamera_sync/output/20250218102900/TotalModeFrames/SNCP1E5420006D_Index0/ir#left_SNCP1E5420006D_Index0_g1739874543527_f9_s1739874543627_e5000_d16_.jpg
[81.847s] -- Installing: /home/meteor/ROS2/MickRobot/Graduation_project_ws/install/orbbec_camera/share/orbbec_camera//examples/multi_camera_synced_verification_tool/multicamera_sync/output/20250218102900/StreamProfileInfo.txt
[81.848s] -- Installing: /home/meteor/ROS2/MickRobot/Graduation_project_ws/install/orbbec_camera/share/orbbec_camera//examples/multi_camera_synced_verification_tool/multicamera_sync/output/20250218102900/results-2025-02-25_163648
[81.848s] -- Installing: /home/meteor/ROS2/MickRobot/Graduation_project_ws/install/orbbec_camera/share/orbbec_camera//examples/multi_camera_synced_verification_tool/multicamera_sync/output/20250218102900/results-2025-02-25_163648/matchFrames
[81.848s] -- Installing: /home/meteor/ROS2/MickRobot/Graduation_project_ws/install/orbbec_camera/share/orbbec_camera//examples/multi_camera_synced_verification_tool/multicamera_sync/output/20250218102900/results-2025-02-25_163648/matchFrames/5_ir_left_SNCP1E5420006D_Index0_1739874543327_[0].jpg
[81.864s] -- Installing: /home/meteor/ROS2/MickRobot/Graduation_project_ws/install/orbbec_camera/share/orbbec_camera//examples/multi_camera_synced_verification_tool/multicamera_sync/output/20250218102900/results-2025-02-25_163648/matchFrames/4_ir_left_SNCP1E5420006D_Index0_1739874543361_[1].jpg
[81.864s] -- Installing: /home/meteor/ROS2/MickRobot/Graduation_project_ws/install/orbbec_camera/share/orbbec_camera//examples/multi_camera_synced_verification_tool/multicamera_sync/output/20250218102900/results-2025-02-25_163648/matchFrames/9_color_SNCP1L44P00051_Index1_1739874543393_[0].jpg
[81.880s] -- Installing: /home/meteor/ROS2/MickRobot/Graduation_project_ws/install/orbbec_camera/share/orbbec_camera//examples/multi_camera_synced_verification_tool/multicamera_sync/output/20250218102900/results-2025-02-25_163648/matchFrames/2_color_SNCP1E5420006D_Index0_1739874543461_[1].jpg
[81.905s] -- Installing: /home/meteor/ROS2/MickRobot/Graduation_project_ws/install/orbbec_camera/share/orbbec_camera//examples/multi_camera_synced_verification_tool/multicamera_sync/output/20250218102900/results-2025-02-25_163648/matchFrames/9_ir_left_SNCP1L44P00051_Index1_1739874543394_[1].jpg
[81.914s] -- Installing: /home/meteor/ROS2/MickRobot/Graduation_project_ws/install/orbbec_camera/share/orbbec_camera//examples/multi_camera_synced_verification_tool/multicamera_sync/output/20250218102900/results-2025-02-25_163648/matchFrames/3_color_SNCP1E5420006D_Index0_1739874543260_[0].jpg
[81.924s] -- Installing: /home/meteor/ROS2/MickRobot/Graduation_project_ws/install/orbbec_camera/share/orbbec_camera//examples/multi_camera_synced_verification_tool/multicamera_sync/output/20250218102900/results-2025-02-25_163648/matchFrames/3_color_SNCP1L44P00051_Index1_1739874543260_[0].jpg
[81.944s] -- Installing: /home/meteor/ROS2/MickRobot/Graduation_project_ws/install/orbbec_camera/share/orbbec_camera//examples/multi_camera_synced_verification_tool/multicamera_sync/output/20250218102900/results-2025-02-25_163648/matchFrames/10_ir_left_SNCP1L44P00051_Index1_1739874543227_[0].jpg
[81.962s] -- Installing: /home/meteor/ROS2/MickRobot/Graduation_project_ws/install/orbbec_camera/share/orbbec_camera//examples/multi_camera_synced_verification_tool/multicamera_sync/output/20250218102900/results-2025-02-25_163648/matchFrames/1_ir_left_SNCP1L44P00051_Index1_1739874543494_[0].jpg
[81.962s] -- Installing: /home/meteor/ROS2/MickRobot/Graduation_project_ws/install/orbbec_camera/share/orbbec_camera//examples/multi_camera_synced_verification_tool/multicamera_sync/output/20250218102900/results-2025-02-25_163648/matchFrames/7_color_SNCP1L44P00051_Index1_1739874543427_[0].jpg
[82.021s] -- Installing: /home/meteor/ROS2/MickRobot/Graduation_project_ws/install/orbbec_camera/share/orbbec_camera//examples/multi_camera_synced_verification_tool/multicamera_sync/output/20250218102900/results-2025-02-25_163648/matchFrames/7_ir_left_SNCP1L44P00051_Index1_1739874543427_[0].jpg
[82.067s] -- Installing: /home/meteor/ROS2/MickRobot/Graduation_project_ws/install/orbbec_camera/share/orbbec_camera//examples/multi_camera_synced_verification_tool/multicamera_sync/output/20250218102900/results-2025-02-25_163648/matchFrames/8_color_SNCP1L44P00051_Index1_1739874543293_[0].jpg
[82.486s] -- Installing: /home/meteor/ROS2/MickRobot/Graduation_project_ws/install/orbbec_camera/share/orbbec_camera//examples/multi_camera_synced_verification_tool/multicamera_sync/output/20250218102900/results-2025-02-25_163648/matchFrames/1_color_SNCP1E5420006D_Index0_1739874543494_[0].jpg
[82.580s] -- Installing: /home/meteor/ROS2/MickRobot/Graduation_project_ws/install/orbbec_camera/share/orbbec_camera//examples/multi_camera_synced_verification_tool/multicamera_sync/output/20250218102900/results-2025-02-25_163648/matchFrames/7_color_SNCP1E5420006D_Index0_1739874543427_[0].jpg
[82.598s] -- Installing: /home/meteor/ROS2/MickRobot/Graduation_project_ws/install/orbbec_camera/share/orbbec_camera//examples/multi_camera_synced_verification_tool/multicamera_sync/output/20250218102900/results-2025-02-25_163648/matchFrames/8_color_SNCP1E5420006D_Index0_1739874543294_[1].jpg
[82.663s] -- Installing: /home/meteor/ROS2/MickRobot/Graduation_project_ws/install/orbbec_camera/share/orbbec_camera//examples/multi_camera_synced_verification_tool/multicamera_sync/output/20250218102900/results-2025-02-25_163648/matchFrames/6_ir_left_SNCP1E5420006D_Index0_1739874543561_[1].jpg
[82.690s] -- Installing: /home/meteor/ROS2/MickRobot/Graduation_project_ws/install/orbbec_camera/share/orbbec_camera//examples/multi_camera_synced_verification_tool/multicamera_sync/output/20250218102900/results-2025-02-25_163648/matchFrames/2_ir_left_SNCP1E5420006D_Index0_1739874543461_[1].jpg
[82.718s] -- Installing: /home/meteor/ROS2/MickRobot/Graduation_project_ws/install/orbbec_camera/share/orbbec_camera//examples/multi_camera_synced_verification_tool/multicamera_sync/output/20250218102900/results-2025-02-25_163648/matchFrames/1_color_SNCP1L44P00051_Index1_1739874543494_[0].jpg
[82.725s] -- Installing: /home/meteor/ROS2/MickRobot/Graduation_project_ws/install/orbbec_camera/share/orbbec_camera//examples/multi_camera_synced_verification_tool/multicamera_sync/output/20250218102900/results-2025-02-25_163648/matchFrames/0_color_SNCP1L44P00051_Index1_1739874543527_[0].jpg
[82.735s] -- Installing: /home/meteor/ROS2/MickRobot/Graduation_project_ws/install/orbbec_camera/share/orbbec_camera//examples/multi_camera_synced_verification_tool/multicamera_sync/output/20250218102900/results-2025-02-25_163648/matchFrames/4_ir_left_SNCP1L44P00051_Index1_1739874543360_[0].jpg
[82.742s] -- Installing: /home/meteor/ROS2/MickRobot/Graduation_project_ws/install/orbbec_camera/share/orbbec_camera//examples/multi_camera_synced_verification_tool/multicamera_sync/output/20250218102900/results-2025-02-25_163648/matchFrames/8_ir_left_SNCP1L44P00051_Index1_1739874543294_[1].jpg
[82.746s] -- Installing: /home/meteor/ROS2/MickRobot/Graduation_project_ws/install/orbbec_camera/share/orbbec_camera//examples/multi_camera_synced_verification_tool/multicamera_sync/output/20250218102900/results-2025-02-25_163648/matchFrames/0_ir_left_SNCP1L44P00051_Index1_1739874543527_[0].jpg
[82.760s] -- Installing: /home/meteor/ROS2/MickRobot/Graduation_project_ws/install/orbbec_camera/share/orbbec_camera//examples/multi_camera_synced_verification_tool/multicamera_sync/output/20250218102900/results-2025-02-25_163648/matchFrames/6_ir_left_SNCP1L44P00051_Index1_1739874543560_[0].jpg
[82.760s] -- Installing: /home/meteor/ROS2/MickRobot/Graduation_project_ws/install/orbbec_camera/share/orbbec_camera//examples/multi_camera_synced_verification_tool/multicamera_sync/output/20250218102900/results-2025-02-25_163648/matchFrames/5_color_SNCP1E5420006D_Index0_1739874543327_[0].jpg
[82.780s] -- Installing: /home/meteor/ROS2/MickRobot/Graduation_project_ws/install/orbbec_camera/share/orbbec_camera//examples/multi_camera_synced_verification_tool/multicamera_sync/output/20250218102900/results-2025-02-25_163648/matchFrames/5_color_SNCP1L44P00051_Index1_1739874543327_[0].jpg
[82.796s] -- Installing: /home/meteor/ROS2/MickRobot/Graduation_project_ws/install/orbbec_camera/share/orbbec_camera//examples/multi_camera_synced_verification_tool/multicamera_sync/output/20250218102900/results-2025-02-25_163648/matchFrames/0_ir_left_SNCP1E5420006D_Index0_1739874543527_[0].jpg
[82.796s] -- Installing: /home/meteor/ROS2/MickRobot/Graduation_project_ws/install/orbbec_camera/share/orbbec_camera//examples/multi_camera_synced_verification_tool/multicamera_sync/output/20250218102900/results-2025-02-25_163648/matchFrames/6_color_SNCP1E5420006D_Index0_1739874543561_[1].jpg
[82.815s] -- Installing: /home/meteor/ROS2/MickRobot/Graduation_project_ws/install/orbbec_camera/share/orbbec_camera//examples/multi_camera_synced_verification_tool/multicamera_sync/output/20250218102900/results-2025-02-25_163648/matchFrames/10_color_SNCP1L44P00051_Index1_1739874543227_[0].jpg
[82.837s] -- Installing: /home/meteor/ROS2/MickRobot/Graduation_project_ws/install/orbbec_camera/share/orbbec_camera//examples/multi_camera_synced_verification_tool/multicamera_sync/output/20250218102900/results-2025-02-25_163648/matchFrames/9_color_SNCP1E5420006D_Index0_1739874543394_[1].jpg
[82.862s] -- Installing: /home/meteor/ROS2/MickRobot/Graduation_project_ws/install/orbbec_camera/share/orbbec_camera//examples/multi_camera_synced_verification_tool/multicamera_sync/output/20250218102900/results-2025-02-25_163648/matchFrames/3_ir_left_SNCP1E5420006D_Index0_1739874543260_[0].jpg
[82.885s] -- Installing: /home/meteor/ROS2/MickRobot/Graduation_project_ws/install/orbbec_camera/share/orbbec_camera//examples/multi_camera_synced_verification_tool/multicamera_sync/output/20250218102900/results-2025-02-25_163648/matchFrames/2_color_SNCP1L44P00051_Index1_1739874543460_[0].jpg
[82.899s] -- Installing: /home/meteor/ROS2/MickRobot/Graduation_project_ws/install/orbbec_camera/share/orbbec_camera//examples/multi_camera_synced_verification_tool/multicamera_sync/output/20250218102900/results-2025-02-25_163648/matchFrames/7_ir_left_SNCP1E5420006D_Index0_1739874543427_[0].jpg
[82.899s] -- Installing: /home/meteor/ROS2/MickRobot/Graduation_project_ws/install/orbbec_camera/share/orbbec_camera//examples/multi_camera_synced_verification_tool/multicamera_sync/output/20250218102900/results-2025-02-25_163648/matchFrames/1_ir_left_SNCP1E5420006D_Index0_1739874543494_[0].jpg
[82.917s] -- Installing: /home/meteor/ROS2/MickRobot/Graduation_project_ws/install/orbbec_camera/share/orbbec_camera//examples/multi_camera_synced_verification_tool/multicamera_sync/output/20250218102900/results-2025-02-25_163648/matchFrames/4_color_SNCP1E5420006D_Index0_1739874543360_[0].jpg
[82.933s] -- Installing: /home/meteor/ROS2/MickRobot/Graduation_project_ws/install/orbbec_camera/share/orbbec_camera//examples/multi_camera_synced_verification_tool/multicamera_sync/output/20250218102900/results-2025-02-25_163648/matchFrames/5_ir_left_SNCP1L44P00051_Index1_1739874543327_[0].jpg
[82.933s] -- Installing: /home/meteor/ROS2/MickRobot/Graduation_project_ws/install/orbbec_camera/share/orbbec_camera//examples/multi_camera_synced_verification_tool/multicamera_sync/output/20250218102900/results-2025-02-25_163648/matchFrames/0_color_SNCP1E5420006D_Index0_1739874543527_[0].jpg
[82.944s] -- Installing: /home/meteor/ROS2/MickRobot/Graduation_project_ws/install/orbbec_camera/share/orbbec_camera//examples/multi_camera_synced_verification_tool/multicamera_sync/output/20250218102900/results-2025-02-25_163648/matchFrames/10_ir_left_SNCP1E5420006D_Index0_1739874543227_[0].jpg
[82.945s] -- Installing: /home/meteor/ROS2/MickRobot/Graduation_project_ws/install/orbbec_camera/share/orbbec_camera//examples/multi_camera_synced_verification_tool/multicamera_sync/output/20250218102900/results-2025-02-25_163648/matchFrames/4_color_SNCP1L44P00051_Index1_1739874543360_[0].jpg
[82.970s] -- Installing: /home/meteor/ROS2/MickRobot/Graduation_project_ws/install/orbbec_camera/share/orbbec_camera//examples/multi_camera_synced_verification_tool/multicamera_sync/output/20250218102900/results-2025-02-25_163648/matchFrames/2_ir_left_SNCP1L44P00051_Index1_1739874543460_[0].jpg
[82.970s] -- Installing: /home/meteor/ROS2/MickRobot/Graduation_project_ws/install/orbbec_camera/share/orbbec_camera//examples/multi_camera_synced_verification_tool/multicamera_sync/output/20250218102900/results-2025-02-25_163648/matchFrames/10_color_SNCP1E5420006D_Index0_1739874543227_[0].jpg
[82.995s] -- Installing: /home/meteor/ROS2/MickRobot/Graduation_project_ws/install/orbbec_camera/share/orbbec_camera//examples/multi_camera_synced_verification_tool/multicamera_sync/output/20250218102900/results-2025-02-25_163648/matchFrames/9_ir_left_SNCP1E5420006D_Index0_1739874543394_[1].jpg
[83.003s] -- Installing: /home/meteor/ROS2/MickRobot/Graduation_project_ws/install/orbbec_camera/share/orbbec_camera//examples/multi_camera_synced_verification_tool/multicamera_sync/output/20250218102900/results-2025-02-25_163648/matchFrames/8_ir_left_SNCP1E5420006D_Index0_1739874543294_[1].jpg
[83.004s] -- Installing: /home/meteor/ROS2/MickRobot/Graduation_project_ws/install/orbbec_camera/share/orbbec_camera//examples/multi_camera_synced_verification_tool/multicamera_sync/output/20250218102900/results-2025-02-25_163648/matchFrames/3_ir_left_SNCP1L44P00051_Index1_1739874543260_[0].jpg
[83.007s] -- Installing: /home/meteor/ROS2/MickRobot/Graduation_project_ws/install/orbbec_camera/share/orbbec_camera//examples/multi_camera_synced_verification_tool/multicamera_sync/output/20250218102900/results-2025-02-25_163648/matchFrames/6_color_SNCP1L44P00051_Index1_1739874543560_[0].jpg
[83.044s] -- Installing: /home/meteor/ROS2/MickRobot/Graduation_project_ws/install/orbbec_camera/share/orbbec_camera//examples/multi_camera_synced_verification_tool/multicamera_sync/output/20250218102900/results-2025-02-25_163648/frameMatchLog.txt
[83.059s] -- Installing: /home/meteor/ROS2/MickRobot/Graduation_project_ws/install/orbbec_camera/share/orbbec_camera//examples/multi_camera_synced_verification_tool/multicamera_sync/output/20250218102900/DevicesInfo.txt
[83.070s] -- Installing: /home/meteor/ROS2/MickRobot/Graduation_project_ws/install/orbbec_camera/share/orbbec_camera//examples/multi_camera_synced_verification_tool/multicamera_sync/Python
[83.070s] -- Installing: /home/meteor/ROS2/MickRobot/Graduation_project_ws/install/orbbec_camera/share/orbbec_camera//examples/multi_camera_synced_verification_tool/multicamera_sync/Python/Config.ini
[83.080s] -- Installing: /home/meteor/ROS2/MickRobot/Graduation_project_ws/install/orbbec_camera/share/orbbec_camera//examples/multi_camera_synced_verification_tool/multicamera_sync/Python/README.md
[83.080s] -- Installing: /home/meteor/ROS2/MickRobot/Graduation_project_ws/install/orbbec_camera/share/orbbec_camera//examples/multi_camera_synced_verification_tool/multicamera_sync/Python/script
[83.081s] -- Installing: /home/meteor/ROS2/MickRobot/Graduation_project_ws/install/orbbec_camera/share/orbbec_camera//examples/multi_camera_synced_verification_tool/multicamera_sync/Python/script/config_frameMatch-systemTimestamp.py
[83.081s] -- Installing: /home/meteor/ROS2/MickRobot/Graduation_project_ws/install/orbbec_camera/share/orbbec_camera//examples/multi_camera_synced_verification_tool/multicamera_sync/Python/script/config_frameMatch.py
[83.081s] -- Installing: /home/meteor/ROS2/MickRobot/Graduation_project_ws/install/orbbec_camera/share/orbbec_camera//examples/multi_camera_synced_verification_tool/multicamera_sync/Python/script/config_frameMatch_Gemini2VL.py
[83.081s] -- Installing: /home/meteor/ROS2/MickRobot/Graduation_project_ws/install/orbbec_camera/share/orbbec_camera//examples/multi_camera_synced_verification_tool/multicamera_sync/Python/script/config_frameMatch-Astra2_new.py
[83.081s] -- Installing: /home/meteor/ROS2/MickRobot/Graduation_project_ws/install/orbbec_camera/share/orbbec_camera//examples/multi_camera_synced_verification_tool/multicamera_sync/Python/script/config_frameMatch_g330.py
[83.081s] -- Installing: /home/meteor/ROS2/MickRobot/Graduation_project_ws/install/orbbec_camera/share/orbbec_camera//examples/multi_camera_synced_verification_tool/multicamera_sync/Python/SyncFramesMain.py
[83.082s] -- Installing: /home/meteor/ROS2/MickRobot/Graduation_project_ws/install/orbbec_camera/share/orbbec_camera//examples/multi_camera_synced_verification_tool/gemini_330_series_synced_verify.launch.py
[83.082s] -- Installing: /home/meteor/ROS2/MickRobot/Graduation_project_ws/install/orbbec_camera/share/orbbec_camera//examples/net_camera
[83.082s] -- Installing: /home/meteor/ROS2/MickRobot/Graduation_project_ws/install/orbbec_camera/share/orbbec_camera//examples/net_camera/multi_net_camera.launch.py
[83.082s] -- Installing: /home/meteor/ROS2/MickRobot/Graduation_project_ws/install/orbbec_camera/share/orbbec_camera//examples/435le_new_interface
[83.082s] -- Installing: /home/meteor/ROS2/MickRobot/Graduation_project_ws/install/orbbec_camera/share/orbbec_camera//examples/435le_new_interface/README.MD
[83.089s] -- Installing: /home/meteor/ROS2/MickRobot/Graduation_project_ws/install/orbbec_camera/share/orbbec_camera//examples/435le_new_interface/camera_example_node.cpp
[83.089s] -- Installing: /home/meteor/ROS2/MickRobot/Graduation_project_ws/install/orbbec_camera/share/orbbec_camera//examples/multi_camera_time_sync
[83.089s] -- Installing: /home/meteor/ROS2/MickRobot/Graduation_project_ws/install/orbbec_camera/share/orbbec_camera//examples/multi_camera_time_sync/image_sync_example_node.cpp
[83.090s] -- Installing: /home/meteor/ROS2/MickRobot/Graduation_project_ws/install/orbbec_camera/share/orbbec_camera//examples/lower_cpu_usage
[83.090s] -- Installing: /home/meteor/ROS2/MickRobot/Graduation_project_ws/install/orbbec_camera/share/orbbec_camera//examples/lower_cpu_usage/gemini_330_series_lower_cpu_usage.launch.py
[83.090s] -- Installing: /home/meteor/ROS2/MickRobot/Graduation_project_ws/install/orbbec_camera/share/orbbec_camera//examples/lower_cpu_usage/multi_camera_lower_cpu_usage.launch.py
[83.090s] -- Installing: /home/meteor/ROS2/MickRobot/Graduation_project_ws/install/orbbec_camera/share/orbbec_camera//examples/gmsl_camera
[83.090s] -- Installing: /home/meteor/ROS2/MickRobot/Graduation_project_ws/install/orbbec_camera/share/orbbec_camera//examples/gmsl_camera/gemini_330_gmsl.launch.py
[83.091s] -- Installing: /home/meteor/ROS2/MickRobot/Graduation_project_ws/install/orbbec_camera/share/orbbec_camera//examples/gmsl_camera/multi_gmsl_camera_synced.launch.py
[83.091s] -- Installing: /home/meteor/ROS2/MickRobot/Graduation_project_ws/install/orbbec_camera/share/orbbec_camera//examples/gmsl_camera/multi_gmsl_camera.launch.py
[83.091s] -- Up-to-date: /home/meteor/ROS2/MickRobot/Graduation_project_ws/install/orbbec_camera/include
[83.091s] -- Installing: /home/meteor/ROS2/MickRobot/Graduation_project_ws/install/orbbec_camera/include/libobsensor
[83.091s] -- Installing: /home/meteor/ROS2/MickRobot/Graduation_project_ws/install/orbbec_camera/include/libobsensor/hpp
[83.091s] -- Installing: /home/meteor/ROS2/MickRobot/Graduation_project_ws/install/orbbec_camera/include/libobsensor/hpp/TypeHelper.hpp
[83.092s] -- Installing: /home/meteor/ROS2/MickRobot/Graduation_project_ws/install/orbbec_camera/include/libobsensor/hpp/Device.hpp
[83.092s] -- Installing: /home/meteor/ROS2/MickRobot/Graduation_project_ws/install/orbbec_camera/include/libobsensor/hpp/Error.hpp
[83.092s] -- Installing: /home/meteor/ROS2/MickRobot/Graduation_project_ws/install/orbbec_camera/include/libobsensor/hpp/RecordPlayback.hpp
[83.092s] -- Installing: /home/meteor/ROS2/MickRobot/Graduation_project_ws/install/orbbec_camera/include/libobsensor/hpp/Frame.hpp
[83.092s] -- Installing: /home/meteor/ROS2/MickRobot/Graduation_project_ws/install/orbbec_camera/include/libobsensor/hpp/Pipeline.hpp
[83.092s] -- Installing: /home/meteor/ROS2/MickRobot/Graduation_project_ws/install/orbbec_camera/include/libobsensor/hpp/Context.hpp
[83.093s] -- Installing: /home/meteor/ROS2/MickRobot/Graduation_project_ws/install/orbbec_camera/include/libobsensor/hpp/Types.hpp
[83.093s] -- Installing: /home/meteor/ROS2/MickRobot/Graduation_project_ws/install/orbbec_camera/include/libobsensor/hpp/StreamProfile.hpp
[83.093s] -- Installing: /home/meteor/ROS2/MickRobot/Graduation_project_ws/install/orbbec_camera/include/libobsensor/hpp/Filter.hpp
[83.093s] -- Installing: /home/meteor/ROS2/MickRobot/Graduation_project_ws/install/orbbec_camera/include/libobsensor/hpp/Sensor.hpp
[83.093s] -- Installing: /home/meteor/ROS2/MickRobot/Graduation_project_ws/install/orbbec_camera/include/libobsensor/hpp/Version.hpp
[83.093s] -- Installing: /home/meteor/ROS2/MickRobot/Graduation_project_ws/install/orbbec_camera/include/libobsensor/hpp/Utils.hpp
[83.094s] -- Installing: /home/meteor/ROS2/MickRobot/Graduation_project_ws/install/orbbec_camera/include/libobsensor/h
[83.094s] -- Installing: /home/meteor/ROS2/MickRobot/Graduation_project_ws/install/orbbec_camera/include/libobsensor/h/Frame.h
[83.094s] -- Installing: /home/meteor/ROS2/MickRobot/Graduation_project_ws/install/orbbec_camera/include/libobsensor/h/MultipleDevices.h
[83.094s] -- Installing: /home/meteor/ROS2/MickRobot/Graduation_project_ws/install/orbbec_camera/include/libobsensor/h/Device.h
[83.094s] -- Installing: /home/meteor/ROS2/MickRobot/Graduation_project_ws/install/orbbec_camera/include/libobsensor/h/Pipeline.h
[83.095s] -- Installing: /home/meteor/ROS2/MickRobot/Graduation_project_ws/install/orbbec_camera/include/libobsensor/h/Property.h
[83.095s] -- Installing: /home/meteor/ROS2/MickRobot/Graduation_project_ws/install/orbbec_camera/include/libobsensor/h/Version.h
[83.095s] -- Installing: /home/meteor/ROS2/MickRobot/Graduation_project_ws/install/orbbec_camera/include/libobsensor/h/StreamProfile.h
[83.095s] -- Installing: /home/meteor/ROS2/MickRobot/Graduation_project_ws/install/orbbec_camera/include/libobsensor/h/RecordPlayback.h
[83.095s] -- Installing: /home/meteor/ROS2/MickRobot/Graduation_project_ws/install/orbbec_camera/include/libobsensor/h/Sensor.h
[83.096s] -- Installing: /home/meteor/ROS2/MickRobot/Graduation_project_ws/install/orbbec_camera/include/libobsensor/h/Error.h
[83.096s] -- Installing: /home/meteor/ROS2/MickRobot/Graduation_project_ws/install/orbbec_camera/include/libobsensor/h/Export.h
[83.096s] -- Installing: /home/meteor/ROS2/MickRobot/Graduation_project_ws/install/orbbec_camera/include/libobsensor/h/Utils.h
[83.096s] -- Installing: /home/meteor/ROS2/MickRobot/Graduation_project_ws/install/orbbec_camera/include/libobsensor/h/TypeHelper.h
[83.096s] -- Installing: /home/meteor/ROS2/MickRobot/Graduation_project_ws/install/orbbec_camera/include/libobsensor/h/ObTypes.h
[83.097s] -- Installing: /home/meteor/ROS2/MickRobot/Graduation_project_ws/install/orbbec_camera/include/libobsensor/h/Filter.h
[83.097s] -- Installing: /home/meteor/ROS2/MickRobot/Graduation_project_ws/install/orbbec_camera/include/libobsensor/h/Advanced.h
[83.097s] -- Installing: /home/meteor/ROS2/MickRobot/Graduation_project_ws/install/orbbec_camera/include/libobsensor/h/Context.h
[83.097s] -- Installing: /home/meteor/ROS2/MickRobot/Graduation_project_ws/install/orbbec_camera/include/libobsensor/ObSensor.h
[83.110s] -- Installing: /home/meteor/ROS2/MickRobot/Graduation_project_ws/install/orbbec_camera/include/libobsensor/ObSensor.hpp
[83.110s] -- Up-to-date: /home/meteor/ROS2/MickRobot/Graduation_project_ws/install/orbbec_camera/lib/
[83.110s] -- Installing: /home/meteor/ROS2/MickRobot/Graduation_project_ws/install/orbbec_camera/lib//extensions
[83.110s] -- Installing: /home/meteor/ROS2/MickRobot/Graduation_project_ws/install/orbbec_camera/lib//extensions/filters
[83.111s] -- Installing: /home/meteor/ROS2/MickRobot/Graduation_project_ws/install/orbbec_camera/lib//extensions/filters/libFilterProcessor.so
[83.119s] -- Installing: /home/meteor/ROS2/MickRobot/Graduation_project_ws/install/orbbec_camera/lib//extensions/filters/libob_priv_filter.so
[83.135s] -- Installing: /home/meteor/ROS2/MickRobot/Graduation_project_ws/install/orbbec_camera/lib//extensions/frameprocessor
[83.135s] -- Installing: /home/meteor/ROS2/MickRobot/Graduation_project_ws/install/orbbec_camera/lib//extensions/frameprocessor/libob_frame_processor.so
[83.159s] -- Installing: /home/meteor/ROS2/MickRobot/Graduation_project_ws/install/orbbec_camera/lib//extensions/depthengine
[83.159s] -- Installing: /home/meteor/ROS2/MickRobot/Graduation_project_ws/install/orbbec_camera/lib//extensions/depthengine/libdepthengine.so
[83.159s] -- Installing: /home/meteor/ROS2/MickRobot/Graduation_project_ws/install/orbbec_camera/lib//extensions/depthengine/libdepthengine.so.2.0
[83.173s] -- Installing: /home/meteor/ROS2/MickRobot/Graduation_project_ws/install/orbbec_camera/lib//extensions/firmwareupdater
[83.174s] -- Installing: /home/meteor/ROS2/MickRobot/Graduation_project_ws/install/orbbec_camera/lib//extensions/firmwareupdater/libfirmwareupdater.so
[83.189s] -- Installing: /home/meteor/ROS2/MickRobot/Graduation_project_ws/install/orbbec_camera/lib//libOrbbecSDK.so.2.7.6
[83.368s] -- Installing: /home/meteor/ROS2/MickRobot/Graduation_project_ws/install/orbbec_camera/lib//libOrbbecSDK.so
[83.368s] -- Installing: /home/meteor/ROS2/MickRobot/Graduation_project_ws/install/orbbec_camera/lib//libOrbbecSDK.so.2
[83.369s] -- Installing: /home/meteor/ROS2/MickRobot/Graduation_project_ws/install/orbbec_camera/lib/extensions/libdepthengine.so
[83.369s] -- Installing: /home/meteor/ROS2/MickRobot/Graduation_project_ws/install/orbbec_camera/lib/extensions/libdepthengine.so.2.0
[83.370s] -- Installing: /home/meteor/ROS2/MickRobot/Graduation_project_ws/install/orbbec_camera/lib/extensions/libFilterProcessor.so
[83.370s] -- Installing: /home/meteor/ROS2/MickRobot/Graduation_project_ws/install/orbbec_camera/lib/extensions/libob_priv_filter.so
[83.371s] -- Installing: /home/meteor/ROS2/MickRobot/Graduation_project_ws/install/orbbec_camera/lib/extensions/libfirmwareupdater.so
[83.372s] -- Installing: /home/meteor/ROS2/MickRobot/Graduation_project_ws/install/orbbec_camera/lib/extensions/libob_frame_processor.so
[83.372s] -- Installing: /home/meteor/ROS2/MickRobot/Graduation_project_ws/install/orbbec_camera/share/orbbec_camera/udev/99-obsensor-libusb.rules
[83.386s] -- Installing: /home/meteor/ROS2/MickRobot/Graduation_project_ws/install/orbbec_camera/lib/orbbec_camera/list_devices_node
[83.386s] -- Set runtime path of "/home/meteor/ROS2/MickRobot/Graduation_project_ws/install/orbbec_camera/lib/orbbec_camera/list_devices_node" to ":/home/meteor/ROS2/MickRobot/Graduation_project_ws/src/OrbbecSDK_ROS2/orbbec_camera/SDK/lib/x64"
[83.387s] -- Installing: /home/meteor/ROS2/MickRobot/Graduation_project_ws/install/orbbec_camera/lib/orbbec_camera/list_depth_work_mode_node
[83.387s] -- Set runtime path of "/home/meteor/ROS2/MickRobot/Graduation_project_ws/install/orbbec_camera/lib/orbbec_camera/list_depth_work_mode_node" to ":/home/meteor/ROS2/MickRobot/Graduation_project_ws/src/OrbbecSDK_ROS2/orbbec_camera/SDK/lib/x64"
[83.387s] -- Installing: /home/meteor/ROS2/MickRobot/Graduation_project_ws/install/orbbec_camera/lib/orbbec_camera/list_camera_profile_mode_node
[83.388s] -- Set runtime path of "/home/meteor/ROS2/MickRobot/Graduation_project_ws/install/orbbec_camera/lib/orbbec_camera/list_camera_profile_mode_node" to ":/home/meteor/ROS2/MickRobot/Graduation_project_ws/src/OrbbecSDK_ROS2/orbbec_camera/SDK/lib/x64"
[83.388s] -- Installing: /home/meteor/ROS2/MickRobot/Graduation_project_ws/install/orbbec_camera/lib/orbbec_camera/topic_statistics_node
[83.389s] -- Set runtime path of "/home/meteor/ROS2/MickRobot/Graduation_project_ws/install/orbbec_camera/lib/orbbec_camera/topic_statistics_node" to ":/home/meteor/ROS2/MickRobot/Graduation_project_ws/src/OrbbecSDK_ROS2/orbbec_camera/SDK/lib/x64"
[83.389s] -- Installing: /home/meteor/ROS2/MickRobot/Graduation_project_ws/install/orbbec_camera/lib/orbbec_camera/service_benchmark_node
[83.390s] -- Set runtime path of "/home/meteor/ROS2/MickRobot/Graduation_project_ws/install/orbbec_camera/lib/orbbec_camera/service_benchmark_node" to ":/home/meteor/ROS2/MickRobot/Graduation_project_ws/src/OrbbecSDK_ROS2/orbbec_camera/SDK/lib/x64"
[83.391s] -- Installing: /home/meteor/ROS2/MickRobot/Graduation_project_ws/install/orbbec_camera/lib/orbbec_camera/ob_benchmark_node
[83.391s] -- Set runtime path of "/home/meteor/ROS2/MickRobot/Graduation_project_ws/install/orbbec_camera/lib/orbbec_camera/ob_benchmark_node" to ":/home/meteor/ROS2/MickRobot/Graduation_project_ws/src/OrbbecSDK_ROS2/orbbec_camera/SDK/lib/x64"
[83.391s] -- Installing: /home/meteor/ROS2/MickRobot/Graduation_project_ws/install/orbbec_camera/lib/orbbec_camera/435le_example_node
[83.393s] -- Set runtime path of "/home/meteor/ROS2/MickRobot/Graduation_project_ws/install/orbbec_camera/lib/orbbec_camera/435le_example_node" to ":/home/meteor/ROS2/MickRobot/Graduation_project_ws/src/OrbbecSDK_ROS2/orbbec_camera/SDK/lib/x64"
[83.393s] -- Installing: /home/meteor/ROS2/MickRobot/Graduation_project_ws/install/orbbec_camera/lib/orbbec_camera/set_device_ip
[83.393s] -- Set runtime path of "/home/meteor/ROS2/MickRobot/Graduation_project_ws/install/orbbec_camera/lib/orbbec_camera/set_device_ip" to ":/home/meteor/ROS2/MickRobot/Graduation_project_ws/src/OrbbecSDK_ROS2/orbbec_camera/SDK/lib/x64"
[83.393s] -- Installing: /home/meteor/ROS2/MickRobot/Graduation_project_ws/install/orbbec_camera/lib/orbbec_camera/image_sync_example_node
[83.395s] -- Set runtime path of "/home/meteor/ROS2/MickRobot/Graduation_project_ws/install/orbbec_camera/lib/orbbec_camera/image_sync_example_node" to ":/home/meteor/ROS2/MickRobot/Graduation_project_ws/src/OrbbecSDK_ROS2/orbbec_camera/SDK/lib/x64"
[83.395s] -- Installing: /home/meteor/ROS2/MickRobot/Graduation_project_ws/install/orbbec_camera/share/orbbec_camera/environment/library_path.sh
[83.395s] -- Installing: /home/meteor/ROS2/MickRobot/Graduation_project_ws/install/orbbec_camera/share/orbbec_camera/environment/library_path.dsv
[83.395s] -- Installing: /home/meteor/ROS2/MickRobot/Graduation_project_ws/install/orbbec_camera/share/ament_index/resource_index/package_run_dependencies/orbbec_camera
[83.396s] -- Installing: /home/meteor/ROS2/MickRobot/Graduation_project_ws/install/orbbec_camera/share/ament_index/resource_index/parent_prefix_path/orbbec_camera
[83.396s] -- Installing: /home/meteor/ROS2/MickRobot/Graduation_project_ws/install/orbbec_camera/share/orbbec_camera/environment/ament_prefix_path.sh
[83.396s] -- Installing: /home/meteor/ROS2/MickRobot/Graduation_project_ws/install/orbbec_camera/share/orbbec_camera/environment/ament_prefix_path.dsv
[83.396s] -- Installing: /home/meteor/ROS2/MickRobot/Graduation_project_ws/install/orbbec_camera/share/orbbec_camera/environment/path.sh
[83.396s] -- Installing: /home/meteor/ROS2/MickRobot/Graduation_project_ws/install/orbbec_camera/share/orbbec_camera/environment/path.dsv
[83.397s] -- Installing: /home/meteor/ROS2/MickRobot/Graduation_project_ws/install/orbbec_camera/share/orbbec_camera/local_setup.bash
[83.397s] -- Installing: /home/meteor/ROS2/MickRobot/Graduation_project_ws/install/orbbec_camera/share/orbbec_camera/local_setup.sh
[83.397s] -- Installing: /home/meteor/ROS2/MickRobot/Graduation_project_ws/install/orbbec_camera/share/orbbec_camera/local_setup.zsh
[83.397s] -- Installing: /home/meteor/ROS2/MickRobot/Graduation_project_ws/install/orbbec_camera/share/orbbec_camera/local_setup.dsv
[83.397s] -- Installing: /home/meteor/ROS2/MickRobot/Graduation_project_ws/install/orbbec_camera/share/orbbec_camera/package.dsv
[83.398s] -- Installing: /home/meteor/ROS2/MickRobot/Graduation_project_ws/install/orbbec_camera/share/ament_index/resource_index/packages/orbbec_camera
[83.398s] -- Installing: /home/meteor/ROS2/MickRobot/Graduation_project_ws/install/orbbec_camera/share/ament_index/resource_index/rclcpp_components/orbbec_camera
[83.398s] -- Installing: /home/meteor/ROS2/MickRobot/Graduation_project_ws/install/orbbec_camera/share/orbbec_camera/cmake/ament_cmake_export_include_directories-extras.cmake
[83.398s] -- Installing: /home/meteor/ROS2/MickRobot/Graduation_project_ws/install/orbbec_camera/share/orbbec_camera/cmake/ament_cmake_export_libraries-extras.cmake
[83.399s] -- Installing: /home/meteor/ROS2/MickRobot/Graduation_project_ws/install/orbbec_camera/share/orbbec_camera/cmake/ament_cmake_export_dependencies-extras.cmake
[83.399s] -- Installing: /home/meteor/ROS2/MickRobot/Graduation_project_ws/install/orbbec_camera/share/orbbec_camera/cmake/orbbec_cameraConfig.cmake
[83.399s] -- Installing: /home/meteor/ROS2/MickRobot/Graduation_project_ws/install/orbbec_camera/share/orbbec_camera/cmake/orbbec_cameraConfig-version.cmake
[83.399s] -- Installing: /home/meteor/ROS2/MickRobot/Graduation_project_ws/install/orbbec_camera/share/orbbec_camera/package.xml
[83.403s] Invoked command in '/home/meteor/ROS2/MickRobot/Graduation_project_ws/build/orbbec_camera' returned '0': AMENT_PREFIX_PATH=/home/meteor/ROS2/MickRobot/Graduation_project_ws/install/orbbec_camera_msgs:${AMENT_PREFIX_PATH} CMAKE_PREFIX_PATH=/home/meteor/ROS2/MickRobot/Graduation_project_ws/install/orbbec_camera_msgs:/home/meteor/ROS2/MickRobot/mick_robot_ws/install/slam_gmapping_sim:/home/meteor/ROS2/MickRobot/mick_robot_ws/install/serial:/home/meteor/ROS2/MickRobot/mick_robot_ws/install/path_pub:/home/meteor/ROS2/MickRobot/mick_robot_ws/install/oradar_lidar:/home/meteor/ROS2/MickRobot/mick_robot_ws/install/openslam_gmapping:/home/meteor/ROS2/MickRobot/mick_robot_ws/install/navigation_sim:/home/meteor/ROS2/MickRobot/mick_robot_ws/install/mickrobot_description:/home/meteor/ROS2/MickRobot/mick_robot_ws/install/mickrobot_cartographer:/home/meteor/ROS2/MickRobot/mick_robot_ws/install/mickrobot_bringup:/home/meteor/ROS2/MickRobot/mick_robot_ws/install/imu_100d4_node:/usr/local:/home/meteor/ROS2/MickRobot/mick_robot_ws/install/path_tracking:/home/meteor/ROS2/MickRobot/mick_robot_ws/install/keyboard:/opt/ros/humble LD_LIBRARY_PATH=/home/meteor/ROS2/MickRobot/Graduation_project_ws/install/orbbec_camera_msgs/lib:${LD_LIBRARY_PATH} PYTHONPATH=/home/meteor/ROS2/MickRobot/Graduation_project_ws/install/orbbec_camera_msgs/local/lib/python3.10/dist-packages:${PYTHONPATH} /usr/bin/cmake --install /home/meteor/ROS2/MickRobot/Graduation_project_ws/build/orbbec_camera
