[0.054s] Invoking command in '/home/meteor/ROS2/MickRobot/Graduation_project_ws/build/ranger_msgs': CMAKE_PREFIX_PATH=/home/meteor/ROS2/MickRobot/Graduation_project_ws/install/ranger_base:/home/meteor/ROS2/MickRobot/Graduation_project_ws/install/ranger_controller:/home/meteor/ROS2/MickRobot/Graduation_project_ws/install/pointcloud_refinement:/home/meteor/ROS2/MickRobot/Graduation_project_ws/install/aruco_detector:/opt/ros/humble:/home/meteor/ROS2/MickRobot/Graduation_project_ws/install/ugv_sdk:/home/meteor/ROS2/MickRobot/Graduation_project_ws/install/ranger_msgs:/home/meteor/ROS2/MickRobot/Graduation_project_ws/install/ranger_bringup:/home/meteor/ROS2/MickRobot/Graduation_project_ws/install/orbbec_description:/home/meteor/ROS2/MickRobot/Graduation_project_ws/install/orbbec_camera:/home/meteor/ROS2/MickRobot/Graduation_project_ws/install/orbbec_camera_msgs /usr/bin/cmake --build /home/meteor/ROS2/MickRobot/Graduation_project_ws/build/ranger_msgs -- -j16 -l16
[0.706s] [  1%] Built target ranger_msgs__cpp
[0.706s] [ 12%] Built target ranger_msgs__rosidl_generator_c
[0.706s] [ 12%] Built target ament_cmake_python_copy_ranger_msgs
[0.706s] [ 23%] Built target ranger_msgs__rosidl_typesupport_cpp
[0.707s] [ 40%] Built target ranger_msgs__rosidl_typesupport_fastrtps_c
[0.707s] [ 46%] Built target ranger_msgs__rosidl_typesupport_introspection_cpp
[0.707s] [ 57%] Built target ranger_msgs__rosidl_typesupport_introspection_c
[0.707s] [ 69%] Built target ranger_msgs__rosidl_typesupport_fastrtps_cpp
[0.707s] [ 80%] Built target ranger_msgs__rosidl_typesupport_c
[0.707s] [ 80%] Built target ranger_msgs
[0.707s] [ 81%] Built target ranger_msgs__py
[0.707s] [ 91%] Built target ranger_msgs__rosidl_generator_py
[0.707s] [100%] Built target ranger_msgs__rosidl_typesupport_introspection_c__pyext
[0.707s] [100%] Built target ranger_msgs__rosidl_typesupport_fastrtps_c__pyext
[0.707s] [100%] Built target ranger_msgs__rosidl_typesupport_c__pyext
[0.707s] running egg_info
[0.707s] writing ranger_msgs.egg-info/PKG-INFO
[0.708s] writing dependency_links to ranger_msgs.egg-info/dependency_links.txt
[0.708s] writing top-level names to ranger_msgs.egg-info/top_level.txt
[0.708s] reading manifest file 'ranger_msgs.egg-info/SOURCES.txt'
[0.708s] writing manifest file 'ranger_msgs.egg-info/SOURCES.txt'
[0.708s] [100%] Built target ament_cmake_python_build_ranger_msgs_egg
[0.725s] Invoked command in '/home/meteor/ROS2/MickRobot/Graduation_project_ws/build/ranger_msgs' returned '0': CMAKE_PREFIX_PATH=/home/meteor/ROS2/MickRobot/Graduation_project_ws/install/ranger_base:/home/meteor/ROS2/MickRobot/Graduation_project_ws/install/ranger_controller:/home/meteor/ROS2/MickRobot/Graduation_project_ws/install/pointcloud_refinement:/home/meteor/ROS2/MickRobot/Graduation_project_ws/install/aruco_detector:/opt/ros/humble:/home/meteor/ROS2/MickRobot/Graduation_project_ws/install/ugv_sdk:/home/meteor/ROS2/MickRobot/Graduation_project_ws/install/ranger_msgs:/home/meteor/ROS2/MickRobot/Graduation_project_ws/install/ranger_bringup:/home/meteor/ROS2/MickRobot/Graduation_project_ws/install/orbbec_description:/home/meteor/ROS2/MickRobot/Graduation_project_ws/install/orbbec_camera:/home/meteor/ROS2/MickRobot/Graduation_project_ws/install/orbbec_camera_msgs /usr/bin/cmake --build /home/meteor/ROS2/MickRobot/Graduation_project_ws/build/ranger_msgs -- -j16 -l16
[0.726s] Invoking command in '/home/meteor/ROS2/MickRobot/Graduation_project_ws/build/ranger_msgs': CMAKE_PREFIX_PATH=/home/meteor/ROS2/MickRobot/Graduation_project_ws/install/ranger_base:/home/meteor/ROS2/MickRobot/Graduation_project_ws/install/ranger_controller:/home/meteor/ROS2/MickRobot/Graduation_project_ws/install/pointcloud_refinement:/home/meteor/ROS2/MickRobot/Graduation_project_ws/install/aruco_detector:/opt/ros/humble:/home/meteor/ROS2/MickRobot/Graduation_project_ws/install/ugv_sdk:/home/meteor/ROS2/MickRobot/Graduation_project_ws/install/ranger_msgs:/home/meteor/ROS2/MickRobot/Graduation_project_ws/install/ranger_bringup:/home/meteor/ROS2/MickRobot/Graduation_project_ws/install/orbbec_description:/home/meteor/ROS2/MickRobot/Graduation_project_ws/install/orbbec_camera:/home/meteor/ROS2/MickRobot/Graduation_project_ws/install/orbbec_camera_msgs /usr/bin/cmake --install /home/meteor/ROS2/MickRobot/Graduation_project_ws/build/ranger_msgs
[0.963s] -- Install configuration: ""
[0.963s] -- Up-to-date: /home/meteor/ROS2/MickRobot/Graduation_project_ws/install/ranger_msgs/share/ament_index/resource_index/rosidl_interfaces/ranger_msgs
[0.963s] -- Up-to-date: /home/meteor/ROS2/MickRobot/Graduation_project_ws/install/ranger_msgs/include/ranger_msgs/ranger_msgs
[0.963s] -- Up-to-date: /home/meteor/ROS2/MickRobot/Graduation_project_ws/install/ranger_msgs/include/ranger_msgs/ranger_msgs/msg
[0.963s] -- Up-to-date: /home/meteor/ROS2/MickRobot/Graduation_project_ws/install/ranger_msgs/include/ranger_msgs/ranger_msgs/msg/driver_state.h
[0.963s] -- Up-to-date: /home/meteor/ROS2/MickRobot/Graduation_project_ws/install/ranger_msgs/include/ranger_msgs/ranger_msgs/msg/motion_state.h
[0.963s] -- Up-to-date: /home/meteor/ROS2/MickRobot/Graduation_project_ws/install/ranger_msgs/include/ranger_msgs/ranger_msgs/msg/detail
[0.963s] -- Up-to-date: /home/meteor/ROS2/MickRobot/Graduation_project_ws/install/ranger_msgs/include/ranger_msgs/ranger_msgs/msg/detail/actuator_state_array__type_support.h
[0.964s] -- Up-to-date: /home/meteor/ROS2/MickRobot/Graduation_project_ws/install/ranger_msgs/include/ranger_msgs/ranger_msgs/msg/detail/actuator_state_array__functions.h
[0.964s] -- Up-to-date: /home/meteor/ROS2/MickRobot/Graduation_project_ws/install/ranger_msgs/include/ranger_msgs/ranger_msgs/msg/detail/system_state__functions.h
[0.964s] -- Up-to-date: /home/meteor/ROS2/MickRobot/Graduation_project_ws/install/ranger_msgs/include/ranger_msgs/ranger_msgs/msg/detail/motion_state__functions.c
[0.964s] -- Up-to-date: /home/meteor/ROS2/MickRobot/Graduation_project_ws/install/ranger_msgs/include/ranger_msgs/ranger_msgs/msg/detail/actuator_state__type_support.h
[0.964s] -- Up-to-date: /home/meteor/ROS2/MickRobot/Graduation_project_ws/install/ranger_msgs/include/ranger_msgs/ranger_msgs/msg/detail/motion_state__type_support.h
[0.964s] -- Up-to-date: /home/meteor/ROS2/MickRobot/Graduation_project_ws/install/ranger_msgs/include/ranger_msgs/ranger_msgs/msg/detail/motion_state__functions.h
[0.964s] -- Up-to-date: /home/meteor/ROS2/MickRobot/Graduation_project_ws/install/ranger_msgs/include/ranger_msgs/ranger_msgs/msg/detail/system_state__functions.c
[0.964s] -- Up-to-date: /home/meteor/ROS2/MickRobot/Graduation_project_ws/install/ranger_msgs/include/ranger_msgs/ranger_msgs/msg/detail/actuator_state_array__functions.c
[0.965s] -- Up-to-date: /home/meteor/ROS2/MickRobot/Graduation_project_ws/install/ranger_msgs/include/ranger_msgs/ranger_msgs/msg/detail/motor_state__struct.h
[0.966s] -- Up-to-date: /home/meteor/ROS2/MickRobot/Graduation_project_ws/install/ranger_msgs/include/ranger_msgs/ranger_msgs/msg/detail/motion_state__struct.h
[0.966s] -- Up-to-date: /home/meteor/ROS2/MickRobot/Graduation_project_ws/install/ranger_msgs/include/ranger_msgs/ranger_msgs/msg/detail/driver_state__functions.c
[0.966s] -- Up-to-date: /home/meteor/ROS2/MickRobot/Graduation_project_ws/install/ranger_msgs/include/ranger_msgs/ranger_msgs/msg/detail/system_state__type_support.h
[0.966s] -- Up-to-date: /home/meteor/ROS2/MickRobot/Graduation_project_ws/install/ranger_msgs/include/ranger_msgs/ranger_msgs/msg/detail/motor_state__type_support.h
[0.967s] -- Up-to-date: /home/meteor/ROS2/MickRobot/Graduation_project_ws/install/ranger_msgs/include/ranger_msgs/ranger_msgs/msg/detail/actuator_state__struct.h
[0.967s] -- Up-to-date: /home/meteor/ROS2/MickRobot/Graduation_project_ws/install/ranger_msgs/include/ranger_msgs/ranger_msgs/msg/detail/actuator_state__functions.c
[0.967s] -- Up-to-date: /home/meteor/ROS2/MickRobot/Graduation_project_ws/install/ranger_msgs/include/ranger_msgs/ranger_msgs/msg/detail/driver_state__type_support.h
[0.967s] -- Up-to-date: /home/meteor/ROS2/MickRobot/Graduation_project_ws/install/ranger_msgs/include/ranger_msgs/ranger_msgs/msg/detail/motor_state__functions.c
[0.967s] -- Up-to-date: /home/meteor/ROS2/MickRobot/Graduation_project_ws/install/ranger_msgs/include/ranger_msgs/ranger_msgs/msg/detail/motor_state__functions.h
[0.968s] -- Up-to-date: /home/meteor/ROS2/MickRobot/Graduation_project_ws/install/ranger_msgs/include/ranger_msgs/ranger_msgs/msg/detail/driver_state__struct.h
[0.976s] -- Up-to-date: /home/meteor/ROS2/MickRobot/Graduation_project_ws/install/ranger_msgs/include/ranger_msgs/ranger_msgs/msg/detail/actuator_state_array__struct.h
[0.976s] -- Up-to-date: /home/meteor/ROS2/MickRobot/Graduation_project_ws/install/ranger_msgs/include/ranger_msgs/ranger_msgs/msg/detail/system_state__struct.h
[0.976s] -- Up-to-date: /home/meteor/ROS2/MickRobot/Graduation_project_ws/install/ranger_msgs/include/ranger_msgs/ranger_msgs/msg/detail/actuator_state__functions.h
[0.976s] -- Up-to-date: /home/meteor/ROS2/MickRobot/Graduation_project_ws/install/ranger_msgs/include/ranger_msgs/ranger_msgs/msg/detail/driver_state__functions.h
[0.976s] -- Up-to-date: /home/meteor/ROS2/MickRobot/Graduation_project_ws/install/ranger_msgs/include/ranger_msgs/ranger_msgs/msg/actuator_state.h
[0.976s] -- Up-to-date: /home/meteor/ROS2/MickRobot/Graduation_project_ws/install/ranger_msgs/include/ranger_msgs/ranger_msgs/msg/system_state.h
[0.976s] -- Up-to-date: /home/meteor/ROS2/MickRobot/Graduation_project_ws/install/ranger_msgs/include/ranger_msgs/ranger_msgs/msg/rosidl_generator_c__visibility_control.h
[0.976s] -- Up-to-date: /home/meteor/ROS2/MickRobot/Graduation_project_ws/install/ranger_msgs/include/ranger_msgs/ranger_msgs/msg/actuator_state_array.h
[0.977s] -- Up-to-date: /home/meteor/ROS2/MickRobot/Graduation_project_ws/install/ranger_msgs/include/ranger_msgs/ranger_msgs/msg/motor_state.h
[0.977s] -- Up-to-date: /home/meteor/ROS2/MickRobot/Graduation_project_ws/install/ranger_msgs/share/ranger_msgs/environment/library_path.sh
[0.977s] -- Up-to-date: /home/meteor/ROS2/MickRobot/Graduation_project_ws/install/ranger_msgs/share/ranger_msgs/environment/library_path.dsv
[0.977s] -- Up-to-date: /home/meteor/ROS2/MickRobot/Graduation_project_ws/install/ranger_msgs/lib/libranger_msgs__rosidl_generator_c.so
[0.977s] -- Up-to-date: /home/meteor/ROS2/MickRobot/Graduation_project_ws/install/ranger_msgs/include/ranger_msgs/ranger_msgs
[0.977s] -- Up-to-date: /home/meteor/ROS2/MickRobot/Graduation_project_ws/install/ranger_msgs/include/ranger_msgs/ranger_msgs/msg
[0.977s] -- Up-to-date: /home/meteor/ROS2/MickRobot/Graduation_project_ws/install/ranger_msgs/include/ranger_msgs/ranger_msgs/msg/detail
[0.977s] -- Up-to-date: /home/meteor/ROS2/MickRobot/Graduation_project_ws/install/ranger_msgs/include/ranger_msgs/ranger_msgs/msg/detail/motion_state__rosidl_typesupport_fastrtps_c.h
[0.977s] -- Up-to-date: /home/meteor/ROS2/MickRobot/Graduation_project_ws/install/ranger_msgs/include/ranger_msgs/ranger_msgs/msg/detail/actuator_state__rosidl_typesupport_fastrtps_c.h
[0.977s] -- Up-to-date: /home/meteor/ROS2/MickRobot/Graduation_project_ws/install/ranger_msgs/include/ranger_msgs/ranger_msgs/msg/detail/driver_state__rosidl_typesupport_fastrtps_c.h
[0.977s] -- Up-to-date: /home/meteor/ROS2/MickRobot/Graduation_project_ws/install/ranger_msgs/include/ranger_msgs/ranger_msgs/msg/detail/motor_state__rosidl_typesupport_fastrtps_c.h
[0.977s] -- Up-to-date: /home/meteor/ROS2/MickRobot/Graduation_project_ws/install/ranger_msgs/include/ranger_msgs/ranger_msgs/msg/detail/actuator_state_array__rosidl_typesupport_fastrtps_c.h
[0.977s] -- Up-to-date: /home/meteor/ROS2/MickRobot/Graduation_project_ws/install/ranger_msgs/include/ranger_msgs/ranger_msgs/msg/detail/system_state__rosidl_typesupport_fastrtps_c.h
[0.977s] -- Up-to-date: /home/meteor/ROS2/MickRobot/Graduation_project_ws/install/ranger_msgs/include/ranger_msgs/ranger_msgs/msg/rosidl_typesupport_fastrtps_c__visibility_control.h
[0.977s] -- Up-to-date: /home/meteor/ROS2/MickRobot/Graduation_project_ws/install/ranger_msgs/lib/libranger_msgs__rosidl_typesupport_fastrtps_c.so
[0.978s] -- Up-to-date: /home/meteor/ROS2/MickRobot/Graduation_project_ws/install/ranger_msgs/include/ranger_msgs/ranger_msgs
[0.978s] -- Up-to-date: /home/meteor/ROS2/MickRobot/Graduation_project_ws/install/ranger_msgs/include/ranger_msgs/ranger_msgs/msg
[0.978s] -- Up-to-date: /home/meteor/ROS2/MickRobot/Graduation_project_ws/install/ranger_msgs/include/ranger_msgs/ranger_msgs/msg/actuator_state_array.hpp
[0.978s] -- Up-to-date: /home/meteor/ROS2/MickRobot/Graduation_project_ws/install/ranger_msgs/include/ranger_msgs/ranger_msgs/msg/motion_state.hpp
[0.978s] -- Up-to-date: /home/meteor/ROS2/MickRobot/Graduation_project_ws/install/ranger_msgs/include/ranger_msgs/ranger_msgs/msg/detail
[0.983s] -- Up-to-date: /home/meteor/ROS2/MickRobot/Graduation_project_ws/install/ranger_msgs/include/ranger_msgs/ranger_msgs/msg/detail/actuator_state_array__type_support.hpp
[0.983s] -- Up-to-date: /home/meteor/ROS2/MickRobot/Graduation_project_ws/install/ranger_msgs/include/ranger_msgs/ranger_msgs/msg/detail/motion_state__struct.hpp
[0.983s] -- Up-to-date: /home/meteor/ROS2/MickRobot/Graduation_project_ws/install/ranger_msgs/include/ranger_msgs/ranger_msgs/msg/detail/motor_state__type_support.hpp
[0.983s] -- Up-to-date: /home/meteor/ROS2/MickRobot/Graduation_project_ws/install/ranger_msgs/include/ranger_msgs/ranger_msgs/msg/detail/motion_state__traits.hpp
[0.983s] -- Up-to-date: /home/meteor/ROS2/MickRobot/Graduation_project_ws/install/ranger_msgs/include/ranger_msgs/ranger_msgs/msg/detail/system_state__type_support.hpp
[0.983s] -- Up-to-date: /home/meteor/ROS2/MickRobot/Graduation_project_ws/install/ranger_msgs/include/ranger_msgs/ranger_msgs/msg/detail/actuator_state__builder.hpp
[0.984s] -- Up-to-date: /home/meteor/ROS2/MickRobot/Graduation_project_ws/install/ranger_msgs/include/ranger_msgs/ranger_msgs/msg/detail/actuator_state__struct.hpp
[0.984s] -- Up-to-date: /home/meteor/ROS2/MickRobot/Graduation_project_ws/install/ranger_msgs/include/ranger_msgs/ranger_msgs/msg/detail/system_state__traits.hpp
[0.984s] -- Up-to-date: /home/meteor/ROS2/MickRobot/Graduation_project_ws/install/ranger_msgs/include/ranger_msgs/ranger_msgs/msg/detail/motion_state__type_support.hpp
[0.984s] -- Up-to-date: /home/meteor/ROS2/MickRobot/Graduation_project_ws/install/ranger_msgs/include/ranger_msgs/ranger_msgs/msg/detail/actuator_state_array__traits.hpp
[0.984s] -- Up-to-date: /home/meteor/ROS2/MickRobot/Graduation_project_ws/install/ranger_msgs/include/ranger_msgs/ranger_msgs/msg/detail/system_state__struct.hpp
[0.984s] -- Up-to-date: /home/meteor/ROS2/MickRobot/Graduation_project_ws/install/ranger_msgs/include/ranger_msgs/ranger_msgs/msg/detail/motor_state__traits.hpp
[0.984s] -- Up-to-date: /home/meteor/ROS2/MickRobot/Graduation_project_ws/install/ranger_msgs/include/ranger_msgs/ranger_msgs/msg/detail/actuator_state__type_support.hpp
[0.984s] -- Up-to-date: /home/meteor/ROS2/MickRobot/Graduation_project_ws/install/ranger_msgs/include/ranger_msgs/ranger_msgs/msg/detail/driver_state__struct.hpp
[0.984s] -- Up-to-date: /home/meteor/ROS2/MickRobot/Graduation_project_ws/install/ranger_msgs/include/ranger_msgs/ranger_msgs/msg/detail/driver_state__type_support.hpp
[0.984s] -- Up-to-date: /home/meteor/ROS2/MickRobot/Graduation_project_ws/install/ranger_msgs/include/ranger_msgs/ranger_msgs/msg/detail/motor_state__builder.hpp
[0.984s] -- Up-to-date: /home/meteor/ROS2/MickRobot/Graduation_project_ws/install/ranger_msgs/include/ranger_msgs/ranger_msgs/msg/detail/actuator_state_array__builder.hpp
[0.984s] -- Up-to-date: /home/meteor/ROS2/MickRobot/Graduation_project_ws/install/ranger_msgs/include/ranger_msgs/ranger_msgs/msg/detail/driver_state__traits.hpp
[0.984s] -- Up-to-date: /home/meteor/ROS2/MickRobot/Graduation_project_ws/install/ranger_msgs/include/ranger_msgs/ranger_msgs/msg/detail/motor_state__struct.hpp
[0.984s] -- Up-to-date: /home/meteor/ROS2/MickRobot/Graduation_project_ws/install/ranger_msgs/include/ranger_msgs/ranger_msgs/msg/detail/system_state__builder.hpp
[0.984s] -- Up-to-date: /home/meteor/ROS2/MickRobot/Graduation_project_ws/install/ranger_msgs/include/ranger_msgs/ranger_msgs/msg/detail/actuator_state_array__struct.hpp
[0.985s] -- Up-to-date: /home/meteor/ROS2/MickRobot/Graduation_project_ws/install/ranger_msgs/include/ranger_msgs/ranger_msgs/msg/detail/driver_state__builder.hpp
[0.985s] -- Up-to-date: /home/meteor/ROS2/MickRobot/Graduation_project_ws/install/ranger_msgs/include/ranger_msgs/ranger_msgs/msg/detail/motion_state__builder.hpp
[0.985s] -- Up-to-date: /home/meteor/ROS2/MickRobot/Graduation_project_ws/install/ranger_msgs/include/ranger_msgs/ranger_msgs/msg/detail/actuator_state__traits.hpp
[0.985s] -- Up-to-date: /home/meteor/ROS2/MickRobot/Graduation_project_ws/install/ranger_msgs/include/ranger_msgs/ranger_msgs/msg/system_state.hpp
[0.985s] -- Up-to-date: /home/meteor/ROS2/MickRobot/Graduation_project_ws/install/ranger_msgs/include/ranger_msgs/ranger_msgs/msg/rosidl_generator_cpp__visibility_control.hpp
[0.985s] -- Up-to-date: /home/meteor/ROS2/MickRobot/Graduation_project_ws/install/ranger_msgs/include/ranger_msgs/ranger_msgs/msg/motor_state.hpp
[0.985s] -- Up-to-date: /home/meteor/ROS2/MickRobot/Graduation_project_ws/install/ranger_msgs/include/ranger_msgs/ranger_msgs/msg/actuator_state.hpp
[0.985s] -- Up-to-date: /home/meteor/ROS2/MickRobot/Graduation_project_ws/install/ranger_msgs/include/ranger_msgs/ranger_msgs/msg/driver_state.hpp
[0.985s] -- Up-to-date: /home/meteor/ROS2/MickRobot/Graduation_project_ws/install/ranger_msgs/include/ranger_msgs/ranger_msgs
[0.985s] -- Up-to-date: /home/meteor/ROS2/MickRobot/Graduation_project_ws/install/ranger_msgs/include/ranger_msgs/ranger_msgs/msg
[0.985s] -- Up-to-date: /home/meteor/ROS2/MickRobot/Graduation_project_ws/install/ranger_msgs/include/ranger_msgs/ranger_msgs/msg/detail
[0.985s] -- Up-to-date: /home/meteor/ROS2/MickRobot/Graduation_project_ws/install/ranger_msgs/include/ranger_msgs/ranger_msgs/msg/detail/system_state__rosidl_typesupport_fastrtps_cpp.hpp
[0.985s] -- Up-to-date: /home/meteor/ROS2/MickRobot/Graduation_project_ws/install/ranger_msgs/include/ranger_msgs/ranger_msgs/msg/detail/actuator_state_array__rosidl_typesupport_fastrtps_cpp.hpp
[0.985s] -- Up-to-date: /home/meteor/ROS2/MickRobot/Graduation_project_ws/install/ranger_msgs/include/ranger_msgs/ranger_msgs/msg/detail/dds_fastrtps
[0.985s] -- Up-to-date: /home/meteor/ROS2/MickRobot/Graduation_project_ws/install/ranger_msgs/include/ranger_msgs/ranger_msgs/msg/detail/motor_state__rosidl_typesupport_fastrtps_cpp.hpp
[0.985s] -- Up-to-date: /home/meteor/ROS2/MickRobot/Graduation_project_ws/install/ranger_msgs/include/ranger_msgs/ranger_msgs/msg/detail/driver_state__rosidl_typesupport_fastrtps_cpp.hpp
[0.985s] -- Up-to-date: /home/meteor/ROS2/MickRobot/Graduation_project_ws/install/ranger_msgs/include/ranger_msgs/ranger_msgs/msg/detail/motion_state__rosidl_typesupport_fastrtps_cpp.hpp
[0.985s] -- Up-to-date: /home/meteor/ROS2/MickRobot/Graduation_project_ws/install/ranger_msgs/include/ranger_msgs/ranger_msgs/msg/detail/actuator_state__rosidl_typesupport_fastrtps_cpp.hpp
[0.986s] -- Up-to-date: /home/meteor/ROS2/MickRobot/Graduation_project_ws/install/ranger_msgs/include/ranger_msgs/ranger_msgs/msg/rosidl_typesupport_fastrtps_cpp__visibility_control.h
[0.986s] -- Up-to-date: /home/meteor/ROS2/MickRobot/Graduation_project_ws/install/ranger_msgs/lib/libranger_msgs__rosidl_typesupport_fastrtps_cpp.so
[0.986s] -- Up-to-date: /home/meteor/ROS2/MickRobot/Graduation_project_ws/install/ranger_msgs/include/ranger_msgs/ranger_msgs
[0.986s] -- Up-to-date: /home/meteor/ROS2/MickRobot/Graduation_project_ws/install/ranger_msgs/include/ranger_msgs/ranger_msgs/msg
[0.986s] -- Up-to-date: /home/meteor/ROS2/MickRobot/Graduation_project_ws/install/ranger_msgs/include/ranger_msgs/ranger_msgs/msg/detail
[0.987s] -- Up-to-date: /home/meteor/ROS2/MickRobot/Graduation_project_ws/install/ranger_msgs/include/ranger_msgs/ranger_msgs/msg/detail/system_state__type_support.c
[0.987s] -- Up-to-date: /home/meteor/ROS2/MickRobot/Graduation_project_ws/install/ranger_msgs/include/ranger_msgs/ranger_msgs/msg/detail/driver_state__rosidl_typesupport_introspection_c.h
[0.987s] -- Up-to-date: /home/meteor/ROS2/MickRobot/Graduation_project_ws/install/ranger_msgs/include/ranger_msgs/ranger_msgs/msg/detail/motion_state__type_support.c
[0.987s] -- Up-to-date: /home/meteor/ROS2/MickRobot/Graduation_project_ws/install/ranger_msgs/include/ranger_msgs/ranger_msgs/msg/detail/motion_state__rosidl_typesupport_introspection_c.h
[0.987s] -- Up-to-date: /home/meteor/ROS2/MickRobot/Graduation_project_ws/install/ranger_msgs/include/ranger_msgs/ranger_msgs/msg/detail/motor_state__rosidl_typesupport_introspection_c.h
[0.987s] -- Up-to-date: /home/meteor/ROS2/MickRobot/Graduation_project_ws/install/ranger_msgs/include/ranger_msgs/ranger_msgs/msg/detail/actuator_state_array__type_support.c
[0.987s] -- Up-to-date: /home/meteor/ROS2/MickRobot/Graduation_project_ws/install/ranger_msgs/include/ranger_msgs/ranger_msgs/msg/detail/actuator_state__rosidl_typesupport_introspection_c.h
[0.987s] -- Up-to-date: /home/meteor/ROS2/MickRobot/Graduation_project_ws/install/ranger_msgs/include/ranger_msgs/ranger_msgs/msg/detail/motor_state__type_support.c
[0.988s] -- Up-to-date: /home/meteor/ROS2/MickRobot/Graduation_project_ws/install/ranger_msgs/include/ranger_msgs/ranger_msgs/msg/detail/driver_state__type_support.c
[0.988s] -- Up-to-date: /home/meteor/ROS2/MickRobot/Graduation_project_ws/install/ranger_msgs/include/ranger_msgs/ranger_msgs/msg/detail/system_state__rosidl_typesupport_introspection_c.h
[0.988s] -- Up-to-date: /home/meteor/ROS2/MickRobot/Graduation_project_ws/install/ranger_msgs/include/ranger_msgs/ranger_msgs/msg/detail/actuator_state_array__rosidl_typesupport_introspection_c.h
[0.988s] -- Up-to-date: /home/meteor/ROS2/MickRobot/Graduation_project_ws/install/ranger_msgs/include/ranger_msgs/ranger_msgs/msg/detail/actuator_state__type_support.c
[0.988s] -- Up-to-date: /home/meteor/ROS2/MickRobot/Graduation_project_ws/install/ranger_msgs/include/ranger_msgs/ranger_msgs/msg/rosidl_typesupport_introspection_c__visibility_control.h
[0.988s] -- Up-to-date: /home/meteor/ROS2/MickRobot/Graduation_project_ws/install/ranger_msgs/lib/libranger_msgs__rosidl_typesupport_introspection_c.so
[0.988s] -- Up-to-date: /home/meteor/ROS2/MickRobot/Graduation_project_ws/install/ranger_msgs/lib/libranger_msgs__rosidl_typesupport_c.so
[0.988s] -- Up-to-date: /home/meteor/ROS2/MickRobot/Graduation_project_ws/install/ranger_msgs/include/ranger_msgs/ranger_msgs
[0.988s] -- Up-to-date: /home/meteor/ROS2/MickRobot/Graduation_project_ws/install/ranger_msgs/include/ranger_msgs/ranger_msgs/msg
[0.988s] -- Up-to-date: /home/meteor/ROS2/MickRobot/Graduation_project_ws/install/ranger_msgs/include/ranger_msgs/ranger_msgs/msg/detail
[0.988s] -- Up-to-date: /home/meteor/ROS2/MickRobot/Graduation_project_ws/install/ranger_msgs/include/ranger_msgs/ranger_msgs/msg/detail/driver_state__rosidl_typesupport_introspection_cpp.hpp
[0.988s] -- Up-to-date: /home/meteor/ROS2/MickRobot/Graduation_project_ws/install/ranger_msgs/include/ranger_msgs/ranger_msgs/msg/detail/motor_state__type_support.cpp
[0.989s] -- Up-to-date: /home/meteor/ROS2/MickRobot/Graduation_project_ws/install/ranger_msgs/include/ranger_msgs/ranger_msgs/msg/detail/actuator_state_array__type_support.cpp
[0.989s] -- Up-to-date: /home/meteor/ROS2/MickRobot/Graduation_project_ws/install/ranger_msgs/include/ranger_msgs/ranger_msgs/msg/detail/actuator_state__rosidl_typesupport_introspection_cpp.hpp
[0.989s] -- Up-to-date: /home/meteor/ROS2/MickRobot/Graduation_project_ws/install/ranger_msgs/include/ranger_msgs/ranger_msgs/msg/detail/motion_state__type_support.cpp
[0.989s] -- Up-to-date: /home/meteor/ROS2/MickRobot/Graduation_project_ws/install/ranger_msgs/include/ranger_msgs/ranger_msgs/msg/detail/actuator_state__type_support.cpp
[0.989s] -- Up-to-date: /home/meteor/ROS2/MickRobot/Graduation_project_ws/install/ranger_msgs/include/ranger_msgs/ranger_msgs/msg/detail/motion_state__rosidl_typesupport_introspection_cpp.hpp
[0.989s] -- Up-to-date: /home/meteor/ROS2/MickRobot/Graduation_project_ws/install/ranger_msgs/include/ranger_msgs/ranger_msgs/msg/detail/system_state__rosidl_typesupport_introspection_cpp.hpp
[0.989s] -- Up-to-date: /home/meteor/ROS2/MickRobot/Graduation_project_ws/install/ranger_msgs/include/ranger_msgs/ranger_msgs/msg/detail/system_state__type_support.cpp
[0.989s] -- Up-to-date: /home/meteor/ROS2/MickRobot/Graduation_project_ws/install/ranger_msgs/include/ranger_msgs/ranger_msgs/msg/detail/actuator_state_array__rosidl_typesupport_introspection_cpp.hpp
[0.989s] -- Up-to-date: /home/meteor/ROS2/MickRobot/Graduation_project_ws/install/ranger_msgs/include/ranger_msgs/ranger_msgs/msg/detail/driver_state__type_support.cpp
[0.989s] -- Up-to-date: /home/meteor/ROS2/MickRobot/Graduation_project_ws/install/ranger_msgs/include/ranger_msgs/ranger_msgs/msg/detail/motor_state__rosidl_typesupport_introspection_cpp.hpp
[0.989s] -- Up-to-date: /home/meteor/ROS2/MickRobot/Graduation_project_ws/install/ranger_msgs/lib/libranger_msgs__rosidl_typesupport_introspection_cpp.so
[0.989s] -- Up-to-date: /home/meteor/ROS2/MickRobot/Graduation_project_ws/install/ranger_msgs/lib/libranger_msgs__rosidl_typesupport_cpp.so
[0.990s] -- Up-to-date: /home/meteor/ROS2/MickRobot/Graduation_project_ws/install/ranger_msgs/share/ranger_msgs/environment/pythonpath.sh
[0.990s] -- Up-to-date: /home/meteor/ROS2/MickRobot/Graduation_project_ws/install/ranger_msgs/share/ranger_msgs/environment/pythonpath.dsv
[0.990s] -- Up-to-date: /home/meteor/ROS2/MickRobot/Graduation_project_ws/install/ranger_msgs/local/lib/python3.10/dist-packages/ranger_msgs-0.0.1-py3.10.egg-info
[0.990s] -- Installing: /home/meteor/ROS2/MickRobot/Graduation_project_ws/install/ranger_msgs/local/lib/python3.10/dist-packages/ranger_msgs-0.0.1-py3.10.egg-info/dependency_links.txt
[0.990s] -- Installing: /home/meteor/ROS2/MickRobot/Graduation_project_ws/install/ranger_msgs/local/lib/python3.10/dist-packages/ranger_msgs-0.0.1-py3.10.egg-info/PKG-INFO
[0.991s] -- Installing: /home/meteor/ROS2/MickRobot/Graduation_project_ws/install/ranger_msgs/local/lib/python3.10/dist-packages/ranger_msgs-0.0.1-py3.10.egg-info/SOURCES.txt
[0.991s] -- Installing: /home/meteor/ROS2/MickRobot/Graduation_project_ws/install/ranger_msgs/local/lib/python3.10/dist-packages/ranger_msgs-0.0.1-py3.10.egg-info/top_level.txt
[0.992s] -- Up-to-date: /home/meteor/ROS2/MickRobot/Graduation_project_ws/install/ranger_msgs/local/lib/python3.10/dist-packages/ranger_msgs
[0.992s] -- Up-to-date: /home/meteor/ROS2/MickRobot/Graduation_project_ws/install/ranger_msgs/local/lib/python3.10/dist-packages/ranger_msgs/ranger_msgs_s__rosidl_typesupport_fastrtps_c.cpython-310-x86_64-linux-gnu.so
[0.992s] -- Up-to-date: /home/meteor/ROS2/MickRobot/Graduation_project_ws/install/ranger_msgs/local/lib/python3.10/dist-packages/ranger_msgs/libranger_msgs__rosidl_generator_py.so
[0.992s] -- Up-to-date: /home/meteor/ROS2/MickRobot/Graduation_project_ws/install/ranger_msgs/local/lib/python3.10/dist-packages/ranger_msgs/msg
[0.992s] -- Up-to-date: /home/meteor/ROS2/MickRobot/Graduation_project_ws/install/ranger_msgs/local/lib/python3.10/dist-packages/ranger_msgs/msg/_motor_state_s.c
[0.993s] -- Up-to-date: /home/meteor/ROS2/MickRobot/Graduation_project_ws/install/ranger_msgs/local/lib/python3.10/dist-packages/ranger_msgs/msg/_system_state_s.c
[0.993s] -- Up-to-date: /home/meteor/ROS2/MickRobot/Graduation_project_ws/install/ranger_msgs/local/lib/python3.10/dist-packages/ranger_msgs/msg/_motion_state.py
[0.993s] -- Up-to-date: /home/meteor/ROS2/MickRobot/Graduation_project_ws/install/ranger_msgs/local/lib/python3.10/dist-packages/ranger_msgs/msg/_driver_state_s.c
[0.993s] -- Up-to-date: /home/meteor/ROS2/MickRobot/Graduation_project_ws/install/ranger_msgs/local/lib/python3.10/dist-packages/ranger_msgs/msg/_actuator_state_array_s.c
[0.993s] -- Up-to-date: /home/meteor/ROS2/MickRobot/Graduation_project_ws/install/ranger_msgs/local/lib/python3.10/dist-packages/ranger_msgs/msg/__init__.py
[0.993s] -- Up-to-date: /home/meteor/ROS2/MickRobot/Graduation_project_ws/install/ranger_msgs/local/lib/python3.10/dist-packages/ranger_msgs/msg/_actuator_state_array.py
[0.993s] -- Up-to-date: /home/meteor/ROS2/MickRobot/Graduation_project_ws/install/ranger_msgs/local/lib/python3.10/dist-packages/ranger_msgs/msg/_motor_state.py
[0.993s] -- Up-to-date: /home/meteor/ROS2/MickRobot/Graduation_project_ws/install/ranger_msgs/local/lib/python3.10/dist-packages/ranger_msgs/msg/_system_state.py
[0.993s] -- Up-to-date: /home/meteor/ROS2/MickRobot/Graduation_project_ws/install/ranger_msgs/local/lib/python3.10/dist-packages/ranger_msgs/msg/_driver_state.py
[0.994s] -- Up-to-date: /home/meteor/ROS2/MickRobot/Graduation_project_ws/install/ranger_msgs/local/lib/python3.10/dist-packages/ranger_msgs/msg/_actuator_state_s.c
[0.994s] -- Up-to-date: /home/meteor/ROS2/MickRobot/Graduation_project_ws/install/ranger_msgs/local/lib/python3.10/dist-packages/ranger_msgs/msg/_motion_state_s.c
[0.994s] -- Up-to-date: /home/meteor/ROS2/MickRobot/Graduation_project_ws/install/ranger_msgs/local/lib/python3.10/dist-packages/ranger_msgs/msg/_actuator_state.py
[0.994s] -- Up-to-date: /home/meteor/ROS2/MickRobot/Graduation_project_ws/install/ranger_msgs/local/lib/python3.10/dist-packages/ranger_msgs/ranger_msgs_s__rosidl_typesupport_introspection_c.cpython-310-x86_64-linux-gnu.so
[0.994s] -- Up-to-date: /home/meteor/ROS2/MickRobot/Graduation_project_ws/install/ranger_msgs/local/lib/python3.10/dist-packages/ranger_msgs/__init__.py
[0.994s] -- Up-to-date: /home/meteor/ROS2/MickRobot/Graduation_project_ws/install/ranger_msgs/local/lib/python3.10/dist-packages/ranger_msgs/ranger_msgs_s__rosidl_typesupport_c.cpython-310-x86_64-linux-gnu.so
[0.994s] -- Up-to-date: /home/meteor/ROS2/MickRobot/Graduation_project_ws/install/ranger_msgs/local/lib/python3.10/dist-packages/ranger_msgs/_ranger_msgs_s.ep.rosidl_typesupport_introspection_c.c
[0.994s] -- Up-to-date: /home/meteor/ROS2/MickRobot/Graduation_project_ws/install/ranger_msgs/local/lib/python3.10/dist-packages/ranger_msgs/_ranger_msgs_s.ep.rosidl_typesupport_fastrtps_c.c
[0.994s] -- Up-to-date: /home/meteor/ROS2/MickRobot/Graduation_project_ws/install/ranger_msgs/local/lib/python3.10/dist-packages/ranger_msgs/_ranger_msgs_s.ep.rosidl_typesupport_c.c
[1.017s] Listing '/home/meteor/ROS2/MickRobot/Graduation_project_ws/install/ranger_msgs/local/lib/python3.10/dist-packages/ranger_msgs'...
[1.017s] Listing '/home/meteor/ROS2/MickRobot/Graduation_project_ws/install/ranger_msgs/local/lib/python3.10/dist-packages/ranger_msgs/msg'...
[1.017s] -- Up-to-date: /home/meteor/ROS2/MickRobot/Graduation_project_ws/install/ranger_msgs/local/lib/python3.10/dist-packages/ranger_msgs/ranger_msgs_s__rosidl_typesupport_fastrtps_c.cpython-310-x86_64-linux-gnu.so
[1.017s] -- Up-to-date: /home/meteor/ROS2/MickRobot/Graduation_project_ws/install/ranger_msgs/local/lib/python3.10/dist-packages/ranger_msgs/ranger_msgs_s__rosidl_typesupport_introspection_c.cpython-310-x86_64-linux-gnu.so
[1.017s] -- Up-to-date: /home/meteor/ROS2/MickRobot/Graduation_project_ws/install/ranger_msgs/local/lib/python3.10/dist-packages/ranger_msgs/ranger_msgs_s__rosidl_typesupport_c.cpython-310-x86_64-linux-gnu.so
[1.017s] -- Up-to-date: /home/meteor/ROS2/MickRobot/Graduation_project_ws/install/ranger_msgs/lib/libranger_msgs__rosidl_generator_py.so
[1.017s] -- Up-to-date: /home/meteor/ROS2/MickRobot/Graduation_project_ws/install/ranger_msgs/share/ranger_msgs/msg/ActuatorState.idl
[1.017s] -- Up-to-date: /home/meteor/ROS2/MickRobot/Graduation_project_ws/install/ranger_msgs/share/ranger_msgs/msg/ActuatorStateArray.idl
[1.017s] -- Up-to-date: /home/meteor/ROS2/MickRobot/Graduation_project_ws/install/ranger_msgs/share/ranger_msgs/msg/DriverState.idl
[1.018s] -- Up-to-date: /home/meteor/ROS2/MickRobot/Graduation_project_ws/install/ranger_msgs/share/ranger_msgs/msg/MotionState.idl
[1.018s] -- Up-to-date: /home/meteor/ROS2/MickRobot/Graduation_project_ws/install/ranger_msgs/share/ranger_msgs/msg/MotorState.idl
[1.018s] -- Up-to-date: /home/meteor/ROS2/MickRobot/Graduation_project_ws/install/ranger_msgs/share/ranger_msgs/msg/SystemState.idl
[1.018s] -- Up-to-date: /home/meteor/ROS2/MickRobot/Graduation_project_ws/install/ranger_msgs/share/ranger_msgs/msg/ActuatorState.msg
[1.018s] -- Up-to-date: /home/meteor/ROS2/MickRobot/Graduation_project_ws/install/ranger_msgs/share/ranger_msgs/msg/ActuatorStateArray.msg
[1.018s] -- Up-to-date: /home/meteor/ROS2/MickRobot/Graduation_project_ws/install/ranger_msgs/share/ranger_msgs/msg/DriverState.msg
[1.018s] -- Up-to-date: /home/meteor/ROS2/MickRobot/Graduation_project_ws/install/ranger_msgs/share/ranger_msgs/msg/MotionState.msg
[1.018s] -- Up-to-date: /home/meteor/ROS2/MickRobot/Graduation_project_ws/install/ranger_msgs/share/ranger_msgs/msg/MotorState.msg
[1.018s] -- Up-to-date: /home/meteor/ROS2/MickRobot/Graduation_project_ws/install/ranger_msgs/share/ranger_msgs/msg/SystemState.msg
[1.018s] -- Up-to-date: /home/meteor/ROS2/MickRobot/Graduation_project_ws/install/ranger_msgs/share/ament_index/resource_index/package_run_dependencies/ranger_msgs
[1.018s] -- Up-to-date: /home/meteor/ROS2/MickRobot/Graduation_project_ws/install/ranger_msgs/share/ament_index/resource_index/parent_prefix_path/ranger_msgs
[1.019s] -- Up-to-date: /home/meteor/ROS2/MickRobot/Graduation_project_ws/install/ranger_msgs/share/ranger_msgs/environment/ament_prefix_path.sh
[1.019s] -- Up-to-date: /home/meteor/ROS2/MickRobot/Graduation_project_ws/install/ranger_msgs/share/ranger_msgs/environment/ament_prefix_path.dsv
[1.019s] -- Up-to-date: /home/meteor/ROS2/MickRobot/Graduation_project_ws/install/ranger_msgs/share/ranger_msgs/environment/path.sh
[1.019s] -- Up-to-date: /home/meteor/ROS2/MickRobot/Graduation_project_ws/install/ranger_msgs/share/ranger_msgs/environment/path.dsv
[1.019s] -- Up-to-date: /home/meteor/ROS2/MickRobot/Graduation_project_ws/install/ranger_msgs/share/ranger_msgs/local_setup.bash
[1.019s] -- Up-to-date: /home/meteor/ROS2/MickRobot/Graduation_project_ws/install/ranger_msgs/share/ranger_msgs/local_setup.sh
[1.020s] -- Up-to-date: /home/meteor/ROS2/MickRobot/Graduation_project_ws/install/ranger_msgs/share/ranger_msgs/local_setup.zsh
[1.020s] -- Up-to-date: /home/meteor/ROS2/MickRobot/Graduation_project_ws/install/ranger_msgs/share/ranger_msgs/local_setup.dsv
[1.020s] -- Installing: /home/meteor/ROS2/MickRobot/Graduation_project_ws/install/ranger_msgs/share/ranger_msgs/package.dsv
[1.020s] -- Up-to-date: /home/meteor/ROS2/MickRobot/Graduation_project_ws/install/ranger_msgs/share/ament_index/resource_index/packages/ranger_msgs
[1.020s] -- Up-to-date: /home/meteor/ROS2/MickRobot/Graduation_project_ws/install/ranger_msgs/share/ranger_msgs/cmake/export_ranger_msgs__rosidl_generator_cExport.cmake
[1.020s] -- Up-to-date: /home/meteor/ROS2/MickRobot/Graduation_project_ws/install/ranger_msgs/share/ranger_msgs/cmake/export_ranger_msgs__rosidl_generator_cExport-noconfig.cmake
[1.020s] -- Up-to-date: /home/meteor/ROS2/MickRobot/Graduation_project_ws/install/ranger_msgs/share/ranger_msgs/cmake/export_ranger_msgs__rosidl_typesupport_fastrtps_cExport.cmake
[1.020s] -- Up-to-date: /home/meteor/ROS2/MickRobot/Graduation_project_ws/install/ranger_msgs/share/ranger_msgs/cmake/export_ranger_msgs__rosidl_typesupport_fastrtps_cExport-noconfig.cmake
[1.020s] -- Up-to-date: /home/meteor/ROS2/MickRobot/Graduation_project_ws/install/ranger_msgs/share/ranger_msgs/cmake/export_ranger_msgs__rosidl_generator_cppExport.cmake
[1.021s] -- Up-to-date: /home/meteor/ROS2/MickRobot/Graduation_project_ws/install/ranger_msgs/share/ranger_msgs/cmake/export_ranger_msgs__rosidl_typesupport_fastrtps_cppExport.cmake
[1.021s] -- Up-to-date: /home/meteor/ROS2/MickRobot/Graduation_project_ws/install/ranger_msgs/share/ranger_msgs/cmake/export_ranger_msgs__rosidl_typesupport_fastrtps_cppExport-noconfig.cmake
[1.021s] -- Up-to-date: /home/meteor/ROS2/MickRobot/Graduation_project_ws/install/ranger_msgs/share/ranger_msgs/cmake/ranger_msgs__rosidl_typesupport_introspection_cExport.cmake
[1.021s] -- Up-to-date: /home/meteor/ROS2/MickRobot/Graduation_project_ws/install/ranger_msgs/share/ranger_msgs/cmake/ranger_msgs__rosidl_typesupport_introspection_cExport-noconfig.cmake
[1.022s] -- Up-to-date: /home/meteor/ROS2/MickRobot/Graduation_project_ws/install/ranger_msgs/share/ranger_msgs/cmake/ranger_msgs__rosidl_typesupport_cExport.cmake
[1.022s] -- Up-to-date: /home/meteor/ROS2/MickRobot/Graduation_project_ws/install/ranger_msgs/share/ranger_msgs/cmake/ranger_msgs__rosidl_typesupport_cExport-noconfig.cmake
[1.022s] -- Up-to-date: /home/meteor/ROS2/MickRobot/Graduation_project_ws/install/ranger_msgs/share/ranger_msgs/cmake/ranger_msgs__rosidl_typesupport_introspection_cppExport.cmake
[1.022s] -- Up-to-date: /home/meteor/ROS2/MickRobot/Graduation_project_ws/install/ranger_msgs/share/ranger_msgs/cmake/ranger_msgs__rosidl_typesupport_introspection_cppExport-noconfig.cmake
[1.023s] -- Up-to-date: /home/meteor/ROS2/MickRobot/Graduation_project_ws/install/ranger_msgs/share/ranger_msgs/cmake/ranger_msgs__rosidl_typesupport_cppExport.cmake
[1.023s] -- Up-to-date: /home/meteor/ROS2/MickRobot/Graduation_project_ws/install/ranger_msgs/share/ranger_msgs/cmake/ranger_msgs__rosidl_typesupport_cppExport-noconfig.cmake
[1.023s] -- Up-to-date: /home/meteor/ROS2/MickRobot/Graduation_project_ws/install/ranger_msgs/share/ranger_msgs/cmake/export_ranger_msgs__rosidl_generator_pyExport.cmake
[1.023s] -- Up-to-date: /home/meteor/ROS2/MickRobot/Graduation_project_ws/install/ranger_msgs/share/ranger_msgs/cmake/export_ranger_msgs__rosidl_generator_pyExport-noconfig.cmake
[1.023s] -- Up-to-date: /home/meteor/ROS2/MickRobot/Graduation_project_ws/install/ranger_msgs/share/ranger_msgs/cmake/rosidl_cmake-extras.cmake
[1.023s] -- Up-to-date: /home/meteor/ROS2/MickRobot/Graduation_project_ws/install/ranger_msgs/share/ranger_msgs/cmake/ament_cmake_export_dependencies-extras.cmake
[1.023s] -- Up-to-date: /home/meteor/ROS2/MickRobot/Graduation_project_ws/install/ranger_msgs/share/ranger_msgs/cmake/ament_cmake_export_include_directories-extras.cmake
[1.023s] -- Up-to-date: /home/meteor/ROS2/MickRobot/Graduation_project_ws/install/ranger_msgs/share/ranger_msgs/cmake/ament_cmake_export_libraries-extras.cmake
[1.023s] -- Up-to-date: /home/meteor/ROS2/MickRobot/Graduation_project_ws/install/ranger_msgs/share/ranger_msgs/cmake/ament_cmake_export_targets-extras.cmake
[1.023s] -- Up-to-date: /home/meteor/ROS2/MickRobot/Graduation_project_ws/install/ranger_msgs/share/ranger_msgs/cmake/rosidl_cmake_export_typesupport_targets-extras.cmake
[1.023s] -- Up-to-date: /home/meteor/ROS2/MickRobot/Graduation_project_ws/install/ranger_msgs/share/ranger_msgs/cmake/rosidl_cmake_export_typesupport_libraries-extras.cmake
[1.023s] -- Up-to-date: /home/meteor/ROS2/MickRobot/Graduation_project_ws/install/ranger_msgs/share/ranger_msgs/cmake/ranger_msgsConfig.cmake
[1.023s] -- Up-to-date: /home/meteor/ROS2/MickRobot/Graduation_project_ws/install/ranger_msgs/share/ranger_msgs/cmake/ranger_msgsConfig-version.cmake
[1.024s] -- Up-to-date: /home/meteor/ROS2/MickRobot/Graduation_project_ws/install/ranger_msgs/share/ranger_msgs/package.xml
[1.053s] Invoked command in '/home/meteor/ROS2/MickRobot/Graduation_project_ws/build/ranger_msgs' returned '0': CMAKE_PREFIX_PATH=/home/meteor/ROS2/MickRobot/Graduation_project_ws/install/ranger_base:/home/meteor/ROS2/MickRobot/Graduation_project_ws/install/ranger_controller:/home/meteor/ROS2/MickRobot/Graduation_project_ws/install/pointcloud_refinement:/home/meteor/ROS2/MickRobot/Graduation_project_ws/install/aruco_detector:/opt/ros/humble:/home/meteor/ROS2/MickRobot/Graduation_project_ws/install/ugv_sdk:/home/meteor/ROS2/MickRobot/Graduation_project_ws/install/ranger_msgs:/home/meteor/ROS2/MickRobot/Graduation_project_ws/install/ranger_bringup:/home/meteor/ROS2/MickRobot/Graduation_project_ws/install/orbbec_description:/home/meteor/ROS2/MickRobot/Graduation_project_ws/install/orbbec_camera:/home/meteor/ROS2/MickRobot/Graduation_project_ws/install/orbbec_camera_msgs /usr/bin/cmake --install /home/meteor/ROS2/MickRobot/Graduation_project_ws/build/ranger_msgs
