[0.694s] Invoking command in '/home/meteor/ROS2/MickRobot/Graduation_project_ws/build/ranger_bringup': CMAKE_PREFIX_PATH=/home/meteor/ROS2/MickRobot/Graduation_project_ws/install/ranger_base:/home/meteor/ROS2/MickRobot/Graduation_project_ws/install/ranger_controller:/home/meteor/ROS2/MickRobot/Graduation_project_ws/install/pointcloud_refinement:/home/meteor/ROS2/MickRobot/Graduation_project_ws/install/aruco_detector:/opt/ros/humble:/home/meteor/ROS2/MickRobot/Graduation_project_ws/install/ugv_sdk:/home/meteor/ROS2/MickRobot/Graduation_project_ws/install/ranger_msgs:/home/meteor/ROS2/MickRobot/Graduation_project_ws/install/ranger_bringup:/home/meteor/ROS2/MickRobot/Graduation_project_ws/install/orbbec_description:/home/meteor/ROS2/MickRobot/Graduation_project_ws/install/orbbec_camera:/home/meteor/ROS2/MickRobot/Graduation_project_ws/install/orbbec_camera_msgs /usr/bin/cmake --build /home/meteor/ROS2/MickRobot/Graduation_project_ws/build/ranger_bringup -- -j16 -l16
[1.192s] Invoked command in '/home/meteor/ROS2/MickRobot/Graduation_project_ws/build/ranger_bringup' returned '0': CMAKE_PREFIX_PATH=/home/meteor/ROS2/MickRobot/Graduation_project_ws/install/ranger_base:/home/meteor/ROS2/MickRobot/Graduation_project_ws/install/ranger_controller:/home/meteor/ROS2/MickRobot/Graduation_project_ws/install/pointcloud_refinement:/home/meteor/ROS2/MickRobot/Graduation_project_ws/install/aruco_detector:/opt/ros/humble:/home/meteor/ROS2/MickRobot/Graduation_project_ws/install/ugv_sdk:/home/meteor/ROS2/MickRobot/Graduation_project_ws/install/ranger_msgs:/home/meteor/ROS2/MickRobot/Graduation_project_ws/install/ranger_bringup:/home/meteor/ROS2/MickRobot/Graduation_project_ws/install/orbbec_description:/home/meteor/ROS2/MickRobot/Graduation_project_ws/install/orbbec_camera:/home/meteor/ROS2/MickRobot/Graduation_project_ws/install/orbbec_camera_msgs /usr/bin/cmake --build /home/meteor/ROS2/MickRobot/Graduation_project_ws/build/ranger_bringup -- -j16 -l16
[1.194s] Invoking command in '/home/meteor/ROS2/MickRobot/Graduation_project_ws/build/ranger_bringup': CMAKE_PREFIX_PATH=/home/meteor/ROS2/MickRobot/Graduation_project_ws/install/ranger_base:/home/meteor/ROS2/MickRobot/Graduation_project_ws/install/ranger_controller:/home/meteor/ROS2/MickRobot/Graduation_project_ws/install/pointcloud_refinement:/home/meteor/ROS2/MickRobot/Graduation_project_ws/install/aruco_detector:/opt/ros/humble:/home/meteor/ROS2/MickRobot/Graduation_project_ws/install/ugv_sdk:/home/meteor/ROS2/MickRobot/Graduation_project_ws/install/ranger_msgs:/home/meteor/ROS2/MickRobot/Graduation_project_ws/install/ranger_bringup:/home/meteor/ROS2/MickRobot/Graduation_project_ws/install/orbbec_description:/home/meteor/ROS2/MickRobot/Graduation_project_ws/install/orbbec_camera:/home/meteor/ROS2/MickRobot/Graduation_project_ws/install/orbbec_camera_msgs /usr/bin/cmake --install /home/meteor/ROS2/MickRobot/Graduation_project_ws/build/ranger_bringup
[1.206s] -- Install configuration: ""
[1.206s] -- Up-to-date: /home/meteor/ROS2/MickRobot/Graduation_project_ws/install/ranger_bringup/share/ranger_bringup//launch
[1.206s] -- Up-to-date: /home/meteor/ROS2/MickRobot/Graduation_project_ws/install/ranger_bringup/share/ranger_bringup//launch/ranger_mini_v2.launch.py
[1.206s] -- Up-to-date: /home/meteor/ROS2/MickRobot/Graduation_project_ws/install/ranger_bringup/share/ranger_bringup//launch/ranger_mini_v1.launch.py
[1.206s] -- Up-to-date: /home/meteor/ROS2/MickRobot/Graduation_project_ws/install/ranger_bringup/share/ranger_bringup//launch/ranger_mini_v3.launch.py
[1.207s] -- Up-to-date: /home/meteor/ROS2/MickRobot/Graduation_project_ws/install/ranger_bringup/share/ranger_bringup//launch/ranger.launch.py
[1.207s] -- Up-to-date: /home/meteor/ROS2/MickRobot/Graduation_project_ws/install/ranger_bringup/share/ament_index/resource_index/package_run_dependencies/ranger_bringup
[1.207s] -- Up-to-date: /home/meteor/ROS2/MickRobot/Graduation_project_ws/install/ranger_bringup/share/ament_index/resource_index/parent_prefix_path/ranger_bringup
[1.207s] -- Up-to-date: /home/meteor/ROS2/MickRobot/Graduation_project_ws/install/ranger_bringup/share/ranger_bringup/environment/ament_prefix_path.sh
[1.207s] -- Up-to-date: /home/meteor/ROS2/MickRobot/Graduation_project_ws/install/ranger_bringup/share/ranger_bringup/environment/ament_prefix_path.dsv
[1.207s] -- Up-to-date: /home/meteor/ROS2/MickRobot/Graduation_project_ws/install/ranger_bringup/share/ranger_bringup/environment/path.sh
[1.208s] -- Up-to-date: /home/meteor/ROS2/MickRobot/Graduation_project_ws/install/ranger_bringup/share/ranger_bringup/environment/path.dsv
[1.208s] -- Up-to-date: /home/meteor/ROS2/MickRobot/Graduation_project_ws/install/ranger_bringup/share/ranger_bringup/local_setup.bash
[1.208s] -- Up-to-date: /home/meteor/ROS2/MickRobot/Graduation_project_ws/install/ranger_bringup/share/ranger_bringup/local_setup.sh
[1.208s] -- Up-to-date: /home/meteor/ROS2/MickRobot/Graduation_project_ws/install/ranger_bringup/share/ranger_bringup/local_setup.zsh
[1.208s] -- Up-to-date: /home/meteor/ROS2/MickRobot/Graduation_project_ws/install/ranger_bringup/share/ranger_bringup/local_setup.dsv
[1.208s] -- Installing: /home/meteor/ROS2/MickRobot/Graduation_project_ws/install/ranger_bringup/share/ranger_bringup/package.dsv
[1.208s] -- Up-to-date: /home/meteor/ROS2/MickRobot/Graduation_project_ws/install/ranger_bringup/share/ament_index/resource_index/packages/ranger_bringup
[1.209s] -- Up-to-date: /home/meteor/ROS2/MickRobot/Graduation_project_ws/install/ranger_bringup/share/ranger_bringup/cmake/ranger_bringupConfig.cmake
[1.209s] -- Up-to-date: /home/meteor/ROS2/MickRobot/Graduation_project_ws/install/ranger_bringup/share/ranger_bringup/cmake/ranger_bringupConfig-version.cmake
[1.209s] -- Up-to-date: /home/meteor/ROS2/MickRobot/Graduation_project_ws/install/ranger_bringup/share/ranger_bringup/package.xml
[1.259s] Invoked command in '/home/meteor/ROS2/MickRobot/Graduation_project_ws/build/ranger_bringup' returned '0': CMAKE_PREFIX_PATH=/home/meteor/ROS2/MickRobot/Graduation_project_ws/install/ranger_base:/home/meteor/ROS2/MickRobot/Graduation_project_ws/install/ranger_controller:/home/meteor/ROS2/MickRobot/Graduation_project_ws/install/pointcloud_refinement:/home/meteor/ROS2/MickRobot/Graduation_project_ws/install/aruco_detector:/opt/ros/humble:/home/meteor/ROS2/MickRobot/Graduation_project_ws/install/ugv_sdk:/home/meteor/ROS2/MickRobot/Graduation_project_ws/install/ranger_msgs:/home/meteor/ROS2/MickRobot/Graduation_project_ws/install/ranger_bringup:/home/meteor/ROS2/MickRobot/Graduation_project_ws/install/orbbec_description:/home/meteor/ROS2/MickRobot/Graduation_project_ws/install/orbbec_camera:/home/meteor/ROS2/MickRobot/Graduation_project_ws/install/orbbec_camera_msgs /usr/bin/cmake --install /home/meteor/ROS2/MickRobot/Graduation_project_ws/build/ranger_bringup
