[1.788s] Invoking command in '/home/meteor/ROS2/MickRobot/Graduation_project_ws/src/ranger_controller': PYTHONPATH=/home/meteor/ROS2/MickRobot/Graduation_project_ws/build/ranger_controller/prefix_override:/usr/lib/python3/dist-packages/colcon_core/task/python/colcon_distutils_commands:/home/meteor/ROS2/MickRobot/Graduation_project_ws/install/ranger_controller/lib/python3.10/site-packages:${PYTHONPATH} /usr/bin/python3 -W ignore:setup.py install is deprecated -W ignore:easy_install command is deprecated setup.py egg_info --egg-base ../../build/ranger_controller build --build-base /home/meteor/ROS2/MickRobot/Graduation_project_ws/build/ranger_controller/build install --record /home/meteor/ROS2/MickRobot/Graduation_project_ws/build/ranger_controller/install.log --single-version-externally-managed install_data
[2.092s] running egg_info
[2.095s] writing ../../build/ranger_controller/ranger_controller.egg-info/PKG-INFO
[2.095s] writing dependency_links to ../../build/ranger_controller/ranger_controller.egg-info/dependency_links.txt
[2.096s] writing entry points to ../../build/ranger_controller/ranger_controller.egg-info/entry_points.txt
[2.096s] writing requirements to ../../build/ranger_controller/ranger_controller.egg-info/requires.txt
[2.096s] writing top-level names to ../../build/ranger_controller/ranger_controller.egg-info/top_level.txt
[2.097s] reading manifest file '../../build/ranger_controller/ranger_controller.egg-info/SOURCES.txt'
[2.098s] writing manifest file '../../build/ranger_controller/ranger_controller.egg-info/SOURCES.txt'
[2.098s] running build
[2.098s] running build_py
[2.098s] running install
[2.099s] running install_lib
[2.100s] running install_data
[2.100s] running install_egg_info
[2.102s] removing '/home/meteor/ROS2/MickRobot/Graduation_project_ws/install/ranger_controller/lib/python3.10/site-packages/ranger_controller-0.0.0-py3.10.egg-info' (and everything under it)
[2.103s] Copying ../../build/ranger_controller/ranger_controller.egg-info to /home/meteor/ROS2/MickRobot/Graduation_project_ws/install/ranger_controller/lib/python3.10/site-packages/ranger_controller-0.0.0-py3.10.egg-info
[2.103s] running install_scripts
[2.128s] Installing aruco_follower_node script to /home/meteor/ROS2/MickRobot/Graduation_project_ws/install/ranger_controller/lib/ranger_controller
[2.128s] Installing check_battery_node script to /home/meteor/ROS2/MickRobot/Graduation_project_ws/install/ranger_controller/lib/ranger_controller
[2.128s] Installing hybrid_controller_node script to /home/meteor/ROS2/MickRobot/Graduation_project_ws/install/ranger_controller/lib/ranger_controller
[2.128s] Installing pointcloud_follower_node script to /home/meteor/ROS2/MickRobot/Graduation_project_ws/install/ranger_controller/lib/ranger_controller
[2.128s] writing list of installed files to '/home/meteor/ROS2/MickRobot/Graduation_project_ws/build/ranger_controller/install.log'
[2.156s] Invoked command in '/home/meteor/ROS2/MickRobot/Graduation_project_ws/src/ranger_controller' returned '0': PYTHONPATH=/home/meteor/ROS2/MickRobot/Graduation_project_ws/build/ranger_controller/prefix_override:/usr/lib/python3/dist-packages/colcon_core/task/python/colcon_distutils_commands:/home/meteor/ROS2/MickRobot/Graduation_project_ws/install/ranger_controller/lib/python3.10/site-packages:${PYTHONPATH} /usr/bin/python3 -W ignore:setup.py install is deprecated -W ignore:easy_install command is deprecated setup.py egg_info --egg-base ../../build/ranger_controller build --build-base /home/meteor/ROS2/MickRobot/Graduation_project_ws/build/ranger_controller/build install --record /home/meteor/ROS2/MickRobot/Graduation_project_ws/build/ranger_controller/install.log --single-version-externally-managed install_data
