[3.138s] Invoking command in '/home/meteor/ROS2/MickRobot/Graduation_project_ws/src/ranger_controller': PYTHONPATH=/home/meteor/ROS2/MickRobot/Graduation_project_ws/build/ranger_controller/prefix_override:/usr/lib/python3/dist-packages/colcon_core/task/python/colcon_distutils_commands:/home/meteor/ROS2/MickRobot/Graduation_project_ws/install/ranger_controller/lib/python3.10/site-packages:${PYTHONPATH} /usr/bin/python3 -W ignore:setup.py install is deprecated -W ignore:easy_install command is deprecated setup.py egg_info --egg-base ../../build/ranger_controller build --build-base /home/meteor/ROS2/MickRobot/Graduation_project_ws/build/ranger_controller/build install --record /home/meteor/ROS2/MickRobot/Graduation_project_ws/build/ranger_controller/install.log --single-version-externally-managed install_data
[3.736s] running egg_info
[3.737s] writing ../../build/ranger_controller/ranger_controller.egg-info/PKG-INFO
[3.737s] writing dependency_links to ../../build/ranger_controller/ranger_controller.egg-info/dependency_links.txt
[3.738s] writing entry points to ../../build/ranger_controller/ranger_controller.egg-info/entry_points.txt
[3.738s] writing requirements to ../../build/ranger_controller/ranger_controller.egg-info/requires.txt
[3.739s] writing top-level names to ../../build/ranger_controller/ranger_controller.egg-info/top_level.txt
[3.743s] reading manifest file '../../build/ranger_controller/ranger_controller.egg-info/SOURCES.txt'
[3.745s] writing manifest file '../../build/ranger_controller/ranger_controller.egg-info/SOURCES.txt'
[3.745s] running build
[3.745s] running build_py
[3.746s] copying ranger_controller/hybrid_controller_node.py -> /home/meteor/ROS2/MickRobot/Graduation_project_ws/build/ranger_controller/build/lib/ranger_controller
[3.747s] running install
[3.747s] running install_lib
[3.749s] copying /home/meteor/ROS2/MickRobot/Graduation_project_ws/build/ranger_controller/build/lib/ranger_controller/hybrid_controller_node.py -> /home/meteor/ROS2/MickRobot/Graduation_project_ws/install/ranger_controller/lib/python3.10/site-packages/ranger_controller
[3.751s] byte-compiling /home/meteor/ROS2/MickRobot/Graduation_project_ws/install/ranger_controller/lib/python3.10/site-packages/ranger_controller/hybrid_controller_node.py to hybrid_controller_node.cpython-310.pyc
[3.759s] running install_data
[3.760s] running install_egg_info
[3.763s] removing '/home/meteor/ROS2/MickRobot/Graduation_project_ws/install/ranger_controller/lib/python3.10/site-packages/ranger_controller-0.0.0-py3.10.egg-info' (and everything under it)
[3.764s] Copying ../../build/ranger_controller/ranger_controller.egg-info to /home/meteor/ROS2/MickRobot/Graduation_project_ws/install/ranger_controller/lib/python3.10/site-packages/ranger_controller-0.0.0-py3.10.egg-info
[3.766s] running install_scripts
[3.810s] Installing aruco_follower_node script to /home/meteor/ROS2/MickRobot/Graduation_project_ws/install/ranger_controller/lib/ranger_controller
[3.811s] Installing hybrid_controller_node script to /home/meteor/ROS2/MickRobot/Graduation_project_ws/install/ranger_controller/lib/ranger_controller
[3.811s] Installing pointcloud_follower_node script to /home/meteor/ROS2/MickRobot/Graduation_project_ws/install/ranger_controller/lib/ranger_controller
[3.812s] writing list of installed files to '/home/meteor/ROS2/MickRobot/Graduation_project_ws/build/ranger_controller/install.log'
[3.859s] Invoked command in '/home/meteor/ROS2/MickRobot/Graduation_project_ws/src/ranger_controller' returned '0': PYTHONPATH=/home/meteor/ROS2/MickRobot/Graduation_project_ws/build/ranger_controller/prefix_override:/usr/lib/python3/dist-packages/colcon_core/task/python/colcon_distutils_commands:/home/meteor/ROS2/MickRobot/Graduation_project_ws/install/ranger_controller/lib/python3.10/site-packages:${PYTHONPATH} /usr/bin/python3 -W ignore:setup.py install is deprecated -W ignore:easy_install command is deprecated setup.py egg_info --egg-base ../../build/ranger_controller build --build-base /home/meteor/ROS2/MickRobot/Graduation_project_ws/build/ranger_controller/build install --record /home/meteor/ROS2/MickRobot/Graduation_project_ws/build/ranger_controller/install.log --single-version-externally-managed install_data
