[0.041s] Invoking command in '/home/meteor/ROS2/MickRobot/Graduation_project_ws/build/ranger_msgs': CMAKE_PREFIX_PATH=${CMAKE_PREFIX_PATH}:/home/meteor/ROS2/MickRobot/mick_robot_ws/install/path_tracking:/home/meteor/ROS2/MickRobot/mick_robot_ws/install/keyboard:/opt/ros/humble /usr/bin/cmake /home/meteor/ROS2/MickRobot/Graduation_project_ws/src/ranger_ros2/ranger_msgs -DCMAKE_INSTALL_PREFIX=/home/meteor/ROS2/MickRobot/Graduation_project_ws/install/ranger_msgs
[0.479s] -- The C compiler identification is GNU 11.4.0
[0.479s] -- The CXX compiler identification is GNU 11.4.0
[0.479s] -- Detecting C compiler ABI info
[0.533s] -- Detecting C compiler ABI info - done
[0.538s] -- Check for working C compiler: /usr/bin/cc - skipped
[0.538s] -- Detecting C compile features
[0.558s] -- Detecting C compile features - done
[0.604s] -- Detecting CXX compiler ABI info
[0.669s] -- Detecting CXX compiler ABI info - done
[0.674s] -- Check for working CXX compiler: /usr/bin/c++ - skipped
[0.675s] -- Detecting CXX compile features
[0.675s] -- Detecting CXX compile features - done
[1.119s] -- Found ament_cmake: 1.3.12 (/opt/ros/humble/share/ament_cmake/cmake)
[1.406s] -- Found Python3: /usr/bin/python3 (found version "3.10.12") found components: Interpreter 
[2.207s] -- Found builtin_interfaces: 1.2.2 (/opt/ros/humble/share/builtin_interfaces/cmake)
[3.897s] -- Found rosidl_generator_c: 3.1.8 (/opt/ros/humble/share/rosidl_generator_c/cmake)
[3.902s] -- Found rosidl_adapter: 3.1.8 (/opt/ros/humble/share/rosidl_adapter/cmake)
[3.983s] -- Found rosidl_generator_cpp: 3.1.8 (/opt/ros/humble/share/rosidl_generator_cpp/cmake)
[4.094s] -- Using all available rosidl_typesupport_c: rosidl_typesupport_fastrtps_c;rosidl_typesupport_introspection_c
[4.110s] -- Using all available rosidl_typesupport_cpp: rosidl_typesupport_fastrtps_cpp;rosidl_typesupport_introspection_cpp
[4.278s] -- Found rosidl_default_generators: 1.2.0 (/opt/ros/humble/share/rosidl_default_generators/cmake)
[4.381s] -- Found std_msgs: 4.9.0 (/opt/ros/humble/share/std_msgs/cmake)
[4.958s] -- Found ament_cmake_ros: 0.10.0 (/opt/ros/humble/share/ament_cmake_ros/cmake)
[5.501s] -- Using all available rosidl_typesupport_c: rosidl_typesupport_fastrtps_c;rosidl_typesupport_introspection_c
[5.670s] -- Using all available rosidl_typesupport_cpp: rosidl_typesupport_fastrtps_cpp;rosidl_typesupport_introspection_cpp
[5.720s] -- Found PythonInterp: /usr/bin/python3 (found suitable version "3.10.12", minimum required is "3.6") 
[5.790s] -- Found python_cmake_module: 0.10.0 (/opt/ros/humble/share/python_cmake_module/cmake)
[6.016s] -- Found PythonLibs: /usr/lib/x86_64-linux-gnu/libpython3.10.so (found suitable version "3.10.12", minimum required is "3.5") 
[6.016s] -- Using PYTHON_EXECUTABLE: /usr/bin/python3
[6.016s] -- Using PYTHON_INCLUDE_DIRS: /usr/include/python3.10
[6.016s] -- Using PYTHON_LIBRARIES: /usr/lib/x86_64-linux-gnu/libpython3.10.so
[6.033s] -- Found PythonExtra: .so  
[6.163s] -- Found ament_lint_auto: 0.12.14 (/opt/ros/humble/share/ament_lint_auto/cmake)
[6.312s] -- Added test 'copyright' to check source files copyright and LICENSE
[6.313s] -- Added test 'lint_cmake' to check CMake code style
[6.314s] -- Added test 'xmllint' to check XML markup files
[6.317s] -- Configuring done
[6.369s] -- Generating done
[6.377s] -- Build files have been written to: /home/meteor/ROS2/MickRobot/Graduation_project_ws/build/ranger_msgs
[6.384s] Invoked command in '/home/meteor/ROS2/MickRobot/Graduation_project_ws/build/ranger_msgs' returned '0': CMAKE_PREFIX_PATH=${CMAKE_PREFIX_PATH}:/home/meteor/ROS2/MickRobot/mick_robot_ws/install/path_tracking:/home/meteor/ROS2/MickRobot/mick_robot_ws/install/keyboard:/opt/ros/humble /usr/bin/cmake /home/meteor/ROS2/MickRobot/Graduation_project_ws/src/ranger_ros2/ranger_msgs -DCMAKE_INSTALL_PREFIX=/home/meteor/ROS2/MickRobot/Graduation_project_ws/install/ranger_msgs
[6.385s] Invoking command in '/home/meteor/ROS2/MickRobot/Graduation_project_ws/build/ranger_msgs': CMAKE_PREFIX_PATH=${CMAKE_PREFIX_PATH}:/home/meteor/ROS2/MickRobot/mick_robot_ws/install/path_tracking:/home/meteor/ROS2/MickRobot/mick_robot_ws/install/keyboard:/opt/ros/humble /usr/bin/cmake --build /home/meteor/ROS2/MickRobot/Graduation_project_ws/build/ranger_msgs -- -j16 -l16
[6.423s] [  1%] [34m[1mGenerating C code for ROS interfaces[0m
[6.431s] [  2%] [34m[1mGenerating C++ code for ROS interfaces[0m
[6.438s] [  2%] Built target ament_cmake_python_copy_ranger_msgs
[6.621s] running egg_info
[6.621s] creating ranger_msgs.egg-info
[6.621s] writing ranger_msgs.egg-info/PKG-INFO
[6.621s] writing dependency_links to ranger_msgs.egg-info/dependency_links.txt
[6.621s] writing top-level names to ranger_msgs.egg-info/top_level.txt
[6.621s] writing manifest file 'ranger_msgs.egg-info/SOURCES.txt'
[6.623s] reading manifest file 'ranger_msgs.egg-info/SOURCES.txt'
[6.623s] writing manifest file 'ranger_msgs.egg-info/SOURCES.txt'
[6.648s] [  2%] Built target ament_cmake_python_build_ranger_msgs_egg
[7.137s] [  2%] Built target ranger_msgs__cpp
[7.147s] [  5%] [34m[1mGenerating C++ type support for eProsima Fast-RTPS[0m
[7.147s] [  5%] [34m[1mGenerating C++ type support dispatch for ROS interfaces[0m
[7.148s] [  7%] [34m[1mGenerating C++ introspection for ROS interfaces[0m
[7.245s] [  9%] [32mBuilding C object CMakeFiles/ranger_msgs__rosidl_generator_c.dir/rosidl_generator_c/ranger_msgs/msg/detail/motion_state__functions.c.o[0m
[7.245s] [  9%] [32mBuilding C object CMakeFiles/ranger_msgs__rosidl_generator_c.dir/rosidl_generator_c/ranger_msgs/msg/detail/actuator_state__functions.c.o[0m
[7.245s] [ 11%] [32mBuilding C object CMakeFiles/ranger_msgs__rosidl_generator_c.dir/rosidl_generator_c/ranger_msgs/msg/detail/driver_state__functions.c.o[0m
[7.246s] [ 12%] [32mBuilding C object CMakeFiles/ranger_msgs__rosidl_generator_c.dir/rosidl_generator_c/ranger_msgs/msg/detail/actuator_state_array__functions.c.o[0m
[7.247s] [ 14%] [32mBuilding C object CMakeFiles/ranger_msgs__rosidl_generator_c.dir/rosidl_generator_c/ranger_msgs/msg/detail/system_state__functions.c.o[0m
[7.247s] [ 15%] [32mBuilding C object CMakeFiles/ranger_msgs__rosidl_generator_c.dir/rosidl_generator_c/ranger_msgs/msg/detail/motor_state__functions.c.o[0m
[7.455s] [ 16%] [32m[1mLinking C shared library libranger_msgs__rosidl_generator_c.so[0m
[7.492s] [ 16%] Built target ranger_msgs__rosidl_generator_c
[7.502s] [ 19%] [34m[1mGenerating C introspection for ROS interfaces[0m
[7.502s] [ 19%] [34m[1mGenerating C type support for eProsima Fast-RTPS[0m
[7.503s] [ 21%] [34m[1mGenerating C type support dispatch for ROS interfaces[0m
[7.515s] [ 28%] [32mBuilding CXX object CMakeFiles/ranger_msgs__rosidl_typesupport_cpp.dir/rosidl_typesupport_cpp/ranger_msgs/msg/actuator_state_array__type_support.cpp.o[0m
[7.515s] [ 28%] [32mBuilding CXX object CMakeFiles/ranger_msgs__rosidl_typesupport_cpp.dir/rosidl_typesupport_cpp/ranger_msgs/msg/actuator_state__type_support.cpp.o[0m
[7.515s] [ 28%] [32mBuilding CXX object CMakeFiles/ranger_msgs__rosidl_typesupport_cpp.dir/rosidl_typesupport_cpp/ranger_msgs/msg/motor_state__type_support.cpp.o[0m
[7.515s] [ 28%] [32mBuilding CXX object CMakeFiles/ranger_msgs__rosidl_typesupport_cpp.dir/rosidl_typesupport_cpp/ranger_msgs/msg/driver_state__type_support.cpp.o[0m
[7.515s] [ 28%] [32mBuilding CXX object CMakeFiles/ranger_msgs__rosidl_typesupport_cpp.dir/rosidl_typesupport_cpp/ranger_msgs/msg/motion_state__type_support.cpp.o[0m
[7.516s] [ 29%] [32mBuilding CXX object CMakeFiles/ranger_msgs__rosidl_typesupport_cpp.dir/rosidl_typesupport_cpp/ranger_msgs/msg/system_state__type_support.cpp.o[0m
[7.571s] [ 35%] [32mBuilding CXX object CMakeFiles/ranger_msgs__rosidl_typesupport_introspection_cpp.dir/rosidl_typesupport_introspection_cpp/ranger_msgs/msg/detail/motion_state__type_support.cpp.o[0m
[7.571s] [ 35%] [32mBuilding CXX object CMakeFiles/ranger_msgs__rosidl_typesupport_introspection_cpp.dir/rosidl_typesupport_introspection_cpp/ranger_msgs/msg/detail/motor_state__type_support.cpp.o[0m
[7.571s] [ 35%] [32mBuilding CXX object CMakeFiles/ranger_msgs__rosidl_typesupport_introspection_cpp.dir/rosidl_typesupport_introspection_cpp/ranger_msgs/msg/detail/actuator_state_array__type_support.cpp.o[0m
[7.571s] [ 35%] [32mBuilding CXX object CMakeFiles/ranger_msgs__rosidl_typesupport_introspection_cpp.dir/rosidl_typesupport_introspection_cpp/ranger_msgs/msg/detail/actuator_state__type_support.cpp.o[0m
[7.571s] [ 36%] [32mBuilding CXX object CMakeFiles/ranger_msgs__rosidl_typesupport_introspection_cpp.dir/rosidl_typesupport_introspection_cpp/ranger_msgs/msg/detail/system_state__type_support.cpp.o[0m
[7.571s] [ 38%] [32mBuilding CXX object CMakeFiles/ranger_msgs__rosidl_typesupport_introspection_cpp.dir/rosidl_typesupport_introspection_cpp/ranger_msgs/msg/detail/driver_state__type_support.cpp.o[0m
[7.903s] [ 39%] [32m[1mLinking CXX shared library libranger_msgs__rosidl_typesupport_cpp.so[0m
[7.915s] [ 40%] [32mBuilding CXX object CMakeFiles/ranger_msgs__rosidl_typesupport_fastrtps_cpp.dir/rosidl_typesupport_fastrtps_cpp/ranger_msgs/msg/detail/dds_fastrtps/driver_state__type_support.cpp.o[0m
[7.916s] [ 42%] [32mBuilding CXX object CMakeFiles/ranger_msgs__rosidl_typesupport_fastrtps_cpp.dir/rosidl_typesupport_fastrtps_cpp/ranger_msgs/msg/detail/dds_fastrtps/motor_state__type_support.cpp.o[0m
[7.917s] [ 43%] [32mBuilding CXX object CMakeFiles/ranger_msgs__rosidl_typesupport_fastrtps_cpp.dir/rosidl_typesupport_fastrtps_cpp/ranger_msgs/msg/detail/dds_fastrtps/motion_state__type_support.cpp.o[0m
[7.917s] [ 45%] [32mBuilding CXX object CMakeFiles/ranger_msgs__rosidl_typesupport_fastrtps_cpp.dir/rosidl_typesupport_fastrtps_cpp/ranger_msgs/msg/detail/dds_fastrtps/actuator_state__type_support.cpp.o[0m
[7.919s] [ 46%] [32mBuilding CXX object CMakeFiles/ranger_msgs__rosidl_typesupport_fastrtps_cpp.dir/rosidl_typesupport_fastrtps_cpp/ranger_msgs/msg/detail/dds_fastrtps/actuator_state_array__type_support.cpp.o[0m
[7.925s] [ 47%] [32mBuilding CXX object CMakeFiles/ranger_msgs__rosidl_typesupport_fastrtps_cpp.dir/rosidl_typesupport_fastrtps_cpp/ranger_msgs/msg/detail/dds_fastrtps/system_state__type_support.cpp.o[0m
[7.970s] [ 47%] Built target ranger_msgs__rosidl_typesupport_cpp
[8.154s] [ 49%] [32m[1mLinking CXX shared library libranger_msgs__rosidl_typesupport_introspection_cpp.so[0m
[8.177s] [ 52%] [32mBuilding CXX object CMakeFiles/ranger_msgs__rosidl_typesupport_c.dir/rosidl_typesupport_c/ranger_msgs/msg/system_state__type_support.cpp.o[0m
[8.177s] [ 52%] [32mBuilding CXX object CMakeFiles/ranger_msgs__rosidl_typesupport_c.dir/rosidl_typesupport_c/ranger_msgs/msg/motion_state__type_support.cpp.o[0m
[8.177s] [ 54%] [32mBuilding CXX object CMakeFiles/ranger_msgs__rosidl_typesupport_c.dir/rosidl_typesupport_c/ranger_msgs/msg/driver_state__type_support.cpp.o[0m
[8.177s] [ 54%] [32mBuilding CXX object CMakeFiles/ranger_msgs__rosidl_typesupport_c.dir/rosidl_typesupport_c/ranger_msgs/msg/actuator_state__type_support.cpp.o[0m
[8.177s] [ 56%] [32mBuilding CXX object CMakeFiles/ranger_msgs__rosidl_typesupport_c.dir/rosidl_typesupport_c/ranger_msgs/msg/actuator_state_array__type_support.cpp.o[0m
[8.179s] [ 57%] [32mBuilding CXX object CMakeFiles/ranger_msgs__rosidl_typesupport_c.dir/rosidl_typesupport_c/ranger_msgs/msg/motor_state__type_support.cpp.o[0m
[8.336s] [ 59%] [32m[1mLinking CXX shared library libranger_msgs__rosidl_typesupport_c.so[0m
[8.341s] [ 59%] Built target ranger_msgs__rosidl_typesupport_introspection_cpp
[8.385s] [ 61%] [32mBuilding CXX object CMakeFiles/ranger_msgs__rosidl_typesupport_fastrtps_c.dir/rosidl_typesupport_fastrtps_c/ranger_msgs/msg/detail/motion_state__type_support_c.cpp.o[0m
[8.385s] [ 63%] [32mBuilding CXX object CMakeFiles/ranger_msgs__rosidl_typesupport_fastrtps_c.dir/rosidl_typesupport_fastrtps_c/ranger_msgs/msg/detail/motor_state__type_support_c.cpp.o[0m
[8.385s] [ 64%] [32mBuilding CXX object CMakeFiles/ranger_msgs__rosidl_typesupport_fastrtps_c.dir/rosidl_typesupport_fastrtps_c/ranger_msgs/msg/detail/driver_state__type_support_c.cpp.o[0m
[8.385s] [ 66%] [32mBuilding CXX object CMakeFiles/ranger_msgs__rosidl_typesupport_fastrtps_c.dir/rosidl_typesupport_fastrtps_c/ranger_msgs/msg/detail/actuator_state_array__type_support_c.cpp.o[0m
[8.386s] [ 67%] [32mBuilding C object CMakeFiles/ranger_msgs__rosidl_typesupport_introspection_c.dir/rosidl_typesupport_introspection_c/ranger_msgs/msg/detail/actuator_state__type_support.c.o[0m
[8.386s] [ 67%] [32mBuilding CXX object CMakeFiles/ranger_msgs__rosidl_typesupport_fastrtps_c.dir/rosidl_typesupport_fastrtps_c/ranger_msgs/msg/detail/actuator_state__type_support_c.cpp.o[0m
[8.390s] [ 69%] [32mBuilding C object CMakeFiles/ranger_msgs__rosidl_typesupport_introspection_c.dir/rosidl_typesupport_introspection_c/ranger_msgs/msg/detail/actuator_state_array__type_support.c.o[0m
[8.394s] [ 70%] [32mBuilding C object CMakeFiles/ranger_msgs__rosidl_typesupport_introspection_c.dir/rosidl_typesupport_introspection_c/ranger_msgs/msg/detail/driver_state__type_support.c.o[0m
[8.395s] [ 71%] [32mBuilding CXX object CMakeFiles/ranger_msgs__rosidl_typesupport_fastrtps_c.dir/rosidl_typesupport_fastrtps_c/ranger_msgs/msg/detail/system_state__type_support_c.cpp.o[0m
[8.571s] [ 71%] Built target ranger_msgs__rosidl_typesupport_c
[8.590s] [ 73%] [32mBuilding C object CMakeFiles/ranger_msgs__rosidl_typesupport_introspection_c.dir/rosidl_typesupport_introspection_c/ranger_msgs/msg/detail/motion_state__type_support.c.o[0m
[8.721s] [ 76%] [32mBuilding C object CMakeFiles/ranger_msgs__rosidl_typesupport_introspection_c.dir/rosidl_typesupport_introspection_c/ranger_msgs/msg/detail/motor_state__type_support.c.o[0m
[8.721s] [ 76%] [32mBuilding C object CMakeFiles/ranger_msgs__rosidl_typesupport_introspection_c.dir/rosidl_typesupport_introspection_c/ranger_msgs/msg/detail/system_state__type_support.c.o[0m
[8.734s] [ 77%] [32m[1mLinking CXX shared library libranger_msgs__rosidl_typesupport_fastrtps_cpp.so[0m
[8.803s] [ 77%] Built target ranger_msgs__rosidl_typesupport_fastrtps_cpp
[8.834s] [ 78%] [32m[1mLinking C shared library libranger_msgs__rosidl_typesupport_introspection_c.so[0m
[8.884s] [ 78%] Built target ranger_msgs__rosidl_typesupport_introspection_c
[9.124s] [ 80%] [32m[1mLinking CXX shared library libranger_msgs__rosidl_typesupport_fastrtps_c.so[0m
[9.197s] [ 80%] Built target ranger_msgs__rosidl_typesupport_fastrtps_c
[9.232s] [ 80%] Built target ranger_msgs
[9.259s] [ 81%] [34m[1mGenerating Python code for ROS interfaces[0m
[10.821s] [ 81%] Built target ranger_msgs__py
[10.863s] [ 83%] [32mBuilding C object CMakeFiles/ranger_msgs__rosidl_generator_py.dir/rosidl_generator_py/ranger_msgs/msg/_actuator_state_s.c.o[0m
[10.871s] [ 84%] [32mBuilding C object CMakeFiles/ranger_msgs__rosidl_generator_py.dir/rosidl_generator_py/ranger_msgs/msg/_actuator_state_array_s.c.o[0m
[10.873s] [ 85%] [32mBuilding C object CMakeFiles/ranger_msgs__rosidl_generator_py.dir/rosidl_generator_py/ranger_msgs/msg/_driver_state_s.c.o[0m
[10.881s] [ 87%] [32mBuilding C object CMakeFiles/ranger_msgs__rosidl_generator_py.dir/rosidl_generator_py/ranger_msgs/msg/_motor_state_s.c.o[0m
[10.883s] [ 88%] [32mBuilding C object CMakeFiles/ranger_msgs__rosidl_generator_py.dir/rosidl_generator_py/ranger_msgs/msg/_motion_state_s.c.o[0m
[10.893s] [ 90%] [32mBuilding C object CMakeFiles/ranger_msgs__rosidl_generator_py.dir/rosidl_generator_py/ranger_msgs/msg/_system_state_s.c.o[0m
[11.445s] [ 91%] [32m[1mLinking C shared library rosidl_generator_py/ranger_msgs/libranger_msgs__rosidl_generator_py.so[0m
[11.542s] [ 91%] Built target ranger_msgs__rosidl_generator_py
[11.599s] [ 92%] [32mBuilding C object CMakeFiles/ranger_msgs__rosidl_typesupport_c__pyext.dir/rosidl_generator_py/ranger_msgs/_ranger_msgs_s.ep.rosidl_typesupport_c.c.o[0m
[11.602s] [ 94%] [32mBuilding C object CMakeFiles/ranger_msgs__rosidl_typesupport_fastrtps_c__pyext.dir/rosidl_generator_py/ranger_msgs/_ranger_msgs_s.ep.rosidl_typesupport_fastrtps_c.c.o[0m
[11.608s] [ 95%] [32mBuilding C object CMakeFiles/ranger_msgs__rosidl_typesupport_introspection_c__pyext.dir/rosidl_generator_py/ranger_msgs/_ranger_msgs_s.ep.rosidl_typesupport_introspection_c.c.o[0m
[11.817s] [ 97%] [32m[1mLinking C shared library rosidl_generator_py/ranger_msgs/ranger_msgs_s__rosidl_typesupport_fastrtps_c.cpython-310-x86_64-linux-gnu.so[0m
[11.869s] [ 98%] [32m[1mLinking C shared library rosidl_generator_py/ranger_msgs/ranger_msgs_s__rosidl_typesupport_c.cpython-310-x86_64-linux-gnu.so[0m
[11.869s] [100%] [32m[1mLinking C shared library rosidl_generator_py/ranger_msgs/ranger_msgs_s__rosidl_typesupport_introspection_c.cpython-310-x86_64-linux-gnu.so[0m
[11.889s] [100%] Built target ranger_msgs__rosidl_typesupport_fastrtps_c__pyext
[11.926s] [100%] Built target ranger_msgs__rosidl_typesupport_c__pyext
[11.950s] [100%] Built target ranger_msgs__rosidl_typesupport_introspection_c__pyext
[11.977s] Invoked command in '/home/meteor/ROS2/MickRobot/Graduation_project_ws/build/ranger_msgs' returned '0': CMAKE_PREFIX_PATH=${CMAKE_PREFIX_PATH}:/home/meteor/ROS2/MickRobot/mick_robot_ws/install/path_tracking:/home/meteor/ROS2/MickRobot/mick_robot_ws/install/keyboard:/opt/ros/humble /usr/bin/cmake --build /home/meteor/ROS2/MickRobot/Graduation_project_ws/build/ranger_msgs -- -j16 -l16
[11.978s] Invoking command in '/home/meteor/ROS2/MickRobot/Graduation_project_ws/build/ranger_msgs': CMAKE_PREFIX_PATH=${CMAKE_PREFIX_PATH}:/home/meteor/ROS2/MickRobot/mick_robot_ws/install/path_tracking:/home/meteor/ROS2/MickRobot/mick_robot_ws/install/keyboard:/opt/ros/humble /usr/bin/cmake --install /home/meteor/ROS2/MickRobot/Graduation_project_ws/build/ranger_msgs
[11.988s] -- Install configuration: ""
[11.988s] -- Installing: /home/meteor/ROS2/MickRobot/Graduation_project_ws/install/ranger_msgs/share/ament_index/resource_index/rosidl_interfaces/ranger_msgs
[11.990s] -- Installing: /home/meteor/ROS2/MickRobot/Graduation_project_ws/install/ranger_msgs/include/ranger_msgs/ranger_msgs
[11.990s] -- Installing: /home/meteor/ROS2/MickRobot/Graduation_project_ws/install/ranger_msgs/include/ranger_msgs/ranger_msgs/msg
[11.993s] -- Installing: /home/meteor/ROS2/MickRobot/Graduation_project_ws/install/ranger_msgs/include/ranger_msgs/ranger_msgs/msg/driver_state.h
[11.993s] -- Installing: /home/meteor/ROS2/MickRobot/Graduation_project_ws/install/ranger_msgs/include/ranger_msgs/ranger_msgs/msg/motion_state.h
[11.993s] -- Installing: /home/meteor/ROS2/MickRobot/Graduation_project_ws/install/ranger_msgs/include/ranger_msgs/ranger_msgs/msg/detail
[11.993s] -- Installing: /home/meteor/ROS2/MickRobot/Graduation_project_ws/install/ranger_msgs/include/ranger_msgs/ranger_msgs/msg/detail/actuator_state_array__type_support.h
[11.994s] -- Installing: /home/meteor/ROS2/MickRobot/Graduation_project_ws/install/ranger_msgs/include/ranger_msgs/ranger_msgs/msg/detail/actuator_state_array__functions.h
[11.995s] -- Installing: /home/meteor/ROS2/MickRobot/Graduation_project_ws/install/ranger_msgs/include/ranger_msgs/ranger_msgs/msg/detail/system_state__functions.h
[11.997s] -- Installing: /home/meteor/ROS2/MickRobot/Graduation_project_ws/install/ranger_msgs/include/ranger_msgs/ranger_msgs/msg/detail/motion_state__functions.c
[11.998s] -- Installing: /home/meteor/ROS2/MickRobot/Graduation_project_ws/install/ranger_msgs/include/ranger_msgs/ranger_msgs/msg/detail/actuator_state__type_support.h
[11.998s] -- Installing: /home/meteor/ROS2/MickRobot/Graduation_project_ws/install/ranger_msgs/include/ranger_msgs/ranger_msgs/msg/detail/motion_state__type_support.h
[11.998s] -- Installing: /home/meteor/ROS2/MickRobot/Graduation_project_ws/install/ranger_msgs/include/ranger_msgs/ranger_msgs/msg/detail/motion_state__functions.h
[11.999s] -- Installing: /home/meteor/ROS2/MickRobot/Graduation_project_ws/install/ranger_msgs/include/ranger_msgs/ranger_msgs/msg/detail/system_state__functions.c
[11.999s] -- Installing: /home/meteor/ROS2/MickRobot/Graduation_project_ws/install/ranger_msgs/include/ranger_msgs/ranger_msgs/msg/detail/actuator_state_array__functions.c
[11.999s] -- Installing: /home/meteor/ROS2/MickRobot/Graduation_project_ws/install/ranger_msgs/include/ranger_msgs/ranger_msgs/msg/detail/motor_state__struct.h
[11.999s] -- Installing: /home/meteor/ROS2/MickRobot/Graduation_project_ws/install/ranger_msgs/include/ranger_msgs/ranger_msgs/msg/detail/motion_state__struct.h
[11.999s] -- Installing: /home/meteor/ROS2/MickRobot/Graduation_project_ws/install/ranger_msgs/include/ranger_msgs/ranger_msgs/msg/detail/driver_state__functions.c
[12.000s] -- Installing: /home/meteor/ROS2/MickRobot/Graduation_project_ws/install/ranger_msgs/include/ranger_msgs/ranger_msgs/msg/detail/system_state__type_support.h
[12.000s] -- Installing: /home/meteor/ROS2/MickRobot/Graduation_project_ws/install/ranger_msgs/include/ranger_msgs/ranger_msgs/msg/detail/motor_state__type_support.h
[12.000s] -- Installing: /home/meteor/ROS2/MickRobot/Graduation_project_ws/install/ranger_msgs/include/ranger_msgs/ranger_msgs/msg/detail/actuator_state__struct.h
[12.001s] -- Installing: /home/meteor/ROS2/MickRobot/Graduation_project_ws/install/ranger_msgs/include/ranger_msgs/ranger_msgs/msg/detail/actuator_state__functions.c
[12.001s] -- Installing: /home/meteor/ROS2/MickRobot/Graduation_project_ws/install/ranger_msgs/include/ranger_msgs/ranger_msgs/msg/detail/driver_state__type_support.h
[12.002s] -- Installing: /home/meteor/ROS2/MickRobot/Graduation_project_ws/install/ranger_msgs/include/ranger_msgs/ranger_msgs/msg/detail/motor_state__functions.c
[12.002s] -- Installing: /home/meteor/ROS2/MickRobot/Graduation_project_ws/install/ranger_msgs/include/ranger_msgs/ranger_msgs/msg/detail/motor_state__functions.h
[12.002s] -- Installing: /home/meteor/ROS2/MickRobot/Graduation_project_ws/install/ranger_msgs/include/ranger_msgs/ranger_msgs/msg/detail/driver_state__struct.h
[12.003s] -- Installing: /home/meteor/ROS2/MickRobot/Graduation_project_ws/install/ranger_msgs/include/ranger_msgs/ranger_msgs/msg/detail/actuator_state_array__struct.h
[12.003s] -- Installing: /home/meteor/ROS2/MickRobot/Graduation_project_ws/install/ranger_msgs/include/ranger_msgs/ranger_msgs/msg/detail/system_state__struct.h
[12.004s] -- Installing: /home/meteor/ROS2/MickRobot/Graduation_project_ws/install/ranger_msgs/include/ranger_msgs/ranger_msgs/msg/detail/actuator_state__functions.h
[12.004s] -- Installing: /home/meteor/ROS2/MickRobot/Graduation_project_ws/install/ranger_msgs/include/ranger_msgs/ranger_msgs/msg/detail/driver_state__functions.h
[12.004s] -- Installing: /home/meteor/ROS2/MickRobot/Graduation_project_ws/install/ranger_msgs/include/ranger_msgs/ranger_msgs/msg/actuator_state.h
[12.005s] -- Installing: /home/meteor/ROS2/MickRobot/Graduation_project_ws/install/ranger_msgs/include/ranger_msgs/ranger_msgs/msg/system_state.h
[12.005s] -- Installing: /home/meteor/ROS2/MickRobot/Graduation_project_ws/install/ranger_msgs/include/ranger_msgs/ranger_msgs/msg/rosidl_generator_c__visibility_control.h
[12.006s] -- Installing: /home/meteor/ROS2/MickRobot/Graduation_project_ws/install/ranger_msgs/include/ranger_msgs/ranger_msgs/msg/actuator_state_array.h
[12.006s] -- Installing: /home/meteor/ROS2/MickRobot/Graduation_project_ws/install/ranger_msgs/include/ranger_msgs/ranger_msgs/msg/motor_state.h
[12.007s] -- Installing: /home/meteor/ROS2/MickRobot/Graduation_project_ws/install/ranger_msgs/share/ranger_msgs/environment/library_path.sh
[12.007s] -- Installing: /home/meteor/ROS2/MickRobot/Graduation_project_ws/install/ranger_msgs/share/ranger_msgs/environment/library_path.dsv
[12.008s] -- Installing: /home/meteor/ROS2/MickRobot/Graduation_project_ws/install/ranger_msgs/lib/libranger_msgs__rosidl_generator_c.so
[12.008s] -- Set runtime path of "/home/meteor/ROS2/MickRobot/Graduation_project_ws/install/ranger_msgs/lib/libranger_msgs__rosidl_generator_c.so" to ""
[12.009s] -- Up-to-date: /home/meteor/ROS2/MickRobot/Graduation_project_ws/install/ranger_msgs/include/ranger_msgs/ranger_msgs
[12.009s] -- Up-to-date: /home/meteor/ROS2/MickRobot/Graduation_project_ws/install/ranger_msgs/include/ranger_msgs/ranger_msgs/msg
[12.009s] -- Up-to-date: /home/meteor/ROS2/MickRobot/Graduation_project_ws/install/ranger_msgs/include/ranger_msgs/ranger_msgs/msg/detail
[12.010s] -- Installing: /home/meteor/ROS2/MickRobot/Graduation_project_ws/install/ranger_msgs/include/ranger_msgs/ranger_msgs/msg/detail/motion_state__rosidl_typesupport_fastrtps_c.h
[12.010s] -- Installing: /home/meteor/ROS2/MickRobot/Graduation_project_ws/install/ranger_msgs/include/ranger_msgs/ranger_msgs/msg/detail/actuator_state__rosidl_typesupport_fastrtps_c.h
[12.010s] -- Installing: /home/meteor/ROS2/MickRobot/Graduation_project_ws/install/ranger_msgs/include/ranger_msgs/ranger_msgs/msg/detail/driver_state__rosidl_typesupport_fastrtps_c.h
[12.010s] -- Installing: /home/meteor/ROS2/MickRobot/Graduation_project_ws/install/ranger_msgs/include/ranger_msgs/ranger_msgs/msg/detail/motor_state__rosidl_typesupport_fastrtps_c.h
[12.011s] -- Installing: /home/meteor/ROS2/MickRobot/Graduation_project_ws/install/ranger_msgs/include/ranger_msgs/ranger_msgs/msg/detail/actuator_state_array__rosidl_typesupport_fastrtps_c.h
[12.011s] -- Installing: /home/meteor/ROS2/MickRobot/Graduation_project_ws/install/ranger_msgs/include/ranger_msgs/ranger_msgs/msg/detail/system_state__rosidl_typesupport_fastrtps_c.h
[12.011s] -- Installing: /home/meteor/ROS2/MickRobot/Graduation_project_ws/install/ranger_msgs/include/ranger_msgs/ranger_msgs/msg/rosidl_typesupport_fastrtps_c__visibility_control.h
[12.012s] -- Installing: /home/meteor/ROS2/MickRobot/Graduation_project_ws/install/ranger_msgs/lib/libranger_msgs__rosidl_typesupport_fastrtps_c.so
[12.012s] -- Set runtime path of "/home/meteor/ROS2/MickRobot/Graduation_project_ws/install/ranger_msgs/lib/libranger_msgs__rosidl_typesupport_fastrtps_c.so" to ""
[12.012s] -- Up-to-date: /home/meteor/ROS2/MickRobot/Graduation_project_ws/install/ranger_msgs/include/ranger_msgs/ranger_msgs
[12.012s] -- Up-to-date: /home/meteor/ROS2/MickRobot/Graduation_project_ws/install/ranger_msgs/include/ranger_msgs/ranger_msgs/msg
[12.015s] -- Installing: /home/meteor/ROS2/MickRobot/Graduation_project_ws/install/ranger_msgs/include/ranger_msgs/ranger_msgs/msg/actuator_state_array.hpp
[12.015s] -- Installing: /home/meteor/ROS2/MickRobot/Graduation_project_ws/install/ranger_msgs/include/ranger_msgs/ranger_msgs/msg/motion_state.hpp
[12.015s] -- Up-to-date: /home/meteor/ROS2/MickRobot/Graduation_project_ws/install/ranger_msgs/include/ranger_msgs/ranger_msgs/msg/detail
[12.015s] -- Installing: /home/meteor/ROS2/MickRobot/Graduation_project_ws/install/ranger_msgs/include/ranger_msgs/ranger_msgs/msg/detail/actuator_state_array__type_support.hpp
[12.015s] -- Installing: /home/meteor/ROS2/MickRobot/Graduation_project_ws/install/ranger_msgs/include/ranger_msgs/ranger_msgs/msg/detail/motion_state__struct.hpp
[12.015s] -- Installing: /home/meteor/ROS2/MickRobot/Graduation_project_ws/install/ranger_msgs/include/ranger_msgs/ranger_msgs/msg/detail/motor_state__type_support.hpp
[12.015s] -- Installing: /home/meteor/ROS2/MickRobot/Graduation_project_ws/install/ranger_msgs/include/ranger_msgs/ranger_msgs/msg/detail/motion_state__traits.hpp
[12.015s] -- Installing: /home/meteor/ROS2/MickRobot/Graduation_project_ws/install/ranger_msgs/include/ranger_msgs/ranger_msgs/msg/detail/system_state__type_support.hpp
[12.016s] -- Installing: /home/meteor/ROS2/MickRobot/Graduation_project_ws/install/ranger_msgs/include/ranger_msgs/ranger_msgs/msg/detail/actuator_state__builder.hpp
[12.016s] -- Installing: /home/meteor/ROS2/MickRobot/Graduation_project_ws/install/ranger_msgs/include/ranger_msgs/ranger_msgs/msg/detail/actuator_state__struct.hpp
[12.016s] -- Installing: /home/meteor/ROS2/MickRobot/Graduation_project_ws/install/ranger_msgs/include/ranger_msgs/ranger_msgs/msg/detail/system_state__traits.hpp
[12.016s] -- Installing: /home/meteor/ROS2/MickRobot/Graduation_project_ws/install/ranger_msgs/include/ranger_msgs/ranger_msgs/msg/detail/motion_state__type_support.hpp
[12.016s] -- Installing: /home/meteor/ROS2/MickRobot/Graduation_project_ws/install/ranger_msgs/include/ranger_msgs/ranger_msgs/msg/detail/actuator_state_array__traits.hpp
[12.016s] -- Installing: /home/meteor/ROS2/MickRobot/Graduation_project_ws/install/ranger_msgs/include/ranger_msgs/ranger_msgs/msg/detail/system_state__struct.hpp
[12.017s] -- Installing: /home/meteor/ROS2/MickRobot/Graduation_project_ws/install/ranger_msgs/include/ranger_msgs/ranger_msgs/msg/detail/motor_state__traits.hpp
[12.017s] -- Installing: /home/meteor/ROS2/MickRobot/Graduation_project_ws/install/ranger_msgs/include/ranger_msgs/ranger_msgs/msg/detail/actuator_state__type_support.hpp
[12.017s] -- Installing: /home/meteor/ROS2/MickRobot/Graduation_project_ws/install/ranger_msgs/include/ranger_msgs/ranger_msgs/msg/detail/driver_state__struct.hpp
[12.017s] -- Installing: /home/meteor/ROS2/MickRobot/Graduation_project_ws/install/ranger_msgs/include/ranger_msgs/ranger_msgs/msg/detail/driver_state__type_support.hpp
[12.017s] -- Installing: /home/meteor/ROS2/MickRobot/Graduation_project_ws/install/ranger_msgs/include/ranger_msgs/ranger_msgs/msg/detail/motor_state__builder.hpp
[12.017s] -- Installing: /home/meteor/ROS2/MickRobot/Graduation_project_ws/install/ranger_msgs/include/ranger_msgs/ranger_msgs/msg/detail/actuator_state_array__builder.hpp
[12.017s] -- Installing: /home/meteor/ROS2/MickRobot/Graduation_project_ws/install/ranger_msgs/include/ranger_msgs/ranger_msgs/msg/detail/driver_state__traits.hpp
[12.018s] -- Installing: /home/meteor/ROS2/MickRobot/Graduation_project_ws/install/ranger_msgs/include/ranger_msgs/ranger_msgs/msg/detail/motor_state__struct.hpp
[12.018s] -- Installing: /home/meteor/ROS2/MickRobot/Graduation_project_ws/install/ranger_msgs/include/ranger_msgs/ranger_msgs/msg/detail/system_state__builder.hpp
[12.018s] -- Installing: /home/meteor/ROS2/MickRobot/Graduation_project_ws/install/ranger_msgs/include/ranger_msgs/ranger_msgs/msg/detail/actuator_state_array__struct.hpp
[12.018s] -- Installing: /home/meteor/ROS2/MickRobot/Graduation_project_ws/install/ranger_msgs/include/ranger_msgs/ranger_msgs/msg/detail/driver_state__builder.hpp
[12.018s] -- Installing: /home/meteor/ROS2/MickRobot/Graduation_project_ws/install/ranger_msgs/include/ranger_msgs/ranger_msgs/msg/detail/motion_state__builder.hpp
[12.018s] -- Installing: /home/meteor/ROS2/MickRobot/Graduation_project_ws/install/ranger_msgs/include/ranger_msgs/ranger_msgs/msg/detail/actuator_state__traits.hpp
[12.018s] -- Installing: /home/meteor/ROS2/MickRobot/Graduation_project_ws/install/ranger_msgs/include/ranger_msgs/ranger_msgs/msg/system_state.hpp
[12.018s] -- Installing: /home/meteor/ROS2/MickRobot/Graduation_project_ws/install/ranger_msgs/include/ranger_msgs/ranger_msgs/msg/rosidl_generator_cpp__visibility_control.hpp
[12.018s] -- Installing: /home/meteor/ROS2/MickRobot/Graduation_project_ws/install/ranger_msgs/include/ranger_msgs/ranger_msgs/msg/motor_state.hpp
[12.018s] -- Installing: /home/meteor/ROS2/MickRobot/Graduation_project_ws/install/ranger_msgs/include/ranger_msgs/ranger_msgs/msg/actuator_state.hpp
[12.018s] -- Installing: /home/meteor/ROS2/MickRobot/Graduation_project_ws/install/ranger_msgs/include/ranger_msgs/ranger_msgs/msg/driver_state.hpp
[12.019s] -- Up-to-date: /home/meteor/ROS2/MickRobot/Graduation_project_ws/install/ranger_msgs/include/ranger_msgs/ranger_msgs
[12.019s] -- Up-to-date: /home/meteor/ROS2/MickRobot/Graduation_project_ws/install/ranger_msgs/include/ranger_msgs/ranger_msgs/msg
[12.019s] -- Up-to-date: /home/meteor/ROS2/MickRobot/Graduation_project_ws/install/ranger_msgs/include/ranger_msgs/ranger_msgs/msg/detail
[12.019s] -- Installing: /home/meteor/ROS2/MickRobot/Graduation_project_ws/install/ranger_msgs/include/ranger_msgs/ranger_msgs/msg/detail/system_state__rosidl_typesupport_fastrtps_cpp.hpp
[12.019s] -- Installing: /home/meteor/ROS2/MickRobot/Graduation_project_ws/install/ranger_msgs/include/ranger_msgs/ranger_msgs/msg/detail/actuator_state_array__rosidl_typesupport_fastrtps_cpp.hpp
[12.019s] -- Installing: /home/meteor/ROS2/MickRobot/Graduation_project_ws/install/ranger_msgs/include/ranger_msgs/ranger_msgs/msg/detail/dds_fastrtps
[12.019s] -- Installing: /home/meteor/ROS2/MickRobot/Graduation_project_ws/install/ranger_msgs/include/ranger_msgs/ranger_msgs/msg/detail/motor_state__rosidl_typesupport_fastrtps_cpp.hpp
[12.020s] -- Installing: /home/meteor/ROS2/MickRobot/Graduation_project_ws/install/ranger_msgs/include/ranger_msgs/ranger_msgs/msg/detail/driver_state__rosidl_typesupport_fastrtps_cpp.hpp
[12.020s] -- Installing: /home/meteor/ROS2/MickRobot/Graduation_project_ws/install/ranger_msgs/include/ranger_msgs/ranger_msgs/msg/detail/motion_state__rosidl_typesupport_fastrtps_cpp.hpp
[12.020s] -- Installing: /home/meteor/ROS2/MickRobot/Graduation_project_ws/install/ranger_msgs/include/ranger_msgs/ranger_msgs/msg/detail/actuator_state__rosidl_typesupport_fastrtps_cpp.hpp
[12.020s] -- Installing: /home/meteor/ROS2/MickRobot/Graduation_project_ws/install/ranger_msgs/include/ranger_msgs/ranger_msgs/msg/rosidl_typesupport_fastrtps_cpp__visibility_control.h
[12.020s] -- Installing: /home/meteor/ROS2/MickRobot/Graduation_project_ws/install/ranger_msgs/lib/libranger_msgs__rosidl_typesupport_fastrtps_cpp.so
[12.020s] -- Set runtime path of "/home/meteor/ROS2/MickRobot/Graduation_project_ws/install/ranger_msgs/lib/libranger_msgs__rosidl_typesupport_fastrtps_cpp.so" to ""
[12.021s] -- Up-to-date: /home/meteor/ROS2/MickRobot/Graduation_project_ws/install/ranger_msgs/include/ranger_msgs/ranger_msgs
[12.021s] -- Up-to-date: /home/meteor/ROS2/MickRobot/Graduation_project_ws/install/ranger_msgs/include/ranger_msgs/ranger_msgs/msg
[12.021s] -- Up-to-date: /home/meteor/ROS2/MickRobot/Graduation_project_ws/install/ranger_msgs/include/ranger_msgs/ranger_msgs/msg/detail
[12.021s] -- Installing: /home/meteor/ROS2/MickRobot/Graduation_project_ws/install/ranger_msgs/include/ranger_msgs/ranger_msgs/msg/detail/system_state__type_support.c
[12.031s] -- Installing: /home/meteor/ROS2/MickRobot/Graduation_project_ws/install/ranger_msgs/include/ranger_msgs/ranger_msgs/msg/detail/driver_state__rosidl_typesupport_introspection_c.h
[12.032s] -- Installing: /home/meteor/ROS2/MickRobot/Graduation_project_ws/install/ranger_msgs/include/ranger_msgs/ranger_msgs/msg/detail/motion_state__type_support.c
[12.032s] -- Installing: /home/meteor/ROS2/MickRobot/Graduation_project_ws/install/ranger_msgs/include/ranger_msgs/ranger_msgs/msg/detail/motion_state__rosidl_typesupport_introspection_c.h
[12.032s] -- Installing: /home/meteor/ROS2/MickRobot/Graduation_project_ws/install/ranger_msgs/include/ranger_msgs/ranger_msgs/msg/detail/motor_state__rosidl_typesupport_introspection_c.h
[12.032s] -- Installing: /home/meteor/ROS2/MickRobot/Graduation_project_ws/install/ranger_msgs/include/ranger_msgs/ranger_msgs/msg/detail/actuator_state_array__type_support.c
[12.032s] -- Installing: /home/meteor/ROS2/MickRobot/Graduation_project_ws/install/ranger_msgs/include/ranger_msgs/ranger_msgs/msg/detail/actuator_state__rosidl_typesupport_introspection_c.h
[12.032s] -- Installing: /home/meteor/ROS2/MickRobot/Graduation_project_ws/install/ranger_msgs/include/ranger_msgs/ranger_msgs/msg/detail/motor_state__type_support.c
[12.032s] -- Installing: /home/meteor/ROS2/MickRobot/Graduation_project_ws/install/ranger_msgs/include/ranger_msgs/ranger_msgs/msg/detail/driver_state__type_support.c
[12.032s] -- Installing: /home/meteor/ROS2/MickRobot/Graduation_project_ws/install/ranger_msgs/include/ranger_msgs/ranger_msgs/msg/detail/system_state__rosidl_typesupport_introspection_c.h
[12.032s] -- Installing: /home/meteor/ROS2/MickRobot/Graduation_project_ws/install/ranger_msgs/include/ranger_msgs/ranger_msgs/msg/detail/actuator_state_array__rosidl_typesupport_introspection_c.h
[12.032s] -- Installing: /home/meteor/ROS2/MickRobot/Graduation_project_ws/install/ranger_msgs/include/ranger_msgs/ranger_msgs/msg/detail/actuator_state__type_support.c
[12.032s] -- Installing: /home/meteor/ROS2/MickRobot/Graduation_project_ws/install/ranger_msgs/include/ranger_msgs/ranger_msgs/msg/rosidl_typesupport_introspection_c__visibility_control.h
[12.032s] -- Installing: /home/meteor/ROS2/MickRobot/Graduation_project_ws/install/ranger_msgs/lib/libranger_msgs__rosidl_typesupport_introspection_c.so
[12.032s] -- Set runtime path of "/home/meteor/ROS2/MickRobot/Graduation_project_ws/install/ranger_msgs/lib/libranger_msgs__rosidl_typesupport_introspection_c.so" to ""
[12.033s] -- Installing: /home/meteor/ROS2/MickRobot/Graduation_project_ws/install/ranger_msgs/lib/libranger_msgs__rosidl_typesupport_c.so
[12.033s] -- Set runtime path of "/home/meteor/ROS2/MickRobot/Graduation_project_ws/install/ranger_msgs/lib/libranger_msgs__rosidl_typesupport_c.so" to ""
[12.033s] -- Up-to-date: /home/meteor/ROS2/MickRobot/Graduation_project_ws/install/ranger_msgs/include/ranger_msgs/ranger_msgs
[12.033s] -- Up-to-date: /home/meteor/ROS2/MickRobot/Graduation_project_ws/install/ranger_msgs/include/ranger_msgs/ranger_msgs/msg
[12.033s] -- Up-to-date: /home/meteor/ROS2/MickRobot/Graduation_project_ws/install/ranger_msgs/include/ranger_msgs/ranger_msgs/msg/detail
[12.033s] -- Installing: /home/meteor/ROS2/MickRobot/Graduation_project_ws/install/ranger_msgs/include/ranger_msgs/ranger_msgs/msg/detail/driver_state__rosidl_typesupport_introspection_cpp.hpp
[12.033s] -- Installing: /home/meteor/ROS2/MickRobot/Graduation_project_ws/install/ranger_msgs/include/ranger_msgs/ranger_msgs/msg/detail/motor_state__type_support.cpp
[12.033s] -- Installing: /home/meteor/ROS2/MickRobot/Graduation_project_ws/install/ranger_msgs/include/ranger_msgs/ranger_msgs/msg/detail/actuator_state_array__type_support.cpp
[12.033s] -- Installing: /home/meteor/ROS2/MickRobot/Graduation_project_ws/install/ranger_msgs/include/ranger_msgs/ranger_msgs/msg/detail/actuator_state__rosidl_typesupport_introspection_cpp.hpp
[12.033s] -- Installing: /home/meteor/ROS2/MickRobot/Graduation_project_ws/install/ranger_msgs/include/ranger_msgs/ranger_msgs/msg/detail/motion_state__type_support.cpp
[12.033s] -- Installing: /home/meteor/ROS2/MickRobot/Graduation_project_ws/install/ranger_msgs/include/ranger_msgs/ranger_msgs/msg/detail/actuator_state__type_support.cpp
[12.033s] -- Installing: /home/meteor/ROS2/MickRobot/Graduation_project_ws/install/ranger_msgs/include/ranger_msgs/ranger_msgs/msg/detail/motion_state__rosidl_typesupport_introspection_cpp.hpp
[12.033s] -- Installing: /home/meteor/ROS2/MickRobot/Graduation_project_ws/install/ranger_msgs/include/ranger_msgs/ranger_msgs/msg/detail/system_state__rosidl_typesupport_introspection_cpp.hpp
[12.033s] -- Installing: /home/meteor/ROS2/MickRobot/Graduation_project_ws/install/ranger_msgs/include/ranger_msgs/ranger_msgs/msg/detail/system_state__type_support.cpp
[12.033s] -- Installing: /home/meteor/ROS2/MickRobot/Graduation_project_ws/install/ranger_msgs/include/ranger_msgs/ranger_msgs/msg/detail/actuator_state_array__rosidl_typesupport_introspection_cpp.hpp
[12.034s] -- Installing: /home/meteor/ROS2/MickRobot/Graduation_project_ws/install/ranger_msgs/include/ranger_msgs/ranger_msgs/msg/detail/driver_state__type_support.cpp
[12.034s] -- Installing: /home/meteor/ROS2/MickRobot/Graduation_project_ws/install/ranger_msgs/include/ranger_msgs/ranger_msgs/msg/detail/motor_state__rosidl_typesupport_introspection_cpp.hpp
[12.034s] -- Installing: /home/meteor/ROS2/MickRobot/Graduation_project_ws/install/ranger_msgs/lib/libranger_msgs__rosidl_typesupport_introspection_cpp.so
[12.034s] -- Set runtime path of "/home/meteor/ROS2/MickRobot/Graduation_project_ws/install/ranger_msgs/lib/libranger_msgs__rosidl_typesupport_introspection_cpp.so" to ""
[12.034s] -- Installing: /home/meteor/ROS2/MickRobot/Graduation_project_ws/install/ranger_msgs/lib/libranger_msgs__rosidl_typesupport_cpp.so
[12.034s] -- Set runtime path of "/home/meteor/ROS2/MickRobot/Graduation_project_ws/install/ranger_msgs/lib/libranger_msgs__rosidl_typesupport_cpp.so" to ""
[12.034s] -- Installing: /home/meteor/ROS2/MickRobot/Graduation_project_ws/install/ranger_msgs/share/ranger_msgs/environment/pythonpath.sh
[12.034s] -- Installing: /home/meteor/ROS2/MickRobot/Graduation_project_ws/install/ranger_msgs/share/ranger_msgs/environment/pythonpath.dsv
[12.034s] -- Installing: /home/meteor/ROS2/MickRobot/Graduation_project_ws/install/ranger_msgs/local/lib/python3.10/dist-packages/ranger_msgs-0.0.1-py3.10.egg-info
[12.034s] -- Installing: /home/meteor/ROS2/MickRobot/Graduation_project_ws/install/ranger_msgs/local/lib/python3.10/dist-packages/ranger_msgs-0.0.1-py3.10.egg-info/dependency_links.txt
[12.034s] -- Installing: /home/meteor/ROS2/MickRobot/Graduation_project_ws/install/ranger_msgs/local/lib/python3.10/dist-packages/ranger_msgs-0.0.1-py3.10.egg-info/PKG-INFO
[12.034s] -- Installing: /home/meteor/ROS2/MickRobot/Graduation_project_ws/install/ranger_msgs/local/lib/python3.10/dist-packages/ranger_msgs-0.0.1-py3.10.egg-info/SOURCES.txt
[12.034s] -- Installing: /home/meteor/ROS2/MickRobot/Graduation_project_ws/install/ranger_msgs/local/lib/python3.10/dist-packages/ranger_msgs-0.0.1-py3.10.egg-info/top_level.txt
[12.034s] -- Installing: /home/meteor/ROS2/MickRobot/Graduation_project_ws/install/ranger_msgs/local/lib/python3.10/dist-packages/ranger_msgs
[12.034s] -- Installing: /home/meteor/ROS2/MickRobot/Graduation_project_ws/install/ranger_msgs/local/lib/python3.10/dist-packages/ranger_msgs/ranger_msgs_s__rosidl_typesupport_fastrtps_c.cpython-310-x86_64-linux-gnu.so
[12.034s] -- Installing: /home/meteor/ROS2/MickRobot/Graduation_project_ws/install/ranger_msgs/local/lib/python3.10/dist-packages/ranger_msgs/libranger_msgs__rosidl_generator_py.so
[12.035s] -- Installing: /home/meteor/ROS2/MickRobot/Graduation_project_ws/install/ranger_msgs/local/lib/python3.10/dist-packages/ranger_msgs/msg
[12.035s] -- Installing: /home/meteor/ROS2/MickRobot/Graduation_project_ws/install/ranger_msgs/local/lib/python3.10/dist-packages/ranger_msgs/msg/_motor_state_s.c
[12.035s] -- Installing: /home/meteor/ROS2/MickRobot/Graduation_project_ws/install/ranger_msgs/local/lib/python3.10/dist-packages/ranger_msgs/msg/_system_state_s.c
[12.035s] -- Installing: /home/meteor/ROS2/MickRobot/Graduation_project_ws/install/ranger_msgs/local/lib/python3.10/dist-packages/ranger_msgs/msg/_motion_state.py
[12.035s] -- Installing: /home/meteor/ROS2/MickRobot/Graduation_project_ws/install/ranger_msgs/local/lib/python3.10/dist-packages/ranger_msgs/msg/_driver_state_s.c
[12.035s] -- Installing: /home/meteor/ROS2/MickRobot/Graduation_project_ws/install/ranger_msgs/local/lib/python3.10/dist-packages/ranger_msgs/msg/_actuator_state_array_s.c
[12.035s] -- Installing: /home/meteor/ROS2/MickRobot/Graduation_project_ws/install/ranger_msgs/local/lib/python3.10/dist-packages/ranger_msgs/msg/__init__.py
[12.035s] -- Installing: /home/meteor/ROS2/MickRobot/Graduation_project_ws/install/ranger_msgs/local/lib/python3.10/dist-packages/ranger_msgs/msg/_actuator_state_array.py
[12.035s] -- Installing: /home/meteor/ROS2/MickRobot/Graduation_project_ws/install/ranger_msgs/local/lib/python3.10/dist-packages/ranger_msgs/msg/_motor_state.py
[12.035s] -- Installing: /home/meteor/ROS2/MickRobot/Graduation_project_ws/install/ranger_msgs/local/lib/python3.10/dist-packages/ranger_msgs/msg/_system_state.py
[12.035s] -- Installing: /home/meteor/ROS2/MickRobot/Graduation_project_ws/install/ranger_msgs/local/lib/python3.10/dist-packages/ranger_msgs/msg/_driver_state.py
[12.035s] -- Installing: /home/meteor/ROS2/MickRobot/Graduation_project_ws/install/ranger_msgs/local/lib/python3.10/dist-packages/ranger_msgs/msg/_actuator_state_s.c
[12.035s] -- Installing: /home/meteor/ROS2/MickRobot/Graduation_project_ws/install/ranger_msgs/local/lib/python3.10/dist-packages/ranger_msgs/msg/_motion_state_s.c
[12.035s] -- Installing: /home/meteor/ROS2/MickRobot/Graduation_project_ws/install/ranger_msgs/local/lib/python3.10/dist-packages/ranger_msgs/msg/_actuator_state.py
[12.036s] -- Installing: /home/meteor/ROS2/MickRobot/Graduation_project_ws/install/ranger_msgs/local/lib/python3.10/dist-packages/ranger_msgs/ranger_msgs_s__rosidl_typesupport_introspection_c.cpython-310-x86_64-linux-gnu.so
[12.036s] -- Installing: /home/meteor/ROS2/MickRobot/Graduation_project_ws/install/ranger_msgs/local/lib/python3.10/dist-packages/ranger_msgs/__init__.py
[12.036s] -- Installing: /home/meteor/ROS2/MickRobot/Graduation_project_ws/install/ranger_msgs/local/lib/python3.10/dist-packages/ranger_msgs/ranger_msgs_s__rosidl_typesupport_c.cpython-310-x86_64-linux-gnu.so
[12.036s] -- Installing: /home/meteor/ROS2/MickRobot/Graduation_project_ws/install/ranger_msgs/local/lib/python3.10/dist-packages/ranger_msgs/_ranger_msgs_s.ep.rosidl_typesupport_introspection_c.c
[12.036s] -- Installing: /home/meteor/ROS2/MickRobot/Graduation_project_ws/install/ranger_msgs/local/lib/python3.10/dist-packages/ranger_msgs/_ranger_msgs_s.ep.rosidl_typesupport_fastrtps_c.c
[12.036s] -- Installing: /home/meteor/ROS2/MickRobot/Graduation_project_ws/install/ranger_msgs/local/lib/python3.10/dist-packages/ranger_msgs/_ranger_msgs_s.ep.rosidl_typesupport_c.c
[12.070s] Listing '/home/meteor/ROS2/MickRobot/Graduation_project_ws/install/ranger_msgs/local/lib/python3.10/dist-packages/ranger_msgs'...
[12.070s] Compiling '/home/meteor/ROS2/MickRobot/Graduation_project_ws/install/ranger_msgs/local/lib/python3.10/dist-packages/ranger_msgs/__init__.py'...
[12.070s] Listing '/home/meteor/ROS2/MickRobot/Graduation_project_ws/install/ranger_msgs/local/lib/python3.10/dist-packages/ranger_msgs/msg'...
[12.070s] Compiling '/home/meteor/ROS2/MickRobot/Graduation_project_ws/install/ranger_msgs/local/lib/python3.10/dist-packages/ranger_msgs/msg/__init__.py'...
[12.070s] Compiling '/home/meteor/ROS2/MickRobot/Graduation_project_ws/install/ranger_msgs/local/lib/python3.10/dist-packages/ranger_msgs/msg/_actuator_state.py'...
[12.070s] Compiling '/home/meteor/ROS2/MickRobot/Graduation_project_ws/install/ranger_msgs/local/lib/python3.10/dist-packages/ranger_msgs/msg/_actuator_state_array.py'...
[12.070s] Compiling '/home/meteor/ROS2/MickRobot/Graduation_project_ws/install/ranger_msgs/local/lib/python3.10/dist-packages/ranger_msgs/msg/_driver_state.py'...
[12.070s] Compiling '/home/meteor/ROS2/MickRobot/Graduation_project_ws/install/ranger_msgs/local/lib/python3.10/dist-packages/ranger_msgs/msg/_motion_state.py'...
[12.070s] Compiling '/home/meteor/ROS2/MickRobot/Graduation_project_ws/install/ranger_msgs/local/lib/python3.10/dist-packages/ranger_msgs/msg/_motor_state.py'...
[12.071s] Compiling '/home/meteor/ROS2/MickRobot/Graduation_project_ws/install/ranger_msgs/local/lib/python3.10/dist-packages/ranger_msgs/msg/_system_state.py'...
[12.077s] -- Installing: /home/meteor/ROS2/MickRobot/Graduation_project_ws/install/ranger_msgs/local/lib/python3.10/dist-packages/ranger_msgs/ranger_msgs_s__rosidl_typesupport_fastrtps_c.cpython-310-x86_64-linux-gnu.so
[12.078s] -- Set runtime path of "/home/meteor/ROS2/MickRobot/Graduation_project_ws/install/ranger_msgs/local/lib/python3.10/dist-packages/ranger_msgs/ranger_msgs_s__rosidl_typesupport_fastrtps_c.cpython-310-x86_64-linux-gnu.so" to ""
[12.078s] -- Installing: /home/meteor/ROS2/MickRobot/Graduation_project_ws/install/ranger_msgs/local/lib/python3.10/dist-packages/ranger_msgs/ranger_msgs_s__rosidl_typesupport_introspection_c.cpython-310-x86_64-linux-gnu.so
[12.078s] -- Set runtime path of "/home/meteor/ROS2/MickRobot/Graduation_project_ws/install/ranger_msgs/local/lib/python3.10/dist-packages/ranger_msgs/ranger_msgs_s__rosidl_typesupport_introspection_c.cpython-310-x86_64-linux-gnu.so" to ""
[12.078s] -- Installing: /home/meteor/ROS2/MickRobot/Graduation_project_ws/install/ranger_msgs/local/lib/python3.10/dist-packages/ranger_msgs/ranger_msgs_s__rosidl_typesupport_c.cpython-310-x86_64-linux-gnu.so
[12.079s] -- Set runtime path of "/home/meteor/ROS2/MickRobot/Graduation_project_ws/install/ranger_msgs/local/lib/python3.10/dist-packages/ranger_msgs/ranger_msgs_s__rosidl_typesupport_c.cpython-310-x86_64-linux-gnu.so" to ""
[12.079s] -- Installing: /home/meteor/ROS2/MickRobot/Graduation_project_ws/install/ranger_msgs/lib/libranger_msgs__rosidl_generator_py.so
[12.079s] -- Set runtime path of "/home/meteor/ROS2/MickRobot/Graduation_project_ws/install/ranger_msgs/lib/libranger_msgs__rosidl_generator_py.so" to ""
[12.079s] -- Installing: /home/meteor/ROS2/MickRobot/Graduation_project_ws/install/ranger_msgs/share/ranger_msgs/msg/ActuatorState.idl
[12.080s] -- Installing: /home/meteor/ROS2/MickRobot/Graduation_project_ws/install/ranger_msgs/share/ranger_msgs/msg/ActuatorStateArray.idl
[12.080s] -- Installing: /home/meteor/ROS2/MickRobot/Graduation_project_ws/install/ranger_msgs/share/ranger_msgs/msg/DriverState.idl
[12.080s] -- Installing: /home/meteor/ROS2/MickRobot/Graduation_project_ws/install/ranger_msgs/share/ranger_msgs/msg/MotionState.idl
[12.080s] -- Installing: /home/meteor/ROS2/MickRobot/Graduation_project_ws/install/ranger_msgs/share/ranger_msgs/msg/MotorState.idl
[12.080s] -- Installing: /home/meteor/ROS2/MickRobot/Graduation_project_ws/install/ranger_msgs/share/ranger_msgs/msg/SystemState.idl
[12.081s] -- Installing: /home/meteor/ROS2/MickRobot/Graduation_project_ws/install/ranger_msgs/share/ranger_msgs/msg/ActuatorState.msg
[12.081s] -- Installing: /home/meteor/ROS2/MickRobot/Graduation_project_ws/install/ranger_msgs/share/ranger_msgs/msg/ActuatorStateArray.msg
[12.081s] -- Installing: /home/meteor/ROS2/MickRobot/Graduation_project_ws/install/ranger_msgs/share/ranger_msgs/msg/DriverState.msg
[12.081s] -- Installing: /home/meteor/ROS2/MickRobot/Graduation_project_ws/install/ranger_msgs/share/ranger_msgs/msg/MotionState.msg
[12.081s] -- Installing: /home/meteor/ROS2/MickRobot/Graduation_project_ws/install/ranger_msgs/share/ranger_msgs/msg/MotorState.msg
[12.082s] -- Installing: /home/meteor/ROS2/MickRobot/Graduation_project_ws/install/ranger_msgs/share/ranger_msgs/msg/SystemState.msg
[12.082s] -- Installing: /home/meteor/ROS2/MickRobot/Graduation_project_ws/install/ranger_msgs/share/ament_index/resource_index/package_run_dependencies/ranger_msgs
[12.082s] -- Installing: /home/meteor/ROS2/MickRobot/Graduation_project_ws/install/ranger_msgs/share/ament_index/resource_index/parent_prefix_path/ranger_msgs
[12.082s] -- Installing: /home/meteor/ROS2/MickRobot/Graduation_project_ws/install/ranger_msgs/share/ranger_msgs/environment/ament_prefix_path.sh
[12.082s] -- Installing: /home/meteor/ROS2/MickRobot/Graduation_project_ws/install/ranger_msgs/share/ranger_msgs/environment/ament_prefix_path.dsv
[12.083s] -- Installing: /home/meteor/ROS2/MickRobot/Graduation_project_ws/install/ranger_msgs/share/ranger_msgs/environment/path.sh
[12.083s] -- Installing: /home/meteor/ROS2/MickRobot/Graduation_project_ws/install/ranger_msgs/share/ranger_msgs/environment/path.dsv
[12.083s] -- Installing: /home/meteor/ROS2/MickRobot/Graduation_project_ws/install/ranger_msgs/share/ranger_msgs/local_setup.bash
[12.083s] -- Installing: /home/meteor/ROS2/MickRobot/Graduation_project_ws/install/ranger_msgs/share/ranger_msgs/local_setup.sh
[12.083s] -- Installing: /home/meteor/ROS2/MickRobot/Graduation_project_ws/install/ranger_msgs/share/ranger_msgs/local_setup.zsh
[12.084s] -- Installing: /home/meteor/ROS2/MickRobot/Graduation_project_ws/install/ranger_msgs/share/ranger_msgs/local_setup.dsv
[12.084s] -- Installing: /home/meteor/ROS2/MickRobot/Graduation_project_ws/install/ranger_msgs/share/ranger_msgs/package.dsv
[12.084s] -- Installing: /home/meteor/ROS2/MickRobot/Graduation_project_ws/install/ranger_msgs/share/ament_index/resource_index/packages/ranger_msgs
[12.084s] -- Installing: /home/meteor/ROS2/MickRobot/Graduation_project_ws/install/ranger_msgs/share/ranger_msgs/cmake/export_ranger_msgs__rosidl_generator_cExport.cmake
[12.085s] -- Installing: /home/meteor/ROS2/MickRobot/Graduation_project_ws/install/ranger_msgs/share/ranger_msgs/cmake/export_ranger_msgs__rosidl_generator_cExport-noconfig.cmake
[12.085s] -- Installing: /home/meteor/ROS2/MickRobot/Graduation_project_ws/install/ranger_msgs/share/ranger_msgs/cmake/export_ranger_msgs__rosidl_typesupport_fastrtps_cExport.cmake
[12.085s] -- Installing: /home/meteor/ROS2/MickRobot/Graduation_project_ws/install/ranger_msgs/share/ranger_msgs/cmake/export_ranger_msgs__rosidl_typesupport_fastrtps_cExport-noconfig.cmake
[12.085s] -- Installing: /home/meteor/ROS2/MickRobot/Graduation_project_ws/install/ranger_msgs/share/ranger_msgs/cmake/export_ranger_msgs__rosidl_generator_cppExport.cmake
[12.085s] -- Installing: /home/meteor/ROS2/MickRobot/Graduation_project_ws/install/ranger_msgs/share/ranger_msgs/cmake/export_ranger_msgs__rosidl_typesupport_fastrtps_cppExport.cmake
[12.085s] -- Installing: /home/meteor/ROS2/MickRobot/Graduation_project_ws/install/ranger_msgs/share/ranger_msgs/cmake/export_ranger_msgs__rosidl_typesupport_fastrtps_cppExport-noconfig.cmake
[12.086s] -- Installing: /home/meteor/ROS2/MickRobot/Graduation_project_ws/install/ranger_msgs/share/ranger_msgs/cmake/ranger_msgs__rosidl_typesupport_introspection_cExport.cmake
[12.086s] -- Installing: /home/meteor/ROS2/MickRobot/Graduation_project_ws/install/ranger_msgs/share/ranger_msgs/cmake/ranger_msgs__rosidl_typesupport_introspection_cExport-noconfig.cmake
[12.086s] -- Installing: /home/meteor/ROS2/MickRobot/Graduation_project_ws/install/ranger_msgs/share/ranger_msgs/cmake/ranger_msgs__rosidl_typesupport_cExport.cmake
[12.086s] -- Installing: /home/meteor/ROS2/MickRobot/Graduation_project_ws/install/ranger_msgs/share/ranger_msgs/cmake/ranger_msgs__rosidl_typesupport_cExport-noconfig.cmake
[12.087s] -- Installing: /home/meteor/ROS2/MickRobot/Graduation_project_ws/install/ranger_msgs/share/ranger_msgs/cmake/ranger_msgs__rosidl_typesupport_introspection_cppExport.cmake
[12.087s] -- Installing: /home/meteor/ROS2/MickRobot/Graduation_project_ws/install/ranger_msgs/share/ranger_msgs/cmake/ranger_msgs__rosidl_typesupport_introspection_cppExport-noconfig.cmake
[12.087s] -- Installing: /home/meteor/ROS2/MickRobot/Graduation_project_ws/install/ranger_msgs/share/ranger_msgs/cmake/ranger_msgs__rosidl_typesupport_cppExport.cmake
[12.087s] -- Installing: /home/meteor/ROS2/MickRobot/Graduation_project_ws/install/ranger_msgs/share/ranger_msgs/cmake/ranger_msgs__rosidl_typesupport_cppExport-noconfig.cmake
[12.087s] -- Installing: /home/meteor/ROS2/MickRobot/Graduation_project_ws/install/ranger_msgs/share/ranger_msgs/cmake/export_ranger_msgs__rosidl_generator_pyExport.cmake
[12.088s] -- Installing: /home/meteor/ROS2/MickRobot/Graduation_project_ws/install/ranger_msgs/share/ranger_msgs/cmake/export_ranger_msgs__rosidl_generator_pyExport-noconfig.cmake
[12.088s] -- Installing: /home/meteor/ROS2/MickRobot/Graduation_project_ws/install/ranger_msgs/share/ranger_msgs/cmake/rosidl_cmake-extras.cmake
[12.088s] -- Installing: /home/meteor/ROS2/MickRobot/Graduation_project_ws/install/ranger_msgs/share/ranger_msgs/cmake/ament_cmake_export_dependencies-extras.cmake
[12.088s] -- Installing: /home/meteor/ROS2/MickRobot/Graduation_project_ws/install/ranger_msgs/share/ranger_msgs/cmake/ament_cmake_export_include_directories-extras.cmake
[12.088s] -- Installing: /home/meteor/ROS2/MickRobot/Graduation_project_ws/install/ranger_msgs/share/ranger_msgs/cmake/ament_cmake_export_libraries-extras.cmake
[12.089s] -- Installing: /home/meteor/ROS2/MickRobot/Graduation_project_ws/install/ranger_msgs/share/ranger_msgs/cmake/ament_cmake_export_targets-extras.cmake
[12.089s] -- Installing: /home/meteor/ROS2/MickRobot/Graduation_project_ws/install/ranger_msgs/share/ranger_msgs/cmake/rosidl_cmake_export_typesupport_targets-extras.cmake
[12.089s] -- Installing: /home/meteor/ROS2/MickRobot/Graduation_project_ws/install/ranger_msgs/share/ranger_msgs/cmake/rosidl_cmake_export_typesupport_libraries-extras.cmake
[12.089s] -- Installing: /home/meteor/ROS2/MickRobot/Graduation_project_ws/install/ranger_msgs/share/ranger_msgs/cmake/ranger_msgsConfig.cmake
[12.089s] -- Installing: /home/meteor/ROS2/MickRobot/Graduation_project_ws/install/ranger_msgs/share/ranger_msgs/cmake/ranger_msgsConfig-version.cmake
[12.090s] -- Installing: /home/meteor/ROS2/MickRobot/Graduation_project_ws/install/ranger_msgs/share/ranger_msgs/package.xml
[12.093s] Invoked command in '/home/meteor/ROS2/MickRobot/Graduation_project_ws/build/ranger_msgs' returned '0': CMAKE_PREFIX_PATH=${CMAKE_PREFIX_PATH}:/home/meteor/ROS2/MickRobot/mick_robot_ws/install/path_tracking:/home/meteor/ROS2/MickRobot/mick_robot_ws/install/keyboard:/opt/ros/humble /usr/bin/cmake --install /home/meteor/ROS2/MickRobot/Graduation_project_ws/build/ranger_msgs
