[0.160s] Invoking command in '/home/meteor/ROS2/MickRobot/Graduation_project_ws/build/orbbec_camera': CMAKE_PREFIX_PATH=/home/meteor/ROS2/MickRobot/Graduation_project_ws/install/orbbec_camera_msgs:/home/meteor/ROS2/MickRobot/Graduation_project_ws/install/ranger_base:/home/meteor/ROS2/MickRobot/Graduation_project_ws/install/ranger_controller:/home/meteor/ROS2/MickRobot/Graduation_project_ws/install/pointcloud_refinement:/home/meteor/ROS2/MickRobot/Graduation_project_ws/install/aruco_detector:/opt/ros/humble:/home/meteor/ROS2/MickRobot/Graduation_project_ws/install/ugv_sdk:/home/meteor/ROS2/MickRobot/Graduation_project_ws/install/ranger_msgs:/home/meteor/ROS2/MickRobot/Graduation_project_ws/install/ranger_bringup:/home/meteor/ROS2/MickRobot/Graduation_project_ws/install/orbbec_description:/home/meteor/ROS2/MickRobot/Graduation_project_ws/install/orbbec_camera LD_LIBRARY_PATH=/home/meteor/ROS2/MickRobot/Graduation_project_ws/install/orbbec_camera_msgs/lib:/home/meteor/ROS2/MickRobot/Graduation_project_ws/install/ranger_msgs/lib:/home/meteor/ROS2/MickRobot/Graduation_project_ws/install/orbbec_camera/lib:/opt/ros/humble/opt/rviz_ogre_vendor/lib:/opt/ros/humble/lib/x86_64-linux-gnu:/opt/ros/humble/lib /usr/bin/cmake --build /home/meteor/ROS2/MickRobot/Graduation_project_ws/build/orbbec_camera -- -j16 -l16
[1.867s] [ 17%] Built target multi_save_rgbir_node
[1.867s] [ 17%] Built target start_benchmark_node
[1.867s] [ 17%] Built target orbbec_camera_node
[1.867s] [ 17%] Built target frame_latency_node
[1.912s] [ 22%] Built target frame_latency
[2.064s] [ 28%] Built target multi_save_rgbir
[2.065s] [ 33%] Built target start_benchmark
[2.072s] [ 60%] Built target orbbec_camera
[2.251s] [ 64%] Built target ob_benchmark_node
[2.251s] [ 68%] Built target list_depth_work_mode_node
[2.251s] [ 73%] Built target set_device_ip
[2.257s] [ 82%] Built target 435le_example_node
[2.257s] [ 82%] Built target image_sync_example_node
[2.274s] [ 86%] Built target list_camera_profile_mode_node
[2.307s] [ 91%] Built target service_benchmark_node
[2.341s] [ 95%] Built target topic_statistics_node
[2.373s] [100%] Built target list_devices_node
[2.384s] Invoked command in '/home/meteor/ROS2/MickRobot/Graduation_project_ws/build/orbbec_camera' returned '0': CMAKE_PREFIX_PATH=/home/meteor/ROS2/MickRobot/Graduation_project_ws/install/orbbec_camera_msgs:/home/meteor/ROS2/MickRobot/Graduation_project_ws/install/ranger_base:/home/meteor/ROS2/MickRobot/Graduation_project_ws/install/ranger_controller:/home/meteor/ROS2/MickRobot/Graduation_project_ws/install/pointcloud_refinement:/home/meteor/ROS2/MickRobot/Graduation_project_ws/install/aruco_detector:/opt/ros/humble:/home/meteor/ROS2/MickRobot/Graduation_project_ws/install/ugv_sdk:/home/meteor/ROS2/MickRobot/Graduation_project_ws/install/ranger_msgs:/home/meteor/ROS2/MickRobot/Graduation_project_ws/install/ranger_bringup:/home/meteor/ROS2/MickRobot/Graduation_project_ws/install/orbbec_description:/home/meteor/ROS2/MickRobot/Graduation_project_ws/install/orbbec_camera LD_LIBRARY_PATH=/home/meteor/ROS2/MickRobot/Graduation_project_ws/install/orbbec_camera_msgs/lib:/home/meteor/ROS2/MickRobot/Graduation_project_ws/install/ranger_msgs/lib:/home/meteor/ROS2/MickRobot/Graduation_project_ws/install/orbbec_camera/lib:/opt/ros/humble/opt/rviz_ogre_vendor/lib:/opt/ros/humble/lib/x86_64-linux-gnu:/opt/ros/humble/lib /usr/bin/cmake --build /home/meteor/ROS2/MickRobot/Graduation_project_ws/build/orbbec_camera -- -j16 -l16
[2.460s] Invoking command in '/home/meteor/ROS2/MickRobot/Graduation_project_ws/build/orbbec_camera': CMAKE_PREFIX_PATH=/home/meteor/ROS2/MickRobot/Graduation_project_ws/install/orbbec_camera_msgs:/home/meteor/ROS2/MickRobot/Graduation_project_ws/install/ranger_base:/home/meteor/ROS2/MickRobot/Graduation_project_ws/install/ranger_controller:/home/meteor/ROS2/MickRobot/Graduation_project_ws/install/pointcloud_refinement:/home/meteor/ROS2/MickRobot/Graduation_project_ws/install/aruco_detector:/opt/ros/humble:/home/meteor/ROS2/MickRobot/Graduation_project_ws/install/ugv_sdk:/home/meteor/ROS2/MickRobot/Graduation_project_ws/install/ranger_msgs:/home/meteor/ROS2/MickRobot/Graduation_project_ws/install/ranger_bringup:/home/meteor/ROS2/MickRobot/Graduation_project_ws/install/orbbec_description:/home/meteor/ROS2/MickRobot/Graduation_project_ws/install/orbbec_camera LD_LIBRARY_PATH=/home/meteor/ROS2/MickRobot/Graduation_project_ws/install/orbbec_camera_msgs/lib:/home/meteor/ROS2/MickRobot/Graduation_project_ws/install/ranger_msgs/lib:/home/meteor/ROS2/MickRobot/Graduation_project_ws/install/orbbec_camera/lib:/opt/ros/humble/opt/rviz_ogre_vendor/lib:/opt/ros/humble/lib/x86_64-linux-gnu:/opt/ros/humble/lib /usr/bin/cmake --install /home/meteor/ROS2/MickRobot/Graduation_project_ws/build/orbbec_camera
[2.631s] -- Install configuration: ""
[2.685s] -- Up-to-date: /home/meteor/ROS2/MickRobot/Graduation_project_ws/install/orbbec_camera/lib/orbbec_camera/orbbec_camera_node
[2.685s] -- Up-to-date: /home/meteor/ROS2/MickRobot/Graduation_project_ws/install/orbbec_camera/lib/orbbec_camera/common_benchmark_node.py
[2.685s] -- Up-to-date: /home/meteor/ROS2/MickRobot/Graduation_project_ws/install/orbbec_camera/lib/orbbec_camera/service_benchmark_node.py
[2.686s] -- Up-to-date: /home/meteor/ROS2/MickRobot/Graduation_project_ws/install/orbbec_camera/lib/orbbec_camera/frame_latency_node
[2.688s] -- Up-to-date: /home/meteor/ROS2/MickRobot/Graduation_project_ws/install/orbbec_camera/lib/orbbec_camera/start_benchmark_node
[2.689s] -- Up-to-date: /home/meteor/ROS2/MickRobot/Graduation_project_ws/install/orbbec_camera/lib/orbbec_camera/multi_save_rgbir_node
[2.715s] -- Up-to-date: /home/meteor/ROS2/MickRobot/Graduation_project_ws/install/orbbec_camera/lib/liborbbec_camera.so
[2.986s] -- Up-to-date: /home/meteor/ROS2/MickRobot/Graduation_project_ws/install/orbbec_camera/lib/libframe_latency.so
[3.063s] -- Up-to-date: /home/meteor/ROS2/MickRobot/Graduation_project_ws/install/orbbec_camera/lib/libstart_benchmark.so
[3.188s] -- Up-to-date: /home/meteor/ROS2/MickRobot/Graduation_project_ws/install/orbbec_camera/lib/libmulti_save_rgbir.so
[3.188s] -- Up-to-date: /home/meteor/ROS2/MickRobot/Graduation_project_ws/install/orbbec_camera/include
[3.188s] -- Up-to-date: /home/meteor/ROS2/MickRobot/Graduation_project_ws/install/orbbec_camera/include/magic_enum
[3.189s] -- Up-to-date: /home/meteor/ROS2/MickRobot/Graduation_project_ws/install/orbbec_camera/include/magic_enum/magic_enum.hpp
[3.189s] -- Up-to-date: /home/meteor/ROS2/MickRobot/Graduation_project_ws/install/orbbec_camera/include/orbbec_camera
[3.189s] -- Up-to-date: /home/meteor/ROS2/MickRobot/Graduation_project_ws/install/orbbec_camera/include/orbbec_camera/ob_camera_node.h
[3.189s] -- Up-to-date: /home/meteor/ROS2/MickRobot/Graduation_project_ws/install/orbbec_camera/include/orbbec_camera/d2c_viewer.h
[3.189s] -- Up-to-date: /home/meteor/ROS2/MickRobot/Graduation_project_ws/install/orbbec_camera/include/orbbec_camera/jetson_nv_decoder.h
[3.189s] -- Up-to-date: /home/meteor/ROS2/MickRobot/Graduation_project_ws/install/orbbec_camera/include/orbbec_camera/image_publisher.h
[3.189s] -- Up-to-date: /home/meteor/ROS2/MickRobot/Graduation_project_ws/install/orbbec_camera/include/orbbec_camera/ros_param_backend.h
[3.189s] -- Up-to-date: /home/meteor/ROS2/MickRobot/Graduation_project_ws/install/orbbec_camera/include/orbbec_camera/fps_counter.hpp
[3.190s] -- Up-to-date: /home/meteor/ROS2/MickRobot/Graduation_project_ws/install/orbbec_camera/include/orbbec_camera/synced_imu_publisher.h
[3.190s] -- Up-to-date: /home/meteor/ROS2/MickRobot/Graduation_project_ws/install/orbbec_camera/include/orbbec_camera/ob_camera_node_driver.h
[3.190s] -- Up-to-date: /home/meteor/ROS2/MickRobot/Graduation_project_ws/install/orbbec_camera/include/orbbec_camera/dynamic_params.h
[3.190s] -- Up-to-date: /home/meteor/ROS2/MickRobot/Graduation_project_ws/install/orbbec_camera/include/orbbec_camera/fps_delay_status.hpp
[3.190s] -- Up-to-date: /home/meteor/ROS2/MickRobot/Graduation_project_ws/install/orbbec_camera/include/orbbec_camera/constants.h
[3.190s] -- Up-to-date: /home/meteor/ROS2/MickRobot/Graduation_project_ws/install/orbbec_camera/include/orbbec_camera/utils.h
[3.190s] -- Up-to-date: /home/meteor/ROS2/MickRobot/Graduation_project_ws/install/orbbec_camera/include/orbbec_camera/jpeg_decoder.h
[3.190s] -- Up-to-date: /home/meteor/ROS2/MickRobot/Graduation_project_ws/install/orbbec_camera/include/orbbec_camera/rk_mpp_decoder.h
[3.190s] -- Up-to-date: /home/meteor/ROS2/MickRobot/Graduation_project_ws/install/orbbec_camera/include/orbbec_camera/ob_lidar_node.h
[3.190s] -- Up-to-date: /home/meteor/ROS2/MickRobot/Graduation_project_ws/install/orbbec_camera/share/orbbec_camera//launch
[3.190s] -- Up-to-date: /home/meteor/ROS2/MickRobot/Graduation_project_ws/install/orbbec_camera/share/orbbec_camera//launch/dabai_a.launch.py
[3.191s] -- Up-to-date: /home/meteor/ROS2/MickRobot/Graduation_project_ws/install/orbbec_camera/share/orbbec_camera//launch/multi_camera_synced.launch.py
[3.191s] -- Up-to-date: /home/meteor/ROS2/MickRobot/Graduation_project_ws/install/orbbec_camera/share/orbbec_camera//launch/gemini2.launch.py
[3.191s] -- Up-to-date: /home/meteor/ROS2/MickRobot/Graduation_project_ws/install/orbbec_camera/share/orbbec_camera//launch/gemini_330_series.launch.py
[3.191s] -- Up-to-date: /home/meteor/ROS2/MickRobot/Graduation_project_ws/install/orbbec_camera/share/orbbec_camera//launch/dabai_dcw2.launch.py
[3.191s] -- Up-to-date: /home/meteor/ROS2/MickRobot/Graduation_project_ws/install/orbbec_camera/share/orbbec_camera//launch/gemini345.launch.py
[3.191s] -- Up-to-date: /home/meteor/ROS2/MickRobot/Graduation_project_ws/install/orbbec_camera/share/orbbec_camera//launch/gemini435_le.launch.py
[3.191s] -- Up-to-date: /home/meteor/ROS2/MickRobot/Graduation_project_ws/install/orbbec_camera/share/orbbec_camera//launch/multi_camera.launch.py
[3.191s] -- Up-to-date: /home/meteor/ROS2/MickRobot/Graduation_project_ws/install/orbbec_camera/share/orbbec_camera//launch/orbbec_camera.launch.py
[3.191s] -- Up-to-date: /home/meteor/ROS2/MickRobot/Graduation_project_ws/install/orbbec_camera/share/orbbec_camera//launch/dabai_max_pro.launch.py
[3.191s] -- Up-to-date: /home/meteor/ROS2/MickRobot/Graduation_project_ws/install/orbbec_camera/share/orbbec_camera//launch/femto_mega.launch.py
[3.191s] -- Up-to-date: /home/meteor/ROS2/MickRobot/Graduation_project_ws/install/orbbec_camera/share/orbbec_camera//launch/gemini_intra_process_demo_launch.py
[3.191s] -- Up-to-date: /home/meteor/ROS2/MickRobot/Graduation_project_ws/install/orbbec_camera/share/orbbec_camera//launch/gemini2L.launch.py
[3.191s] -- Up-to-date: /home/meteor/ROS2/MickRobot/Graduation_project_ws/install/orbbec_camera/share/orbbec_camera//launch/multi_lidar.launch.py
[3.191s] -- Up-to-date: /home/meteor/ROS2/MickRobot/Graduation_project_ws/install/orbbec_camera/share/orbbec_camera//launch/astra.launch.py
[3.191s] -- Up-to-date: /home/meteor/ROS2/MickRobot/Graduation_project_ws/install/orbbec_camera/share/orbbec_camera//launch/gemini210.launch.py
[3.192s] -- Up-to-date: /home/meteor/ROS2/MickRobot/Graduation_project_ws/install/orbbec_camera/share/orbbec_camera//launch/utils_yaml.py
[3.192s] -- Up-to-date: /home/meteor/ROS2/MickRobot/Graduation_project_ws/install/orbbec_camera/share/orbbec_camera//launch/lidar.launch.py
[3.192s] -- Up-to-date: /home/meteor/ROS2/MickRobot/Graduation_project_ws/install/orbbec_camera/share/orbbec_camera//launch/dabai_al.launch.py
[3.192s] -- Up-to-date: /home/meteor/ROS2/MickRobot/Graduation_project_ws/install/orbbec_camera/share/orbbec_camera//launch/gemini_330_series_low_cpu.launch.py
[3.192s] -- Up-to-date: /home/meteor/ROS2/MickRobot/Graduation_project_ws/install/orbbec_camera/share/orbbec_camera//launch/__pycache__
[3.192s] -- Up-to-date: /home/meteor/ROS2/MickRobot/Graduation_project_ws/install/orbbec_camera/share/orbbec_camera//launch/__pycache__/gemini_330_series.launch.cpython-310.pyc
[3.192s] -- Up-to-date: /home/meteor/ROS2/MickRobot/Graduation_project_ws/install/orbbec_camera/share/orbbec_camera//launch/astra2.launch.py
[3.192s] -- Up-to-date: /home/meteor/ROS2/MickRobot/Graduation_project_ws/install/orbbec_camera/share/orbbec_camera//launch/gemini305.launch.py
[3.192s] -- Up-to-date: /home/meteor/ROS2/MickRobot/Graduation_project_ws/install/orbbec_camera/share/orbbec_camera//launch/gemini345_lg.launch.py
[3.192s] -- Up-to-date: /home/meteor/ROS2/MickRobot/Graduation_project_ws/install/orbbec_camera/share/orbbec_camera//launch/orbbec_multicamera.launch.py
[3.192s] -- Up-to-date: /home/meteor/ROS2/MickRobot/Graduation_project_ws/install/orbbec_camera/share/orbbec_camera//launch/femto.launch.py
[3.192s] -- Up-to-date: /home/meteor/ROS2/MickRobot/Graduation_project_ws/install/orbbec_camera/share/orbbec_camera//launch/femto_bolt.launch.py
[3.192s] -- Up-to-date: /home/meteor/ROS2/MickRobot/Graduation_project_ws/install/orbbec_camera/share/orbbec_camera//config
[3.193s] -- Up-to-date: /home/meteor/ROS2/MickRobot/Graduation_project_ws/install/orbbec_camera/share/orbbec_camera//config/gemini305_dual_color.yaml
[3.193s] -- Up-to-date: /home/meteor/ROS2/MickRobot/Graduation_project_ws/install/orbbec_camera/share/orbbec_camera//config/depthfilter
[3.193s] -- Up-to-date: /home/meteor/ROS2/MickRobot/Graduation_project_ws/install/orbbec_camera/share/orbbec_camera//config/depthfilter/Gemini2_v1.7.json
[3.193s] -- Up-to-date: /home/meteor/ROS2/MickRobot/Graduation_project_ws/install/orbbec_camera/share/orbbec_camera//config/depthfilter/Openni_device.json
[3.193s] -- Up-to-date: /home/meteor/ROS2/MickRobot/Graduation_project_ws/install/orbbec_camera/share/orbbec_camera//config/.gitkeep
[3.193s] -- Up-to-date: /home/meteor/ROS2/MickRobot/Graduation_project_ws/install/orbbec_camera/share/orbbec_camera//config/tools
[3.193s] -- Up-to-date: /home/meteor/ROS2/MickRobot/Graduation_project_ws/install/orbbec_camera/share/orbbec_camera//config/tools/startbenchmark
[3.193s] -- Up-to-date: /home/meteor/ROS2/MickRobot/Graduation_project_ws/install/orbbec_camera/share/orbbec_camera//config/tools/startbenchmark/start_benchmark_params.json
[3.193s] -- Up-to-date: /home/meteor/ROS2/MickRobot/Graduation_project_ws/install/orbbec_camera/share/orbbec_camera//config/tools/multisavergbir
[3.193s] -- Up-to-date: /home/meteor/ROS2/MickRobot/Graduation_project_ws/install/orbbec_camera/share/orbbec_camera//config/tools/multisavergbir/multi_save_rgbir_params.json
[3.193s] -- Up-to-date: /home/meteor/ROS2/MickRobot/Graduation_project_ws/install/orbbec_camera/share/orbbec_camera//config/common.yaml
[3.193s] -- Up-to-date: /home/meteor/ROS2/MickRobot/Graduation_project_ws/install/orbbec_camera/share/orbbec_camera//config/camera_secondary_params.yaml
[3.193s] -- Up-to-date: /home/meteor/ROS2/MickRobot/Graduation_project_ws/install/orbbec_camera/share/orbbec_camera//config/astra2.yaml
[3.193s] -- Up-to-date: /home/meteor/ROS2/MickRobot/Graduation_project_ws/install/orbbec_camera/share/orbbec_camera//config/gemini2L.yaml
[3.194s] -- Up-to-date: /home/meteor/ROS2/MickRobot/Graduation_project_ws/install/orbbec_camera/share/orbbec_camera//config/gemini2.yaml
[3.194s] -- Up-to-date: /home/meteor/ROS2/MickRobot/Graduation_project_ws/install/orbbec_camera/share/orbbec_camera//config/OrbbecSDKConfig_v2.0.xml
[3.194s] -- Up-to-date: /home/meteor/ROS2/MickRobot/Graduation_project_ws/install/orbbec_camera/share/orbbec_camera//config/femto.yaml
[3.194s] -- Up-to-date: /home/meteor/ROS2/MickRobot/Graduation_project_ws/install/orbbec_camera/share/orbbec_camera//config/femto_bolt.yaml
[3.194s] -- Up-to-date: /home/meteor/ROS2/MickRobot/Graduation_project_ws/install/orbbec_camera/share/orbbec_camera//config/gemini330Lg_series.yaml
[3.194s] -- Up-to-date: /home/meteor/ROS2/MickRobot/Graduation_project_ws/install/orbbec_camera/share/orbbec_camera//config/camera_params.yaml
[3.194s] -- Up-to-date: /home/meteor/ROS2/MickRobot/Graduation_project_ws/install/orbbec_camera/share/orbbec_camera//config/gemini330_series.yaml
[3.194s] -- Up-to-date: /home/meteor/ROS2/MickRobot/Graduation_project_ws/install/orbbec_camera/share/orbbec_camera//config/femto_mega.yaml
[3.194s] -- Up-to-date: /home/meteor/ROS2/MickRobot/Graduation_project_ws/install/orbbec_camera/share/orbbec_camera//examples
[3.194s] -- Up-to-date: /home/meteor/ROS2/MickRobot/Graduation_project_ws/install/orbbec_camera/share/orbbec_camera//examples/README.MD
[3.194s] -- Up-to-date: /home/meteor/ROS2/MickRobot/Graduation_project_ws/install/orbbec_camera/share/orbbec_camera//examples/benchmark
[3.194s] -- Up-to-date: /home/meteor/ROS2/MickRobot/Graduation_project_ws/install/orbbec_camera/share/orbbec_camera//examples/benchmark/ob_benchmark_1.launch.py
[3.194s] -- Up-to-date: /home/meteor/ROS2/MickRobot/Graduation_project_ws/install/orbbec_camera/share/orbbec_camera//examples/benchmark/gemini_330_series_benchmark.launch.py
[3.194s] -- Up-to-date: /home/meteor/ROS2/MickRobot/Graduation_project_ws/install/orbbec_camera/share/orbbec_camera//examples/benchmark/ob_benchmark_0.launch.py
[3.195s] -- Up-to-date: /home/meteor/ROS2/MickRobot/Graduation_project_ws/install/orbbec_camera/share/orbbec_camera//examples/multi_camera_synced_verification_tool
[3.195s] -- Up-to-date: /home/meteor/ROS2/MickRobot/Graduation_project_ws/install/orbbec_camera/share/orbbec_camera//examples/multi_camera_synced_verification_tool/multi_camera_synced_verify.launch.py
[3.195s] -- Up-to-date: /home/meteor/ROS2/MickRobot/Graduation_project_ws/install/orbbec_camera/share/orbbec_camera//examples/multi_camera_synced_verification_tool/gemini_synced_verify.launch.py
[3.195s] -- Up-to-date: /home/meteor/ROS2/MickRobot/Graduation_project_ws/install/orbbec_camera/share/orbbec_camera//examples/multi_camera_synced_verification_tool/multicamera_sync
[3.195s] -- Up-to-date: /home/meteor/ROS2/MickRobot/Graduation_project_ws/install/orbbec_camera/share/orbbec_camera//examples/multi_camera_synced_verification_tool/multicamera_sync/output
[3.195s] -- Up-to-date: /home/meteor/ROS2/MickRobot/Graduation_project_ws/install/orbbec_camera/share/orbbec_camera//examples/multi_camera_synced_verification_tool/multicamera_sync/output/20250218102900
[3.195s] -- Up-to-date: /home/meteor/ROS2/MickRobot/Graduation_project_ws/install/orbbec_camera/share/orbbec_camera//examples/multi_camera_synced_verification_tool/multicamera_sync/output/20250218102900/TotalModeFrames
[3.195s] -- Up-to-date: /home/meteor/ROS2/MickRobot/Graduation_project_ws/install/orbbec_camera/share/orbbec_camera//examples/multi_camera_synced_verification_tool/multicamera_sync/output/20250218102900/TotalModeFrames/SNCP1L44P00051_Index1
[3.195s] -- Up-to-date: /home/meteor/ROS2/MickRobot/Graduation_project_ws/install/orbbec_camera/share/orbbec_camera//examples/multi_camera_synced_verification_tool/multicamera_sync/output/20250218102900/TotalModeFrames/SNCP1L44P00051_Index1/color_SNCP1L44P00051_Index1_g1739874543527_f9_s1739874543616_e50_d16_.jpg
[3.195s] -- Up-to-date: /home/meteor/ROS2/MickRobot/Graduation_project_ws/install/orbbec_camera/share/orbbec_camera//examples/multi_camera_synced_verification_tool/multicamera_sync/output/20250218102900/TotalModeFrames/SNCP1L44P00051_Index1/ir#left_SNCP1L44P00051_Index1_g1739874543427_f6_s1739874543684_e5000_d16_.jpg
[3.195s] -- Up-to-date: /home/meteor/ROS2/MickRobot/Graduation_project_ws/install/orbbec_camera/share/orbbec_camera//examples/multi_camera_synced_verification_tool/multicamera_sync/output/20250218102900/TotalModeFrames/SNCP1L44P00051_Index1/color_SNCP1L44P00051_Index1_g1739874543427_f6_s1739874543485_e50_d16_.jpg
[3.195s] -- Up-to-date: /home/meteor/ROS2/MickRobot/Graduation_project_ws/install/orbbec_camera/share/orbbec_camera//examples/multi_camera_synced_verification_tool/multicamera_sync/output/20250218102900/TotalModeFrames/SNCP1L44P00051_Index1/ir#left_SNCP1L44P00051_Index1_g1739874543494_f8_s1739874543687_e5000_d16_.jpg
[3.195s] -- Up-to-date: /home/meteor/ROS2/MickRobot/Graduation_project_ws/install/orbbec_camera/share/orbbec_camera//examples/multi_camera_synced_verification_tool/multicamera_sync/output/20250218102900/TotalModeFrames/SNCP1L44P00051_Index1/color_SNCP1L44P00051_Index1_g1739874543393_f5_s1739874543470_e50_d16_.jpg
[3.195s] -- Up-to-date: /home/meteor/ROS2/MickRobot/Graduation_project_ws/install/orbbec_camera/share/orbbec_camera//examples/multi_camera_synced_verification_tool/multicamera_sync/output/20250218102900/TotalModeFrames/SNCP1L44P00051_Index1/color_SNCP1L44P00051_Index1_g1739874543494_f8_s1739874543540_e50_d16_.jpg
[3.196s] -- Up-to-date: /home/meteor/ROS2/MickRobot/Graduation_project_ws/install/orbbec_camera/share/orbbec_camera//examples/multi_camera_synced_verification_tool/multicamera_sync/output/20250218102900/TotalModeFrames/SNCP1L44P00051_Index1/ir#left_SNCP1L44P00051_Index1_g1739874543227_f0_s1739874543250_e5000_d16_.jpg
[3.196s] -- Up-to-date: /home/meteor/ROS2/MickRobot/Graduation_project_ws/install/orbbec_camera/share/orbbec_camera//examples/multi_camera_synced_verification_tool/multicamera_sync/output/20250218102900/TotalModeFrames/SNCP1L44P00051_Index1/ir#left_SNCP1L44P00051_Index1_g1739874543394_f5_s1739874543661_e5000_d16_.jpg
[3.196s] -- Up-to-date: /home/meteor/ROS2/MickRobot/Graduation_project_ws/install/orbbec_camera/share/orbbec_camera//examples/multi_camera_synced_verification_tool/multicamera_sync/output/20250218102900/TotalModeFrames/SNCP1L44P00051_Index1/ir#left_SNCP1L44P00051_Index1_g1739874543327_f3_s1739874543460_e5000_d16_.jpg
[3.196s] -- Up-to-date: /home/meteor/ROS2/MickRobot/Graduation_project_ws/install/orbbec_camera/share/orbbec_camera//examples/multi_camera_synced_verification_tool/multicamera_sync/output/20250218102900/TotalModeFrames/SNCP1L44P00051_Index1/color_SNCP1L44P00051_Index1_g1739874543560_f10_s1739874543618_e50_d16_.jpg
[3.196s] -- Up-to-date: /home/meteor/ROS2/MickRobot/Graduation_project_ws/install/orbbec_camera/share/orbbec_camera//examples/multi_camera_synced_verification_tool/multicamera_sync/output/20250218102900/TotalModeFrames/SNCP1L44P00051_Index1/ir#left_SNCP1L44P00051_Index1_g1739874543294_f2_s1739874543319_e5000_d16_.jpg
[3.196s] -- Up-to-date: /home/meteor/ROS2/MickRobot/Graduation_project_ws/install/orbbec_camera/share/orbbec_camera//examples/multi_camera_synced_verification_tool/multicamera_sync/output/20250218102900/TotalModeFrames/SNCP1L44P00051_Index1/ir#left_SNCP1L44P00051_Index1_g1739874543360_f4_s1739874543460_e5000_d16_.jpg
[3.196s] -- Up-to-date: /home/meteor/ROS2/MickRobot/Graduation_project_ws/install/orbbec_camera/share/orbbec_camera//examples/multi_camera_synced_verification_tool/multicamera_sync/output/20250218102900/TotalModeFrames/SNCP1L44P00051_Index1/color_SNCP1L44P00051_Index1_g1739874543293_f2_s1739874543446_e50_d16_.jpg
[3.196s] -- Up-to-date: /home/meteor/ROS2/MickRobot/Graduation_project_ws/install/orbbec_camera/share/orbbec_camera//examples/multi_camera_synced_verification_tool/multicamera_sync/output/20250218102900/TotalModeFrames/SNCP1L44P00051_Index1/ir#left_SNCP1L44P00051_Index1_g1739874543460_f7_s1739874543685_e5000_d16_.jpg
[3.196s] -- Up-to-date: /home/meteor/ROS2/MickRobot/Graduation_project_ws/install/orbbec_camera/share/orbbec_camera//examples/multi_camera_synced_verification_tool/multicamera_sync/output/20250218102900/TotalModeFrames/SNCP1L44P00051_Index1/ir#left_SNCP1L44P00051_Index1_g1739874543260_f1_s1739874543294_e5000_d16_.jpg
[3.196s] -- Up-to-date: /home/meteor/ROS2/MickRobot/Graduation_project_ws/install/orbbec_camera/share/orbbec_camera//examples/multi_camera_synced_verification_tool/multicamera_sync/output/20250218102900/TotalModeFrames/SNCP1L44P00051_Index1/color_SNCP1L44P00051_Index1_g1739874543460_f7_s1739874543505_e50_d16_.jpg
[3.196s] -- Up-to-date: /home/meteor/ROS2/MickRobot/Graduation_project_ws/install/orbbec_camera/share/orbbec_camera//examples/multi_camera_synced_verification_tool/multicamera_sync/output/20250218102900/TotalModeFrames/SNCP1L44P00051_Index1/ir#left_SNCP1L44P00051_Index1_g1739874543527_f10_s1739874543687_e5000_d16_.jpg
[3.196s] -- Up-to-date: /home/meteor/ROS2/MickRobot/Graduation_project_ws/install/orbbec_camera/share/orbbec_camera//examples/multi_camera_synced_verification_tool/multicamera_sync/output/20250218102900/TotalModeFrames/SNCP1L44P00051_Index1/color_SNCP1L44P00051_Index1_g1739874543327_f3_s1739874543458_e50_d16_.jpg
[3.197s] -- Up-to-date: /home/meteor/ROS2/MickRobot/Graduation_project_ws/install/orbbec_camera/share/orbbec_camera//examples/multi_camera_synced_verification_tool/multicamera_sync/output/20250218102900/TotalModeFrames/SNCP1L44P00051_Index1/color_SNCP1L44P00051_Index1_g1739874543260_f1_s1739874543345_e50_d16_.jpg
[3.197s] -- Up-to-date: /home/meteor/ROS2/MickRobot/Graduation_project_ws/install/orbbec_camera/share/orbbec_camera//examples/multi_camera_synced_verification_tool/multicamera_sync/output/20250218102900/TotalModeFrames/SNCP1L44P00051_Index1/color_SNCP1L44P00051_Index1_g1739874543360_f4_s1739874543468_e50_d16_.jpg
[3.197s] -- Up-to-date: /home/meteor/ROS2/MickRobot/Graduation_project_ws/install/orbbec_camera/share/orbbec_camera//examples/multi_camera_synced_verification_tool/multicamera_sync/output/20250218102900/TotalModeFrames/SNCP1L44P00051_Index1/ir#left_SNCP1L44P00051_Index1_g1739874543560_f11_s1739874543687_e5000_d16_.jpg
[3.197s] -- Up-to-date: /home/meteor/ROS2/MickRobot/Graduation_project_ws/install/orbbec_camera/share/orbbec_camera//examples/multi_camera_synced_verification_tool/multicamera_sync/output/20250218102900/TotalModeFrames/SNCP1L44P00051_Index1/color_SNCP1L44P00051_Index1_g1739874543227_f0_s1739874543304_e50_d16_.jpg
[3.197s] -- Up-to-date: /home/meteor/ROS2/MickRobot/Graduation_project_ws/install/orbbec_camera/share/orbbec_camera//examples/multi_camera_synced_verification_tool/multicamera_sync/output/20250218102900/TotalModeFrames/SNCP1E5420006D_Index0
[3.197s] -- Up-to-date: /home/meteor/ROS2/MickRobot/Graduation_project_ws/install/orbbec_camera/share/orbbec_camera//examples/multi_camera_synced_verification_tool/multicamera_sync/output/20250218102900/TotalModeFrames/SNCP1E5420006D_Index0/ir#left_SNCP1E5420006D_Index0_g1739874543427_f6_s1739874543474_e5000_d16_.jpg
[3.197s] -- Up-to-date: /home/meteor/ROS2/MickRobot/Graduation_project_ws/install/orbbec_camera/share/orbbec_camera//examples/multi_camera_synced_verification_tool/multicamera_sync/output/20250218102900/TotalModeFrames/SNCP1E5420006D_Index0/ir#left_SNCP1E5420006D_Index0_g1739874543361_f4_s1739874543405_e5000_d16_.jpg
[3.197s] -- Up-to-date: /home/meteor/ROS2/MickRobot/Graduation_project_ws/install/orbbec_camera/share/orbbec_camera//examples/multi_camera_synced_verification_tool/multicamera_sync/output/20250218102900/TotalModeFrames/SNCP1E5420006D_Index0/ir#left_SNCP1E5420006D_Index0_g1739874543260_f1_s1739874543310_e5000_d16_.jpg
[3.197s] -- Up-to-date: /home/meteor/ROS2/MickRobot/Graduation_project_ws/install/orbbec_camera/share/orbbec_camera//examples/multi_camera_synced_verification_tool/multicamera_sync/output/20250218102900/TotalModeFrames/SNCP1E5420006D_Index0/color_SNCP1E5420006D_Index0_g1739874543327_f3_s1739874543441_e50_d16_.jpg
[3.197s] -- Up-to-date: /home/meteor/ROS2/MickRobot/Graduation_project_ws/install/orbbec_camera/share/orbbec_camera//examples/multi_camera_synced_verification_tool/multicamera_sync/output/20250218102900/TotalModeFrames/SNCP1E5420006D_Index0/color_SNCP1E5420006D_Index0_g1739874543294_f2_s1739874543359_e50_d16_.jpg
[3.197s] -- Up-to-date: /home/meteor/ROS2/MickRobot/Graduation_project_ws/install/orbbec_camera/share/orbbec_camera//examples/multi_camera_synced_verification_tool/multicamera_sync/output/20250218102900/TotalModeFrames/SNCP1E5420006D_Index0/ir#left_SNCP1E5420006D_Index0_g1739874543494_f8_s1739874543528_e5000_d16_.jpg
[3.197s] -- Up-to-date: /home/meteor/ROS2/MickRobot/Graduation_project_ws/install/orbbec_camera/share/orbbec_camera//examples/multi_camera_synced_verification_tool/multicamera_sync/output/20250218102900/TotalModeFrames/SNCP1E5420006D_Index0/color_SNCP1E5420006D_Index0_g1739874543461_f7_s1739874543520_e50_d16_.jpg
[3.197s] -- Up-to-date: /home/meteor/ROS2/MickRobot/Graduation_project_ws/install/orbbec_camera/share/orbbec_camera//examples/multi_camera_synced_verification_tool/multicamera_sync/output/20250218102900/TotalModeFrames/SNCP1E5420006D_Index0/ir#left_SNCP1E5420006D_Index0_g1739874543294_f2_s1739874543329_e5000_d16_.jpg
[3.198s] -- Up-to-date: /home/meteor/ROS2/MickRobot/Graduation_project_ws/install/orbbec_camera/share/orbbec_camera//examples/multi_camera_synced_verification_tool/multicamera_sync/output/20250218102900/TotalModeFrames/SNCP1E5420006D_Index0/color_SNCP1E5420006D_Index0_g1739874543394_f5_s1739874543506_e50_d16_.jpg
[3.198s] -- Up-to-date: /home/meteor/ROS2/MickRobot/Graduation_project_ws/install/orbbec_camera/share/orbbec_camera//examples/multi_camera_synced_verification_tool/multicamera_sync/output/20250218102900/TotalModeFrames/SNCP1E5420006D_Index0/color_SNCP1E5420006D_Index0_g1739874543494_f8_s1739874543548_e50_d16_.jpg
[3.198s] -- Up-to-date: /home/meteor/ROS2/MickRobot/Graduation_project_ws/install/orbbec_camera/share/orbbec_camera//examples/multi_camera_synced_verification_tool/multicamera_sync/output/20250218102900/TotalModeFrames/SNCP1E5420006D_Index0/ir#left_SNCP1E5420006D_Index0_g1739874543327_f3_s1739874543393_e5000_d16_.jpg
[3.198s] -- Up-to-date: /home/meteor/ROS2/MickRobot/Graduation_project_ws/install/orbbec_camera/share/orbbec_camera//examples/multi_camera_synced_verification_tool/multicamera_sync/output/20250218102900/TotalModeFrames/SNCP1E5420006D_Index0/color_SNCP1E5420006D_Index0_g1739874543427_f6_s1739874543518_e50_d16_.jpg
[3.198s] -- Up-to-date: /home/meteor/ROS2/MickRobot/Graduation_project_ws/install/orbbec_camera/share/orbbec_camera//examples/multi_camera_synced_verification_tool/multicamera_sync/output/20250218102900/TotalModeFrames/SNCP1E5420006D_Index0/color_SNCP1E5420006D_Index0_g1739874543527_f9_s1739874543603_e50_d16_.jpg
[3.198s] -- Up-to-date: /home/meteor/ROS2/MickRobot/Graduation_project_ws/install/orbbec_camera/share/orbbec_camera//examples/multi_camera_synced_verification_tool/multicamera_sync/output/20250218102900/TotalModeFrames/SNCP1E5420006D_Index0/ir#left_SNCP1E5420006D_Index0_g1739874543561_f10_s1739874543628_e5000_d16_.jpg
[3.198s] -- Up-to-date: /home/meteor/ROS2/MickRobot/Graduation_project_ws/install/orbbec_camera/share/orbbec_camera//examples/multi_camera_synced_verification_tool/multicamera_sync/output/20250218102900/TotalModeFrames/SNCP1E5420006D_Index0/color_SNCP1E5420006D_Index0_g1739874543227_f0_s1739874543327_e50_d16_.jpg
[3.198s] -- Up-to-date: /home/meteor/ROS2/MickRobot/Graduation_project_ws/install/orbbec_camera/share/orbbec_camera//examples/multi_camera_synced_verification_tool/multicamera_sync/output/20250218102900/TotalModeFrames/SNCP1E5420006D_Index0/ir#left_SNCP1E5420006D_Index0_g1739874543461_f7_s1739874543493_e5000_d16_.jpg
[3.198s] -- Up-to-date: /home/meteor/ROS2/MickRobot/Graduation_project_ws/install/orbbec_camera/share/orbbec_camera//examples/multi_camera_synced_verification_tool/multicamera_sync/output/20250218102900/TotalModeFrames/SNCP1E5420006D_Index0/ir#left_SNCP1E5420006D_Index0_g1739874543394_f5_s1739874543473_e5000_d16_.jpg
[3.198s] -- Up-to-date: /home/meteor/ROS2/MickRobot/Graduation_project_ws/install/orbbec_camera/share/orbbec_camera//examples/multi_camera_synced_verification_tool/multicamera_sync/output/20250218102900/TotalModeFrames/SNCP1E5420006D_Index0/ir#left_SNCP1E5420006D_Index0_g1739874543227_f0_s1739874543250_e5000_d16_.jpg
[3.198s] -- Up-to-date: /home/meteor/ROS2/MickRobot/Graduation_project_ws/install/orbbec_camera/share/orbbec_camera//examples/multi_camera_synced_verification_tool/multicamera_sync/output/20250218102900/TotalModeFrames/SNCP1E5420006D_Index0/color_SNCP1E5420006D_Index0_g1739874543561_f10_s1739874543648_e50_d16_.jpg
[3.198s] -- Up-to-date: /home/meteor/ROS2/MickRobot/Graduation_project_ws/install/orbbec_camera/share/orbbec_camera//examples/multi_camera_synced_verification_tool/multicamera_sync/output/20250218102900/TotalModeFrames/SNCP1E5420006D_Index0/color_SNCP1E5420006D_Index0_g1739874543360_f4_s1739874543442_e50_d16_.jpg
[3.198s] -- Up-to-date: /home/meteor/ROS2/MickRobot/Graduation_project_ws/install/orbbec_camera/share/orbbec_camera//examples/multi_camera_synced_verification_tool/multicamera_sync/output/20250218102900/TotalModeFrames/SNCP1E5420006D_Index0/color_SNCP1E5420006D_Index0_g1739874543260_f1_s1739874543351_e50_d16_.jpg
[3.198s] -- Up-to-date: /home/meteor/ROS2/MickRobot/Graduation_project_ws/install/orbbec_camera/share/orbbec_camera//examples/multi_camera_synced_verification_tool/multicamera_sync/output/20250218102900/TotalModeFrames/SNCP1E5420006D_Index0/ir#left_SNCP1E5420006D_Index0_g1739874543527_f9_s1739874543627_e5000_d16_.jpg
[3.199s] -- Up-to-date: /home/meteor/ROS2/MickRobot/Graduation_project_ws/install/orbbec_camera/share/orbbec_camera//examples/multi_camera_synced_verification_tool/multicamera_sync/output/20250218102900/StreamProfileInfo.txt
[3.199s] -- Up-to-date: /home/meteor/ROS2/MickRobot/Graduation_project_ws/install/orbbec_camera/share/orbbec_camera//examples/multi_camera_synced_verification_tool/multicamera_sync/output/20250218102900/results-2025-02-25_163648
[3.199s] -- Up-to-date: /home/meteor/ROS2/MickRobot/Graduation_project_ws/install/orbbec_camera/share/orbbec_camera//examples/multi_camera_synced_verification_tool/multicamera_sync/output/20250218102900/results-2025-02-25_163648/matchFrames
[3.199s] -- Up-to-date: /home/meteor/ROS2/MickRobot/Graduation_project_ws/install/orbbec_camera/share/orbbec_camera//examples/multi_camera_synced_verification_tool/multicamera_sync/output/20250218102900/results-2025-02-25_163648/matchFrames/5_ir_left_SNCP1E5420006D_Index0_1739874543327_[0].jpg
[3.199s] -- Up-to-date: /home/meteor/ROS2/MickRobot/Graduation_project_ws/install/orbbec_camera/share/orbbec_camera//examples/multi_camera_synced_verification_tool/multicamera_sync/output/20250218102900/results-2025-02-25_163648/matchFrames/4_ir_left_SNCP1E5420006D_Index0_1739874543361_[1].jpg
[3.199s] -- Up-to-date: /home/meteor/ROS2/MickRobot/Graduation_project_ws/install/orbbec_camera/share/orbbec_camera//examples/multi_camera_synced_verification_tool/multicamera_sync/output/20250218102900/results-2025-02-25_163648/matchFrames/9_color_SNCP1L44P00051_Index1_1739874543393_[0].jpg
[3.199s] -- Up-to-date: /home/meteor/ROS2/MickRobot/Graduation_project_ws/install/orbbec_camera/share/orbbec_camera//examples/multi_camera_synced_verification_tool/multicamera_sync/output/20250218102900/results-2025-02-25_163648/matchFrames/2_color_SNCP1E5420006D_Index0_1739874543461_[1].jpg
[3.199s] -- Up-to-date: /home/meteor/ROS2/MickRobot/Graduation_project_ws/install/orbbec_camera/share/orbbec_camera//examples/multi_camera_synced_verification_tool/multicamera_sync/output/20250218102900/results-2025-02-25_163648/matchFrames/9_ir_left_SNCP1L44P00051_Index1_1739874543394_[1].jpg
[3.199s] -- Up-to-date: /home/meteor/ROS2/MickRobot/Graduation_project_ws/install/orbbec_camera/share/orbbec_camera//examples/multi_camera_synced_verification_tool/multicamera_sync/output/20250218102900/results-2025-02-25_163648/matchFrames/3_color_SNCP1E5420006D_Index0_1739874543260_[0].jpg
[3.199s] -- Up-to-date: /home/meteor/ROS2/MickRobot/Graduation_project_ws/install/orbbec_camera/share/orbbec_camera//examples/multi_camera_synced_verification_tool/multicamera_sync/output/20250218102900/results-2025-02-25_163648/matchFrames/3_color_SNCP1L44P00051_Index1_1739874543260_[0].jpg
[3.199s] -- Up-to-date: /home/meteor/ROS2/MickRobot/Graduation_project_ws/install/orbbec_camera/share/orbbec_camera//examples/multi_camera_synced_verification_tool/multicamera_sync/output/20250218102900/results-2025-02-25_163648/matchFrames/10_ir_left_SNCP1L44P00051_Index1_1739874543227_[0].jpg
[3.199s] -- Up-to-date: /home/meteor/ROS2/MickRobot/Graduation_project_ws/install/orbbec_camera/share/orbbec_camera//examples/multi_camera_synced_verification_tool/multicamera_sync/output/20250218102900/results-2025-02-25_163648/matchFrames/1_ir_left_SNCP1L44P00051_Index1_1739874543494_[0].jpg
[3.199s] -- Up-to-date: /home/meteor/ROS2/MickRobot/Graduation_project_ws/install/orbbec_camera/share/orbbec_camera//examples/multi_camera_synced_verification_tool/multicamera_sync/output/20250218102900/results-2025-02-25_163648/matchFrames/7_color_SNCP1L44P00051_Index1_1739874543427_[0].jpg
[3.199s] -- Up-to-date: /home/meteor/ROS2/MickRobot/Graduation_project_ws/install/orbbec_camera/share/orbbec_camera//examples/multi_camera_synced_verification_tool/multicamera_sync/output/20250218102900/results-2025-02-25_163648/matchFrames/7_ir_left_SNCP1L44P00051_Index1_1739874543427_[0].jpg
[3.199s] -- Up-to-date: /home/meteor/ROS2/MickRobot/Graduation_project_ws/install/orbbec_camera/share/orbbec_camera//examples/multi_camera_synced_verification_tool/multicamera_sync/output/20250218102900/results-2025-02-25_163648/matchFrames/8_color_SNCP1L44P00051_Index1_1739874543293_[0].jpg
[3.199s] -- Up-to-date: /home/meteor/ROS2/MickRobot/Graduation_project_ws/install/orbbec_camera/share/orbbec_camera//examples/multi_camera_synced_verification_tool/multicamera_sync/output/20250218102900/results-2025-02-25_163648/matchFrames/1_color_SNCP1E5420006D_Index0_1739874543494_[0].jpg
[3.199s] -- Up-to-date: /home/meteor/ROS2/MickRobot/Graduation_project_ws/install/orbbec_camera/share/orbbec_camera//examples/multi_camera_synced_verification_tool/multicamera_sync/output/20250218102900/results-2025-02-25_163648/matchFrames/7_color_SNCP1E5420006D_Index0_1739874543427_[0].jpg
[3.199s] -- Up-to-date: /home/meteor/ROS2/MickRobot/Graduation_project_ws/install/orbbec_camera/share/orbbec_camera//examples/multi_camera_synced_verification_tool/multicamera_sync/output/20250218102900/results-2025-02-25_163648/matchFrames/8_color_SNCP1E5420006D_Index0_1739874543294_[1].jpg
[3.199s] -- Up-to-date: /home/meteor/ROS2/MickRobot/Graduation_project_ws/install/orbbec_camera/share/orbbec_camera//examples/multi_camera_synced_verification_tool/multicamera_sync/output/20250218102900/results-2025-02-25_163648/matchFrames/6_ir_left_SNCP1E5420006D_Index0_1739874543561_[1].jpg
[3.200s] -- Up-to-date: /home/meteor/ROS2/MickRobot/Graduation_project_ws/install/orbbec_camera/share/orbbec_camera//examples/multi_camera_synced_verification_tool/multicamera_sync/output/20250218102900/results-2025-02-25_163648/matchFrames/2_ir_left_SNCP1E5420006D_Index0_1739874543461_[1].jpg
[3.200s] -- Up-to-date: /home/meteor/ROS2/MickRobot/Graduation_project_ws/install/orbbec_camera/share/orbbec_camera//examples/multi_camera_synced_verification_tool/multicamera_sync/output/20250218102900/results-2025-02-25_163648/matchFrames/1_color_SNCP1L44P00051_Index1_1739874543494_[0].jpg
[3.200s] -- Up-to-date: /home/meteor/ROS2/MickRobot/Graduation_project_ws/install/orbbec_camera/share/orbbec_camera//examples/multi_camera_synced_verification_tool/multicamera_sync/output/20250218102900/results-2025-02-25_163648/matchFrames/0_color_SNCP1L44P00051_Index1_1739874543527_[0].jpg
[3.200s] -- Up-to-date: /home/meteor/ROS2/MickRobot/Graduation_project_ws/install/orbbec_camera/share/orbbec_camera//examples/multi_camera_synced_verification_tool/multicamera_sync/output/20250218102900/results-2025-02-25_163648/matchFrames/4_ir_left_SNCP1L44P00051_Index1_1739874543360_[0].jpg
[3.200s] -- Up-to-date: /home/meteor/ROS2/MickRobot/Graduation_project_ws/install/orbbec_camera/share/orbbec_camera//examples/multi_camera_synced_verification_tool/multicamera_sync/output/20250218102900/results-2025-02-25_163648/matchFrames/8_ir_left_SNCP1L44P00051_Index1_1739874543294_[1].jpg
[3.200s] -- Up-to-date: /home/meteor/ROS2/MickRobot/Graduation_project_ws/install/orbbec_camera/share/orbbec_camera//examples/multi_camera_synced_verification_tool/multicamera_sync/output/20250218102900/results-2025-02-25_163648/matchFrames/0_ir_left_SNCP1L44P00051_Index1_1739874543527_[0].jpg
[3.200s] -- Up-to-date: /home/meteor/ROS2/MickRobot/Graduation_project_ws/install/orbbec_camera/share/orbbec_camera//examples/multi_camera_synced_verification_tool/multicamera_sync/output/20250218102900/results-2025-02-25_163648/matchFrames/6_ir_left_SNCP1L44P00051_Index1_1739874543560_[0].jpg
[3.200s] -- Up-to-date: /home/meteor/ROS2/MickRobot/Graduation_project_ws/install/orbbec_camera/share/orbbec_camera//examples/multi_camera_synced_verification_tool/multicamera_sync/output/20250218102900/results-2025-02-25_163648/matchFrames/5_color_SNCP1E5420006D_Index0_1739874543327_[0].jpg
[3.200s] -- Up-to-date: /home/meteor/ROS2/MickRobot/Graduation_project_ws/install/orbbec_camera/share/orbbec_camera//examples/multi_camera_synced_verification_tool/multicamera_sync/output/20250218102900/results-2025-02-25_163648/matchFrames/5_color_SNCP1L44P00051_Index1_1739874543327_[0].jpg
[3.200s] -- Up-to-date: /home/meteor/ROS2/MickRobot/Graduation_project_ws/install/orbbec_camera/share/orbbec_camera//examples/multi_camera_synced_verification_tool/multicamera_sync/output/20250218102900/results-2025-02-25_163648/matchFrames/0_ir_left_SNCP1E5420006D_Index0_1739874543527_[0].jpg
[3.200s] -- Up-to-date: /home/meteor/ROS2/MickRobot/Graduation_project_ws/install/orbbec_camera/share/orbbec_camera//examples/multi_camera_synced_verification_tool/multicamera_sync/output/20250218102900/results-2025-02-25_163648/matchFrames/6_color_SNCP1E5420006D_Index0_1739874543561_[1].jpg
[3.200s] -- Up-to-date: /home/meteor/ROS2/MickRobot/Graduation_project_ws/install/orbbec_camera/share/orbbec_camera//examples/multi_camera_synced_verification_tool/multicamera_sync/output/20250218102900/results-2025-02-25_163648/matchFrames/10_color_SNCP1L44P00051_Index1_1739874543227_[0].jpg
[3.200s] -- Up-to-date: /home/meteor/ROS2/MickRobot/Graduation_project_ws/install/orbbec_camera/share/orbbec_camera//examples/multi_camera_synced_verification_tool/multicamera_sync/output/20250218102900/results-2025-02-25_163648/matchFrames/9_color_SNCP1E5420006D_Index0_1739874543394_[1].jpg
[3.200s] -- Up-to-date: /home/meteor/ROS2/MickRobot/Graduation_project_ws/install/orbbec_camera/share/orbbec_camera//examples/multi_camera_synced_verification_tool/multicamera_sync/output/20250218102900/results-2025-02-25_163648/matchFrames/3_ir_left_SNCP1E5420006D_Index0_1739874543260_[0].jpg
[3.200s] -- Up-to-date: /home/meteor/ROS2/MickRobot/Graduation_project_ws/install/orbbec_camera/share/orbbec_camera//examples/multi_camera_synced_verification_tool/multicamera_sync/output/20250218102900/results-2025-02-25_163648/matchFrames/2_color_SNCP1L44P00051_Index1_1739874543460_[0].jpg
[3.200s] -- Up-to-date: /home/meteor/ROS2/MickRobot/Graduation_project_ws/install/orbbec_camera/share/orbbec_camera//examples/multi_camera_synced_verification_tool/multicamera_sync/output/20250218102900/results-2025-02-25_163648/matchFrames/7_ir_left_SNCP1E5420006D_Index0_1739874543427_[0].jpg
[3.200s] -- Up-to-date: /home/meteor/ROS2/MickRobot/Graduation_project_ws/install/orbbec_camera/share/orbbec_camera//examples/multi_camera_synced_verification_tool/multicamera_sync/output/20250218102900/results-2025-02-25_163648/matchFrames/1_ir_left_SNCP1E5420006D_Index0_1739874543494_[0].jpg
[3.200s] -- Up-to-date: /home/meteor/ROS2/MickRobot/Graduation_project_ws/install/orbbec_camera/share/orbbec_camera//examples/multi_camera_synced_verification_tool/multicamera_sync/output/20250218102900/results-2025-02-25_163648/matchFrames/4_color_SNCP1E5420006D_Index0_1739874543360_[0].jpg
[3.200s] -- Up-to-date: /home/meteor/ROS2/MickRobot/Graduation_project_ws/install/orbbec_camera/share/orbbec_camera//examples/multi_camera_synced_verification_tool/multicamera_sync/output/20250218102900/results-2025-02-25_163648/matchFrames/5_ir_left_SNCP1L44P00051_Index1_1739874543327_[0].jpg
[3.201s] -- Up-to-date: /home/meteor/ROS2/MickRobot/Graduation_project_ws/install/orbbec_camera/share/orbbec_camera//examples/multi_camera_synced_verification_tool/multicamera_sync/output/20250218102900/results-2025-02-25_163648/matchFrames/0_color_SNCP1E5420006D_Index0_1739874543527_[0].jpg
[3.201s] -- Up-to-date: /home/meteor/ROS2/MickRobot/Graduation_project_ws/install/orbbec_camera/share/orbbec_camera//examples/multi_camera_synced_verification_tool/multicamera_sync/output/20250218102900/results-2025-02-25_163648/matchFrames/10_ir_left_SNCP1E5420006D_Index0_1739874543227_[0].jpg
[3.201s] -- Up-to-date: /home/meteor/ROS2/MickRobot/Graduation_project_ws/install/orbbec_camera/share/orbbec_camera//examples/multi_camera_synced_verification_tool/multicamera_sync/output/20250218102900/results-2025-02-25_163648/matchFrames/4_color_SNCP1L44P00051_Index1_1739874543360_[0].jpg
[3.201s] -- Up-to-date: /home/meteor/ROS2/MickRobot/Graduation_project_ws/install/orbbec_camera/share/orbbec_camera//examples/multi_camera_synced_verification_tool/multicamera_sync/output/20250218102900/results-2025-02-25_163648/matchFrames/2_ir_left_SNCP1L44P00051_Index1_1739874543460_[0].jpg
[3.201s] -- Up-to-date: /home/meteor/ROS2/MickRobot/Graduation_project_ws/install/orbbec_camera/share/orbbec_camera//examples/multi_camera_synced_verification_tool/multicamera_sync/output/20250218102900/results-2025-02-25_163648/matchFrames/10_color_SNCP1E5420006D_Index0_1739874543227_[0].jpg
[3.201s] -- Up-to-date: /home/meteor/ROS2/MickRobot/Graduation_project_ws/install/orbbec_camera/share/orbbec_camera//examples/multi_camera_synced_verification_tool/multicamera_sync/output/20250218102900/results-2025-02-25_163648/matchFrames/9_ir_left_SNCP1E5420006D_Index0_1739874543394_[1].jpg
[3.201s] -- Up-to-date: /home/meteor/ROS2/MickRobot/Graduation_project_ws/install/orbbec_camera/share/orbbec_camera//examples/multi_camera_synced_verification_tool/multicamera_sync/output/20250218102900/results-2025-02-25_163648/matchFrames/8_ir_left_SNCP1E5420006D_Index0_1739874543294_[1].jpg
[3.201s] -- Up-to-date: /home/meteor/ROS2/MickRobot/Graduation_project_ws/install/orbbec_camera/share/orbbec_camera//examples/multi_camera_synced_verification_tool/multicamera_sync/output/20250218102900/results-2025-02-25_163648/matchFrames/3_ir_left_SNCP1L44P00051_Index1_1739874543260_[0].jpg
[3.201s] -- Up-to-date: /home/meteor/ROS2/MickRobot/Graduation_project_ws/install/orbbec_camera/share/orbbec_camera//examples/multi_camera_synced_verification_tool/multicamera_sync/output/20250218102900/results-2025-02-25_163648/matchFrames/6_color_SNCP1L44P00051_Index1_1739874543560_[0].jpg
[3.201s] -- Up-to-date: /home/meteor/ROS2/MickRobot/Graduation_project_ws/install/orbbec_camera/share/orbbec_camera//examples/multi_camera_synced_verification_tool/multicamera_sync/output/20250218102900/results-2025-02-25_163648/frameMatchLog.txt
[3.201s] -- Up-to-date: /home/meteor/ROS2/MickRobot/Graduation_project_ws/install/orbbec_camera/share/orbbec_camera//examples/multi_camera_synced_verification_tool/multicamera_sync/output/20250218102900/DevicesInfo.txt
[3.201s] -- Up-to-date: /home/meteor/ROS2/MickRobot/Graduation_project_ws/install/orbbec_camera/share/orbbec_camera//examples/multi_camera_synced_verification_tool/multicamera_sync/Python
[3.201s] -- Up-to-date: /home/meteor/ROS2/MickRobot/Graduation_project_ws/install/orbbec_camera/share/orbbec_camera//examples/multi_camera_synced_verification_tool/multicamera_sync/Python/Config.ini
[3.201s] -- Up-to-date: /home/meteor/ROS2/MickRobot/Graduation_project_ws/install/orbbec_camera/share/orbbec_camera//examples/multi_camera_synced_verification_tool/multicamera_sync/Python/README.md
[3.201s] -- Up-to-date: /home/meteor/ROS2/MickRobot/Graduation_project_ws/install/orbbec_camera/share/orbbec_camera//examples/multi_camera_synced_verification_tool/multicamera_sync/Python/script
[3.201s] -- Up-to-date: /home/meteor/ROS2/MickRobot/Graduation_project_ws/install/orbbec_camera/share/orbbec_camera//examples/multi_camera_synced_verification_tool/multicamera_sync/Python/script/config_frameMatch-systemTimestamp.py
[3.201s] -- Up-to-date: /home/meteor/ROS2/MickRobot/Graduation_project_ws/install/orbbec_camera/share/orbbec_camera//examples/multi_camera_synced_verification_tool/multicamera_sync/Python/script/config_frameMatch.py
[3.201s] -- Up-to-date: /home/meteor/ROS2/MickRobot/Graduation_project_ws/install/orbbec_camera/share/orbbec_camera//examples/multi_camera_synced_verification_tool/multicamera_sync/Python/script/config_frameMatch_Gemini2VL.py
[3.201s] -- Up-to-date: /home/meteor/ROS2/MickRobot/Graduation_project_ws/install/orbbec_camera/share/orbbec_camera//examples/multi_camera_synced_verification_tool/multicamera_sync/Python/script/config_frameMatch-Astra2_new.py
[3.202s] -- Up-to-date: /home/meteor/ROS2/MickRobot/Graduation_project_ws/install/orbbec_camera/share/orbbec_camera//examples/multi_camera_synced_verification_tool/multicamera_sync/Python/script/config_frameMatch_g330.py
[3.202s] -- Up-to-date: /home/meteor/ROS2/MickRobot/Graduation_project_ws/install/orbbec_camera/share/orbbec_camera//examples/multi_camera_synced_verification_tool/multicamera_sync/Python/SyncFramesMain.py
[3.202s] -- Up-to-date: /home/meteor/ROS2/MickRobot/Graduation_project_ws/install/orbbec_camera/share/orbbec_camera//examples/multi_camera_synced_verification_tool/gemini_330_series_synced_verify.launch.py
[3.202s] -- Up-to-date: /home/meteor/ROS2/MickRobot/Graduation_project_ws/install/orbbec_camera/share/orbbec_camera//examples/net_camera
[3.202s] -- Up-to-date: /home/meteor/ROS2/MickRobot/Graduation_project_ws/install/orbbec_camera/share/orbbec_camera//examples/net_camera/multi_net_camera.launch.py
[3.202s] -- Up-to-date: /home/meteor/ROS2/MickRobot/Graduation_project_ws/install/orbbec_camera/share/orbbec_camera//examples/435le_new_interface
[3.202s] -- Up-to-date: /home/meteor/ROS2/MickRobot/Graduation_project_ws/install/orbbec_camera/share/orbbec_camera//examples/435le_new_interface/README.MD
[3.202s] -- Up-to-date: /home/meteor/ROS2/MickRobot/Graduation_project_ws/install/orbbec_camera/share/orbbec_camera//examples/435le_new_interface/camera_example_node.cpp
[3.202s] -- Up-to-date: /home/meteor/ROS2/MickRobot/Graduation_project_ws/install/orbbec_camera/share/orbbec_camera//examples/multi_camera_time_sync
[3.202s] -- Up-to-date: /home/meteor/ROS2/MickRobot/Graduation_project_ws/install/orbbec_camera/share/orbbec_camera//examples/multi_camera_time_sync/image_sync_example_node.cpp
[3.202s] -- Up-to-date: /home/meteor/ROS2/MickRobot/Graduation_project_ws/install/orbbec_camera/share/orbbec_camera//examples/lower_cpu_usage
[3.202s] -- Up-to-date: /home/meteor/ROS2/MickRobot/Graduation_project_ws/install/orbbec_camera/share/orbbec_camera//examples/lower_cpu_usage/gemini_330_series_lower_cpu_usage.launch.py
[3.202s] -- Up-to-date: /home/meteor/ROS2/MickRobot/Graduation_project_ws/install/orbbec_camera/share/orbbec_camera//examples/lower_cpu_usage/multi_camera_lower_cpu_usage.launch.py
[3.202s] -- Up-to-date: /home/meteor/ROS2/MickRobot/Graduation_project_ws/install/orbbec_camera/share/orbbec_camera//examples/gmsl_camera
[3.202s] -- Up-to-date: /home/meteor/ROS2/MickRobot/Graduation_project_ws/install/orbbec_camera/share/orbbec_camera//examples/gmsl_camera/gemini_330_gmsl.launch.py
[3.202s] -- Up-to-date: /home/meteor/ROS2/MickRobot/Graduation_project_ws/install/orbbec_camera/share/orbbec_camera//examples/gmsl_camera/multi_gmsl_camera_synced.launch.py
[3.202s] -- Up-to-date: /home/meteor/ROS2/MickRobot/Graduation_project_ws/install/orbbec_camera/share/orbbec_camera//examples/gmsl_camera/multi_gmsl_camera.launch.py
[3.202s] -- Up-to-date: /home/meteor/ROS2/MickRobot/Graduation_project_ws/install/orbbec_camera/include
[3.202s] -- Up-to-date: /home/meteor/ROS2/MickRobot/Graduation_project_ws/install/orbbec_camera/include/libobsensor
[3.203s] -- Up-to-date: /home/meteor/ROS2/MickRobot/Graduation_project_ws/install/orbbec_camera/include/libobsensor/hpp
[3.203s] -- Up-to-date: /home/meteor/ROS2/MickRobot/Graduation_project_ws/install/orbbec_camera/include/libobsensor/hpp/TypeHelper.hpp
[3.203s] -- Up-to-date: /home/meteor/ROS2/MickRobot/Graduation_project_ws/install/orbbec_camera/include/libobsensor/hpp/Device.hpp
[3.203s] -- Up-to-date: /home/meteor/ROS2/MickRobot/Graduation_project_ws/install/orbbec_camera/include/libobsensor/hpp/Error.hpp
[3.203s] -- Up-to-date: /home/meteor/ROS2/MickRobot/Graduation_project_ws/install/orbbec_camera/include/libobsensor/hpp/RecordPlayback.hpp
[3.203s] -- Up-to-date: /home/meteor/ROS2/MickRobot/Graduation_project_ws/install/orbbec_camera/include/libobsensor/hpp/Frame.hpp
[3.203s] -- Up-to-date: /home/meteor/ROS2/MickRobot/Graduation_project_ws/install/orbbec_camera/include/libobsensor/hpp/Pipeline.hpp
[3.203s] -- Up-to-date: /home/meteor/ROS2/MickRobot/Graduation_project_ws/install/orbbec_camera/include/libobsensor/hpp/Context.hpp
[3.203s] -- Up-to-date: /home/meteor/ROS2/MickRobot/Graduation_project_ws/install/orbbec_camera/include/libobsensor/hpp/Types.hpp
[3.203s] -- Up-to-date: /home/meteor/ROS2/MickRobot/Graduation_project_ws/install/orbbec_camera/include/libobsensor/hpp/StreamProfile.hpp
[3.203s] -- Up-to-date: /home/meteor/ROS2/MickRobot/Graduation_project_ws/install/orbbec_camera/include/libobsensor/hpp/Filter.hpp
[3.203s] -- Up-to-date: /home/meteor/ROS2/MickRobot/Graduation_project_ws/install/orbbec_camera/include/libobsensor/hpp/Sensor.hpp
[3.203s] -- Up-to-date: /home/meteor/ROS2/MickRobot/Graduation_project_ws/install/orbbec_camera/include/libobsensor/hpp/Version.hpp
[3.203s] -- Up-to-date: /home/meteor/ROS2/MickRobot/Graduation_project_ws/install/orbbec_camera/include/libobsensor/hpp/Utils.hpp
[3.203s] -- Up-to-date: /home/meteor/ROS2/MickRobot/Graduation_project_ws/install/orbbec_camera/include/libobsensor/h
[3.203s] -- Up-to-date: /home/meteor/ROS2/MickRobot/Graduation_project_ws/install/orbbec_camera/include/libobsensor/h/Frame.h
[3.203s] -- Up-to-date: /home/meteor/ROS2/MickRobot/Graduation_project_ws/install/orbbec_camera/include/libobsensor/h/MultipleDevices.h
[3.203s] -- Up-to-date: /home/meteor/ROS2/MickRobot/Graduation_project_ws/install/orbbec_camera/include/libobsensor/h/Device.h
[3.203s] -- Up-to-date: /home/meteor/ROS2/MickRobot/Graduation_project_ws/install/orbbec_camera/include/libobsensor/h/Pipeline.h
[3.204s] -- Up-to-date: /home/meteor/ROS2/MickRobot/Graduation_project_ws/install/orbbec_camera/include/libobsensor/h/Property.h
[3.204s] -- Up-to-date: /home/meteor/ROS2/MickRobot/Graduation_project_ws/install/orbbec_camera/include/libobsensor/h/Version.h
[3.204s] -- Up-to-date: /home/meteor/ROS2/MickRobot/Graduation_project_ws/install/orbbec_camera/include/libobsensor/h/StreamProfile.h
[3.204s] -- Up-to-date: /home/meteor/ROS2/MickRobot/Graduation_project_ws/install/orbbec_camera/include/libobsensor/h/RecordPlayback.h
[3.204s] -- Up-to-date: /home/meteor/ROS2/MickRobot/Graduation_project_ws/install/orbbec_camera/include/libobsensor/h/Sensor.h
[3.204s] -- Up-to-date: /home/meteor/ROS2/MickRobot/Graduation_project_ws/install/orbbec_camera/include/libobsensor/h/Error.h
[3.204s] -- Up-to-date: /home/meteor/ROS2/MickRobot/Graduation_project_ws/install/orbbec_camera/include/libobsensor/h/Export.h
[3.204s] -- Up-to-date: /home/meteor/ROS2/MickRobot/Graduation_project_ws/install/orbbec_camera/include/libobsensor/h/Utils.h
[3.204s] -- Up-to-date: /home/meteor/ROS2/MickRobot/Graduation_project_ws/install/orbbec_camera/include/libobsensor/h/TypeHelper.h
[3.204s] -- Up-to-date: /home/meteor/ROS2/MickRobot/Graduation_project_ws/install/orbbec_camera/include/libobsensor/h/ObTypes.h
[3.204s] -- Up-to-date: /home/meteor/ROS2/MickRobot/Graduation_project_ws/install/orbbec_camera/include/libobsensor/h/Filter.h
[3.204s] -- Up-to-date: /home/meteor/ROS2/MickRobot/Graduation_project_ws/install/orbbec_camera/include/libobsensor/h/Advanced.h
[3.204s] -- Up-to-date: /home/meteor/ROS2/MickRobot/Graduation_project_ws/install/orbbec_camera/include/libobsensor/h/Context.h
[3.204s] -- Up-to-date: /home/meteor/ROS2/MickRobot/Graduation_project_ws/install/orbbec_camera/include/libobsensor/ObSensor.h
[3.204s] -- Up-to-date: /home/meteor/ROS2/MickRobot/Graduation_project_ws/install/orbbec_camera/include/libobsensor/ObSensor.hpp
[3.204s] -- Up-to-date: /home/meteor/ROS2/MickRobot/Graduation_project_ws/install/orbbec_camera/lib/
[3.204s] -- Up-to-date: /home/meteor/ROS2/MickRobot/Graduation_project_ws/install/orbbec_camera/lib//extensions
[3.204s] -- Up-to-date: /home/meteor/ROS2/MickRobot/Graduation_project_ws/install/orbbec_camera/lib//extensions/filters
[3.204s] -- Up-to-date: /home/meteor/ROS2/MickRobot/Graduation_project_ws/install/orbbec_camera/lib//extensions/filters/libFilterProcessor.so
[3.205s] -- Up-to-date: /home/meteor/ROS2/MickRobot/Graduation_project_ws/install/orbbec_camera/lib//extensions/filters/libob_priv_filter.so
[3.205s] -- Up-to-date: /home/meteor/ROS2/MickRobot/Graduation_project_ws/install/orbbec_camera/lib//extensions/frameprocessor
[3.205s] -- Up-to-date: /home/meteor/ROS2/MickRobot/Graduation_project_ws/install/orbbec_camera/lib//extensions/frameprocessor/libob_frame_processor.so
[3.205s] -- Up-to-date: /home/meteor/ROS2/MickRobot/Graduation_project_ws/install/orbbec_camera/lib//extensions/depthengine
[3.205s] -- Up-to-date: /home/meteor/ROS2/MickRobot/Graduation_project_ws/install/orbbec_camera/lib//extensions/depthengine/libdepthengine.so
[3.205s] -- Up-to-date: /home/meteor/ROS2/MickRobot/Graduation_project_ws/install/orbbec_camera/lib//extensions/depthengine/libdepthengine.so.2.0
[3.205s] -- Up-to-date: /home/meteor/ROS2/MickRobot/Graduation_project_ws/install/orbbec_camera/lib//extensions/firmwareupdater
[3.205s] -- Up-to-date: /home/meteor/ROS2/MickRobot/Graduation_project_ws/install/orbbec_camera/lib//extensions/firmwareupdater/libfirmwareupdater.so
[3.205s] -- Up-to-date: /home/meteor/ROS2/MickRobot/Graduation_project_ws/install/orbbec_camera/lib//libOrbbecSDK.so.2.7.6
[3.205s] -- Up-to-date: /home/meteor/ROS2/MickRobot/Graduation_project_ws/install/orbbec_camera/lib//libOrbbecSDK.so
[3.205s] -- Up-to-date: /home/meteor/ROS2/MickRobot/Graduation_project_ws/install/orbbec_camera/lib//libOrbbecSDK.so.2
[3.205s] -- Up-to-date: /home/meteor/ROS2/MickRobot/Graduation_project_ws/install/orbbec_camera/lib/extensions/libdepthengine.so
[3.205s] -- Up-to-date: /home/meteor/ROS2/MickRobot/Graduation_project_ws/install/orbbec_camera/lib/extensions/libdepthengine.so.2.0
[3.205s] -- Up-to-date: /home/meteor/ROS2/MickRobot/Graduation_project_ws/install/orbbec_camera/lib/extensions/libFilterProcessor.so
[3.205s] -- Up-to-date: /home/meteor/ROS2/MickRobot/Graduation_project_ws/install/orbbec_camera/lib/extensions/libob_priv_filter.so
[3.205s] -- Up-to-date: /home/meteor/ROS2/MickRobot/Graduation_project_ws/install/orbbec_camera/lib/extensions/libfirmwareupdater.so
[3.205s] -- Up-to-date: /home/meteor/ROS2/MickRobot/Graduation_project_ws/install/orbbec_camera/lib/extensions/libob_frame_processor.so
[3.205s] -- Up-to-date: /home/meteor/ROS2/MickRobot/Graduation_project_ws/install/orbbec_camera/share/orbbec_camera/udev/99-obsensor-libusb.rules
[3.267s] -- Up-to-date: /home/meteor/ROS2/MickRobot/Graduation_project_ws/install/orbbec_camera/lib/orbbec_camera/list_devices_node
[3.268s] -- Up-to-date: /home/meteor/ROS2/MickRobot/Graduation_project_ws/install/orbbec_camera/lib/orbbec_camera/list_depth_work_mode_node
[3.309s] -- Up-to-date: /home/meteor/ROS2/MickRobot/Graduation_project_ws/install/orbbec_camera/lib/orbbec_camera/list_camera_profile_mode_node
[3.365s] -- Up-to-date: /home/meteor/ROS2/MickRobot/Graduation_project_ws/install/orbbec_camera/lib/orbbec_camera/topic_statistics_node
[3.407s] -- Up-to-date: /home/meteor/ROS2/MickRobot/Graduation_project_ws/install/orbbec_camera/lib/orbbec_camera/service_benchmark_node
[3.450s] -- Up-to-date: /home/meteor/ROS2/MickRobot/Graduation_project_ws/install/orbbec_camera/lib/orbbec_camera/ob_benchmark_node
[3.460s] -- Up-to-date: /home/meteor/ROS2/MickRobot/Graduation_project_ws/install/orbbec_camera/lib/orbbec_camera/435le_example_node
[3.504s] -- Up-to-date: /home/meteor/ROS2/MickRobot/Graduation_project_ws/install/orbbec_camera/lib/orbbec_camera/set_device_ip
[3.517s] -- Up-to-date: /home/meteor/ROS2/MickRobot/Graduation_project_ws/install/orbbec_camera/lib/orbbec_camera/image_sync_example_node
[3.518s] -- Up-to-date: /home/meteor/ROS2/MickRobot/Graduation_project_ws/install/orbbec_camera/share/orbbec_camera/environment/library_path.sh
[3.518s] -- Up-to-date: /home/meteor/ROS2/MickRobot/Graduation_project_ws/install/orbbec_camera/share/orbbec_camera/environment/library_path.dsv
[3.518s] -- Up-to-date: /home/meteor/ROS2/MickRobot/Graduation_project_ws/install/orbbec_camera/share/ament_index/resource_index/package_run_dependencies/orbbec_camera
[3.518s] -- Up-to-date: /home/meteor/ROS2/MickRobot/Graduation_project_ws/install/orbbec_camera/share/ament_index/resource_index/parent_prefix_path/orbbec_camera
[3.518s] -- Up-to-date: /home/meteor/ROS2/MickRobot/Graduation_project_ws/install/orbbec_camera/share/orbbec_camera/environment/ament_prefix_path.sh
[3.519s] -- Up-to-date: /home/meteor/ROS2/MickRobot/Graduation_project_ws/install/orbbec_camera/share/orbbec_camera/environment/ament_prefix_path.dsv
[3.519s] -- Up-to-date: /home/meteor/ROS2/MickRobot/Graduation_project_ws/install/orbbec_camera/share/orbbec_camera/environment/path.sh
[3.519s] -- Up-to-date: /home/meteor/ROS2/MickRobot/Graduation_project_ws/install/orbbec_camera/share/orbbec_camera/environment/path.dsv
[3.519s] -- Up-to-date: /home/meteor/ROS2/MickRobot/Graduation_project_ws/install/orbbec_camera/share/orbbec_camera/local_setup.bash
[3.519s] -- Up-to-date: /home/meteor/ROS2/MickRobot/Graduation_project_ws/install/orbbec_camera/share/orbbec_camera/local_setup.sh
[3.519s] -- Up-to-date: /home/meteor/ROS2/MickRobot/Graduation_project_ws/install/orbbec_camera/share/orbbec_camera/local_setup.zsh
[3.519s] -- Up-to-date: /home/meteor/ROS2/MickRobot/Graduation_project_ws/install/orbbec_camera/share/orbbec_camera/local_setup.dsv
[3.519s] -- Installing: /home/meteor/ROS2/MickRobot/Graduation_project_ws/install/orbbec_camera/share/orbbec_camera/package.dsv
[3.555s] -- Up-to-date: /home/meteor/ROS2/MickRobot/Graduation_project_ws/install/orbbec_camera/share/ament_index/resource_index/packages/orbbec_camera
[3.556s] -- Up-to-date: /home/meteor/ROS2/MickRobot/Graduation_project_ws/install/orbbec_camera/share/ament_index/resource_index/rclcpp_components/orbbec_camera
[3.556s] -- Up-to-date: /home/meteor/ROS2/MickRobot/Graduation_project_ws/install/orbbec_camera/share/orbbec_camera/cmake/ament_cmake_export_include_directories-extras.cmake
[3.556s] -- Up-to-date: /home/meteor/ROS2/MickRobot/Graduation_project_ws/install/orbbec_camera/share/orbbec_camera/cmake/ament_cmake_export_libraries-extras.cmake
[3.556s] -- Up-to-date: /home/meteor/ROS2/MickRobot/Graduation_project_ws/install/orbbec_camera/share/orbbec_camera/cmake/ament_cmake_export_dependencies-extras.cmake
[3.556s] -- Up-to-date: /home/meteor/ROS2/MickRobot/Graduation_project_ws/install/orbbec_camera/share/orbbec_camera/cmake/orbbec_cameraConfig.cmake
[3.556s] -- Up-to-date: /home/meteor/ROS2/MickRobot/Graduation_project_ws/install/orbbec_camera/share/orbbec_camera/cmake/orbbec_cameraConfig-version.cmake
[3.556s] -- Up-to-date: /home/meteor/ROS2/MickRobot/Graduation_project_ws/install/orbbec_camera/share/orbbec_camera/package.xml
[3.559s] Invoked command in '/home/meteor/ROS2/MickRobot/Graduation_project_ws/build/orbbec_camera' returned '0': CMAKE_PREFIX_PATH=/home/meteor/ROS2/MickRobot/Graduation_project_ws/install/orbbec_camera_msgs:/home/meteor/ROS2/MickRobot/Graduation_project_ws/install/ranger_base:/home/meteor/ROS2/MickRobot/Graduation_project_ws/install/ranger_controller:/home/meteor/ROS2/MickRobot/Graduation_project_ws/install/pointcloud_refinement:/home/meteor/ROS2/MickRobot/Graduation_project_ws/install/aruco_detector:/opt/ros/humble:/home/meteor/ROS2/MickRobot/Graduation_project_ws/install/ugv_sdk:/home/meteor/ROS2/MickRobot/Graduation_project_ws/install/ranger_msgs:/home/meteor/ROS2/MickRobot/Graduation_project_ws/install/ranger_bringup:/home/meteor/ROS2/MickRobot/Graduation_project_ws/install/orbbec_description:/home/meteor/ROS2/MickRobot/Graduation_project_ws/install/orbbec_camera LD_LIBRARY_PATH=/home/meteor/ROS2/MickRobot/Graduation_project_ws/install/orbbec_camera_msgs/lib:/home/meteor/ROS2/MickRobot/Graduation_project_ws/install/ranger_msgs/lib:/home/meteor/ROS2/MickRobot/Graduation_project_ws/install/orbbec_camera/lib:/opt/ros/humble/opt/rviz_ogre_vendor/lib:/opt/ros/humble/lib/x86_64-linux-gnu:/opt/ros/humble/lib /usr/bin/cmake --install /home/meteor/ROS2/MickRobot/Graduation_project_ws/build/orbbec_camera
