[11.544s] Invoking command in '/home/meteor/ROS2/MickRobot/Graduation_project_ws/src/ranger_controller': PYTHONPATH=/home/meteor/ROS2/MickRobot/Graduation_project_ws/build/ranger_controller/prefix_override:/usr/lib/python3/dist-packages/colcon_core/task/python/colcon_distutils_commands:/home/meteor/ROS2/MickRobot/Graduation_project_ws/install/ranger_controller/lib/python3.10/site-packages: /usr/bin/python3 -W ignore:setup.py install is deprecated -W ignore:easy_install command is deprecated setup.py egg_info --egg-base ../../build/ranger_controller build --build-base /home/meteor/ROS2/MickRobot/Graduation_project_ws/build/ranger_controller/build install --record /home/meteor/ROS2/MickRobot/Graduation_project_ws/build/ranger_controller/install.log --single-version-externally-managed install_data
[11.706s] running egg_info
[11.706s] writing ../../build/ranger_controller/ranger_controller.egg-info/PKG-INFO
[11.707s] writing dependency_links to ../../build/ranger_controller/ranger_controller.egg-info/dependency_links.txt
[11.707s] writing entry points to ../../build/ranger_controller/ranger_controller.egg-info/entry_points.txt
[11.707s] writing requirements to ../../build/ranger_controller/ranger_controller.egg-info/requires.txt
[11.707s] writing top-level names to ../../build/ranger_controller/ranger_controller.egg-info/top_level.txt
[11.709s] reading manifest file '../../build/ranger_controller/ranger_controller.egg-info/SOURCES.txt'
[11.910s] writing manifest file '../../build/ranger_controller/ranger_controller.egg-info/SOURCES.txt'
[12.198s] running build
[12.198s] running build_py
[12.199s] running install
[12.199s] running install_lib
[12.200s] running install_data
[12.200s] running install_egg_info
[12.201s] removing '/home/meteor/ROS2/MickRobot/Graduation_project_ws/install/ranger_controller/lib/python3.10/site-packages/ranger_controller-0.0.0-py3.10.egg-info' (and everything under it)
[12.201s] Copying ../../build/ranger_controller/ranger_controller.egg-info to /home/meteor/ROS2/MickRobot/Graduation_project_ws/install/ranger_controller/lib/python3.10/site-packages/ranger_controller-0.0.0-py3.10.egg-info
[12.312s] running install_scripts
[12.328s] Installing aruco_follower_node script to /home/meteor/ROS2/MickRobot/Graduation_project_ws/install/ranger_controller/lib/ranger_controller
[12.328s] Installing check_battery_node script to /home/meteor/ROS2/MickRobot/Graduation_project_ws/install/ranger_controller/lib/ranger_controller
[12.329s] Installing hybrid_controller_node script to /home/meteor/ROS2/MickRobot/Graduation_project_ws/install/ranger_controller/lib/ranger_controller
[12.329s] Installing pointcloud_follower_node script to /home/meteor/ROS2/MickRobot/Graduation_project_ws/install/ranger_controller/lib/ranger_controller
[12.329s] writing list of installed files to '/home/meteor/ROS2/MickRobot/Graduation_project_ws/build/ranger_controller/install.log'
[12.351s] Invoked command in '/home/meteor/ROS2/MickRobot/Graduation_project_ws/src/ranger_controller' returned '0': PYTHONPATH=/home/meteor/ROS2/MickRobot/Graduation_project_ws/build/ranger_controller/prefix_override:/usr/lib/python3/dist-packages/colcon_core/task/python/colcon_distutils_commands:/home/meteor/ROS2/MickRobot/Graduation_project_ws/install/ranger_controller/lib/python3.10/site-packages: /usr/bin/python3 -W ignore:setup.py install is deprecated -W ignore:easy_install command is deprecated setup.py egg_info --egg-base ../../build/ranger_controller build --build-base /home/meteor/ROS2/MickRobot/Graduation_project_ws/build/ranger_controller/build install --record /home/meteor/ROS2/MickRobot/Graduation_project_ws/build/ranger_controller/install.log --single-version-externally-managed install_data
