[0.148s] Invoking command in '/home/meteor/ROS2/MickRobot/Graduation_project_ws/build/ranger_base': CMAKE_PREFIX_PATH=/home/meteor/ROS2/MickRobot/Graduation_project_ws/install/ranger_controller:/home/meteor/ROS2/MickRobot/Graduation_project_ws/install/pointcloud_refinement:/home/meteor/ROS2/MickRobot/Graduation_project_ws/install/aruco_detector:/opt/ros/humble:/home/meteor/ROS2/MickRobot/Graduation_project_ws/install/ugv_sdk:/home/meteor/ROS2/MickRobot/Graduation_project_ws/install/ranger_msgs:/home/meteor/ROS2/MickRobot/Graduation_project_ws/install/ranger_base:/home/meteor/ROS2/MickRobot/Graduation_project_ws/install/ranger_bringup:/home/meteor/ROS2/MickRobot/Graduation_project_ws/install/orbbec_description:/home/meteor/ROS2/MickRobot/Graduation_project_ws/install/orbbec_camera:/home/meteor/ROS2/MickRobot/Graduation_project_ws/install/orbbec_camera_msgs /usr/bin/cmake --build /home/meteor/ROS2/MickRobot/Graduation_project_ws/build/ranger_base -- -j16 -l16
[9.033s] [100%] Built target ranger_base_node
[9.049s] Invoked command in '/home/meteor/ROS2/MickRobot/Graduation_project_ws/build/ranger_base' returned '0': CMAKE_PREFIX_PATH=/home/meteor/ROS2/MickRobot/Graduation_project_ws/install/ranger_controller:/home/meteor/ROS2/MickRobot/Graduation_project_ws/install/pointcloud_refinement:/home/meteor/ROS2/MickRobot/Graduation_project_ws/install/aruco_detector:/opt/ros/humble:/home/meteor/ROS2/MickRobot/Graduation_project_ws/install/ugv_sdk:/home/meteor/ROS2/MickRobot/Graduation_project_ws/install/ranger_msgs:/home/meteor/ROS2/MickRobot/Graduation_project_ws/install/ranger_base:/home/meteor/ROS2/MickRobot/Graduation_project_ws/install/ranger_bringup:/home/meteor/ROS2/MickRobot/Graduation_project_ws/install/orbbec_description:/home/meteor/ROS2/MickRobot/Graduation_project_ws/install/orbbec_camera:/home/meteor/ROS2/MickRobot/Graduation_project_ws/install/orbbec_camera_msgs /usr/bin/cmake --build /home/meteor/ROS2/MickRobot/Graduation_project_ws/build/ranger_base -- -j16 -l16
[9.077s] Invoking command in '/home/meteor/ROS2/MickRobot/Graduation_project_ws/build/ranger_base': CMAKE_PREFIX_PATH=/home/meteor/ROS2/MickRobot/Graduation_project_ws/install/ranger_controller:/home/meteor/ROS2/MickRobot/Graduation_project_ws/install/pointcloud_refinement:/home/meteor/ROS2/MickRobot/Graduation_project_ws/install/aruco_detector:/opt/ros/humble:/home/meteor/ROS2/MickRobot/Graduation_project_ws/install/ugv_sdk:/home/meteor/ROS2/MickRobot/Graduation_project_ws/install/ranger_msgs:/home/meteor/ROS2/MickRobot/Graduation_project_ws/install/ranger_base:/home/meteor/ROS2/MickRobot/Graduation_project_ws/install/ranger_bringup:/home/meteor/ROS2/MickRobot/Graduation_project_ws/install/orbbec_description:/home/meteor/ROS2/MickRobot/Graduation_project_ws/install/orbbec_camera:/home/meteor/ROS2/MickRobot/Graduation_project_ws/install/orbbec_camera_msgs /usr/bin/cmake --install /home/meteor/ROS2/MickRobot/Graduation_project_ws/build/ranger_base
[9.086s] -- Install configuration: ""
[9.099s] -- Up-to-date: /home/meteor/ROS2/MickRobot/Graduation_project_ws/install/ranger_base/lib/ranger_base/ranger_base_node
[9.100s] -- Up-to-date: /home/meteor/ROS2/MickRobot/Graduation_project_ws/install/ranger_base/share/ranger_base//launch
[9.100s] -- Up-to-date: /home/meteor/ROS2/MickRobot/Graduation_project_ws/install/ranger_base/share/ranger_base//launch/ranger_mini_v2.launch.py
[9.100s] -- Up-to-date: /home/meteor/ROS2/MickRobot/Graduation_project_ws/install/ranger_base/share/ranger_base//launch/include
[9.100s] -- Up-to-date: /home/meteor/ROS2/MickRobot/Graduation_project_ws/install/ranger_base/share/ranger_base//launch/include/ranger_robot_base.launch.xml
[9.100s] -- Up-to-date: /home/meteor/ROS2/MickRobot/Graduation_project_ws/install/ranger_base/share/ranger_base//launch/ranger_mini_v1.launch.py
[9.100s] -- Up-to-date: /home/meteor/ROS2/MickRobot/Graduation_project_ws/install/ranger_base/share/ranger_base//launch/ranger_mini_v3.launch.py
[9.100s] -- Up-to-date: /home/meteor/ROS2/MickRobot/Graduation_project_ws/install/ranger_base/share/ranger_base//launch/ranger.launch.py
[9.100s] -- Up-to-date: /home/meteor/ROS2/MickRobot/Graduation_project_ws/install/ranger_base/share/ament_index/resource_index/package_run_dependencies/ranger_base
[9.100s] -- Up-to-date: /home/meteor/ROS2/MickRobot/Graduation_project_ws/install/ranger_base/share/ament_index/resource_index/parent_prefix_path/ranger_base
[9.100s] -- Up-to-date: /home/meteor/ROS2/MickRobot/Graduation_project_ws/install/ranger_base/share/ranger_base/environment/ament_prefix_path.sh
[9.100s] -- Up-to-date: /home/meteor/ROS2/MickRobot/Graduation_project_ws/install/ranger_base/share/ranger_base/environment/ament_prefix_path.dsv
[9.100s] -- Up-to-date: /home/meteor/ROS2/MickRobot/Graduation_project_ws/install/ranger_base/share/ranger_base/environment/path.sh
[9.100s] -- Up-to-date: /home/meteor/ROS2/MickRobot/Graduation_project_ws/install/ranger_base/share/ranger_base/environment/path.dsv
[9.101s] -- Up-to-date: /home/meteor/ROS2/MickRobot/Graduation_project_ws/install/ranger_base/share/ranger_base/local_setup.bash
[9.101s] -- Up-to-date: /home/meteor/ROS2/MickRobot/Graduation_project_ws/install/ranger_base/share/ranger_base/local_setup.sh
[9.101s] -- Up-to-date: /home/meteor/ROS2/MickRobot/Graduation_project_ws/install/ranger_base/share/ranger_base/local_setup.zsh
[9.101s] -- Up-to-date: /home/meteor/ROS2/MickRobot/Graduation_project_ws/install/ranger_base/share/ranger_base/local_setup.dsv
[9.101s] -- Installing: /home/meteor/ROS2/MickRobot/Graduation_project_ws/install/ranger_base/share/ranger_base/package.dsv
[9.118s] -- Up-to-date: /home/meteor/ROS2/MickRobot/Graduation_project_ws/install/ranger_base/share/ament_index/resource_index/packages/ranger_base
[9.118s] -- Up-to-date: /home/meteor/ROS2/MickRobot/Graduation_project_ws/install/ranger_base/share/ranger_base/cmake/ranger_baseConfig.cmake
[9.118s] -- Up-to-date: /home/meteor/ROS2/MickRobot/Graduation_project_ws/install/ranger_base/share/ranger_base/cmake/ranger_baseConfig-version.cmake
[9.118s] -- Up-to-date: /home/meteor/ROS2/MickRobot/Graduation_project_ws/install/ranger_base/share/ranger_base/package.xml
[9.120s] Invoked command in '/home/meteor/ROS2/MickRobot/Graduation_project_ws/build/ranger_base' returned '0': CMAKE_PREFIX_PATH=/home/meteor/ROS2/MickRobot/Graduation_project_ws/install/ranger_controller:/home/meteor/ROS2/MickRobot/Graduation_project_ws/install/pointcloud_refinement:/home/meteor/ROS2/MickRobot/Graduation_project_ws/install/aruco_detector:/opt/ros/humble:/home/meteor/ROS2/MickRobot/Graduation_project_ws/install/ugv_sdk:/home/meteor/ROS2/MickRobot/Graduation_project_ws/install/ranger_msgs:/home/meteor/ROS2/MickRobot/Graduation_project_ws/install/ranger_base:/home/meteor/ROS2/MickRobot/Graduation_project_ws/install/ranger_bringup:/home/meteor/ROS2/MickRobot/Graduation_project_ws/install/orbbec_description:/home/meteor/ROS2/MickRobot/Graduation_project_ws/install/orbbec_camera:/home/meteor/ROS2/MickRobot/Graduation_project_ws/install/orbbec_camera_msgs /usr/bin/cmake --install /home/meteor/ROS2/MickRobot/Graduation_project_ws/build/ranger_base
